2024-03-06 15:33:16.968 [info] Log level: Info
2024-03-06 15:33:16.968 [info] Validating found git in: "git"
2024-03-06 15:33:16.968 [info] Using git "2.34.1" from "git"
2024-03-06 15:33:16.968 [info] > git rev-parse --show-toplevel [7ms]
2024-03-06 15:33:17.037 [info] > git rev-parse --git-dir --git-common-dir [70ms]
2024-03-06 15:33:17.108 [info] Open repository: /home/akraaam_kh
2024-03-06 15:33:17.188 [info] > git rev-parse --show-toplevel [40ms]
2024-03-06 15:33:17.195 [info] > git config --get commit.template [55ms]
2024-03-06 15:33:17.245 [info] > git for-each-ref --format=%(refname)%00%(upstream:short)%00%(objectname)%00%(upstream:track)%00%(upstream:remotename)%00%(upstream:remoteref) refs/heads/master refs/remotes/master [21ms]
2024-03-06 15:33:17.246 [info] > git rev-parse --show-toplevel [32ms]
2024-03-06 15:33:17.273 [info] > git rev-parse --show-toplevel [19ms]
2024-03-06 15:33:17.287 [info] > git rev-parse --show-toplevel [2ms]
2024-03-06 15:33:17.312 [info] > git rev-parse --show-toplevel [4ms]
2024-03-06 15:33:17.337 [info] > git rev-parse --show-toplevel [3ms]
2024-03-06 15:33:17.347 [info] > git rev-parse --show-toplevel [1ms]
2024-03-06 15:33:17.357 [info] > git rev-parse --git-dir --git-common-dir [3ms]
2024-03-06 15:33:17.375 [info] Open repository: /home/akraaam_kh/Projet-DevWeb
2024-03-06 15:33:17.411 [info] > git status -z -uall [142ms]
2024-03-06 15:33:17.457 [info] > git config --get commit.template [58ms]
2024-03-06 15:33:17.469 [info] > git config --get commit.template [24ms]
2024-03-06 15:33:17.502 [info] > git for-each-ref --format=%(refname)%00%(upstream:short)%00%(objectname)%00%(upstream:track)%00%(upstream:remotename)%00%(upstream:remoteref) refs/heads/master refs/remotes/master [18ms]
2024-03-06 15:33:17.510 [info] > git for-each-ref --format=%(refname)%00%(upstream:short)%00%(objectname)%00%(upstream:track)%00%(upstream:remotename)%00%(upstream:remoteref) refs/heads/master refs/remotes/master [11ms]
2024-03-06 15:33:17.524 [warning] ENOENT: no such file or directory, open '/home/akraaam_kh/Projet-DevWeb/.git/refs/remotes/origin/master'
2024-03-06 15:33:17.632 [info] > git rev-parse refs/remotes/origin/master [109ms]
2024-03-06 15:33:17.682 [info] > git status -z -uall [41ms]
2024-03-06 15:33:17.889 [info] > git status -z -uall [234ms]
2024-03-06 15:33:17.890 [info] > git check-ignore -v -z --stdin [209ms]
2024-03-06 15:33:17.899 [info] > git config --get commit.template [193ms]
2024-03-06 15:33:17.917 [info] > git for-each-ref --format=%(refname)%00%(upstream:short)%00%(objectname)%00%(upstream:track)%00%(upstream:remotename)%00%(upstream:remoteref) refs/heads/master refs/remotes/master [2ms]
2024-03-06 15:33:17.927 [warning] ENOENT: no such file or directory, open '/home/akraaam_kh/Projet-DevWeb/.git/refs/remotes/origin/master'
2024-03-06 15:33:17.932 [info] > git rev-parse refs/remotes/origin/master [5ms]
2024-03-06 15:33:17.953 [info] > git status -z -uall [12ms]
2024-03-06 15:33:17.985 [info] > git show --textconv :Paris-B2-DevWeb-main/app/classes/RepoUser.php [12ms]
2024-03-06 15:33:17.986 [info] > git ls-files --stage -- /home/akraaam_kh/Paris-B2-DevWeb-main/app/classes/RepoUser.php [4ms]
2024-03-06 15:33:17.997 [info] > git cat-file -s 51acf946a3c4fba74cb53dc3280e9710f7d67764 [3ms]
2024-03-06 15:33:19.615 [info] > git config --get commit.template [3ms]
2024-03-06 15:33:19.624 [info] > git for-each-ref --format=%(refname)%00%(upstream:short)%00%(objectname)%00%(upstream:track)%00%(upstream:remotename)%00%(upstream:remoteref) refs/heads/master refs/remotes/master [2ms]
2024-03-06 15:33:19.661 [info] > git status -z -uall [29ms]
2024-03-06 15:33:24.679 [info] > git config --get commit.template [5ms]
2024-03-06 15:33:24.679 [info] > git for-each-ref --format=%(refname)%00%(upstream:short)%00%(objectname)%00%(upstream:track)%00%(upstream:remotename)%00%(upstream:remoteref) refs/heads/master refs/remotes/master [1ms]
2024-03-06 15:33:24.705 [info] > git status -z -uall [21ms]
2024-03-06 15:33:29.719 [info] > git config --get commit.template [2ms]
2024-03-06 15:33:29.733 [info] > git for-each-ref --format=%(refname)%00%(upstream:short)%00%(objectname)%00%(upstream:track)%00%(upstream:remotename)%00%(upstream:remoteref) refs/heads/master refs/remotes/master [3ms]
2024-03-06 15:33:29.809 [info] > git status -z -uall [63ms]
2024-03-06 15:33:34.829 [info] > git config --get commit.template [7ms]
2024-03-06 15:33:34.830 [info] > git for-each-ref --format=%(refname)%00%(upstream:short)%00%(objectname)%00%(upstream:track)%00%(upstream:remotename)%00%(upstream:remoteref) refs/heads/master refs/remotes/master [1ms]
2024-03-06 15:33:34.864 [info] > git status -z -uall [28ms]
2024-03-06 15:33:39.892 [info] > git config --get commit.template [3ms]
2024-03-06 15:33:39.906 [info] > git for-each-ref --format=%(refname)%00%(upstream:short)%00%(objectname)%00%(upstream:track)%00%(upstream:remotename)%00%(upstream:remoteref) refs/heads/master refs/remotes/master [3ms]
2024-03-06 15:33:39.973 [info] > git status -z -uall [55ms]
2024-03-06 15:33:45.008 [info] > git config --get commit.template [16ms]
2024-03-06 15:33:45.009 [info] > git for-each-ref --format=%(refname)%00%(upstream:short)%00%(objectname)%00%(upstream:track)%00%(upstream:remotename)%00%(upstream:remoteref) refs/heads/master refs/remotes/master [4ms]
2024-03-06 15:33:45.055 [info] > git status -z -uall [27ms]
2024-03-06 15:33:50.067 [info] > git config --get commit.template [1ms]
2024-03-06 15:33:50.078 [info] > git for-each-ref --format=%(refname)%00%(upstream:short)%00%(objectname)%00%(upstream:track)%00%(upstream:remotename)%00%(upstream:remoteref) refs/heads/master refs/remotes/master [2ms]
2024-03-06 15:33:50.121 [info] > git status -z -uall [28ms]
2024-03-06 15:33:55.157 [info] > git config --get commit.template [13ms]
2024-03-06 15:33:55.159 [info] > git for-each-ref --format=%(refname)%00%(upstream:short)%00%(objectname)%00%(upstream:track)%00%(upstream:remotename)%00%(upstream:remoteref) refs/heads/master refs/remotes/master [5ms]
2024-03-06 15:33:55.201 [info] > git status -z -uall [25ms]
2024-03-06 15:34:00.232 [info] > git config --get commit.template [11ms]
2024-03-06 15:34:00.234 [info] > git for-each-ref --format=%(refname)%00%(upstream:short)%00%(objectname)%00%(upstream:track)%00%(upstream:remotename)%00%(upstream:remoteref) refs/heads/master refs/remotes/master [3ms]
2024-03-06 15:34:00.288 [info] > git status -z -uall [45ms]
2024-03-06 15:34:05.324 [info] > git config --get commit.template [10ms]
2024-03-06 15:34:05.329 [info] > git for-each-ref --format=%(refname)%00%(upstream:short)%00%(objectname)%00%(upstream:track)%00%(upstream:remotename)%00%(upstream:remoteref) refs/heads/master refs/remotes/master [7ms]
2024-03-06 15:34:05.379 [info] > git status -z -uall [40ms]
2024-03-06 15:34:10.399 [info] > git config --get commit.template [2ms]
2024-03-06 15:34:10.414 [info] > git for-each-ref --format=%(refname)%00%(upstream:short)%00%(objectname)%00%(upstream:track)%00%(upstream:remotename)%00%(upstream:remoteref) refs/heads/master refs/remotes/master [4ms]
2024-03-06 15:34:10.452 [info] > git status -z -uall [28ms]
2024-03-06 15:34:15.470 [info] > git config --get commit.template [1ms]
2024-03-06 15:34:15.477 [info] > git for-each-ref --format=%(refname)%00%(upstream:short)%00%(objectname)%00%(upstream:track)%00%(upstream:remotename)%00%(upstream:remoteref) refs/heads/master refs/remotes/master [1ms]
2024-03-06 15:34:15.505 [info] > git status -z -uall [22ms]
2024-03-06 15:34:20.534 [info] > git config --get commit.template [4ms]
2024-03-06 15:34:20.550 [info] > git for-each-ref --format=%(refname)%00%(upstream:short)%00%(objectname)%00%(upstream:track)%00%(upstream:remotename)%00%(upstream:remoteref) refs/heads/master refs/remotes/master [3ms]
2024-03-06 15:34:20.597 [info] > git status -z -uall [36ms]
2024-03-06 15:34:25.618 [info] > git config --get commit.template [3ms]
2024-03-06 15:34:25.632 [info] > git for-each-ref --format=%(refname)%00%(upstream:short)%00%(objectname)%00%(upstream:track)%00%(upstream:remotename)%00%(upstream:remoteref) refs/heads/master refs/remotes/master [2ms]
2024-03-06 15:34:25.692 [info] > git status -z -uall [49ms]
2024-03-06 15:34:30.726 [info] > git config --get commit.template [10ms]
2024-03-06 15:34:30.728 [info] > git for-each-ref --format=%(refname)%00%(upstream:short)%00%(objectname)%00%(upstream:track)%00%(upstream:remotename)%00%(upstream:remoteref) refs/heads/master refs/remotes/master [4ms]
2024-03-06 15:34:30.788 [info] > git status -z -uall [46ms]
2024-03-06 15:34:35.824 [info] > git config --get commit.template [12ms]
2024-03-06 15:34:35.826 [info] > git for-each-ref --format=%(refname)%00%(upstream:short)%00%(objectname)%00%(upstream:track)%00%(upstream:remotename)%00%(upstream:remoteref) refs/heads/master refs/remotes/master [3ms]
2024-03-06 15:34:35.869 [info] > git status -z -uall [32ms]
2024-03-06 15:34:40.903 [info] > git config --get commit.template [13ms]
2024-03-06 15:34:40.905 [info] > git for-each-ref --format=%(refname)%00%(upstream:short)%00%(objectname)%00%(upstream:track)%00%(upstream:remotename)%00%(upstream:remoteref) refs/heads/master refs/remotes/master [4ms]
2024-03-06 15:34:40.945 [info] > git status -z -uall [27ms]
2024-03-06 15:34:45.967 [info] > git config --get commit.template [2ms]
2024-03-06 15:34:45.977 [info] > git for-each-ref --format=%(refname)%00%(upstream:short)%00%(objectname)%00%(upstream:track)%00%(upstream:remotename)%00%(upstream:remoteref) refs/heads/master refs/remotes/master [3ms]
2024-03-06 15:34:46.009 [info] > git status -z -uall [19ms]
2024-03-06 15:34:51.032 [info] > git config --get commit.template [5ms]
2024-03-06 15:34:51.047 [info] > git for-each-ref --format=%(refname)%00%(upstream:short)%00%(objectname)%00%(upstream:track)%00%(upstream:remotename)%00%(upstream:remoteref) refs/heads/master refs/remotes/master [3ms]
2024-03-06 15:34:51.104 [info] > git status -z -uall [43ms]
2024-03-06 15:34:56.126 [info] > git config --get commit.template [3ms]
2024-03-06 15:34:56.145 [info] > git for-each-ref --format=%(refname)%00%(upstream:short)%00%(objectname)%00%(upstream:track)%00%(upstream:remotename)%00%(upstream:remoteref) refs/heads/master refs/remotes/master [11ms]
2024-03-06 15:34:56.194 [info] > git status -z -uall [36ms]
2024-03-06 15:35:01.216 [info] > git config --get commit.template [3ms]
2024-03-06 15:35:01.232 [info] > git for-each-ref --format=%(refname)%00%(upstream:short)%00%(objectname)%00%(upstream:track)%00%(upstream:remotename)%00%(upstream:remoteref) refs/heads/master refs/remotes/master [5ms]
2024-03-06 15:35:01.273 [info] > git status -z -uall [31ms]
2024-03-06 15:35:06.298 [info] > git config --get commit.template [9ms]
2024-03-06 15:35:06.298 [info] > git for-each-ref --format=%(refname)%00%(upstream:short)%00%(objectname)%00%(upstream:track)%00%(upstream:remotename)%00%(upstream:remoteref) refs/heads/master refs/remotes/master [2ms]
2024-03-06 15:35:06.335 [info] > git status -z -uall [28ms]
2024-03-06 15:35:16.332 [info] > git config --get commit.template [40ms]
2024-03-06 15:35:16.336 [info] > git for-each-ref --format=%(refname)%00%(upstream:short)%00%(objectname)%00%(upstream:track)%00%(upstream:remotename)%00%(upstream:remoteref) refs/heads/master refs/remotes/master [5ms]
2024-03-06 15:35:16.391 [info] > git status -z -uall [41ms]
2024-03-06 15:35:21.424 [info] > git config --get commit.template [14ms]
2024-03-06 15:35:21.429 [info] > git for-each-ref --format=%(refname)%00%(upstream:short)%00%(objectname)%00%(upstream:track)%00%(upstream:remotename)%00%(upstream:remoteref) refs/heads/master refs/remotes/master [6ms]
2024-03-06 15:35:21.456 [info] > git status -z -uall [22ms]
2024-03-06 15:35:26.482 [info] > git config --get commit.template [6ms]
2024-03-06 15:35:26.483 [info] > git for-each-ref --format=%(refname)%00%(upstream:short)%00%(objectname)%00%(upstream:track)%00%(upstream:remotename)%00%(upstream:remoteref) refs/heads/master refs/remotes/master [1ms]
2024-03-06 15:35:26.530 [info] > git status -z -uall [36ms]
2024-03-06 15:36:02.845 [info] > git config --get commit.template [2ms]
2024-03-06 15:36:02.861 [info] > git for-each-ref --format=%(refname)%00%(upstream:short)%00%(objectname)%00%(upstream:track)%00%(upstream:remotename)%00%(upstream:remoteref) refs/heads/master refs/remotes/master [4ms]
2024-03-06 15:36:02.908 [info] > git status -z -uall [34ms]
2024-03-06 15:36:07.944 [info] > git config --get commit.template [11ms]
2024-03-06 15:36:07.947 [info] > git for-each-ref --format=%(refname)%00%(upstream:short)%00%(objectname)%00%(upstream:track)%00%(upstream:remotename)%00%(upstream:remoteref) refs/heads/master refs/remotes/master [4ms]
2024-03-06 15:36:08.019 [info] > git status -z -uall [61ms]
2024-03-06 15:36:13.055 [info] > git config --get commit.template [14ms]
2024-03-06 15:36:13.061 [info] > git for-each-ref --format=%(refname)%00%(upstream:short)%00%(objectname)%00%(upstream:track)%00%(upstream:remotename)%00%(upstream:remoteref) refs/heads/master refs/remotes/master [8ms]
2024-03-06 15:36:13.131 [info] > git status -z -uall [55ms]
2024-03-06 15:36:18.161 [info] > git config --get commit.template [3ms]
2024-03-06 15:36:18.173 [info] > git for-each-ref --format=%(refname)%00%(upstream:short)%00%(objectname)%00%(upstream:track)%00%(upstream:remotename)%00%(upstream:remoteref) refs/heads/master refs/remotes/master [4ms]
2024-03-06 15:36:18.233 [info] > git status -z -uall [49ms]
2024-03-06 15:36:23.268 [info] > git config --get commit.template [3ms]
2024-03-06 15:36:23.283 [info] > git for-each-ref --format=%(refname)%00%(upstream:short)%00%(objectname)%00%(upstream:track)%00%(upstream:remotename)%00%(upstream:remoteref) refs/heads/master refs/remotes/master [3ms]
2024-03-06 15:36:23.318 [info] > git status -z -uall [29ms]
2024-03-06 15:36:28.347 [info] > git config --get commit.template [10ms]
2024-03-06 15:36:28.348 [info] > git for-each-ref --format=%(refname)%00%(upstream:short)%00%(objectname)%00%(upstream:track)%00%(upstream:remotename)%00%(upstream:remoteref) refs/heads/master refs/remotes/master [2ms]
2024-03-06 15:36:28.410 [info] > git status -z -uall [51ms]
2024-03-06 15:36:33.446 [info] > git config --get commit.template [15ms]
2024-03-06 15:36:33.448 [info] > git for-each-ref --format=%(refname)%00%(upstream:short)%00%(objectname)%00%(upstream:track)%00%(upstream:remotename)%00%(upstream:remoteref) refs/heads/master refs/remotes/master [3ms]
2024-03-06 15:36:33.507 [info] > git status -z -uall [49ms]
2024-03-06 15:36:38.534 [info] > git config --get commit.template [3ms]
2024-03-06 15:36:38.551 [info] > git for-each-ref --format=%(refname)%00%(upstream:short)%00%(objectname)%00%(upstream:track)%00%(upstream:remotename)%00%(upstream:remoteref) refs/heads/master refs/remotes/master [3ms]
2024-03-06 15:36:38.595 [info] > git status -z -uall [31ms]
2024-03-06 15:36:43.625 [info] > git config --get commit.template [3ms]
2024-03-06 15:36:43.644 [info] > git for-each-ref --format=%(refname)%00%(upstream:short)%00%(objectname)%00%(upstream:track)%00%(upstream:remotename)%00%(upstream:remoteref) refs/heads/master refs/remotes/master [4ms]
2024-03-06 15:36:43.700 [info] > git status -z -uall [45ms]
