2024-03-06 15:31:33.082 [info] Log level: Info
2024-03-06 15:31:33.082 [info] Validating found git in: "git"
2024-03-06 15:31:33.082 [info] Using git "2.34.1" from "git"
2024-03-06 15:31:33.082 [info] > git rev-parse --show-toplevel [7ms]
2024-03-06 15:31:33.082 [info] > git rev-parse --git-dir --git-common-dir [4ms]
2024-03-06 15:31:33.082 [info] Open repository: /home/akraaam_kh
2024-03-06 15:31:33.225 [info] > git rev-parse --show-toplevel [125ms]
2024-03-06 15:31:33.228 [info] > git config --get commit.template [135ms]
2024-03-06 15:31:33.268 [info] > git rev-parse --show-toplevel [28ms]
2024-03-06 15:31:33.290 [info] > git for-each-ref --format=%(refname)%00%(upstream:short)%00%(objectname)%00%(upstream:track)%00%(upstream:remotename)%00%(upstream:remoteref) refs/heads/master refs/remotes/master [30ms]
2024-03-06 15:31:33.303 [info] > git rev-parse --show-toplevel [20ms]
2024-03-06 15:31:33.339 [info] > git rev-parse --show-toplevel [24ms]
2024-03-06 15:31:33.357 [info] > git rev-parse --show-toplevel [3ms]
2024-03-06 15:31:33.375 [info] > git rev-parse --show-toplevel [7ms]
2024-03-06 15:31:33.395 [info] > git rev-parse --show-toplevel [5ms]
2024-03-06 15:31:33.407 [info] > git rev-parse --git-dir --git-common-dir [3ms]
2024-03-06 15:31:33.426 [info] Open repository: /home/akraaam_kh/Projet-DevWeb
2024-03-06 15:31:33.466 [info] > git config --get commit.template [5ms]
2024-03-06 15:31:33.493 [info] > git for-each-ref --format=%(refname)%00%(upstream:short)%00%(objectname)%00%(upstream:track)%00%(upstream:remotename)%00%(upstream:remoteref) refs/heads/master refs/remotes/master [14ms]
2024-03-06 15:31:33.506 [warning] ENOENT: no such file or directory, open '/home/akraaam_kh/Projet-DevWeb/.git/refs/remotes/origin/master'
2024-03-06 15:31:33.510 [info] > git rev-parse refs/remotes/origin/master [4ms]
2024-03-06 15:31:33.650 [info] > git status -z -uall [126ms]
2024-03-06 15:31:33.708 [info] > git status -z -uall [378ms]
2024-03-06 15:31:33.709 [info] > git check-ignore -v -z --stdin [65ms]
2024-03-06 15:31:33.769 [info] > git config --get commit.template [60ms]
2024-03-06 15:31:33.773 [info] > git config --get commit.template [5ms]
2024-03-06 15:31:33.814 [info] > git for-each-ref --format=%(refname)%00%(upstream:short)%00%(objectname)%00%(upstream:track)%00%(upstream:remotename)%00%(upstream:remoteref) refs/heads/master refs/remotes/master [23ms]
2024-03-06 15:31:33.903 [warning] ENOENT: no such file or directory, open '/home/akraaam_kh/Projet-DevWeb/.git/refs/remotes/origin/master'
2024-03-06 15:31:33.909 [info] > git for-each-ref --format=%(refname)%00%(upstream:short)%00%(objectname)%00%(upstream:track)%00%(upstream:remotename)%00%(upstream:remoteref) refs/heads/master refs/remotes/master [99ms]
2024-03-06 15:31:33.912 [info] > git rev-parse refs/remotes/origin/master [9ms]
2024-03-06 15:31:33.960 [info] > git status -z -uall [35ms]
2024-03-06 15:31:34.140 [info] > git status -z -uall [200ms]
2024-03-06 15:31:34.183 [info] > git show --textconv :Paris-B2-DevWeb-main/app/classes/RepoUser.php [15ms]
2024-03-06 15:31:34.184 [info] > git ls-files --stage -- /home/akraaam_kh/Paris-B2-DevWeb-main/app/classes/RepoUser.php [7ms]
2024-03-06 15:31:34.195 [info] > git cat-file -s 51acf946a3c4fba74cb53dc3280e9710f7d67764 [5ms]
2024-03-06 15:31:35.914 [info] > git config --get commit.template [4ms]
2024-03-06 15:31:35.922 [info] > git for-each-ref --format=%(refname)%00%(upstream:short)%00%(objectname)%00%(upstream:track)%00%(upstream:remotename)%00%(upstream:remoteref) refs/heads/master refs/remotes/master [2ms]
2024-03-06 15:31:35.956 [info] > git status -z -uall [26ms]
2024-03-06 15:31:40.984 [info] > git config --get commit.template [10ms]
2024-03-06 15:31:40.986 [info] > git for-each-ref --format=%(refname)%00%(upstream:short)%00%(objectname)%00%(upstream:track)%00%(upstream:remotename)%00%(upstream:remoteref) refs/heads/master refs/remotes/master [2ms]
2024-03-06 15:31:41.032 [info] > git status -z -uall [37ms]
2024-03-06 15:31:46.054 [info] > git config --get commit.template [3ms]
2024-03-06 15:31:46.068 [info] > git for-each-ref --format=%(refname)%00%(upstream:short)%00%(objectname)%00%(upstream:track)%00%(upstream:remotename)%00%(upstream:remoteref) refs/heads/master refs/remotes/master [3ms]
2024-03-06 15:31:46.111 [info] > git status -z -uall [33ms]
2024-03-06 15:31:51.147 [info] > git config --get commit.template [12ms]
2024-03-06 15:31:51.149 [info] > git for-each-ref --format=%(refname)%00%(upstream:short)%00%(objectname)%00%(upstream:track)%00%(upstream:remotename)%00%(upstream:remoteref) refs/heads/master refs/remotes/master [5ms]
2024-03-06 15:31:51.197 [info] > git status -z -uall [38ms]
2024-03-06 15:31:56.232 [info] > git config --get commit.template [12ms]
2024-03-06 15:31:56.233 [info] > git for-each-ref --format=%(refname)%00%(upstream:short)%00%(objectname)%00%(upstream:track)%00%(upstream:remotename)%00%(upstream:remoteref) refs/heads/master refs/remotes/master [4ms]
2024-03-06 15:31:56.282 [info] > git status -z -uall [39ms]
2024-03-06 15:32:01.304 [info] > git config --get commit.template [1ms]
2024-03-06 15:32:01.314 [info] > git for-each-ref --format=%(refname)%00%(upstream:short)%00%(objectname)%00%(upstream:track)%00%(upstream:remotename)%00%(upstream:remoteref) refs/heads/master refs/remotes/master [2ms]
2024-03-06 15:32:01.345 [info] > git status -z -uall [25ms]
2024-03-06 15:32:06.377 [info] > git config --get commit.template [15ms]
2024-03-06 15:32:06.378 [info] > git for-each-ref --format=%(refname)%00%(upstream:short)%00%(objectname)%00%(upstream:track)%00%(upstream:remotename)%00%(upstream:remoteref) refs/heads/master refs/remotes/master [3ms]
2024-03-06 15:32:06.427 [info] > git status -z -uall [37ms]
2024-03-06 15:32:11.460 [info] > git config --get commit.template [13ms]
2024-03-06 15:32:11.462 [info] > git for-each-ref --format=%(refname)%00%(upstream:short)%00%(objectname)%00%(upstream:track)%00%(upstream:remotename)%00%(upstream:remoteref) refs/heads/master refs/remotes/master [5ms]
2024-03-06 15:32:11.488 [info] > git status -z -uall [18ms]
2024-03-06 15:32:16.513 [info] > git config --get commit.template [9ms]
2024-03-06 15:32:16.513 [info] > git for-each-ref --format=%(refname)%00%(upstream:short)%00%(objectname)%00%(upstream:track)%00%(upstream:remotename)%00%(upstream:remoteref) refs/heads/master refs/remotes/master [2ms]
2024-03-06 15:32:16.541 [info] > git status -z -uall [23ms]
2024-03-06 15:32:27.828 [info] > git for-each-ref --format=%(refname)%00%(upstream:short)%00%(objectname)%00%(upstream:track)%00%(upstream:remotename)%00%(upstream:remoteref) refs/heads/master refs/remotes/master [10ms]
2024-03-06 15:32:27.829 [info] > git config --get commit.template [33ms]
