2024-02-05 14:50:27.304 [info] Log level: Info
2024-02-05 14:50:27.304 [info] Validating found git in: "git"
2024-02-05 14:50:27.304 [info] Using git "2.34.1" from "git"
2024-02-05 14:50:27.304 [info] > git rev-parse --show-toplevel [49ms]
2024-02-05 14:50:27.304 [info] fatal: not a git repository (or any of the parent directories): .git
2024-02-05 14:50:27.304 [info] > git rev-parse --show-toplevel [14ms]
2024-02-05 14:50:27.304 [info] fatal: not a git repository (or any of the parent directories): .git
2024-02-05 14:50:27.308 [info] > git rev-parse --show-toplevel [8ms]
2024-02-05 14:50:27.308 [info] fatal: not a git repository (or any of the parent directories): .git
2024-02-05 14:50:27.321 [info] > git rev-parse --show-toplevel [1ms]
2024-02-05 14:50:27.321 [info] fatal: not a git repository (or any of the parent directories): .git
2024-02-05 14:50:27.330 [info] > git rev-parse --show-toplevel [1ms]
2024-02-05 14:50:27.330 [info] fatal: not a git repository (or any of the parent directories): .git
2024-02-05 14:50:27.343 [info] > git rev-parse --show-toplevel [2ms]
2024-02-05 14:50:27.343 [info] fatal: not a git repository (or any of the parent directories): .git
2024-02-05 14:50:27.352 [info] > git rev-parse --show-toplevel [1ms]
2024-02-05 14:50:27.352 [info] fatal: not a git repository (or any of the parent directories): .git
2024-02-05 14:51:02.636 [info] > git rev-parse --show-toplevel [1ms]
2024-02-05 14:51:02.637 [info] fatal: not a git repository (or any of the parent directories): .git
2024-02-05 14:54:22.562 [info] > git rev-parse --show-toplevel [5ms]
2024-02-05 14:54:22.563 [info] fatal: not a git repository (or any of the parent directories): .git
2024-02-05 14:54:23.881 [info] > git rev-parse --show-toplevel [4ms]
2024-02-05 14:54:23.881 [info] fatal: not a git repository (or any of the parent directories): .git
2024-02-05 14:54:26.085 [info] > git rev-parse --show-toplevel [0ms]
2024-02-05 14:54:26.085 [info] fatal: not a git repository (or any of the parent directories): .git
2024-02-05 14:54:26.871 [info] > git rev-parse --show-toplevel [17ms]
2024-02-05 14:54:26.871 [info] fatal: not a git repository (or any of the parent directories): .git
2024-02-05 14:58:30.221 [info] > git rev-parse --show-toplevel [11ms]
2024-02-05 14:58:30.221 [info] fatal: not a git repository (or any of the parent directories): .git
2024-02-05 14:59:52.802 [info] > git rev-parse --show-toplevel [2ms]
2024-02-05 14:59:52.802 [info] fatal: not a git repository (or any of the parent directories): .git
2024-02-05 15:00:08.011 [info] > git rev-parse --show-toplevel [1ms]
2024-02-05 15:00:08.011 [info] fatal: not a git repository (or any of the parent directories): .git
2024-02-05 15:00:11.253 [info] > git rev-parse --show-toplevel [3ms]
2024-02-05 15:00:11.253 [info] fatal: not a git repository (or any of the parent directories): .git
2024-02-05 15:02:23.835 [info] > git rev-parse --show-toplevel [4ms]
2024-02-05 15:02:23.836 [info] fatal: not a git repository (or any of the parent directories): .git
2024-02-05 15:02:48.199 [info] > git rev-parse --show-toplevel [4ms]
2024-02-05 15:02:48.199 [info] fatal: not a git repository (or any of the parent directories): .git
2024-02-05 15:20:12.878 [info] > git rev-parse --show-toplevel [3ms]
2024-02-05 15:20:12.878 [info] fatal: not a git repository (or any of the parent directories): .git
2024-02-05 15:20:29.327 [info] > git rev-parse --show-toplevel [2ms]
2024-02-05 15:20:29.327 [info] fatal: not a git repository (or any of the parent directories): .git
2024-02-05 15:20:43.945 [info] > git rev-parse --show-toplevel [1ms]
2024-02-05 15:20:43.946 [info] fatal: not a git repository (or any of the parent directories): .git
2024-02-05 15:20:53.415 [info] > git rev-parse --show-toplevel [1ms]
2024-02-05 15:20:53.416 [info] fatal: not a git repository (or any of the parent directories): .git
2024-02-05 15:21:03.204 [info] > git rev-parse --show-toplevel [5ms]
2024-02-05 15:21:03.204 [info] fatal: not a git repository (or any of the parent directories): .git
2024-02-05 15:21:38.528 [info] > git rev-parse --show-toplevel [1ms]
2024-02-05 15:21:38.528 [info] fatal: not a git repository (or any of the parent directories): .git
2024-02-05 15:21:39.403 [info] > git rev-parse --show-toplevel [2ms]
2024-02-05 15:21:39.403 [info] fatal: not a git repository (or any of the parent directories): .git
2024-02-05 15:21:40.604 [info] > git rev-parse --show-toplevel [1ms]
2024-02-05 15:21:40.604 [info] fatal: not a git repository (or any of the parent directories): .git
2024-02-05 15:21:50.860 [info] > git rev-parse --show-toplevel [5ms]
2024-02-05 15:21:50.860 [info] fatal: not a git repository (or any of the parent directories): .git
2024-02-05 15:21:52.506 [info] > git rev-parse --show-toplevel [2ms]
2024-02-05 15:21:52.507 [info] fatal: not a git repository (or any of the parent directories): .git
2024-02-05 15:22:00.541 [info] > git rev-parse --show-toplevel [1ms]
2024-02-05 15:22:00.541 [info] fatal: not a git repository (or any of the parent directories): .git
2024-02-05 15:22:01.279 [info] > git rev-parse --show-toplevel [2ms]
2024-02-05 15:22:01.280 [info] fatal: not a git repository (or any of the parent directories): .git
2024-02-05 15:22:04.139 [info] > git rev-parse --show-toplevel [25ms]
2024-02-05 15:22:04.139 [info] fatal: not a git repository (or any of the parent directories): .git
2024-02-05 15:22:10.927 [info] > git rev-parse --show-toplevel [2ms]
2024-02-05 15:22:10.927 [info] fatal: not a git repository (or any of the parent directories): .git
2024-02-05 15:22:27.122 [info] > git rev-parse --show-toplevel [1ms]
2024-02-05 15:22:27.122 [info] fatal: not a git repository (or any of the parent directories): .git
2024-02-05 15:22:42.305 [info] > git rev-parse --show-toplevel [3ms]
2024-02-05 15:22:42.306 [info] fatal: not a git repository (or any of the parent directories): .git
2024-02-05 15:22:45.830 [info] > git rev-parse --show-toplevel [4ms]
2024-02-05 15:22:45.831 [info] fatal: not a git repository (or any of the parent directories): .git
2024-02-05 15:23:04.920 [info] > git rev-parse --show-toplevel [3ms]
2024-02-05 15:23:04.920 [info] fatal: not a git repository (or any of the parent directories): .git
2024-02-05 15:23:37.767 [info] > git rev-parse --show-toplevel [2ms]
2024-02-05 15:23:37.767 [info] fatal: not a git repository (or any of the parent directories): .git
2024-02-05 15:23:43.585 [info] > git rev-parse --show-toplevel [5ms]
2024-02-05 15:23:43.585 [info] fatal: not a git repository (or any of the parent directories): .git
2024-02-05 15:24:57.572 [info] > git rev-parse --show-toplevel [2ms]
2024-02-05 15:24:57.572 [info] fatal: not a git repository (or any of the parent directories): .git
2024-02-05 15:25:23.114 [info] > git rev-parse --show-toplevel [2ms]
2024-02-05 15:25:23.114 [info] fatal: not a git repository (or any of the parent directories): .git
2024-02-05 15:25:30.269 [info] > git rev-parse --show-toplevel [4ms]
2024-02-05 15:25:30.269 [info] fatal: not a git repository (or any of the parent directories): .git
2024-02-05 15:25:34.938 [info] > git rev-parse --show-toplevel [2ms]
2024-02-05 15:25:34.938 [info] fatal: not a git repository (or any of the parent directories): .git
2024-02-05 15:29:59.731 [info] > git rev-parse --show-toplevel [4ms]
2024-02-05 15:29:59.731 [info] fatal: not a git repository (or any of the parent directories): .git
2024-02-05 15:38:51.565 [info] > git rev-parse --show-toplevel [1ms]
2024-02-05 15:38:51.565 [info] fatal: not a git repository (or any of the parent directories): .git
2024-02-05 15:49:08.226 [info] > git rev-parse --show-toplevel [3ms]
2024-02-05 15:49:08.226 [info] fatal: not a git repository (or any of the parent directories): .git
2024-02-05 15:49:21.985 [info] > git rev-parse --show-toplevel [1ms]
2024-02-05 15:49:21.985 [info] fatal: not a git repository (or any of the parent directories): .git
2024-02-05 15:49:34.423 [info] > git rev-parse --show-toplevel [4ms]
2024-02-05 15:49:34.425 [info] fatal: not a git repository (or any of the parent directories): .git
2024-02-05 15:49:50.987 [info] > git rev-parse --show-toplevel [2ms]
2024-02-05 15:49:50.987 [info] fatal: not a git repository (or any of the parent directories): .git
2024-02-05 15:50:01.427 [info] > git rev-parse --show-toplevel [2ms]
2024-02-05 15:50:01.427 [info] fatal: not a git repository (or any of the parent directories): .git
2024-02-05 15:50:21.166 [info] > git rev-parse --show-toplevel [3ms]
2024-02-05 15:50:21.167 [info] fatal: not a git repository (or any of the parent directories): .git
2024-02-05 15:50:43.079 [info] > git rev-parse --show-toplevel [3ms]
2024-02-05 15:50:43.079 [info] fatal: not a git repository (or any of the parent directories): .git
2024-02-05 15:50:43.606 [info] > git rev-parse --show-toplevel [11ms]
2024-02-05 15:50:43.606 [info] fatal: not a git repository (or any of the parent directories): .git
2024-02-05 15:50:58.088 [info] > git rev-parse --show-toplevel [1ms]
2024-02-05 15:50:58.089 [info] fatal: not a git repository (or any of the parent directories): .git
2024-02-05 15:51:03.904 [info] > git rev-parse --show-toplevel [2ms]
2024-02-05 15:51:03.904 [info] fatal: not a git repository (or any of the parent directories): .git
2024-02-05 15:51:37.312 [info] > git rev-parse --show-toplevel [3ms]
2024-02-05 15:51:37.312 [info] fatal: not a git repository (or any of the parent directories): .git
2024-02-05 15:51:48.807 [info] > git rev-parse --show-toplevel [2ms]
2024-02-05 15:51:48.808 [info] fatal: not a git repository (or any of the parent directories): .git
2024-02-05 15:51:58.561 [info] > git rev-parse --show-toplevel [1ms]
2024-02-05 15:51:58.561 [info] fatal: not a git repository (or any of the parent directories): .git
2024-02-05 15:52:02.511 [info] > git rev-parse --show-toplevel [1ms]
2024-02-05 15:52:02.511 [info] fatal: not a git repository (or any of the parent directories): .git
2024-02-05 15:52:04.099 [info] > git rev-parse --show-toplevel [3ms]
2024-02-05 15:52:04.100 [info] fatal: not a git repository (or any of the parent directories): .git
2024-02-05 15:52:22.813 [info] > git rev-parse --show-toplevel [2ms]
2024-02-05 15:52:22.813 [info] fatal: not a git repository (or any of the parent directories): .git
2024-02-05 15:52:29.057 [info] > git rev-parse --show-toplevel [10ms]
2024-02-05 15:52:29.058 [info] fatal: not a git repository (or any of the parent directories): .git
2024-02-05 15:52:30.229 [info] > git rev-parse --show-toplevel [1ms]
2024-02-05 15:52:30.229 [info] fatal: not a git repository (or any of the parent directories): .git
2024-02-05 15:52:42.502 [info] > git rev-parse --show-toplevel [3ms]
2024-02-05 15:52:42.502 [info] fatal: not a git repository (or any of the parent directories): .git
2024-02-05 16:09:22.134 [info] > git rev-parse --show-toplevel [3ms]
2024-02-05 16:09:22.134 [info] fatal: not a git repository (or any of the parent directories): .git
2024-02-05 16:09:26.663 [info] > git rev-parse --show-toplevel [5ms]
2024-02-05 16:09:26.663 [info] fatal: not a git repository (or any of the parent directories): .git
