2024-03-19 16:08:03.425 [info] Log level: Info
2024-03-19 16:08:03.425 [info] Validating found git in: "git"
2024-03-19 16:08:03.425 [info] Using git "2.34.1" from "git"
2024-03-19 16:08:03.425 [info] > git rev-parse --show-toplevel [10ms]
2024-03-19 16:08:03.425 [info] > git rev-parse --git-dir --git-common-dir [6ms]
2024-03-19 16:08:03.425 [info] Open repository: /home/akraaam_kh
2024-03-19 16:08:03.425 [info] > git rev-parse --show-toplevel [120ms]
2024-03-19 16:08:03.425 [info] > git config --get commit.template [132ms]
2024-03-19 16:08:03.447 [info] > git rev-parse --show-toplevel [14ms]
2024-03-19 16:08:03.460 [info] > git rev-parse --show-toplevel [1ms]
2024-03-19 16:08:03.470 [info] > git for-each-ref --format=%(refname)%00%(upstream:short)%00%(objectname)%00%(upstream:track)%00%(upstream:remotename)%00%(upstream:remoteref) refs/heads/master refs/remotes/master [27ms]
2024-03-19 16:08:03.472 [info] > git rev-parse --show-toplevel [3ms]
2024-03-19 16:08:03.494 [info] > git rev-parse --show-toplevel [16ms]
2024-03-19 16:08:03.502 [info] > git rev-parse --show-toplevel [1ms]
2024-03-19 16:08:03.511 [info] > git rev-parse --show-toplevel [2ms]
2024-03-19 16:08:03.521 [info] > git rev-parse --git-dir --git-common-dir [1ms]
2024-03-19 16:08:03.527 [info] Open repository: /home/akraaam_kh/Projet-DevWeb
2024-03-19 16:08:03.546 [info] > git config --get commit.template [2ms]
2024-03-19 16:08:03.559 [info] > git for-each-ref --format=%(refname)%00%(upstream:short)%00%(objectname)%00%(upstream:track)%00%(upstream:remotename)%00%(upstream:remoteref) refs/heads/master refs/remotes/master [7ms]
2024-03-19 16:08:03.568 [warning] ENOENT: no such file or directory, open '/home/akraaam_kh/Projet-DevWeb/.git/refs/remotes/origin/master'
2024-03-19 16:08:03.570 [info] > git rev-parse refs/remotes/origin/master [1ms]
2024-03-19 16:08:03.688 [info] > git status -z -uall [112ms]
2024-03-19 16:08:03.732 [info] > git status -z -uall [241ms]
2024-03-19 16:08:03.753 [info] > git config --get commit.template [21ms]
2024-03-19 16:08:03.756 [info] > git config --get commit.template [6ms]
2024-03-19 16:08:03.778 [info] > git for-each-ref --format=%(refname)%00%(upstream:short)%00%(objectname)%00%(upstream:track)%00%(upstream:remotename)%00%(upstream:remoteref) refs/heads/master refs/remotes/master [3ms]
2024-03-19 16:08:03.778 [info] > git for-each-ref --format=%(refname)%00%(upstream:short)%00%(objectname)%00%(upstream:track)%00%(upstream:remotename)%00%(upstream:remoteref) refs/heads/master refs/remotes/master [14ms]
2024-03-19 16:08:03.794 [warning] ENOENT: no such file or directory, open '/home/akraaam_kh/Projet-DevWeb/.git/refs/remotes/origin/master'
2024-03-19 16:08:03.796 [info] > git rev-parse refs/remotes/origin/master [3ms]
2024-03-19 16:08:04.137 [info] > git status -z -uall [333ms]
2024-03-19 16:08:04.137 [info] > git status -z -uall [321ms]
2024-03-19 16:08:04.138 [info] > git check-ignore -v -z --stdin [17ms]
2024-03-19 16:08:04.207 [info] > git show --textconv :Paris-B2-DevWeb-main/app/classes/RepoUser.php [20ms]
2024-03-19 16:08:04.212 [info] > git ls-files --stage -- /home/akraaam_kh/Paris-B2-DevWeb-main/app/classes/RepoUser.php [13ms]
2024-03-19 16:08:04.227 [info] > git cat-file -s 236a565396cd92600a290ff91dc720527f84a702 [2ms]
2024-03-19 16:08:05.053 [info] > git check-ignore -v -z --stdin [34ms]
2024-03-19 16:08:06.221 [info] > git config --get commit.template [2ms]
2024-03-19 16:08:06.236 [info] > git for-each-ref --format=%(refname)%00%(upstream:short)%00%(objectname)%00%(upstream:track)%00%(upstream:remotename)%00%(upstream:remoteref) refs/heads/master refs/remotes/master [8ms]
2024-03-19 16:08:06.288 [info] > git status -z -uall [34ms]
2024-03-19 16:08:07.387 [info] > git check-ignore -v -z --stdin [9ms]
2024-03-19 16:08:07.971 [info] > git check-ignore -v -z --stdin [4ms]
2024-03-19 16:08:09.400 [info] > git show --textconv :Paris-B2-DevWeb-main/app/templates/addstd.html.twig [10ms]
2024-03-19 16:08:09.404 [info] > git ls-files --stage -- /home/akraaam_kh/Paris-B2-DevWeb-main/app/templates/addstd.html.twig [6ms]
2024-03-19 16:08:09.414 [info] > git cat-file -s 12d346b99cb2b58d80551bdc2682c4fb6ce8acb5 [2ms]
2024-03-19 16:08:11.340 [info] > git config --get commit.template [18ms]
2024-03-19 16:08:11.342 [info] > git for-each-ref --format=%(refname)%00%(upstream:short)%00%(objectname)%00%(upstream:track)%00%(upstream:remotename)%00%(upstream:remoteref) refs/heads/master refs/remotes/master [2ms]
2024-03-19 16:08:11.407 [info] > git status -z -uall [46ms]
2024-03-19 16:08:16.305 [info] > git check-ignore -v -z --stdin [2ms]
2024-03-19 16:08:16.425 [info] > git config --get commit.template [2ms]
2024-03-19 16:08:16.432 [info] > git for-each-ref --format=%(refname)%00%(upstream:short)%00%(objectname)%00%(upstream:track)%00%(upstream:remotename)%00%(upstream:remoteref) refs/heads/master refs/remotes/master [2ms]
2024-03-19 16:08:16.476 [info] > git status -z -uall [31ms]
2024-03-19 16:08:19.018 [info] > git check-ignore -v -z --stdin [4ms]
2024-03-19 16:08:20.867 [info] > git show --textconv :Paris-B2-DevWeb-main/app/templates/editstd.html.twig [11ms]
2024-03-19 16:08:20.869 [info] > git ls-files --stage -- /home/akraaam_kh/Paris-B2-DevWeb-main/app/templates/editstd.html.twig [2ms]
2024-03-19 16:08:20.882 [info] > git cat-file -s 6515ce1434a454c2941b38a21d1cbcace91baf7c [2ms]
2024-03-19 16:08:21.497 [info] > git config --get commit.template [2ms]
2024-03-19 16:08:21.511 [info] > git for-each-ref --format=%(refname)%00%(upstream:short)%00%(objectname)%00%(upstream:track)%00%(upstream:remotename)%00%(upstream:remoteref) refs/heads/master refs/remotes/master [2ms]
2024-03-19 16:08:21.571 [info] > git status -z -uall [48ms]
2024-03-19 16:08:26.603 [info] > git config --get commit.template [2ms]
2024-03-19 16:08:26.619 [info] > git for-each-ref --format=%(refname)%00%(upstream:short)%00%(objectname)%00%(upstream:track)%00%(upstream:remotename)%00%(upstream:remoteref) refs/heads/master refs/remotes/master [3ms]
2024-03-19 16:08:26.651 [info] > git status -z -uall [26ms]
2024-03-19 16:08:29.145 [info] > git show --textconv :Paris-B2-DevWeb-main/app/templates/addstd.html.twig [12ms]
2024-03-19 16:08:29.148 [info] > git ls-files --stage -- /home/akraaam_kh/Paris-B2-DevWeb-main/app/templates/addstd.html.twig [4ms]
2024-03-19 16:08:29.159 [info] > git cat-file -s 12d346b99cb2b58d80551bdc2682c4fb6ce8acb5 [3ms]
2024-03-19 16:08:31.664 [info] > git config --get commit.template [1ms]
2024-03-19 16:08:31.671 [info] > git for-each-ref --format=%(refname)%00%(upstream:short)%00%(objectname)%00%(upstream:track)%00%(upstream:remotename)%00%(upstream:remoteref) refs/heads/master refs/remotes/master [1ms]
2024-03-19 16:08:31.698 [info] > git status -z -uall [20ms]
2024-03-19 16:08:56.220 [info] > git config --get commit.template [4ms]
2024-03-19 16:08:56.233 [info] > git for-each-ref --format=%(refname)%00%(upstream:short)%00%(objectname)%00%(upstream:track)%00%(upstream:remotename)%00%(upstream:remoteref) refs/heads/master refs/remotes/master [3ms]
2024-03-19 16:08:56.280 [info] > git status -z -uall [34ms]
2024-03-19 16:09:01.293 [info] > git config --get commit.template [1ms]
2024-03-19 16:09:01.303 [info] > git for-each-ref --format=%(refname)%00%(upstream:short)%00%(objectname)%00%(upstream:track)%00%(upstream:remotename)%00%(upstream:remoteref) refs/heads/master refs/remotes/master [2ms]
2024-03-19 16:09:01.335 [info] > git status -z -uall [23ms]
2024-03-19 16:09:01.633 [info] > git check-ignore -v -z --stdin [4ms]
2024-03-19 16:09:03.316 [info] > git check-ignore -v -z --stdin [5ms]
2024-03-19 16:09:06.359 [info] > git config --get commit.template [3ms]
2024-03-19 16:09:06.372 [info] > git for-each-ref --format=%(refname)%00%(upstream:short)%00%(objectname)%00%(upstream:track)%00%(upstream:remotename)%00%(upstream:remoteref) refs/heads/master refs/remotes/master [3ms]
2024-03-19 16:09:06.431 [info] > git status -z -uall [47ms]
2024-03-19 16:09:11.456 [info] > git config --get commit.template [5ms]
2024-03-19 16:09:11.476 [info] > git for-each-ref --format=%(refname)%00%(upstream:short)%00%(objectname)%00%(upstream:track)%00%(upstream:remotename)%00%(upstream:remoteref) refs/heads/master refs/remotes/master [4ms]
2024-03-19 16:09:11.508 [info] > git status -z -uall [23ms]
2024-03-19 16:09:13.025 [info] > git show --textconv :Paris-B2-DevWeb-main/app/templates/encour.html.twig [12ms]
2024-03-19 16:09:13.027 [info] > git ls-files --stage -- /home/akraaam_kh/Paris-B2-DevWeb-main/app/templates/encour.html.twig [4ms]
2024-03-19 16:09:13.039 [info] > git cat-file -s 92db2105fff8e894e24020eee6c1e80c77dc867e [3ms]
2024-03-19 16:09:16.520 [info] > git config --get commit.template [1ms]
2024-03-19 16:09:16.532 [info] > git for-each-ref --format=%(refname)%00%(upstream:short)%00%(objectname)%00%(upstream:track)%00%(upstream:remotename)%00%(upstream:remoteref) refs/heads/master refs/remotes/master [2ms]
2024-03-19 16:09:16.566 [info] > git status -z -uall [25ms]
2024-03-19 16:09:21.247 [info] > git show --textconv :Paris-B2-DevWeb-main/app/templates/edit.html.twig [10ms]
2024-03-19 16:09:21.250 [info] > git ls-files --stage -- /home/akraaam_kh/Paris-B2-DevWeb-main/app/templates/edit.html.twig [5ms]
2024-03-19 16:09:21.264 [info] > git cat-file -s 3da3c8d76f5bb2d25722a05fed2ac5344dca34cd [3ms]
2024-03-19 16:09:21.589 [info] > git config --get commit.template [8ms]
2024-03-19 16:09:21.589 [info] > git for-each-ref --format=%(refname)%00%(upstream:short)%00%(objectname)%00%(upstream:track)%00%(upstream:remotename)%00%(upstream:remoteref) refs/heads/master refs/remotes/master [2ms]
2024-03-19 16:09:21.633 [info] > git status -z -uall [32ms]
2024-03-19 16:09:26.600 [info] > git show --textconv :Paris-B2-DevWeb-main/app/templates/editstd.html.twig [9ms]
2024-03-19 16:09:26.602 [info] > git ls-files --stage -- /home/akraaam_kh/Paris-B2-DevWeb-main/app/templates/editstd.html.twig [3ms]
2024-03-19 16:09:26.614 [info] > git cat-file -s 6515ce1434a454c2941b38a21d1cbcace91baf7c [3ms]
2024-03-19 16:09:26.651 [info] > git config --get commit.template [4ms]
2024-03-19 16:09:26.661 [info] > git for-each-ref --format=%(refname)%00%(upstream:short)%00%(objectname)%00%(upstream:track)%00%(upstream:remotename)%00%(upstream:remoteref) refs/heads/master refs/remotes/master [2ms]
2024-03-19 16:09:26.711 [info] > git status -z -uall [40ms]
2024-03-19 16:09:31.726 [info] > git config --get commit.template [2ms]
2024-03-19 16:09:31.738 [info] > git for-each-ref --format=%(refname)%00%(upstream:short)%00%(objectname)%00%(upstream:track)%00%(upstream:remotename)%00%(upstream:remoteref) refs/heads/master refs/remotes/master [3ms]
2024-03-19 16:09:31.773 [info] > git status -z -uall [25ms]
2024-03-19 16:09:35.739 [info] > git show --textconv :Paris-B2-DevWeb-main/app/templates/addstd.html.twig [12ms]
2024-03-19 16:09:35.745 [info] > git ls-files --stage -- /home/akraaam_kh/Paris-B2-DevWeb-main/app/templates/addstd.html.twig [8ms]
2024-03-19 16:09:35.760 [info] > git cat-file -s 12d346b99cb2b58d80551bdc2682c4fb6ce8acb5 [3ms]
2024-03-19 16:09:36.806 [info] > git config --get commit.template [11ms]
2024-03-19 16:09:36.807 [info] > git for-each-ref --format=%(refname)%00%(upstream:short)%00%(objectname)%00%(upstream:track)%00%(upstream:remotename)%00%(upstream:remoteref) refs/heads/master refs/remotes/master [2ms]
2024-03-19 16:09:36.850 [info] > git status -z -uall [31ms]
2024-03-19 16:09:41.878 [info] > git config --get commit.template [12ms]
2024-03-19 16:09:41.881 [info] > git for-each-ref --format=%(refname)%00%(upstream:short)%00%(objectname)%00%(upstream:track)%00%(upstream:remotename)%00%(upstream:remoteref) refs/heads/master refs/remotes/master [4ms]
2024-03-19 16:09:41.920 [info] > git status -z -uall [27ms]
2024-03-19 16:14:14.504 [info] > git config --get commit.template [13ms]
2024-03-19 16:14:14.506 [info] > git for-each-ref --format=%(refname)%00%(upstream:short)%00%(objectname)%00%(upstream:track)%00%(upstream:remotename)%00%(upstream:remoteref) refs/heads/master refs/remotes/master [5ms]
2024-03-19 16:14:14.570 [info] > git status -z -uall [55ms]
2024-03-19 16:14:19.585 [info] > git config --get commit.template [1ms]
2024-03-19 16:14:19.590 [info] > git for-each-ref --format=%(refname)%00%(upstream:short)%00%(objectname)%00%(upstream:track)%00%(upstream:remotename)%00%(upstream:remoteref) refs/heads/master refs/remotes/master [1ms]
2024-03-19 16:14:19.619 [info] > git status -z -uall [24ms]
2024-03-19 16:14:22.721 [info] > git check-ignore -v -z --stdin [6ms]
2024-03-19 16:14:23.526 [info] > git check-ignore -v -z --stdin [5ms]
2024-03-19 16:14:24.639 [info] > git config --get commit.template [7ms]
2024-03-19 16:14:24.640 [info] > git for-each-ref --format=%(refname)%00%(upstream:short)%00%(objectname)%00%(upstream:track)%00%(upstream:remotename)%00%(upstream:remoteref) refs/heads/master refs/remotes/master [2ms]
2024-03-19 16:14:24.680 [info] > git status -z -uall [34ms]
2024-03-19 16:14:29.705 [info] > git config --get commit.template [6ms]
2024-03-19 16:14:29.705 [info] > git for-each-ref --format=%(refname)%00%(upstream:short)%00%(objectname)%00%(upstream:track)%00%(upstream:remotename)%00%(upstream:remoteref) refs/heads/master refs/remotes/master [1ms]
2024-03-19 16:14:29.731 [info] > git status -z -uall [19ms]
2024-03-19 16:14:34.757 [info] > git config --get commit.template [10ms]
2024-03-19 16:14:34.759 [info] > git for-each-ref --format=%(refname)%00%(upstream:short)%00%(objectname)%00%(upstream:track)%00%(upstream:remotename)%00%(upstream:remoteref) refs/heads/master refs/remotes/master [2ms]
2024-03-19 16:14:34.810 [info] > git status -z -uall [42ms]
2024-03-19 16:14:39.826 [info] > git config --get commit.template [2ms]
2024-03-19 16:14:39.833 [info] > git for-each-ref --format=%(refname)%00%(upstream:short)%00%(objectname)%00%(upstream:track)%00%(upstream:remotename)%00%(upstream:remoteref) refs/heads/master refs/remotes/master [1ms]
2024-03-19 16:14:39.858 [info] > git status -z -uall [17ms]
2024-03-19 16:14:41.803 [info] > git show --textconv :Paris-B2-DevWeb-main/app/public/style.css [18ms]
2024-03-19 16:14:41.805 [info] > git ls-files --stage -- /home/akraaam_kh/Paris-B2-DevWeb-main/app/public/style.css [13ms]
2024-03-19 16:14:41.813 [info] > git cat-file -s 2abe7bfc997dadfff89f5e71b9646679863ecb63 [3ms]
2024-03-19 16:14:44.909 [info] > git config --get commit.template [17ms]
2024-03-19 16:14:44.929 [info] > git for-each-ref --format=%(refname)%00%(upstream:short)%00%(objectname)%00%(upstream:track)%00%(upstream:remotename)%00%(upstream:remoteref) refs/heads/master refs/remotes/master [3ms]
2024-03-19 16:14:45.041 [info] > git status -z -uall [85ms]
2024-03-19 16:14:50.072 [info] > git config --get commit.template [9ms]
2024-03-19 16:14:50.073 [info] > git for-each-ref --format=%(refname)%00%(upstream:short)%00%(objectname)%00%(upstream:track)%00%(upstream:remotename)%00%(upstream:remoteref) refs/heads/master refs/remotes/master [2ms]
2024-03-19 16:14:50.126 [info] > git status -z -uall [41ms]
2024-03-19 16:14:55.148 [info] > git config --get commit.template [6ms]
2024-03-19 16:14:55.149 [info] > git for-each-ref --format=%(refname)%00%(upstream:short)%00%(objectname)%00%(upstream:track)%00%(upstream:remotename)%00%(upstream:remoteref) refs/heads/master refs/remotes/master [2ms]
2024-03-19 16:14:55.176 [info] > git status -z -uall [22ms]
2024-03-19 16:15:00.202 [info] > git config --get commit.template [11ms]
2024-03-19 16:15:00.203 [info] > git for-each-ref --format=%(refname)%00%(upstream:short)%00%(objectname)%00%(upstream:track)%00%(upstream:remotename)%00%(upstream:remoteref) refs/heads/master refs/remotes/master [2ms]
2024-03-19 16:15:00.292 [info] > git status -z -uall [76ms]
2024-03-19 16:20:45.352 [info] > git config --get commit.template [35ms]
2024-03-19 16:20:45.364 [info] > git for-each-ref --format=%(refname)%00%(upstream:short)%00%(objectname)%00%(upstream:track)%00%(upstream:remotename)%00%(upstream:remoteref) refs/heads/master refs/remotes/master [25ms]
2024-03-19 16:20:45.438 [info] > git status -z -uall [58ms]
2024-03-19 16:20:50.467 [info] > git config --get commit.template [11ms]
2024-03-19 16:20:50.469 [info] > git for-each-ref --format=%(refname)%00%(upstream:short)%00%(objectname)%00%(upstream:track)%00%(upstream:remotename)%00%(upstream:remoteref) refs/heads/master refs/remotes/master [4ms]
2024-03-19 16:20:50.519 [info] > git status -z -uall [39ms]
