2024-03-11 14:18:34.145 [info] Extension host with pid 2325 started
2024-03-11 14:18:34.205 [info] Lock '/home/akraaam_kh/.vscode-server/data/User/workspaceStorage/aab43a72942d0c30cbbbacde874c7c05/vscode.lock': Lock acquired.
2024-03-11 14:18:34.298 [info] ExtensionService#_doActivateExtension vscode.emmet, startup: false, activationEvent: 'onLanguage'
2024-03-11 14:18:34.303 [info] ExtensionService#_doActivateExtension vscode.php-language-features, startup: false, activationEvent: 'onLanguage:php'
2024-03-11 14:18:34.725 [info] ExtensionService#_doActivateExtension vscode.git-base, startup: true, activationEvent: '*', root cause: vscode.git
2024-03-11 14:18:34.935 [info] ExtensionService#_doActivateExtension vscode.git, startup: true, activationEvent: '*'
2024-03-11 14:18:34.936 [info] ExtensionService#_doActivateExtension vscode.github, startup: true, activationEvent: '*'
2024-03-11 14:18:35.931 [info] Eager extensions activated
2024-03-11 14:18:35.934 [info] ExtensionService#_doActivateExtension vscode.debug-auto-launch, startup: false, activationEvent: 'onStartupFinished'
2024-03-11 14:18:35.943 [info] ExtensionService#_doActivateExtension vscode.merge-conflict, startup: false, activationEvent: 'onStartupFinished'
2024-03-11 14:19:36.723 [info] Extension host terminating: received terminate message from renderer
2024-03-11 14:19:36.725 [info] Lock '/home/akraaam_kh/.vscode-server/data/User/workspaceStorage/aab43a72942d0c30cbbbacde874c7c05/vscode.lock': Marking the lockfile as scheduled to be released in 6000 ms.
2024-03-11 14:19:36.839 [error] Canceled: Canceled
	at new $ (/home/akraaam_kh/.vscode-server/bin/1e790d77f81672c49be070e04474901747115651/out/vs/workbench/api/node/extensionHostProcess.js:140:45885)
	at s.U (/home/akraaam_kh/.vscode-server/bin/1e790d77f81672c49be070e04474901747115651/out/vs/workbench/api/node/extensionHostProcess.js:147:5556)
	at z.<computed>.T.charCodeAt.z.<computed> (/home/akraaam_kh/.vscode-server/bin/1e790d77f81672c49be070e04474901747115651/out/vs/workbench/api/node/extensionHostProcess.js:147:3007)
	at u.g (/home/akraaam_kh/.vscode-server/bin/1e790d77f81672c49be070e04474901747115651/out/vs/workbench/api/node/extensionHostProcess.js:150:184300)
	at u.executeCommand (/home/akraaam_kh/.vscode-server/bin/1e790d77f81672c49be070e04474901747115651/out/vs/workbench/api/node/extensionHostProcess.js:150:183738)
	at f.registerCommand.description (/home/akraaam_kh/.vscode-server/bin/1e790d77f81672c49be070e04474901747115651/out/vs/workbench/api/node/extensionHostProcess.js:150:183062)
	at u.h (/home/akraaam_kh/.vscode-server/bin/1e790d77f81672c49be070e04474901747115651/out/vs/workbench/api/node/extensionHostProcess.js:150:184839)
	at u.g (/home/akraaam_kh/.vscode-server/bin/1e790d77f81672c49be070e04474901747115651/out/vs/workbench/api/node/extensionHostProcess.js:150:183831)
	at u.executeCommand (/home/akraaam_kh/.vscode-server/bin/1e790d77f81672c49be070e04474901747115651/out/vs/workbench/api/node/extensionHostProcess.js:150:183738)
	at Object.executeCommand (/home/akraaam_kh/.vscode-server/bin/1e790d77f81672c49be070e04474901747115651/out/vs/workbench/api/node/extensionHostProcess.js:160:21654)
	at p.O [as value] (/home/akraaam_kh/.vscode-server/bin/1e790d77f81672c49be070e04474901747115651/extensions/git/dist/main.js:2:943479)
	at n.y (/home/akraaam_kh/.vscode-server/bin/1e790d77f81672c49be070e04474901747115651/out/vs/workbench/api/node/extensionHostProcess.js:80:1902)
	at n.z (/home/akraaam_kh/.vscode-server/bin/1e790d77f81672c49be070e04474901747115651/out/vs/workbench/api/node/extensionHostProcess.js:80:1972)
	at n.fire (/home/akraaam_kh/.vscode-server/bin/1e790d77f81672c49be070e04474901747115651/out/vs/workbench/api/node/extensionHostProcess.js:80:2188)
	at Object.m [as dispose] (/home/akraaam_kh/.vscode-server/bin/1e790d77f81672c49be070e04474901747115651/extensions/git/dist/main.js:2:962791)
	at /home/akraaam_kh/.vscode-server/bin/1e790d77f81672c49be070e04474901747115651/extensions/git/dist/main.js:2:968825
	at Array.forEach (<anonymous>)
	at f.dispose (/home/akraaam_kh/.vscode-server/bin/1e790d77f81672c49be070e04474901747115651/extensions/git/dist/main.js:2:968811)
	at l.<anonymous> (/home/akraaam_kh/.vscode-server/bin/1e790d77f81672c49be070e04474901747115651/out/vs/workbench/api/node/extensionHostProcess.js:148:3704)
	at l.dispose (/home/akraaam_kh/.vscode-server/bin/1e790d77f81672c49be070e04474901747115651/out/vs/workbench/api/node/extensionHostProcess.js:148:3801)
	at l.<anonymous> (/home/akraaam_kh/.vscode-server/bin/1e790d77f81672c49be070e04474901747115651/extensions/git/dist/main.js:2:945736)
	at l.dispose (/home/akraaam_kh/.vscode-server/bin/1e790d77f81672c49be070e04474901747115651/out/vs/workbench/api/node/extensionHostProcess.js:148:3801)
	at o (/home/akraaam_kh/.vscode-server/bin/1e790d77f81672c49be070e04474901747115651/out/vs/workbench/api/node/extensionHostProcess.js:30:754)
	at p.cb (/home/akraaam_kh/.vscode-server/bin/1e790d77f81672c49be070e04474901747115651/out/vs/workbench/api/node/extensionHostProcess.js:156:9882)
	at /home/akraaam_kh/.vscode-server/bin/1e790d77f81672c49be070e04474901747115651/out/vs/workbench/api/node/extensionHostProcess.js:156:7816
	at Array.map (<anonymous>)
	at p.Y (/home/akraaam_kh/.vscode-server/bin/1e790d77f81672c49be070e04474901747115651/out/vs/workbench/api/node/extensionHostProcess.js:156:7803)
	at p.terminate (/home/akraaam_kh/.vscode-server/bin/1e790d77f81672c49be070e04474901747115651/out/vs/workbench/api/node/extensionHostProcess.js:156:8076)
	at o.terminate (/home/akraaam_kh/.vscode-server/bin/1e790d77f81672c49be070e04474901747115651/out/vs/workbench/api/node/extensionHostProcess.js:160:1513)
	at t (/home/akraaam_kh/.vscode-server/bin/1e790d77f81672c49be070e04474901747115651/out/vs/workbench/api/node/extensionHostProcess.js:173:9949)
	at p.value (/home/akraaam_kh/.vscode-server/bin/1e790d77f81672c49be070e04474901747115651/out/vs/workbench/api/node/extensionHostProcess.js:173:7996)
	at n.y (/home/akraaam_kh/.vscode-server/bin/1e790d77f81672c49be070e04474901747115651/out/vs/workbench/api/node/extensionHostProcess.js:80:1902)
	at n.fire (/home/akraaam_kh/.vscode-server/bin/1e790d77f81672c49be070e04474901747115651/out/vs/workbench/api/node/extensionHostProcess.js:80:2119)
	at r.fire (/home/akraaam_kh/.vscode-server/bin/1e790d77f81672c49be070e04474901747115651/out/vs/workbench/api/node/extensionHostProcess.js:105:14091)
	at u.z (/home/akraaam_kh/.vscode-server/bin/1e790d77f81672c49be070e04474901747115651/out/vs/workbench/api/node/extensionHostProcess.js:105:17156)
	at p.value (/home/akraaam_kh/.vscode-server/bin/1e790d77f81672c49be070e04474901747115651/out/vs/workbench/api/node/extensionHostProcess.js:105:15608)
	at n.y (/home/akraaam_kh/.vscode-server/bin/1e790d77f81672c49be070e04474901747115651/out/vs/workbench/api/node/extensionHostProcess.js:80:1902)
	at n.fire (/home/akraaam_kh/.vscode-server/bin/1e790d77f81672c49be070e04474901747115651/out/vs/workbench/api/node/extensionHostProcess.js:80:2119)
	at p.acceptChunk (/home/akraaam_kh/.vscode-server/bin/1e790d77f81672c49be070e04474901747115651/out/vs/workbench/api/node/extensionHostProcess.js:105:11865)
	at p.value (/home/akraaam_kh/.vscode-server/bin/1e790d77f81672c49be070e04474901747115651/out/vs/workbench/api/node/extensionHostProcess.js:105:11152)
	at n.y (/home/akraaam_kh/.vscode-server/bin/1e790d77f81672c49be070e04474901747115651/out/vs/workbench/api/node/extensionHostProcess.js:80:1902)
	at n.fire (/home/akraaam_kh/.vscode-server/bin/1e790d77f81672c49be070e04474901747115651/out/vs/workbench/api/node/extensionHostProcess.js:80:2119)
	at n.z (/home/akraaam_kh/.vscode-server/bin/1e790d77f81672c49be070e04474901747115651/out/vs/workbench/api/node/extensionHostProcess.js:170:19768)
	at n.acceptFrame (/home/akraaam_kh/.vscode-server/bin/1e790d77f81672c49be070e04474901747115651/out/vs/workbench/api/node/extensionHostProcess.js:170:19574)
	at i.n (/home/akraaam_kh/.vscode-server/bin/1e790d77f81672c49be070e04474901747115651/out/vs/workbench/api/node/extensionHostProcess.js:170:18073)
	at /home/akraaam_kh/.vscode-server/bin/1e790d77f81672c49be070e04474901747115651/out/vs/workbench/api/node/extensionHostProcess.js:170:15293
	at Socket.y (/home/akraaam_kh/.vscode-server/bin/1e790d77f81672c49be070e04474901747115651/out/vs/workbench/api/node/extensionHostProcess.js:170:13198)
	at Socket.emit (node:events:514:28)
	at addChunk (node:internal/streams/readable:324:12)
	at readableAddChunk (node:internal/streams/readable:297:9)
	at Readable.push (node:internal/streams/readable:234:10)
	at TCP.onStreamRead (node:internal/stream_base_commons:190:23) setContext undefined
2024-03-11 14:19:36.840 [error] Canceled: Canceled
	at new $ (/home/akraaam_kh/.vscode-server/bin/1e790d77f81672c49be070e04474901747115651/out/vs/workbench/api/node/extensionHostProcess.js:140:45885)
	at s.U (/home/akraaam_kh/.vscode-server/bin/1e790d77f81672c49be070e04474901747115651/out/vs/workbench/api/node/extensionHostProcess.js:147:5556)
	at z.<computed>.T.charCodeAt.z.<computed> (/home/akraaam_kh/.vscode-server/bin/1e790d77f81672c49be070e04474901747115651/out/vs/workbench/api/node/extensionHostProcess.js:147:3007)
	at u.g (/home/akraaam_kh/.vscode-server/bin/1e790d77f81672c49be070e04474901747115651/out/vs/workbench/api/node/extensionHostProcess.js:150:184300)
	at u.executeCommand (/home/akraaam_kh/.vscode-server/bin/1e790d77f81672c49be070e04474901747115651/out/vs/workbench/api/node/extensionHostProcess.js:150:183738)
	at f.registerCommand.description (/home/akraaam_kh/.vscode-server/bin/1e790d77f81672c49be070e04474901747115651/out/vs/workbench/api/node/extensionHostProcess.js:150:183062)
	at u.h (/home/akraaam_kh/.vscode-server/bin/1e790d77f81672c49be070e04474901747115651/out/vs/workbench/api/node/extensionHostProcess.js:150:184839)
	at u.g (/home/akraaam_kh/.vscode-server/bin/1e790d77f81672c49be070e04474901747115651/out/vs/workbench/api/node/extensionHostProcess.js:150:183831)
	at u.executeCommand (/home/akraaam_kh/.vscode-server/bin/1e790d77f81672c49be070e04474901747115651/out/vs/workbench/api/node/extensionHostProcess.js:150:183738)
	at Object.executeCommand (/home/akraaam_kh/.vscode-server/bin/1e790d77f81672c49be070e04474901747115651/out/vs/workbench/api/node/extensionHostProcess.js:160:21654)
	at p.O [as value] (/home/akraaam_kh/.vscode-server/bin/1e790d77f81672c49be070e04474901747115651/extensions/git/dist/main.js:2:943479)
	at n.y (/home/akraaam_kh/.vscode-server/bin/1e790d77f81672c49be070e04474901747115651/out/vs/workbench/api/node/extensionHostProcess.js:80:1902)
	at n.z (/home/akraaam_kh/.vscode-server/bin/1e790d77f81672c49be070e04474901747115651/out/vs/workbench/api/node/extensionHostProcess.js:80:1972)
	at n.fire (/home/akraaam_kh/.vscode-server/bin/1e790d77f81672c49be070e04474901747115651/out/vs/workbench/api/node/extensionHostProcess.js:80:2188)
	at Object.m [as dispose] (/home/akraaam_kh/.vscode-server/bin/1e790d77f81672c49be070e04474901747115651/extensions/git/dist/main.js:2:962791)
	at /home/akraaam_kh/.vscode-server/bin/1e790d77f81672c49be070e04474901747115651/extensions/git/dist/main.js:2:968825
	at Array.forEach (<anonymous>)
	at f.dispose (/home/akraaam_kh/.vscode-server/bin/1e790d77f81672c49be070e04474901747115651/extensions/git/dist/main.js:2:968811)
	at l.<anonymous> (/home/akraaam_kh/.vscode-server/bin/1e790d77f81672c49be070e04474901747115651/out/vs/workbench/api/node/extensionHostProcess.js:148:3704)
	at l.dispose (/home/akraaam_kh/.vscode-server/bin/1e790d77f81672c49be070e04474901747115651/out/vs/workbench/api/node/extensionHostProcess.js:148:3801)
	at l.<anonymous> (/home/akraaam_kh/.vscode-server/bin/1e790d77f81672c49be070e04474901747115651/extensions/git/dist/main.js:2:945736)
	at l.dispose (/home/akraaam_kh/.vscode-server/bin/1e790d77f81672c49be070e04474901747115651/out/vs/workbench/api/node/extensionHostProcess.js:148:3801)
	at o (/home/akraaam_kh/.vscode-server/bin/1e790d77f81672c49be070e04474901747115651/out/vs/workbench/api/node/extensionHostProcess.js:30:754)
	at p.cb (/home/akraaam_kh/.vscode-server/bin/1e790d77f81672c49be070e04474901747115651/out/vs/workbench/api/node/extensionHostProcess.js:156:9882)
	at /home/akraaam_kh/.vscode-server/bin/1e790d77f81672c49be070e04474901747115651/out/vs/workbench/api/node/extensionHostProcess.js:156:7816
	at Array.map (<anonymous>)
	at p.Y (/home/akraaam_kh/.vscode-server/bin/1e790d77f81672c49be070e04474901747115651/out/vs/workbench/api/node/extensionHostProcess.js:156:7803)
	at p.terminate (/home/akraaam_kh/.vscode-server/bin/1e790d77f81672c49be070e04474901747115651/out/vs/workbench/api/node/extensionHostProcess.js:156:8076)
	at o.terminate (/home/akraaam_kh/.vscode-server/bin/1e790d77f81672c49be070e04474901747115651/out/vs/workbench/api/node/extensionHostProcess.js:160:1513)
	at t (/home/akraaam_kh/.vscode-server/bin/1e790d77f81672c49be070e04474901747115651/out/vs/workbench/api/node/extensionHostProcess.js:173:9949)
	at p.value (/home/akraaam_kh/.vscode-server/bin/1e790d77f81672c49be070e04474901747115651/out/vs/workbench/api/node/extensionHostProcess.js:173:7996)
	at n.y (/home/akraaam_kh/.vscode-server/bin/1e790d77f81672c49be070e04474901747115651/out/vs/workbench/api/node/extensionHostProcess.js:80:1902)
	at n.fire (/home/akraaam_kh/.vscode-server/bin/1e790d77f81672c49be070e04474901747115651/out/vs/workbench/api/node/extensionHostProcess.js:80:2119)
	at r.fire (/home/akraaam_kh/.vscode-server/bin/1e790d77f81672c49be070e04474901747115651/out/vs/workbench/api/node/extensionHostProcess.js:105:14091)
	at u.z (/home/akraaam_kh/.vscode-server/bin/1e790d77f81672c49be070e04474901747115651/out/vs/workbench/api/node/extensionHostProcess.js:105:17156)
	at p.value (/home/akraaam_kh/.vscode-server/bin/1e790d77f81672c49be070e04474901747115651/out/vs/workbench/api/node/extensionHostProcess.js:105:15608)
	at n.y (/home/akraaam_kh/.vscode-server/bin/1e790d77f81672c49be070e04474901747115651/out/vs/workbench/api/node/extensionHostProcess.js:80:1902)
	at n.fire (/home/akraaam_kh/.vscode-server/bin/1e790d77f81672c49be070e04474901747115651/out/vs/workbench/api/node/extensionHostProcess.js:80:2119)
	at p.acceptChunk (/home/akraaam_kh/.vscode-server/bin/1e790d77f81672c49be070e04474901747115651/out/vs/workbench/api/node/extensionHostProcess.js:105:11865)
	at p.value (/home/akraaam_kh/.vscode-server/bin/1e790d77f81672c49be070e04474901747115651/out/vs/workbench/api/node/extensionHostProcess.js:105:11152)
	at n.y (/home/akraaam_kh/.vscode-server/bin/1e790d77f81672c49be070e04474901747115651/out/vs/workbench/api/node/extensionHostProcess.js:80:1902)
	at n.fire (/home/akraaam_kh/.vscode-server/bin/1e790d77f81672c49be070e04474901747115651/out/vs/workbench/api/node/extensionHostProcess.js:80:2119)
	at n.z (/home/akraaam_kh/.vscode-server/bin/1e790d77f81672c49be070e04474901747115651/out/vs/workbench/api/node/extensionHostProcess.js:170:19768)
	at n.acceptFrame (/home/akraaam_kh/.vscode-server/bin/1e790d77f81672c49be070e04474901747115651/out/vs/workbench/api/node/extensionHostProcess.js:170:19574)
	at i.n (/home/akraaam_kh/.vscode-server/bin/1e790d77f81672c49be070e04474901747115651/out/vs/workbench/api/node/extensionHostProcess.js:170:18073)
	at /home/akraaam_kh/.vscode-server/bin/1e790d77f81672c49be070e04474901747115651/out/vs/workbench/api/node/extensionHostProcess.js:170:15293
	at Socket.y (/home/akraaam_kh/.vscode-server/bin/1e790d77f81672c49be070e04474901747115651/out/vs/workbench/api/node/extensionHostProcess.js:170:13198)
	at Socket.emit (node:events:514:28)
	at addChunk (node:internal/streams/readable:324:12)
	at readableAddChunk (node:internal/streams/readable:297:9)
	at Readable.push (node:internal/streams/readable:234:10)
	at TCP.onStreamRead (node:internal/stream_base_commons:190:23) setContext undefined
2024-03-11 14:19:36.841 [error] Canceled: Canceled
	at new $ (/home/akraaam_kh/.vscode-server/bin/1e790d77f81672c49be070e04474901747115651/out/vs/workbench/api/node/extensionHostProcess.js:140:45885)
	at s.U (/home/akraaam_kh/.vscode-server/bin/1e790d77f81672c49be070e04474901747115651/out/vs/workbench/api/node/extensionHostProcess.js:147:5556)
	at z.<computed>.T.charCodeAt.z.<computed> (/home/akraaam_kh/.vscode-server/bin/1e790d77f81672c49be070e04474901747115651/out/vs/workbench/api/node/extensionHostProcess.js:147:3007)
	at u.g (/home/akraaam_kh/.vscode-server/bin/1e790d77f81672c49be070e04474901747115651/out/vs/workbench/api/node/extensionHostProcess.js:150:184300)
	at u.executeCommand (/home/akraaam_kh/.vscode-server/bin/1e790d77f81672c49be070e04474901747115651/out/vs/workbench/api/node/extensionHostProcess.js:150:183738)
	at f.registerCommand.description (/home/akraaam_kh/.vscode-server/bin/1e790d77f81672c49be070e04474901747115651/out/vs/workbench/api/node/extensionHostProcess.js:150:183062)
	at u.h (/home/akraaam_kh/.vscode-server/bin/1e790d77f81672c49be070e04474901747115651/out/vs/workbench/api/node/extensionHostProcess.js:150:184839)
	at u.g (/home/akraaam_kh/.vscode-server/bin/1e790d77f81672c49be070e04474901747115651/out/vs/workbench/api/node/extensionHostProcess.js:150:183831)
	at u.executeCommand (/home/akraaam_kh/.vscode-server/bin/1e790d77f81672c49be070e04474901747115651/out/vs/workbench/api/node/extensionHostProcess.js:150:183738)
	at Object.executeCommand (/home/akraaam_kh/.vscode-server/bin/1e790d77f81672c49be070e04474901747115651/out/vs/workbench/api/node/extensionHostProcess.js:160:21654)
	at set hasGitHubRepositories [as hasGitHubRepositories] (/home/akraaam_kh/.vscode-server/bin/1e790d77f81672c49be070e04474901747115651/extensions/github/dist/extension.js:2:325214)
	at /home/akraaam_kh/.vscode-server/bin/1e790d77f81672c49be070e04474901747115651/extensions/github/dist/extension.js:2:326173
	at p.value (/home/akraaam_kh/.vscode-server/bin/1e790d77f81672c49be070e04474901747115651/extensions/git/dist/main.js:2:1050811)
	at n.y (/home/akraaam_kh/.vscode-server/bin/1e790d77f81672c49be070e04474901747115651/out/vs/workbench/api/node/extensionHostProcess.js:80:1902)
	at n.z (/home/akraaam_kh/.vscode-server/bin/1e790d77f81672c49be070e04474901747115651/out/vs/workbench/api/node/extensionHostProcess.js:80:1972)
	at n.fire (/home/akraaam_kh/.vscode-server/bin/1e790d77f81672c49be070e04474901747115651/out/vs/workbench/api/node/extensionHostProcess.js:80:2188)
	at Object.m [as dispose] (/home/akraaam_kh/.vscode-server/bin/1e790d77f81672c49be070e04474901747115651/extensions/git/dist/main.js:2:962791)
	at /home/akraaam_kh/.vscode-server/bin/1e790d77f81672c49be070e04474901747115651/extensions/git/dist/main.js:2:968825
	at Array.forEach (<anonymous>)
	at f.dispose (/home/akraaam_kh/.vscode-server/bin/1e790d77f81672c49be070e04474901747115651/extensions/git/dist/main.js:2:968811)
	at l.<anonymous> (/home/akraaam_kh/.vscode-server/bin/1e790d77f81672c49be070e04474901747115651/out/vs/workbench/api/node/extensionHostProcess.js:148:3704)
	at l.dispose (/home/akraaam_kh/.vscode-server/bin/1e790d77f81672c49be070e04474901747115651/out/vs/workbench/api/node/extensionHostProcess.js:148:3801)
	at l.<anonymous> (/home/akraaam_kh/.vscode-server/bin/1e790d77f81672c49be070e04474901747115651/extensions/git/dist/main.js:2:945736)
	at l.dispose (/home/akraaam_kh/.vscode-server/bin/1e790d77f81672c49be070e04474901747115651/out/vs/workbench/api/node/extensionHostProcess.js:148:3801)
	at o (/home/akraaam_kh/.vscode-server/bin/1e790d77f81672c49be070e04474901747115651/out/vs/workbench/api/node/extensionHostProcess.js:30:754)
	at p.cb (/home/akraaam_kh/.vscode-server/bin/1e790d77f81672c49be070e04474901747115651/out/vs/workbench/api/node/extensionHostProcess.js:156:9882)
	at /home/akraaam_kh/.vscode-server/bin/1e790d77f81672c49be070e04474901747115651/out/vs/workbench/api/node/extensionHostProcess.js:156:7816
	at Array.map (<anonymous>)
	at p.Y (/home/akraaam_kh/.vscode-server/bin/1e790d77f81672c49be070e04474901747115651/out/vs/workbench/api/node/extensionHostProcess.js:156:7803)
	at p.terminate (/home/akraaam_kh/.vscode-server/bin/1e790d77f81672c49be070e04474901747115651/out/vs/workbench/api/node/extensionHostProcess.js:156:8076)
	at o.terminate (/home/akraaam_kh/.vscode-server/bin/1e790d77f81672c49be070e04474901747115651/out/vs/workbench/api/node/extensionHostProcess.js:160:1513)
	at t (/home/akraaam_kh/.vscode-server/bin/1e790d77f81672c49be070e04474901747115651/out/vs/workbench/api/node/extensionHostProcess.js:173:9949)
	at p.value (/home/akraaam_kh/.vscode-server/bin/1e790d77f81672c49be070e04474901747115651/out/vs/workbench/api/node/extensionHostProcess.js:173:7996)
	at n.y (/home/akraaam_kh/.vscode-server/bin/1e790d77f81672c49be070e04474901747115651/out/vs/workbench/api/node/extensionHostProcess.js:80:1902)
	at n.fire (/home/akraaam_kh/.vscode-server/bin/1e790d77f81672c49be070e04474901747115651/out/vs/workbench/api/node/extensionHostProcess.js:80:2119)
	at r.fire (/home/akraaam_kh/.vscode-server/bin/1e790d77f81672c49be070e04474901747115651/out/vs/workbench/api/node/extensionHostProcess.js:105:14091)
	at u.z (/home/akraaam_kh/.vscode-server/bin/1e790d77f81672c49be070e04474901747115651/out/vs/workbench/api/node/extensionHostProcess.js:105:17156)
	at p.value (/home/akraaam_kh/.vscode-server/bin/1e790d77f81672c49be070e04474901747115651/out/vs/workbench/api/node/extensionHostProcess.js:105:15608)
	at n.y (/home/akraaam_kh/.vscode-server/bin/1e790d77f81672c49be070e04474901747115651/out/vs/workbench/api/node/extensionHostProcess.js:80:1902)
	at n.fire (/home/akraaam_kh/.vscode-server/bin/1e790d77f81672c49be070e04474901747115651/out/vs/workbench/api/node/extensionHostProcess.js:80:2119)
	at p.acceptChunk (/home/akraaam_kh/.vscode-server/bin/1e790d77f81672c49be070e04474901747115651/out/vs/workbench/api/node/extensionHostProcess.js:105:11865)
	at p.value (/home/akraaam_kh/.vscode-server/bin/1e790d77f81672c49be070e04474901747115651/out/vs/workbench/api/node/extensionHostProcess.js:105:11152)
	at n.y (/home/akraaam_kh/.vscode-server/bin/1e790d77f81672c49be070e04474901747115651/out/vs/workbench/api/node/extensionHostProcess.js:80:1902)
	at n.fire (/home/akraaam_kh/.vscode-server/bin/1e790d77f81672c49be070e04474901747115651/out/vs/workbench/api/node/extensionHostProcess.js:80:2119)
	at n.z (/home/akraaam_kh/.vscode-server/bin/1e790d77f81672c49be070e04474901747115651/out/vs/workbench/api/node/extensionHostProcess.js:170:19768)
	at n.acceptFrame (/home/akraaam_kh/.vscode-server/bin/1e790d77f81672c49be070e04474901747115651/out/vs/workbench/api/node/extensionHostProcess.js:170:19574)
	at i.n (/home/akraaam_kh/.vscode-server/bin/1e790d77f81672c49be070e04474901747115651/out/vs/workbench/api/node/extensionHostProcess.js:170:18073)
	at /home/akraaam_kh/.vscode-server/bin/1e790d77f81672c49be070e04474901747115651/out/vs/workbench/api/node/extensionHostProcess.js:170:15293
	at Socket.y (/home/akraaam_kh/.vscode-server/bin/1e790d77f81672c49be070e04474901747115651/out/vs/workbench/api/node/extensionHostProcess.js:170:13198)
	at Socket.emit (node:events:514:28)
	at addChunk (node:internal/streams/readable:324:12)
	at readableAddChunk (node:internal/streams/readable:297:9)
	at Readable.push (node:internal/streams/readable:234:10)
	at TCP.onStreamRead (node:internal/stream_base_commons:190:23) setContext undefined
2024-03-11 14:19:36.842 [info] Extension host with pid 2325 exiting with code 0
