2024-03-04 19:46:00.302 [info] Extension host with pid 29392 started
2024-03-04 19:46:00.349 [info] Lock '/home/akraaam_kh/.vscode-server/data/User/workspaceStorage/aab43a72942d0c30cbbbacde874c7c05/vscode.lock': Lock acquired.
2024-03-04 19:46:00.819 [info] ExtensionService#_doActivateExtension vscode.emmet, startup: false, activationEvent: 'onLanguage'
2024-03-04 19:46:01.050 [info] ExtensionService#_doActivateExtension vscode.git-base, startup: true, activationEvent: '*', root cause: vscode.git
2024-03-04 19:46:01.133 [info] ExtensionService#_doActivateExtension vscode.git, startup: true, activationEvent: '*'
2024-03-04 19:46:01.135 [info] ExtensionService#_doActivateExtension vscode.github, startup: true, activationEvent: '*'
2024-03-04 19:46:01.909 [info] Eager extensions activated
2024-03-04 19:46:01.910 [info] ExtensionService#_doActivateExtension vscode.debug-auto-launch, startup: false, activationEvent: 'onStartupFinished'
2024-03-04 19:46:01.920 [info] ExtensionService#_doActivateExtension vscode.merge-conflict, startup: false, activationEvent: 'onStartupFinished'
2024-03-04 19:46:02.846 [warning] [Decorations] CAPPING events from decorations provider vscode.git 3576
2024-03-04 19:46:03.850 [warning] [Decorations] CAPPING events from decorations provider vscode.git 3576
2024-03-04 19:47:13.218 [warning] [Decorations] CAPPING events from decorations provider vscode.git 3588
2024-03-04 19:47:18.425 [warning] [Decorations] CAPPING events from decorations provider vscode.git 3588
2024-03-04 19:47:23.720 [warning] [Decorations] CAPPING events from decorations provider vscode.git 3588
2024-03-04 19:47:28.914 [warning] [Decorations] CAPPING events from decorations provider vscode.git 3588
2024-03-04 19:47:34.116 [warning] [Decorations] CAPPING events from decorations provider vscode.git 3591
2024-03-04 19:47:39.236 [warning] [Decorations] CAPPING events from decorations provider vscode.git 3591
2024-03-04 19:47:44.795 [warning] [Decorations] CAPPING events from decorations provider vscode.git 3591
2024-03-04 19:47:49.986 [warning] [Decorations] CAPPING events from decorations provider vscode.git 3591
2024-03-04 19:47:55.164 [warning] [Decorations] CAPPING events from decorations provider vscode.git 3591
2024-03-04 19:48:00.360 [warning] [Decorations] CAPPING events from decorations provider vscode.git 3591
2024-03-04 19:48:16.868 [warning] [Decorations] CAPPING events from decorations provider vscode.git 3591
2024-03-04 19:49:03.306 [warning] [Decorations] CAPPING events from decorations provider vscode.git 3591
2024-03-04 19:49:08.502 [warning] [Decorations] CAPPING events from decorations provider vscode.git 3591
2024-03-04 19:49:12.834 [info] ExtensionService#_doActivateExtension vscode.php-language-features, startup: false, activationEvent: 'onLanguage:php'
2024-03-04 19:49:13.708 [warning] [Decorations] CAPPING events from decorations provider vscode.git 3591
2024-03-04 19:49:18.862 [warning] [Decorations] CAPPING events from decorations provider vscode.git 3591
2024-03-04 19:49:24.046 [warning] [Decorations] CAPPING events from decorations provider vscode.git 3591
2024-03-04 19:49:29.173 [warning] [Decorations] CAPPING events from decorations provider vscode.git 3591
2024-03-04 19:49:34.367 [warning] [Decorations] CAPPING events from decorations provider vscode.git 3591
2024-03-04 19:49:53.416 [warning] [Decorations] CAPPING events from decorations provider vscode.git 3592
2024-03-04 19:50:20.631 [warning] [Decorations] CAPPING events from decorations provider vscode.git 3592
2024-03-04 19:50:31.317 [warning] [Decorations] CAPPING events from decorations provider vscode.git 3592
2024-03-04 19:50:36.597 [warning] [Decorations] CAPPING events from decorations provider vscode.git 3592
2024-03-04 19:50:41.804 [warning] [Decorations] CAPPING events from decorations provider vscode.git 3592
2024-03-04 19:50:47.110 [warning] [Decorations] CAPPING events from decorations provider vscode.git 3592
2024-03-04 19:50:52.233 [warning] [Decorations] CAPPING events from decorations provider vscode.git 3592
2024-03-04 19:50:57.387 [warning] [Decorations] CAPPING events from decorations provider vscode.git 3592
2024-03-04 19:51:02.636 [warning] [Decorations] CAPPING events from decorations provider vscode.git 3592
2024-03-04 19:51:07.850 [warning] [Decorations] CAPPING events from decorations provider vscode.git 3592
2024-03-04 19:51:13.077 [warning] [Decorations] CAPPING events from decorations provider vscode.git 3592
2024-03-04 19:51:18.345 [warning] [Decorations] CAPPING events from decorations provider vscode.git 3592
2024-03-04 19:51:23.484 [warning] [Decorations] CAPPING events from decorations provider vscode.git 3593
2024-03-04 19:51:36.139 [warning] [Decorations] CAPPING events from decorations provider vscode.git 3592
2024-03-04 19:51:41.352 [warning] [Decorations] CAPPING events from decorations provider vscode.git 3592
2024-03-04 19:51:46.509 [warning] [Decorations] CAPPING events from decorations provider vscode.git 3592
2024-03-04 19:51:51.653 [warning] [Decorations] CAPPING events from decorations provider vscode.git 3592
2024-03-04 19:51:56.838 [warning] [Decorations] CAPPING events from decorations provider vscode.git 3592
2024-03-04 19:52:07.469 [warning] [Decorations] CAPPING events from decorations provider vscode.git 3593
2024-03-04 19:52:12.655 [warning] [Decorations] CAPPING events from decorations provider vscode.git 3593
2024-03-04 19:52:17.795 [warning] [Decorations] CAPPING events from decorations provider vscode.git 3593
2024-03-04 19:52:22.948 [warning] [Decorations] CAPPING events from decorations provider vscode.git 3592
2024-03-04 19:52:28.664 [warning] [Decorations] CAPPING events from decorations provider vscode.git 3592
2024-03-04 19:52:33.829 [warning] [Decorations] CAPPING events from decorations provider vscode.git 3592
2024-03-04 19:52:38.961 [warning] [Decorations] CAPPING events from decorations provider vscode.git 3592
2024-03-04 19:52:46.666 [warning] [Decorations] CAPPING events from decorations provider vscode.git 3592
2024-03-04 19:53:39.385 [warning] [Decorations] CAPPING events from decorations provider vscode.git 3593
2024-03-04 19:53:44.520 [warning] [Decorations] CAPPING events from decorations provider vscode.git 3592
2024-03-04 19:53:49.693 [warning] [Decorations] CAPPING events from decorations provider vscode.git 3592
2024-03-04 19:53:54.841 [warning] [Decorations] CAPPING events from decorations provider vscode.git 3592
2024-03-04 19:55:17.485 [warning] [Decorations] CAPPING events from decorations provider vscode.git 3592
2024-03-04 19:55:22.693 [warning] [Decorations] CAPPING events from decorations provider vscode.git 3592
2024-03-04 19:55:27.821 [warning] [Decorations] CAPPING events from decorations provider vscode.git 3592
2024-03-04 19:55:32.966 [warning] [Decorations] CAPPING events from decorations provider vscode.git 3592
2024-03-04 19:55:38.144 [warning] [Decorations] CAPPING events from decorations provider vscode.git 3592
2024-03-04 19:55:43.363 [warning] [Decorations] CAPPING events from decorations provider vscode.git 3592
2024-03-04 19:55:48.527 [warning] [Decorations] CAPPING events from decorations provider vscode.git 3593
2024-03-04 19:55:53.672 [warning] [Decorations] CAPPING events from decorations provider vscode.git 3592
2024-03-04 19:55:58.783 [warning] [Decorations] CAPPING events from decorations provider vscode.git 3592
2024-03-04 19:56:04.008 [warning] [Decorations] CAPPING events from decorations provider vscode.git 3592
2024-03-04 19:56:09.205 [warning] [Decorations] CAPPING events from decorations provider vscode.git 3592
2024-03-04 19:56:30.852 [warning] [Decorations] CAPPING events from decorations provider vscode.git 3592
2024-03-04 19:56:36.082 [warning] [Decorations] CAPPING events from decorations provider vscode.git 3592
2024-03-04 19:57:27.011 [warning] [Decorations] CAPPING events from decorations provider vscode.git 3592
2024-03-04 19:57:32.152 [warning] [Decorations] CAPPING events from decorations provider vscode.git 3592
2024-03-04 19:57:37.371 [warning] [Decorations] CAPPING events from decorations provider vscode.git 3592
2024-03-04 19:57:42.517 [warning] [Decorations] CAPPING events from decorations provider vscode.git 3592
2024-03-04 19:57:47.699 [warning] [Decorations] CAPPING events from decorations provider vscode.git 3592
2024-03-04 19:57:52.965 [warning] [Decorations] CAPPING events from decorations provider vscode.git 3592
2024-03-04 19:57:58.114 [warning] [Decorations] CAPPING events from decorations provider vscode.git 3592
2024-03-04 19:58:04.712 [warning] [Decorations] CAPPING events from decorations provider vscode.git 3592
2024-03-04 19:58:09.823 [warning] [Decorations] CAPPING events from decorations provider vscode.git 3592
2024-03-04 19:58:15.001 [warning] [Decorations] CAPPING events from decorations provider vscode.git 3592
2024-03-04 19:58:20.207 [warning] [Decorations] CAPPING events from decorations provider vscode.git 3592
2024-03-04 19:58:25.400 [warning] [Decorations] CAPPING events from decorations provider vscode.git 3592
2024-03-04 19:58:30.550 [warning] [Decorations] CAPPING events from decorations provider vscode.git 3592
2024-03-04 19:58:35.707 [warning] [Decorations] CAPPING events from decorations provider vscode.git 3592
2024-03-04 19:58:40.928 [warning] [Decorations] CAPPING events from decorations provider vscode.git 3592
2024-03-04 19:58:46.053 [warning] [Decorations] CAPPING events from decorations provider vscode.git 3592
2024-03-04 19:58:51.292 [warning] [Decorations] CAPPING events from decorations provider vscode.git 3592
2024-03-04 19:58:56.491 [warning] [Decorations] CAPPING events from decorations provider vscode.git 3592
2024-03-04 19:59:01.723 [warning] [Decorations] CAPPING events from decorations provider vscode.git 3592
2024-03-04 19:59:06.910 [warning] [Decorations] CAPPING events from decorations provider vscode.git 3592
2024-03-04 19:59:12.015 [warning] [Decorations] CAPPING events from decorations provider vscode.git 3592
2024-03-04 19:59:17.194 [warning] [Decorations] CAPPING events from decorations provider vscode.git 3592
2024-03-04 19:59:22.382 [warning] [Decorations] CAPPING events from decorations provider vscode.git 3592
2024-03-04 19:59:27.524 [warning] [Decorations] CAPPING events from decorations provider vscode.git 3592
2024-03-04 19:59:32.672 [warning] [Decorations] CAPPING events from decorations provider vscode.git 3592
2024-03-04 19:59:37.841 [warning] [Decorations] CAPPING events from decorations provider vscode.git 3592
2024-03-04 19:59:43.045 [warning] [Decorations] CAPPING events from decorations provider vscode.git 3592
2024-03-04 19:59:48.208 [warning] [Decorations] CAPPING events from decorations provider vscode.git 3592
2024-03-04 19:59:53.404 [warning] [Decorations] CAPPING events from decorations provider vscode.git 3592
2024-03-04 19:59:58.568 [warning] [Decorations] CAPPING events from decorations provider vscode.git 3592
2024-03-04 20:03:25.431 [warning] [Decorations] CAPPING events from decorations provider vscode.git 3592
2024-03-04 20:03:30.717 [warning] [Decorations] CAPPING events from decorations provider vscode.git 3592
2024-03-04 20:03:35.940 [warning] [Decorations] CAPPING events from decorations provider vscode.git 3593
2024-03-04 20:03:41.109 [warning] [Decorations] CAPPING events from decorations provider vscode.git 3593
2024-03-04 20:03:46.268 [warning] [Decorations] CAPPING events from decorations provider vscode.git 3593
2024-03-04 20:03:51.467 [warning] [Decorations] CAPPING events from decorations provider vscode.git 3593
2024-03-04 20:03:56.663 [warning] [Decorations] CAPPING events from decorations provider vscode.git 3593
2024-03-04 20:04:09.344 [warning] [Decorations] CAPPING events from decorations provider vscode.git 3593
2024-03-04 20:04:14.486 [warning] [Decorations] CAPPING events from decorations provider vscode.git 3593
2024-03-04 20:04:19.605 [warning] [Decorations] CAPPING events from decorations provider vscode.git 3593
2024-03-04 20:04:24.834 [warning] [Decorations] CAPPING events from decorations provider vscode.git 3593
2024-03-04 20:05:56.506 [warning] [Decorations] CAPPING events from decorations provider vscode.git 3593
2024-03-04 20:06:01.722 [warning] [Decorations] CAPPING events from decorations provider vscode.git 3593
2024-03-04 20:06:06.970 [warning] [Decorations] CAPPING events from decorations provider vscode.git 3593
2024-03-04 20:06:12.160 [warning] [Decorations] CAPPING events from decorations provider vscode.git 3593
2024-03-04 20:06:17.482 [warning] [Decorations] CAPPING events from decorations provider vscode.git 3593
2024-03-04 20:06:22.663 [warning] [Decorations] CAPPING events from decorations provider vscode.git 3593
2024-03-04 20:06:27.825 [warning] [Decorations] CAPPING events from decorations provider vscode.git 3593
2024-03-04 20:06:33.604 [warning] [Decorations] CAPPING events from decorations provider vscode.git 3593
2024-03-04 20:06:39.511 [warning] [Decorations] CAPPING events from decorations provider vscode.git 3593
2024-03-04 20:06:44.678 [warning] [Decorations] CAPPING events from decorations provider vscode.git 3593
2024-03-04 20:06:49.804 [warning] [Decorations] CAPPING events from decorations provider vscode.git 3593
2024-03-04 20:06:54.994 [warning] [Decorations] CAPPING events from decorations provider vscode.git 3593
2024-03-04 20:07:00.629 [warning] [Decorations] CAPPING events from decorations provider vscode.git 3594
2024-03-04 20:07:05.854 [warning] [Decorations] CAPPING events from decorations provider vscode.git 3593
2024-03-04 20:07:15.671 [warning] [Decorations] CAPPING events from decorations provider vscode.git 3593
2024-03-04 20:07:20.869 [warning] [Decorations] CAPPING events from decorations provider vscode.git 3594
2024-03-04 20:07:47.124 [warning] [Decorations] CAPPING events from decorations provider vscode.git 3593
2024-03-04 20:07:52.260 [warning] [Decorations] CAPPING events from decorations provider vscode.git 3593
2024-03-04 20:07:58.839 [warning] [Decorations] CAPPING events from decorations provider vscode.git 3593
2024-03-04 20:08:04.078 [warning] [Decorations] CAPPING events from decorations provider vscode.git 3593
2024-03-04 20:08:09.270 [warning] [Decorations] CAPPING events from decorations provider vscode.git 3593
2024-03-04 20:08:14.484 [warning] [Decorations] CAPPING events from decorations provider vscode.git 3593
2024-03-04 20:08:19.697 [warning] [Decorations] CAPPING events from decorations provider vscode.git 3593
2024-03-04 20:08:24.948 [warning] [Decorations] CAPPING events from decorations provider vscode.git 3593
2024-03-04 20:08:30.136 [warning] [Decorations] CAPPING events from decorations provider vscode.git 3593
2024-03-04 20:08:35.289 [warning] [Decorations] CAPPING events from decorations provider vscode.git 3593
2024-03-04 20:08:40.485 [warning] [Decorations] CAPPING events from decorations provider vscode.git 3593
2024-03-04 20:08:45.703 [warning] [Decorations] CAPPING events from decorations provider vscode.git 3593
2024-03-04 20:08:50.936 [warning] [Decorations] CAPPING events from decorations provider vscode.git 3593
2024-03-04 20:08:56.136 [warning] [Decorations] CAPPING events from decorations provider vscode.git 3593
2024-03-04 20:09:01.735 [warning] [Decorations] CAPPING events from decorations provider vscode.git 3593
2024-03-04 20:09:06.938 [warning] [Decorations] CAPPING events from decorations provider vscode.git 3593
2024-03-04 20:09:12.072 [warning] [Decorations] CAPPING events from decorations provider vscode.git 3594
2024-03-04 20:09:17.251 [warning] [Decorations] CAPPING events from decorations provider vscode.git 3593
2024-03-04 20:09:22.433 [warning] [Decorations] CAPPING events from decorations provider vscode.git 3594
2024-03-04 20:09:27.659 [warning] [Decorations] CAPPING events from decorations provider vscode.git 3594
2024-03-04 20:09:32.800 [warning] [Decorations] CAPPING events from decorations provider vscode.git 3594
2024-03-04 20:09:37.943 [warning] [Decorations] CAPPING events from decorations provider vscode.git 3594
2024-03-04 20:09:43.089 [warning] [Decorations] CAPPING events from decorations provider vscode.git 3594
2024-03-04 20:09:48.263 [warning] [Decorations] CAPPING events from decorations provider vscode.git 3594
2024-03-04 20:09:53.449 [warning] [Decorations] CAPPING events from decorations provider vscode.git 3594
2024-03-04 20:09:58.695 [warning] [Decorations] CAPPING events from decorations provider vscode.git 3594
2024-03-04 20:10:03.889 [warning] [Decorations] CAPPING events from decorations provider vscode.git 3594
2024-03-04 20:10:09.047 [warning] [Decorations] CAPPING events from decorations provider vscode.git 3594
2024-03-04 20:10:14.189 [warning] [Decorations] CAPPING events from decorations provider vscode.git 3594
2024-03-04 20:10:19.469 [warning] [Decorations] CAPPING events from decorations provider vscode.git 3594
2024-03-04 20:10:24.664 [warning] [Decorations] CAPPING events from decorations provider vscode.git 3594
2024-03-04 20:10:29.841 [warning] [Decorations] CAPPING events from decorations provider vscode.git 3594
2024-03-04 20:12:12.327 [warning] [Decorations] CAPPING events from decorations provider vscode.git 3594
2024-03-04 20:12:17.567 [warning] [Decorations] CAPPING events from decorations provider vscode.git 3594
2024-03-04 20:12:22.773 [warning] [Decorations] CAPPING events from decorations provider vscode.git 3595
2024-03-04 20:12:29.443 [warning] [Decorations] CAPPING events from decorations provider vscode.git 3595
2024-03-04 20:12:34.583 [warning] [Decorations] CAPPING events from decorations provider vscode.git 3595
2024-03-04 20:12:39.748 [warning] [Decorations] CAPPING events from decorations provider vscode.git 3596
2024-03-04 20:12:44.893 [warning] [Decorations] CAPPING events from decorations provider vscode.git 3596
2024-03-04 20:12:50.091 [warning] [Decorations] CAPPING events from decorations provider vscode.git 3596
2024-03-04 20:13:56.564 [warning] [Decorations] CAPPING events from decorations provider vscode.git 3596
2024-03-04 20:14:01.777 [warning] [Decorations] CAPPING events from decorations provider vscode.git 3596
2024-03-04 20:14:06.993 [warning] [Decorations] CAPPING events from decorations provider vscode.git 3596
2024-03-04 20:14:12.235 [warning] [Decorations] CAPPING events from decorations provider vscode.git 3596
2024-03-04 20:14:17.484 [warning] [Decorations] CAPPING events from decorations provider vscode.git 3596
2024-03-04 20:14:22.628 [warning] [Decorations] CAPPING events from decorations provider vscode.git 3597
2024-03-04 20:14:27.804 [warning] [Decorations] CAPPING events from decorations provider vscode.git 3597
2024-03-04 20:16:23.940 [warning] [Decorations] CAPPING events from decorations provider vscode.git 3597
2024-03-04 20:16:29.114 [warning] [Decorations] CAPPING events from decorations provider vscode.git 3598
2024-03-04 20:16:34.424 [warning] [Decorations] CAPPING events from decorations provider vscode.git 3598
2024-03-04 20:16:39.645 [warning] [Decorations] CAPPING events from decorations provider vscode.git 3598
2024-03-04 20:16:44.835 [warning] [Decorations] CAPPING events from decorations provider vscode.git 3598
2024-03-04 20:16:50.057 [warning] [Decorations] CAPPING events from decorations provider vscode.git 3598
2024-03-04 20:17:01.340 [warning] [Decorations] CAPPING events from decorations provider vscode.git 3598
2024-03-04 20:17:06.532 [warning] [Decorations] CAPPING events from decorations provider vscode.git 3598
2024-03-04 20:17:11.691 [warning] [Decorations] CAPPING events from decorations provider vscode.git 3598
2024-03-04 20:17:18.380 [warning] [Decorations] CAPPING events from decorations provider vscode.git 3599
2024-03-04 20:17:23.512 [warning] [Decorations] CAPPING events from decorations provider vscode.git 3599
2024-03-04 20:17:28.737 [warning] [Decorations] CAPPING events from decorations provider vscode.git 3600
2024-03-04 20:17:33.929 [warning] [Decorations] CAPPING events from decorations provider vscode.git 3600
2024-03-04 20:17:39.061 [warning] [Decorations] CAPPING events from decorations provider vscode.git 3600
2024-03-04 20:18:01.242 [warning] [Decorations] CAPPING events from decorations provider vscode.git 3601
2024-03-04 20:18:06.466 [warning] [Decorations] CAPPING events from decorations provider vscode.git 3601
2024-03-04 20:18:12.894 [warning] [Decorations] CAPPING events from decorations provider vscode.git 3601
2024-03-04 20:19:16.732 [warning] [Decorations] CAPPING events from decorations provider vscode.git 3601
2024-03-04 20:19:21.911 [warning] [Decorations] CAPPING events from decorations provider vscode.git 3601
2024-03-04 20:19:27.134 [warning] [Decorations] CAPPING events from decorations provider vscode.git 3601
2024-03-04 20:19:32.413 [warning] [Decorations] CAPPING events from decorations provider vscode.git 3601
2024-03-04 20:19:37.648 [warning] [Decorations] CAPPING events from decorations provider vscode.git 3601
2024-03-04 20:19:42.823 [warning] [Decorations] CAPPING events from decorations provider vscode.git 3601
2024-03-04 20:19:47.977 [warning] [Decorations] CAPPING events from decorations provider vscode.git 3601
2024-03-04 20:19:53.133 [warning] [Decorations] CAPPING events from decorations provider vscode.git 3601
2024-03-04 20:19:59.912 [warning] [Decorations] CAPPING events from decorations provider vscode.git 3601
2024-03-04 20:20:05.106 [warning] [Decorations] CAPPING events from decorations provider vscode.git 3601
2024-03-04 20:20:10.314 [warning] [Decorations] CAPPING events from decorations provider vscode.git 3602
2024-03-04 20:20:15.549 [warning] [Decorations] CAPPING events from decorations provider vscode.git 3602
2024-03-04 20:20:20.745 [warning] [Decorations] CAPPING events from decorations provider vscode.git 3602
2024-03-04 20:21:47.732 [warning] [Decorations] CAPPING events from decorations provider vscode.git 3602
2024-03-04 20:21:52.916 [warning] [Decorations] CAPPING events from decorations provider vscode.git 3602
2024-03-04 20:22:58.288 [warning] [Decorations] CAPPING events from decorations provider vscode.git 3603
2024-03-04 20:23:03.516 [warning] [Decorations] CAPPING events from decorations provider vscode.git 3603
2024-03-04 20:23:08.745 [warning] [Decorations] CAPPING events from decorations provider vscode.git 3603
2024-03-04 20:23:13.978 [warning] [Decorations] CAPPING events from decorations provider vscode.git 3603
2024-03-04 20:23:19.156 [warning] [Decorations] CAPPING events from decorations provider vscode.git 3603
2024-03-04 20:23:24.331 [warning] [Decorations] CAPPING events from decorations provider vscode.git 3603
2024-03-04 20:23:29.499 [warning] [Decorations] CAPPING events from decorations provider vscode.git 3604
2024-03-04 20:23:34.702 [warning] [Decorations] CAPPING events from decorations provider vscode.git 3604
2024-03-04 20:23:39.884 [warning] [Decorations] CAPPING events from decorations provider vscode.git 3604
2024-03-04 20:23:45.634 [warning] [Decorations] CAPPING events from decorations provider vscode.git 3604
2024-03-04 20:23:50.814 [warning] [Decorations] CAPPING events from decorations provider vscode.git 3604
2024-03-04 20:23:56.497 [warning] [Decorations] CAPPING events from decorations provider vscode.git 3604
2024-03-04 20:24:01.952 [warning] [Decorations] CAPPING events from decorations provider vscode.git 3604
2024-03-04 20:24:07.131 [warning] [Decorations] CAPPING events from decorations provider vscode.git 3605
2024-03-04 20:24:12.317 [warning] [Decorations] CAPPING events from decorations provider vscode.git 3604
2024-03-04 20:24:17.596 [warning] [Decorations] CAPPING events from decorations provider vscode.git 3604
2024-03-04 20:24:22.772 [warning] [Decorations] CAPPING events from decorations provider vscode.git 3604
2024-03-04 20:24:28.063 [warning] [Decorations] CAPPING events from decorations provider vscode.git 3604
2024-03-04 20:24:35.913 [warning] [Decorations] CAPPING events from decorations provider vscode.git 3605
2024-03-04 20:24:41.096 [warning] [Decorations] CAPPING events from decorations provider vscode.git 3604
2024-03-04 20:24:47.889 [warning] [Decorations] CAPPING events from decorations provider vscode.git 3605
2024-03-04 20:24:53.056 [warning] [Decorations] CAPPING events from decorations provider vscode.git 3604
2024-03-04 20:24:58.228 [warning] [Decorations] CAPPING events from decorations provider vscode.git 3604
2024-03-04 20:25:03.897 [warning] [Decorations] CAPPING events from decorations provider vscode.git 3604
2024-03-04 20:25:09.109 [warning] [Decorations] CAPPING events from decorations provider vscode.git 3605
2024-03-04 20:25:14.289 [warning] [Decorations] CAPPING events from decorations provider vscode.git 3604
2024-03-04 20:25:19.483 [warning] [Decorations] CAPPING events from decorations provider vscode.git 3604
2024-03-04 20:25:24.761 [warning] [Decorations] CAPPING events from decorations provider vscode.git 3604
2024-03-04 20:25:30.005 [warning] [Decorations] CAPPING events from decorations provider vscode.git 3604
2024-03-04 20:25:35.251 [warning] [Decorations] CAPPING events from decorations provider vscode.git 3604
2024-03-04 20:25:42.122 [warning] [Decorations] CAPPING events from decorations provider vscode.git 3609
2024-03-04 20:25:47.267 [warning] [Decorations] CAPPING events from decorations provider vscode.git 3609
2024-03-04 20:25:52.421 [warning] [Decorations] CAPPING events from decorations provider vscode.git 3609
2024-03-04 20:25:57.580 [warning] [Decorations] CAPPING events from decorations provider vscode.git 3609
2024-03-04 20:26:02.782 [warning] [Decorations] CAPPING events from decorations provider vscode.git 3610
2024-03-04 20:26:07.909 [warning] [Decorations] CAPPING events from decorations provider vscode.git 3609
2024-03-04 20:26:13.112 [warning] [Decorations] CAPPING events from decorations provider vscode.git 3609
2024-03-04 20:26:18.320 [warning] [Decorations] CAPPING events from decorations provider vscode.git 3609
2024-03-04 20:26:23.517 [warning] [Decorations] CAPPING events from decorations provider vscode.git 3610
2024-03-04 20:26:28.794 [warning] [Decorations] CAPPING events from decorations provider vscode.git 3609
2024-03-04 20:26:33.963 [warning] [Decorations] CAPPING events from decorations provider vscode.git 3610
2024-03-04 20:26:39.108 [warning] [Decorations] CAPPING events from decorations provider vscode.git 3609
2024-03-04 20:26:52.199 [warning] [Decorations] CAPPING events from decorations provider vscode.git 3609
2024-03-04 20:26:57.445 [warning] [Decorations] CAPPING events from decorations provider vscode.git 3609
2024-03-04 20:27:02.676 [warning] [Decorations] CAPPING events from decorations provider vscode.git 3610
2024-03-04 20:27:25.611 [warning] [Decorations] CAPPING events from decorations provider vscode.git 3609
2024-03-04 20:27:30.810 [warning] [Decorations] CAPPING events from decorations provider vscode.git 3609
2024-03-04 20:27:36.007 [warning] [Decorations] CAPPING events from decorations provider vscode.git 3609
2024-03-04 20:27:41.195 [warning] [Decorations] CAPPING events from decorations provider vscode.git 3609
2024-03-04 20:27:46.407 [warning] [Decorations] CAPPING events from decorations provider vscode.git 3609
2024-03-04 20:28:03.655 [warning] [Decorations] CAPPING events from decorations provider vscode.git 3609
2024-03-04 20:28:08.851 [warning] [Decorations] CAPPING events from decorations provider vscode.git 3609
2024-03-04 20:28:14.028 [warning] [Decorations] CAPPING events from decorations provider vscode.git 3609
2024-03-04 20:28:19.200 [warning] [Decorations] CAPPING events from decorations provider vscode.git 3609
2024-03-04 20:28:24.374 [warning] [Decorations] CAPPING events from decorations provider vscode.git 3609
2024-03-04 20:28:29.525 [warning] [Decorations] CAPPING events from decorations provider vscode.git 3609
2024-03-04 20:28:34.703 [warning] [Decorations] CAPPING events from decorations provider vscode.git 3610
2024-03-04 20:28:40.487 [warning] [Decorations] CAPPING events from decorations provider vscode.git 3609
2024-03-04 20:29:06.377 [warning] [Decorations] CAPPING events from decorations provider vscode.git 3609
2024-03-04 20:29:11.527 [warning] [Decorations] CAPPING events from decorations provider vscode.git 3609
2024-03-04 20:29:16.657 [warning] [Decorations] CAPPING events from decorations provider vscode.git 3609
2024-03-04 20:29:21.895 [warning] [Decorations] CAPPING events from decorations provider vscode.git 3609
2024-03-04 20:29:27.211 [warning] [Decorations] CAPPING events from decorations provider vscode.git 3609
2024-03-04 20:29:40.035 [warning] [Decorations] CAPPING events from decorations provider vscode.git 3609
2024-03-04 20:29:45.204 [warning] [Decorations] CAPPING events from decorations provider vscode.git 3609
2024-03-04 20:29:50.356 [warning] [Decorations] CAPPING events from decorations provider vscode.git 3609
2024-03-04 20:29:55.516 [warning] [Decorations] CAPPING events from decorations provider vscode.git 3609
2024-03-04 20:30:00.751 [warning] [Decorations] CAPPING events from decorations provider vscode.git 3609
2024-03-04 20:30:06.006 [warning] [Decorations] CAPPING events from decorations provider vscode.git 3609
2024-03-04 20:30:11.250 [warning] [Decorations] CAPPING events from decorations provider vscode.git 3609
2024-03-04 20:30:16.423 [warning] [Decorations] CAPPING events from decorations provider vscode.git 3609
2024-03-04 20:30:21.668 [warning] [Decorations] CAPPING events from decorations provider vscode.git 3609
2024-03-04 20:30:26.906 [warning] [Decorations] CAPPING events from decorations provider vscode.git 3609
2024-03-04 20:30:32.082 [warning] [Decorations] CAPPING events from decorations provider vscode.git 3609
2024-03-04 20:30:42.774 [warning] [Decorations] CAPPING events from decorations provider vscode.git 3610
2024-03-04 20:30:48.219 [warning] [Decorations] CAPPING events from decorations provider vscode.git 3609
2024-03-04 20:33:49.802 [warning] [Decorations] CAPPING events from decorations provider vscode.git 3609
2024-03-04 20:33:55.120 [warning] [Decorations] CAPPING events from decorations provider vscode.git 3610
2024-03-04 20:34:08.027 [warning] [Decorations] CAPPING events from decorations provider vscode.git 3609
2024-03-04 20:34:13.210 [warning] [Decorations] CAPPING events from decorations provider vscode.git 3609
2024-03-04 20:34:18.432 [warning] [Decorations] CAPPING events from decorations provider vscode.git 3610
2024-03-04 20:34:23.701 [warning] [Decorations] CAPPING events from decorations provider vscode.git 3610
2024-03-04 20:34:29.466 [warning] [Decorations] CAPPING events from decorations provider vscode.git 3609
2024-03-04 20:34:34.660 [warning] [Decorations] CAPPING events from decorations provider vscode.git 3609
2024-03-04 20:34:39.851 [warning] [Decorations] CAPPING events from decorations provider vscode.git 3609
2024-03-04 20:35:04.282 [warning] [Decorations] CAPPING events from decorations provider vscode.git 3610
2024-03-04 20:35:21.476 [warning] [Decorations] CAPPING events from decorations provider vscode.git 3610
2024-03-04 20:35:26.617 [warning] [Decorations] CAPPING events from decorations provider vscode.git 3609
2024-03-04 20:35:33.285 [warning] [Decorations] CAPPING events from decorations provider vscode.git 3610
2024-03-04 20:35:38.499 [warning] [Decorations] CAPPING events from decorations provider vscode.git 3609
2024-03-04 20:35:43.675 [warning] [Decorations] CAPPING events from decorations provider vscode.git 3610
2024-03-04 20:35:48.819 [warning] [Decorations] CAPPING events from decorations provider vscode.git 3609
2024-03-04 20:35:54.021 [warning] [Decorations] CAPPING events from decorations provider vscode.git 3609
2024-03-04 20:35:59.260 [warning] [Decorations] CAPPING events from decorations provider vscode.git 3609
2024-03-04 20:36:40.092 [warning] [Decorations] CAPPING events from decorations provider vscode.git 3609
2024-03-04 20:36:45.320 [warning] [Decorations] CAPPING events from decorations provider vscode.git 3609
2024-03-04 20:36:53.993 [warning] [Decorations] CAPPING events from decorations provider vscode.git 3610
2024-03-04 20:36:59.202 [warning] [Decorations] CAPPING events from decorations provider vscode.git 3609
2024-03-04 20:37:04.373 [warning] [Decorations] CAPPING events from decorations provider vscode.git 3609
2024-03-04 20:37:09.631 [warning] [Decorations] CAPPING events from decorations provider vscode.git 3609
2024-03-04 20:37:15.964 [warning] [Decorations] CAPPING events from decorations provider vscode.git 3609
2024-03-04 20:37:21.212 [warning] [Decorations] CAPPING events from decorations provider vscode.git 3609
2024-03-04 20:37:26.432 [warning] [Decorations] CAPPING events from decorations provider vscode.git 3609
2024-03-04 20:37:57.853 [warning] [Decorations] CAPPING events from decorations provider vscode.git 3609
2024-03-04 20:38:03.124 [warning] [Decorations] CAPPING events from decorations provider vscode.git 3610
2024-03-04 20:38:17.488 [warning] [Decorations] CAPPING events from decorations provider vscode.git 3610
2024-03-04 20:38:22.649 [warning] [Decorations] CAPPING events from decorations provider vscode.git 3610
2024-03-04 20:38:27.825 [warning] [Decorations] CAPPING events from decorations provider vscode.git 3609
2024-03-04 20:38:33.013 [warning] [Decorations] CAPPING events from decorations provider vscode.git 3609
2024-03-04 20:38:38.282 [warning] [Decorations] CAPPING events from decorations provider vscode.git 3609
2024-03-04 20:38:43.549 [warning] [Decorations] CAPPING events from decorations provider vscode.git 3609
2024-03-04 20:38:53.290 [warning] [Decorations] CAPPING events from decorations provider vscode.git 3611
2024-03-04 20:38:58.570 [warning] [Decorations] CAPPING events from decorations provider vscode.git 3610
2024-03-04 20:39:03.843 [warning] [Decorations] CAPPING events from decorations provider vscode.git 3610
2024-03-04 20:39:09.097 [warning] [Decorations] CAPPING events from decorations provider vscode.git 3609
2024-03-04 20:39:21.881 [warning] [Decorations] CAPPING events from decorations provider vscode.git 3609
2024-03-04 20:39:27.056 [warning] [Decorations] CAPPING events from decorations provider vscode.git 3609
2024-03-04 20:39:32.441 [warning] [Decorations] CAPPING events from decorations provider vscode.git 3609
2024-03-04 20:39:47.705 [warning] [Decorations] CAPPING events from decorations provider vscode.git 3610
2024-03-04 20:39:52.883 [warning] [Decorations] CAPPING events from decorations provider vscode.git 3609
2024-03-04 20:39:58.066 [warning] [Decorations] CAPPING events from decorations provider vscode.git 3609
2024-03-04 20:40:03.255 [warning] [Decorations] CAPPING events from decorations provider vscode.git 3609
2024-03-04 20:40:08.401 [warning] [Decorations] CAPPING events from decorations provider vscode.git 3609
2024-03-04 20:40:16.988 [warning] [Decorations] CAPPING events from decorations provider vscode.git 3609
2024-03-04 20:40:22.240 [warning] [Decorations] CAPPING events from decorations provider vscode.git 3609
2024-03-04 20:40:27.447 [warning] [Decorations] CAPPING events from decorations provider vscode.git 3609
2024-03-04 20:40:32.640 [warning] [Decorations] CAPPING events from decorations provider vscode.git 3609
2024-03-04 20:40:37.903 [warning] [Decorations] CAPPING events from decorations provider vscode.git 3609
2024-03-04 20:40:43.084 [warning] [Decorations] CAPPING events from decorations provider vscode.git 3609
2024-03-04 20:40:48.304 [warning] [Decorations] CAPPING events from decorations provider vscode.git 3609
2024-03-04 20:40:53.484 [warning] [Decorations] CAPPING events from decorations provider vscode.git 3609
2024-03-04 20:40:58.646 [warning] [Decorations] CAPPING events from decorations provider vscode.git 3609
2024-03-04 20:41:03.844 [warning] [Decorations] CAPPING events from decorations provider vscode.git 3609
2024-03-04 20:41:09.029 [warning] [Decorations] CAPPING events from decorations provider vscode.git 3609
2024-03-04 20:41:14.197 [warning] [Decorations] CAPPING events from decorations provider vscode.git 3609
2024-03-04 20:41:19.386 [warning] [Decorations] CAPPING events from decorations provider vscode.git 3609
2024-03-04 20:41:24.576 [warning] [Decorations] CAPPING events from decorations provider vscode.git 3609
2024-03-04 20:41:29.762 [warning] [Decorations] CAPPING events from decorations provider vscode.git 3609
2024-03-04 20:41:35.010 [warning] [Decorations] CAPPING events from decorations provider vscode.git 3609
2024-03-04 20:41:40.303 [warning] [Decorations] CAPPING events from decorations provider vscode.git 3609
2024-03-04 20:41:45.575 [warning] [Decorations] CAPPING events from decorations provider vscode.git 3609
2024-03-04 20:41:50.753 [warning] [Decorations] CAPPING events from decorations provider vscode.git 3609
2024-03-04 20:41:55.911 [warning] [Decorations] CAPPING events from decorations provider vscode.git 3609
2024-03-04 20:42:01.056 [warning] [Decorations] CAPPING events from decorations provider vscode.git 3609
2024-03-04 20:42:06.294 [warning] [Decorations] CAPPING events from decorations provider vscode.git 3609
2024-03-04 20:42:11.500 [warning] [Decorations] CAPPING events from decorations provider vscode.git 3609
2024-03-04 20:42:16.677 [warning] [Decorations] CAPPING events from decorations provider vscode.git 3609
2024-03-04 20:42:21.834 [warning] [Decorations] CAPPING events from decorations provider vscode.git 3609
2024-03-04 20:42:27.048 [warning] [Decorations] CAPPING events from decorations provider vscode.git 3609
2024-03-04 20:42:32.286 [warning] [Decorations] CAPPING events from decorations provider vscode.git 3609
2024-03-04 20:42:37.449 [warning] [Decorations] CAPPING events from decorations provider vscode.git 3609
2024-03-04 20:42:42.582 [warning] [Decorations] CAPPING events from decorations provider vscode.git 3609
2024-03-04 20:42:47.821 [warning] [Decorations] CAPPING events from decorations provider vscode.git 3609
2024-03-04 20:42:52.993 [warning] [Decorations] CAPPING events from decorations provider vscode.git 3609
2024-03-04 20:42:58.162 [warning] [Decorations] CAPPING events from decorations provider vscode.git 3609
2024-03-04 20:43:03.328 [warning] [Decorations] CAPPING events from decorations provider vscode.git 3609
2024-03-04 20:43:08.544 [warning] [Decorations] CAPPING events from decorations provider vscode.git 3609
2024-03-04 20:43:13.684 [warning] [Decorations] CAPPING events from decorations provider vscode.git 3609
2024-03-04 20:43:18.928 [warning] [Decorations] CAPPING events from decorations provider vscode.git 3609
2024-03-04 20:43:24.113 [warning] [Decorations] CAPPING events from decorations provider vscode.git 3609
2024-03-04 20:43:29.312 [warning] [Decorations] CAPPING events from decorations provider vscode.git 3609
2024-03-04 20:43:34.492 [warning] [Decorations] CAPPING events from decorations provider vscode.git 3609
2024-03-04 20:43:39.667 [warning] [Decorations] CAPPING events from decorations provider vscode.git 3609
2024-03-04 20:43:44.907 [warning] [Decorations] CAPPING events from decorations provider vscode.git 3609
2024-03-04 20:43:50.112 [warning] [Decorations] CAPPING events from decorations provider vscode.git 3609
2024-03-04 20:43:55.275 [warning] [Decorations] CAPPING events from decorations provider vscode.git 3609
2024-03-04 20:44:00.491 [warning] [Decorations] CAPPING events from decorations provider vscode.git 3609
2024-03-04 20:44:05.702 [warning] [Decorations] CAPPING events from decorations provider vscode.git 3609
2024-03-04 20:44:10.880 [warning] [Decorations] CAPPING events from decorations provider vscode.git 3609
2024-03-04 20:44:16.161 [warning] [Decorations] CAPPING events from decorations provider vscode.git 3609
2024-03-04 20:44:21.379 [warning] [Decorations] CAPPING events from decorations provider vscode.git 3609
2024-03-04 20:44:26.637 [warning] [Decorations] CAPPING events from decorations provider vscode.git 3609
2024-03-04 20:44:31.822 [warning] [Decorations] CAPPING events from decorations provider vscode.git 3609
2024-03-04 20:44:36.941 [warning] [Decorations] CAPPING events from decorations provider vscode.git 3609
2024-03-04 20:44:42.087 [warning] [Decorations] CAPPING events from decorations provider vscode.git 3609
2024-03-04 20:44:47.203 [warning] [Decorations] CAPPING events from decorations provider vscode.git 3609
2024-03-04 20:44:52.367 [warning] [Decorations] CAPPING events from decorations provider vscode.git 3609
2024-03-04 20:44:57.488 [warning] [Decorations] CAPPING events from decorations provider vscode.git 3609
2024-03-04 20:45:02.637 [warning] [Decorations] CAPPING events from decorations provider vscode.git 3609
2024-03-04 20:45:07.766 [warning] [Decorations] CAPPING events from decorations provider vscode.git 3609
2024-03-04 20:45:12.910 [warning] [Decorations] CAPPING events from decorations provider vscode.git 3609
2024-03-04 20:45:18.452 [warning] [Decorations] CAPPING events from decorations provider vscode.git 3609
2024-03-04 20:45:23.564 [warning] [Decorations] CAPPING events from decorations provider vscode.git 3609
2024-03-04 20:45:28.697 [warning] [Decorations] CAPPING events from decorations provider vscode.git 3609
2024-03-04 20:45:33.840 [warning] [Decorations] CAPPING events from decorations provider vscode.git 3609
2024-03-04 20:45:38.967 [warning] [Decorations] CAPPING events from decorations provider vscode.git 3609
2024-03-04 20:45:44.104 [warning] [Decorations] CAPPING events from decorations provider vscode.git 3609
2024-03-04 20:45:49.229 [warning] [Decorations] CAPPING events from decorations provider vscode.git 3609
2024-03-04 20:46:10.452 [warning] [Decorations] CAPPING events from decorations provider vscode.git 3609
2024-03-04 20:46:15.596 [warning] [Decorations] CAPPING events from decorations provider vscode.git 3609
2024-03-04 20:46:20.729 [warning] [Decorations] CAPPING events from decorations provider vscode.git 3609
2024-03-04 20:46:41.909 [warning] [Decorations] CAPPING events from decorations provider vscode.git 3610
2024-03-04 20:46:47.038 [warning] [Decorations] CAPPING events from decorations provider vscode.git 3609
2024-03-04 20:46:52.162 [warning] [Decorations] CAPPING events from decorations provider vscode.git 3609
2024-03-04 20:47:07.149 [warning] [Decorations] CAPPING events from decorations provider vscode.git 3610
2024-03-04 20:47:12.282 [warning] [Decorations] CAPPING events from decorations provider vscode.git 3609
2024-03-04 20:47:17.410 [warning] [Decorations] CAPPING events from decorations provider vscode.git 3609
2024-03-04 20:48:10.900 [warning] [Decorations] CAPPING events from decorations provider vscode.git 3609
2024-03-04 20:48:16.023 [warning] [Decorations] CAPPING events from decorations provider vscode.git 3609
2024-03-04 20:48:21.153 [warning] [Decorations] CAPPING events from decorations provider vscode.git 3609
2024-03-04 20:48:26.315 [warning] [Decorations] CAPPING events from decorations provider vscode.git 3609
2024-03-04 20:48:31.482 [warning] [Decorations] CAPPING events from decorations provider vscode.git 3609
2024-03-04 20:48:36.645 [warning] [Decorations] CAPPING events from decorations provider vscode.git 3609
2024-03-04 20:48:41.776 [warning] [Decorations] CAPPING events from decorations provider vscode.git 3609
2024-03-04 20:48:47.013 [warning] [Decorations] CAPPING events from decorations provider vscode.git 3609
2024-03-04 20:48:52.147 [warning] [Decorations] CAPPING events from decorations provider vscode.git 3609
2024-03-04 20:48:57.319 [warning] [Decorations] CAPPING events from decorations provider vscode.git 3609
2024-03-04 20:49:02.504 [warning] [Decorations] CAPPING events from decorations provider vscode.git 3609
2024-03-04 20:49:07.637 [warning] [Decorations] CAPPING events from decorations provider vscode.git 3609
2024-03-04 20:49:12.779 [warning] [Decorations] CAPPING events from decorations provider vscode.git 3609
2024-03-04 20:49:18.014 [warning] [Decorations] CAPPING events from decorations provider vscode.git 3612
2024-03-04 20:49:23.152 [warning] [Decorations] CAPPING events from decorations provider vscode.git 3612
2024-03-04 20:49:26.760 [info] ExtensionService#_doActivateExtension vscode.css-language-features, startup: false, activationEvent: 'onLanguage:css'
2024-03-04 20:49:28.410 [warning] [Decorations] CAPPING events from decorations provider vscode.git 3612
2024-03-04 20:49:33.572 [warning] [Decorations] CAPPING events from decorations provider vscode.git 3612
2024-03-04 20:50:39.494 [warning] [Decorations] CAPPING events from decorations provider vscode.git 3612
2024-03-04 20:50:44.627 [warning] [Decorations] CAPPING events from decorations provider vscode.git 3612
2024-03-04 20:51:07.946 [warning] [Decorations] CAPPING events from decorations provider vscode.git 3612
2024-03-04 20:51:13.087 [warning] [Decorations] CAPPING events from decorations provider vscode.git 3613
2024-03-04 20:51:18.235 [warning] [Decorations] CAPPING events from decorations provider vscode.git 3613
2024-03-04 20:51:23.380 [warning] [Decorations] CAPPING events from decorations provider vscode.git 3613
2024-03-04 20:51:28.519 [warning] [Decorations] CAPPING events from decorations provider vscode.git 3613
2024-03-04 20:51:33.710 [warning] [Decorations] CAPPING events from decorations provider vscode.git 3613
2024-03-04 20:51:38.875 [warning] [Decorations] CAPPING events from decorations provider vscode.git 3613
2024-03-04 20:52:03.613 [warning] [Decorations] CAPPING events from decorations provider vscode.git 3613
2024-03-04 20:52:08.743 [warning] [Decorations] CAPPING events from decorations provider vscode.git 3613
2024-03-04 20:52:14.429 [warning] [Decorations] CAPPING events from decorations provider vscode.git 3616
2024-03-04 20:52:19.565 [warning] [Decorations] CAPPING events from decorations provider vscode.git 3616
2024-03-04 20:52:40.219 [warning] [Decorations] CAPPING events from decorations provider vscode.git 3616
2024-03-04 20:52:45.477 [warning] [Decorations] CAPPING events from decorations provider vscode.git 3617
2024-03-04 20:52:50.649 [warning] [Decorations] CAPPING events from decorations provider vscode.git 3617
2024-03-04 20:52:55.971 [warning] [Decorations] CAPPING events from decorations provider vscode.git 3616
2024-03-04 20:53:01.105 [warning] [Decorations] CAPPING events from decorations provider vscode.git 3616
2024-03-04 20:53:19.619 [warning] [Decorations] CAPPING events from decorations provider vscode.git 3616
2024-03-04 20:53:24.775 [warning] [Decorations] CAPPING events from decorations provider vscode.git 3621
2024-03-04 20:53:29.903 [warning] [Decorations] CAPPING events from decorations provider vscode.git 3621
2024-03-04 20:53:35.132 [warning] [Decorations] CAPPING events from decorations provider vscode.git 3621
2024-03-04 20:54:06.746 [warning] [Decorations] CAPPING events from decorations provider vscode.git 3621
2024-03-04 20:54:11.880 [warning] [Decorations] CAPPING events from decorations provider vscode.git 3621
2024-03-04 20:54:17.012 [warning] [Decorations] CAPPING events from decorations provider vscode.git 3626
2024-03-04 20:57:23.283 [warning] [Decorations] CAPPING events from decorations provider vscode.git 3626
2024-03-04 20:57:28.413 [warning] [Decorations] CAPPING events from decorations provider vscode.git 3626
2024-03-04 20:57:33.575 [warning] [Decorations] CAPPING events from decorations provider vscode.git 3626
2024-03-04 20:57:38.719 [warning] [Decorations] CAPPING events from decorations provider vscode.git 3626
2024-03-04 20:57:44.395 [warning] [Decorations] CAPPING events from decorations provider vscode.git 3627
2024-03-04 20:57:49.522 [warning] [Decorations] CAPPING events from decorations provider vscode.git 3627
2024-03-04 20:57:54.654 [warning] [Decorations] CAPPING events from decorations provider vscode.git 3627
2024-03-04 20:57:59.777 [warning] [Decorations] CAPPING events from decorations provider vscode.git 3627
2024-03-04 20:58:04.908 [warning] [Decorations] CAPPING events from decorations provider vscode.git 3627
2024-03-04 20:58:10.024 [warning] [Decorations] CAPPING events from decorations provider vscode.git 3627
2024-03-04 20:58:19.527 [warning] [Decorations] CAPPING events from decorations provider vscode.git 3627
2024-03-04 20:58:24.664 [warning] [Decorations] CAPPING events from decorations provider vscode.git 3627
2024-03-04 20:58:29.785 [warning] [Decorations] CAPPING events from decorations provider vscode.git 3627
2024-03-04 20:58:34.932 [warning] [Decorations] CAPPING events from decorations provider vscode.git 3627
2024-03-04 20:58:40.068 [warning] [Decorations] CAPPING events from decorations provider vscode.git 3627
2024-03-04 20:58:45.195 [warning] [Decorations] CAPPING events from decorations provider vscode.git 3627
2024-03-04 20:58:50.327 [warning] [Decorations] CAPPING events from decorations provider vscode.git 3627
2024-03-04 20:58:56.714 [warning] [Decorations] CAPPING events from decorations provider vscode.git 3627
2024-03-04 20:59:04.150 [warning] [Decorations] CAPPING events from decorations provider vscode.git 2470
2024-03-04 20:59:09.606 [warning] [Decorations] CAPPING events from decorations provider vscode.git 2470
2024-03-04 20:59:15.044 [warning] [Decorations] CAPPING events from decorations provider vscode.git 2470
2024-03-04 20:59:20.565 [warning] [Decorations] CAPPING events from decorations provider vscode.git 2470
2024-03-04 20:59:25.976 [warning] [Decorations] CAPPING events from decorations provider vscode.git 2470
2024-03-04 20:59:31.389 [warning] [Decorations] CAPPING events from decorations provider vscode.git 2470
2024-03-04 20:59:36.815 [warning] [Decorations] CAPPING events from decorations provider vscode.git 2470
2024-03-04 20:59:42.227 [warning] [Decorations] CAPPING events from decorations provider vscode.git 2470
2024-03-04 20:59:47.695 [warning] [Decorations] CAPPING events from decorations provider vscode.git 2470
2024-03-04 20:59:53.192 [warning] [Decorations] CAPPING events from decorations provider vscode.git 2470
2024-03-04 20:59:58.652 [warning] [Decorations] CAPPING events from decorations provider vscode.git 2470
2024-03-04 21:00:04.057 [warning] [Decorations] CAPPING events from decorations provider vscode.git 2470
2024-03-04 21:00:09.498 [warning] [Decorations] CAPPING events from decorations provider vscode.git 2470
2024-03-04 21:00:14.942 [warning] [Decorations] CAPPING events from decorations provider vscode.git 2470
2024-03-04 21:00:20.414 [warning] [Decorations] CAPPING events from decorations provider vscode.git 2470
2024-03-04 21:00:25.826 [warning] [Decorations] CAPPING events from decorations provider vscode.git 2470
2024-03-04 21:00:31.248 [warning] [Decorations] CAPPING events from decorations provider vscode.git 2470
2024-03-04 21:00:36.686 [warning] [Decorations] CAPPING events from decorations provider vscode.git 2470
2024-03-04 21:00:42.077 [warning] [Decorations] CAPPING events from decorations provider vscode.git 2470
2024-03-04 21:00:47.480 [warning] [Decorations] CAPPING events from decorations provider vscode.git 2470
2024-03-04 21:00:52.907 [warning] [Decorations] CAPPING events from decorations provider vscode.git 2470
2024-03-04 21:00:58.320 [warning] [Decorations] CAPPING events from decorations provider vscode.git 2470
2024-03-04 21:01:03.789 [warning] [Decorations] CAPPING events from decorations provider vscode.git 2470
2024-03-04 21:01:09.399 [warning] [Decorations] CAPPING events from decorations provider vscode.git 2470
2024-03-04 21:01:14.857 [warning] [Decorations] CAPPING events from decorations provider vscode.git 2470
2024-03-04 21:01:20.262 [warning] [Decorations] CAPPING events from decorations provider vscode.git 2470
2024-03-04 21:01:25.705 [warning] [Decorations] CAPPING events from decorations provider vscode.git 2470
2024-03-04 21:01:31.693 [warning] [Decorations] CAPPING events from decorations provider vscode.git 2470
2024-03-04 21:01:36.809 [warning] [Decorations] CAPPING events from decorations provider vscode.git 2470
2024-03-04 21:07:02.024 [info] ExtensionService#_doActivateExtension vscode.npm, startup: false, activationEvent: 'onTerminalQuickFixRequest:ms-vscode.npm-command'
