-------------------------------------------------------------------------------->8
-------------------------------------------------------------------------------->8
[2024-01-23T14:10:05.848564428Z][docker-desktop-user-distro][I] syncContextStores <HOME>/.docker/contexts <-> /mnt/c/Users/kheli/.docker/contexts
[2024-01-23T14:10:05.884115511Z][docker-desktop-user-distro][I] syncContextStores <HOME>/.docker/contexts <-> /mnt/c/Users/kheli/.docker/contexts os.Symlink <HOME>/.docker/contexts -> /mnt/c/Users/kheli/.docker/contexts
-------------------------------------------------------------------------------->8
-------------------------------------------------------------------------------->8
[2024-01-23T14:10:06.631799820Z][docker-desktop-user-distro][I] linkPathToWindows windowsPath = /mnt/c/Users/kheli/.aws, linkPath = <HOME>/.aws
-------------------------------------------------------------------------------->8
-------------------------------------------------------------------------------->8
[2024-01-23T14:10:07.438793469Z][docker-desktop-user-distro][I] linkPathToWindows windowsPath = /mnt/c/Users/kheli/.azure, linkPath = <HOME>/.azure
-------------------------------------------------------------------------------->8
-------------------------------------------------------------------------------->8
[2024-01-23T14:10:08.256226191Z][docker-desktop-user-distro][I] linkPathToWindows windowsPath = /mnt/c/Users/kheli/.docker/features.json, linkPath = ~/.docker/features.json
-------------------------------------------------------------------------------->8
-------------------------------------------------------------------------------->8
[2024-02-05T11:13:20.593251477Z][docker-desktop-user-distro][I] syncContextStores <HOME>/.docker/contexts <-> /mnt/c/Users/kheli/.docker/contexts
[2024-02-05T11:13:20.643123846Z][docker-desktop-user-distro][I] syncContextStores <HOME>/.docker/contexts <-> /mnt/c/Users/kheli/.docker/contexts: syncNoop
-------------------------------------------------------------------------------->8
-------------------------------------------------------------------------------->8
[2024-02-05T11:13:22.433734529Z][docker-desktop-user-distro][I] linkPathToWindows windowsPath = /mnt/c/Users/kheli/.aws, linkPath = <HOME>/.aws
[2024-02-05T11:13:22.444212205Z][docker-desktop-user-distro][I] no need to symlink <HOME>/.aws to /mnt/c/Users/kheli/.aws: they are the same path already
-------------------------------------------------------------------------------->8
-------------------------------------------------------------------------------->8
[2024-02-05T11:13:24.191672287Z][docker-desktop-user-distro][I] linkPathToWindows windowsPath = /mnt/c/Users/kheli/.azure, linkPath = <HOME>/.azure
[2024-02-05T11:13:24.218774331Z][docker-desktop-user-distro][I] no need to symlink <HOME>/.azure to /mnt/c/Users/kheli/.azure: they are the same path already
-------------------------------------------------------------------------------->8
-------------------------------------------------------------------------------->8
[2024-02-05T11:13:25.776023822Z][docker-desktop-user-distro][I] linkPathToWindows windowsPath = /mnt/c/Users/kheli/.docker/features.json, linkPath = ~/.docker/features.json
-------------------------------------------------------------------------------->8
-------------------------------------------------------------------------------->8
[2024-02-08T17:30:55.217761212Z][docker-desktop-user-distro][I] syncContextStores <HOME>/.docker/contexts <-> /mnt/c/Users/kheli/.docker/contexts
[2024-02-08T17:30:55.240153129Z][docker-desktop-user-distro][I] syncContextStores <HOME>/.docker/contexts <-> /mnt/c/Users/kheli/.docker/contexts: syncNoop
-------------------------------------------------------------------------------->8
-------------------------------------------------------------------------------->8
[2024-02-08T17:30:56.427852975Z][docker-desktop-user-distro][I] linkPathToWindows windowsPath = /mnt/c/Users/kheli/.aws, linkPath = <HOME>/.aws
[2024-02-08T17:30:56.459243224Z][docker-desktop-user-distro][I] no need to symlink <HOME>/.aws to /mnt/c/Users/kheli/.aws: they are the same path already
-------------------------------------------------------------------------------->8
-------------------------------------------------------------------------------->8
[2024-02-08T17:30:57.322514707Z][docker-desktop-user-distro][I] linkPathToWindows windowsPath = /mnt/c/Users/kheli/.azure, linkPath = <HOME>/.azure
[2024-02-08T17:30:57.350836477Z][docker-desktop-user-distro][I] no need to symlink <HOME>/.azure to /mnt/c/Users/kheli/.azure: they are the same path already
-------------------------------------------------------------------------------->8
-------------------------------------------------------------------------------->8
[2024-02-08T17:30:58.101881338Z][docker-desktop-user-distro][I] linkPathToWindows windowsPath = /mnt/c/Users/kheli/.docker/features.json, linkPath = ~/.docker/features.json
-------------------------------------------------------------------------------->8
-------------------------------------------------------------------------------->8
[2024-02-12T09:37:32.216640670Z][docker-desktop-user-distro][I] syncContextStores <HOME>/.docker/contexts <-> /mnt/c/Users/kheli/.docker/contexts
[2024-02-12T09:37:32.549334764Z][docker-desktop-user-distro][I] syncContextStores <HOME>/.docker/contexts <-> /mnt/c/Users/kheli/.docker/contexts: syncNoop
-------------------------------------------------------------------------------->8
-------------------------------------------------------------------------------->8
[2024-02-12T09:37:33.753471457Z][docker-desktop-user-distro][I] linkPathToWindows windowsPath = /mnt/c/Users/kheli/.aws, linkPath = <HOME>/.aws
[2024-02-12T09:37:33.774473459Z][docker-desktop-user-distro][I] no need to symlink <HOME>/.aws to /mnt/c/Users/kheli/.aws: they are the same path already
-------------------------------------------------------------------------------->8
-------------------------------------------------------------------------------->8
[2024-02-12T09:37:34.961641178Z][docker-desktop-user-distro][I] linkPathToWindows windowsPath = /mnt/c/Users/kheli/.azure, linkPath = <HOME>/.azure
[2024-02-12T09:37:34.988964790Z][docker-desktop-user-distro][I] no need to symlink <HOME>/.azure to /mnt/c/Users/kheli/.azure: they are the same path already
-------------------------------------------------------------------------------->8
-------------------------------------------------------------------------------->8
[2024-02-12T09:37:35.951792143Z][docker-desktop-user-distro][I] linkPathToWindows windowsPath = /mnt/c/Users/kheli/.docker/features.json, linkPath = ~/.docker/features.json
-------------------------------------------------------------------------------->8
-------------------------------------------------------------------------------->8
[2024-02-16T12:22:58.076585201Z][docker-desktop-user-distro][I] syncContextStores <HOME>/.docker/contexts <-> /mnt/c/Users/kheli/.docker/contexts
[2024-02-16T12:22:58.145005150Z][docker-desktop-user-distro][I] syncContextStores <HOME>/.docker/contexts <-> /mnt/c/Users/kheli/.docker/contexts: syncNoop
-------------------------------------------------------------------------------->8
-------------------------------------------------------------------------------->8
[2024-02-16T12:23:00.521684846Z][docker-desktop-user-distro][I] linkPathToWindows windowsPath = /mnt/c/Users/kheli/.aws, linkPath = <HOME>/.aws
[2024-02-16T12:23:00.574649017Z][docker-desktop-user-distro][I] no need to symlink <HOME>/.aws to /mnt/c/Users/kheli/.aws: they are the same path already
-------------------------------------------------------------------------------->8
-------------------------------------------------------------------------------->8
[2024-02-16T12:23:02.770474493Z][docker-desktop-user-distro][I] linkPathToWindows windowsPath = /mnt/c/Users/kheli/.azure, linkPath = <HOME>/.azure
[2024-02-16T12:23:02.850752272Z][docker-desktop-user-distro][I] no need to symlink <HOME>/.azure to /mnt/c/Users/kheli/.azure: they are the same path already
-------------------------------------------------------------------------------->8
-------------------------------------------------------------------------------->8
[2024-02-16T12:23:04.890794669Z][docker-desktop-user-distro][I] linkPathToWindows windowsPath = /mnt/c/Users/kheli/.docker/features.json, linkPath = ~/.docker/features.json
-------------------------------------------------------------------------------->8
-------------------------------------------------------------------------------->8
[2024-02-25T21:29:29.320693846Z][docker-desktop-user-distro][I] syncContextStores <HOME>/.docker/contexts <-> /mnt/c/Users/kheli/.docker/contexts
[2024-02-25T21:29:29.330515568Z][docker-desktop-user-distro][I] syncContextStores <HOME>/.docker/contexts <-> /mnt/c/Users/kheli/.docker/contexts: syncNoop
-------------------------------------------------------------------------------->8
-------------------------------------------------------------------------------->8
[2024-02-25T21:29:30.110996471Z][docker-desktop-user-distro][I] linkPathToWindows windowsPath = /mnt/c/Users/kheli/.aws, linkPath = <HOME>/.aws
[2024-02-25T21:29:30.118981584Z][docker-desktop-user-distro][I] no need to symlink <HOME>/.aws to /mnt/c/Users/kheli/.aws: they are the same path already
-------------------------------------------------------------------------------->8
-------------------------------------------------------------------------------->8
[2024-02-25T21:29:30.863757028Z][docker-desktop-user-distro][I] linkPathToWindows windowsPath = /mnt/c/Users/kheli/.azure, linkPath = <HOME>/.azure
[2024-02-25T21:29:30.870184772Z][docker-desktop-user-distro][I] no need to symlink <HOME>/.azure to /mnt/c/Users/kheli/.azure: they are the same path already
-------------------------------------------------------------------------------->8
-------------------------------------------------------------------------------->8
[2024-02-25T21:29:31.548254535Z][docker-desktop-user-distro][I] linkPathToWindows windowsPath = /mnt/c/Users/kheli/.docker/features.json, linkPath = ~/.docker/features.json
-------------------------------------------------------------------------------->8
-------------------------------------------------------------------------------->8
[2024-02-26T12:12:28.580263779Z][docker-desktop-user-distro][I] syncContextStores <HOME>/.docker/contexts <-> /mnt/c/Users/kheli/.docker/contexts
[2024-02-26T12:12:28.854083082Z][docker-desktop-user-distro][I] syncContextStores <HOME>/.docker/contexts <-> /mnt/c/Users/kheli/.docker/contexts: syncNoop
-------------------------------------------------------------------------------->8
-------------------------------------------------------------------------------->8
[2024-02-26T12:12:30.604957309Z][docker-desktop-user-distro][I] linkPathToWindows windowsPath = /mnt/c/Users/kheli/.aws, linkPath = <HOME>/.aws
[2024-02-26T12:12:30.653717187Z][docker-desktop-user-distro][I] no need to symlink <HOME>/.aws to /mnt/c/Users/kheli/.aws: they are the same path already
-------------------------------------------------------------------------------->8
-------------------------------------------------------------------------------->8
[2024-02-26T12:12:31.652941461Z][docker-desktop-user-distro][I] linkPathToWindows windowsPath = /mnt/c/Users/kheli/.azure, linkPath = <HOME>/.azure
[2024-02-26T12:12:31.707324148Z][docker-desktop-user-distro][I] no need to symlink <HOME>/.azure to /mnt/c/Users/kheli/.azure: they are the same path already
-------------------------------------------------------------------------------->8
-------------------------------------------------------------------------------->8
[2024-02-26T12:12:32.440472393Z][docker-desktop-user-distro][I] linkPathToWindows windowsPath = /mnt/c/Users/kheli/.docker/features.json, linkPath = ~/.docker/features.json
-------------------------------------------------------------------------------->8
-------------------------------------------------------------------------------->8
[2024-02-28T12:38:56.281864088Z][docker-desktop-user-distro][I] syncContextStores <HOME>/.docker/contexts <-> /mnt/c/Users/kheli/.docker/contexts
[2024-02-28T12:38:56.554855137Z][docker-desktop-user-distro][I] syncContextStores <HOME>/.docker/contexts <-> /mnt/c/Users/kheli/.docker/contexts: syncNoop
-------------------------------------------------------------------------------->8
-------------------------------------------------------------------------------->8
[2024-02-28T12:38:59.433791435Z][docker-desktop-user-distro][I] linkPathToWindows windowsPath = /mnt/c/Users/kheli/.aws, linkPath = <HOME>/.aws
[2024-02-28T12:38:59.571551606Z][docker-desktop-user-distro][I] no need to symlink <HOME>/.aws to /mnt/c/Users/kheli/.aws: they are the same path already
-------------------------------------------------------------------------------->8
-------------------------------------------------------------------------------->8
[2024-02-28T12:39:01.466701016Z][docker-desktop-user-distro][I] linkPathToWindows windowsPath = /mnt/c/Users/kheli/.azure, linkPath = <HOME>/.azure
[2024-02-28T12:39:01.532660874Z][docker-desktop-user-distro][I] no need to symlink <HOME>/.azure to /mnt/c/Users/kheli/.azure: they are the same path already
-------------------------------------------------------------------------------->8
-------------------------------------------------------------------------------->8
[2024-02-28T12:39:03.531432104Z][docker-desktop-user-distro][I] linkPathToWindows windowsPath = /mnt/c/Users/kheli/.docker/features.json, linkPath = ~/.docker/features.json
-------------------------------------------------------------------------------->8
-------------------------------------------------------------------------------->8
[2024-02-28T16:12:09.860749917Z][docker-desktop-user-distro][I] syncContextStores <HOME>/.docker/contexts <-> /mnt/c/Users/kheli/.docker/contexts
[2024-02-28T16:12:09.892268586Z][docker-desktop-user-distro][I] syncContextStores <HOME>/.docker/contexts <-> /mnt/c/Users/kheli/.docker/contexts: syncNoop
-------------------------------------------------------------------------------->8
-------------------------------------------------------------------------------->8
[2024-02-28T16:12:11.109963955Z][docker-desktop-user-distro][I] linkPathToWindows windowsPath = /mnt/c/Users/kheli/.aws, linkPath = <HOME>/.aws
[2024-02-28T16:12:11.134256961Z][docker-desktop-user-distro][I] no need to symlink <HOME>/.aws to /mnt/c/Users/kheli/.aws: they are the same path already
-------------------------------------------------------------------------------->8
-------------------------------------------------------------------------------->8
[2024-02-28T16:12:12.039922071Z][docker-desktop-user-distro][I] linkPathToWindows windowsPath = /mnt/c/Users/kheli/.azure, linkPath = <HOME>/.azure
[2024-02-28T16:12:12.066998753Z][docker-desktop-user-distro][I] no need to symlink <HOME>/.azure to /mnt/c/Users/kheli/.azure: they are the same path already
-------------------------------------------------------------------------------->8
-------------------------------------------------------------------------------->8
[2024-02-28T16:12:12.801929691Z][docker-desktop-user-distro][I] linkPathToWindows windowsPath = /mnt/c/Users/kheli/.docker/features.json, linkPath = ~/.docker/features.json
-------------------------------------------------------------------------------->8
-------------------------------------------------------------------------------->8
[2024-03-03T18:41:50.056365688Z][docker-desktop-user-distro][I] syncContextStores <HOME>/.docker/contexts <-> /mnt/c/Users/kheli/.docker/contexts
[2024-03-03T18:41:50.099240526Z][docker-desktop-user-distro][I] syncContextStores <HOME>/.docker/contexts <-> /mnt/c/Users/kheli/.docker/contexts: syncNoop
-------------------------------------------------------------------------------->8
-------------------------------------------------------------------------------->8
[2024-03-03T18:41:51.488907623Z][docker-desktop-user-distro][I] linkPathToWindows windowsPath = /mnt/c/Users/kheli/.aws, linkPath = <HOME>/.aws
[2024-03-03T18:41:51.565433760Z][docker-desktop-user-distro][I] no need to symlink <HOME>/.aws to /mnt/c/Users/kheli/.aws: they are the same path already
-------------------------------------------------------------------------------->8
-------------------------------------------------------------------------------->8
[2024-03-03T18:41:52.666358318Z][docker-desktop-user-distro][I] linkPathToWindows windowsPath = /mnt/c/Users/kheli/.azure, linkPath = <HOME>/.azure
[2024-03-03T18:41:52.697588827Z][docker-desktop-user-distro][I] no need to symlink <HOME>/.azure to /mnt/c/Users/kheli/.azure: they are the same path already
-------------------------------------------------------------------------------->8
-------------------------------------------------------------------------------->8
[2024-03-03T18:41:54.746555918Z][docker-desktop-user-distro][I] linkPathToWindows windowsPath = /mnt/c/Users/kheli/.docker/features.json, linkPath = ~/.docker/features.json
-------------------------------------------------------------------------------->8
-------------------------------------------------------------------------------->8
[2024-03-05T09:49:50.342021253Z][docker-desktop-user-distro][I] syncContextStores <HOME>/.docker/contexts <-> /mnt/c/Users/kheli/.docker/contexts
[2024-03-05T09:49:50.380970501Z][docker-desktop-user-distro][I] syncContextStores <HOME>/.docker/contexts <-> /mnt/c/Users/kheli/.docker/contexts: syncNoop
-------------------------------------------------------------------------------->8
-------------------------------------------------------------------------------->8
[2024-03-05T09:49:52.190674299Z][docker-desktop-user-distro][I] linkPathToWindows windowsPath = /mnt/c/Users/kheli/.aws, linkPath = <HOME>/.aws
[2024-03-05T09:49:52.204279129Z][docker-desktop-user-distro][I] no need to symlink <HOME>/.aws to /mnt/c/Users/kheli/.aws: they are the same path already
-------------------------------------------------------------------------------->8
-------------------------------------------------------------------------------->8
[2024-03-05T09:49:53.515163668Z][docker-desktop-user-distro][I] linkPathToWindows windowsPath = /mnt/c/Users/kheli/.azure, linkPath = <HOME>/.azure
[2024-03-05T09:49:53.521955044Z][docker-desktop-user-distro][I] no need to symlink <HOME>/.azure to /mnt/c/Users/kheli/.azure: they are the same path already
-------------------------------------------------------------------------------->8
-------------------------------------------------------------------------------->8
[2024-03-05T09:49:55.110621996Z][docker-desktop-user-distro][I] linkPathToWindows windowsPath = /mnt/c/Users/kheli/.docker/features.json, linkPath = ~/.docker/features.json
-------------------------------------------------------------------------------->8
-------------------------------------------------------------------------------->8
[2024-03-06T10:13:33.774393167Z][docker-desktop-user-distro][I] syncContextStores <HOME>/.docker/contexts <-> /mnt/c/Users/kheli/.docker/contexts
[2024-03-06T10:13:33.847145913Z][docker-desktop-user-distro][I] syncContextStores <HOME>/.docker/contexts <-> /mnt/c/Users/kheli/.docker/contexts: syncNoop
-------------------------------------------------------------------------------->8
-------------------------------------------------------------------------------->8
[2024-03-06T10:13:35.272812027Z][docker-desktop-user-distro][I] linkPathToWindows windowsPath = /mnt/c/Users/kheli/.aws, linkPath = <HOME>/.aws
[2024-03-06T10:13:35.424291326Z][docker-desktop-user-distro][I] no need to symlink <HOME>/.aws to /mnt/c/Users/kheli/.aws: they are the same path already
-------------------------------------------------------------------------------->8
-------------------------------------------------------------------------------->8
[2024-03-06T10:13:36.814063970Z][docker-desktop-user-distro][I] linkPathToWindows windowsPath = /mnt/c/Users/kheli/.azure, linkPath = <HOME>/.azure
[2024-03-06T10:13:36.859564398Z][docker-desktop-user-distro][I] no need to symlink <HOME>/.azure to /mnt/c/Users/kheli/.azure: they are the same path already
-------------------------------------------------------------------------------->8
-------------------------------------------------------------------------------->8
[2024-03-06T10:13:37.988908370Z][docker-desktop-user-distro][I] linkPathToWindows windowsPath = /mnt/c/Users/kheli/.docker/features.json, linkPath = ~/.docker/features.json
-------------------------------------------------------------------------------->8
-------------------------------------------------------------------------------->8
[2024-03-06T14:32:35.772081621Z][docker-desktop-user-distro][I] syncContextStores <HOME>/.docker/contexts <-> /mnt/c/Users/kheli/.docker/contexts
[2024-03-06T14:32:35.814976158Z][docker-desktop-user-distro][I] syncContextStores <HOME>/.docker/contexts <-> /mnt/c/Users/kheli/.docker/contexts: syncNoop
-------------------------------------------------------------------------------->8
-------------------------------------------------------------------------------->8
[2024-03-06T14:32:37.385353197Z][docker-desktop-user-distro][I] linkPathToWindows windowsPath = /mnt/c/Users/kheli/.aws, linkPath = <HOME>/.aws
[2024-03-06T14:32:37.431115562Z][docker-desktop-user-distro][I] no need to symlink <HOME>/.aws to /mnt/c/Users/kheli/.aws: they are the same path already
-------------------------------------------------------------------------------->8
-------------------------------------------------------------------------------->8
[2024-03-06T14:32:38.820374860Z][docker-desktop-user-distro][I] linkPathToWindows windowsPath = /mnt/c/Users/kheli/.azure, linkPath = <HOME>/.azure
[2024-03-06T14:32:38.855252847Z][docker-desktop-user-distro][I] no need to symlink <HOME>/.azure to /mnt/c/Users/kheli/.azure: they are the same path already
-------------------------------------------------------------------------------->8
-------------------------------------------------------------------------------->8
[2024-03-06T14:32:40.913956951Z][docker-desktop-user-distro][I] linkPathToWindows windowsPath = /mnt/c/Users/kheli/.docker/features.json, linkPath = ~/.docker/features.json
-------------------------------------------------------------------------------->8
-------------------------------------------------------------------------------->8
[2024-03-10T16:32:33.304070920Z][docker-desktop-user-distro][I] syncContextStores <HOME>/.docker/contexts <-> /mnt/c/Users/kheli/.docker/contexts
[2024-03-10T16:32:33.328613258Z][docker-desktop-user-distro][I] syncContextStores <HOME>/.docker/contexts <-> /mnt/c/Users/kheli/.docker/contexts: syncNoop
-------------------------------------------------------------------------------->8
-------------------------------------------------------------------------------->8
[2024-03-10T16:32:34.550225597Z][docker-desktop-user-distro][I] linkPathToWindows windowsPath = /mnt/c/Users/kheli/.aws, linkPath = <HOME>/.aws
[2024-03-10T16:32:34.565278330Z][docker-desktop-user-distro][I] no need to symlink <HOME>/.aws to /mnt/c/Users/kheli/.aws: they are the same path already
-------------------------------------------------------------------------------->8
-------------------------------------------------------------------------------->8
[2024-03-10T16:32:35.445304162Z][docker-desktop-user-distro][I] linkPathToWindows windowsPath = /mnt/c/Users/kheli/.azure, linkPath = <HOME>/.azure
[2024-03-10T16:32:35.450541061Z][docker-desktop-user-distro][I] no need to symlink <HOME>/.azure to /mnt/c/Users/kheli/.azure: they are the same path already
-------------------------------------------------------------------------------->8
-------------------------------------------------------------------------------->8
[2024-03-10T16:32:36.555673084Z][docker-desktop-user-distro][I] linkPathToWindows windowsPath = /mnt/c/Users/kheli/.docker/features.json, linkPath = ~/.docker/features.json
-------------------------------------------------------------------------------->8
-------------------------------------------------------------------------------->8
[2024-03-11T10:47:48.975624782Z][docker-desktop-user-distro][I] syncContextStores <HOME>/.docker/contexts <-> /mnt/c/Users/kheli/.docker/contexts
[2024-03-11T10:47:48.994896351Z][docker-desktop-user-distro][I] syncContextStores <HOME>/.docker/contexts <-> /mnt/c/Users/kheli/.docker/contexts: syncNoop
-------------------------------------------------------------------------------->8
-------------------------------------------------------------------------------->8
[2024-03-11T10:47:50.269728339Z][docker-desktop-user-distro][I] linkPathToWindows windowsPath = /mnt/c/Users/kheli/.aws, linkPath = <HOME>/.aws
[2024-03-11T10:47:50.326656344Z][docker-desktop-user-distro][I] no need to symlink <HOME>/.aws to /mnt/c/Users/kheli/.aws: they are the same path already
-------------------------------------------------------------------------------->8
-------------------------------------------------------------------------------->8
[2024-03-11T10:47:51.347917965Z][docker-desktop-user-distro][I] linkPathToWindows windowsPath = /mnt/c/Users/kheli/.azure, linkPath = <HOME>/.azure
[2024-03-11T10:47:51.361784451Z][docker-desktop-user-distro][I] no need to symlink <HOME>/.azure to /mnt/c/Users/kheli/.azure: they are the same path already
-------------------------------------------------------------------------------->8
-------------------------------------------------------------------------------->8
[2024-03-11T10:47:52.248082461Z][docker-desktop-user-distro][I] linkPathToWindows windowsPath = /mnt/c/Users/kheli/.docker/features.json, linkPath = ~/.docker/features.json
-------------------------------------------------------------------------------->8
-------------------------------------------------------------------------------->8
[2024-03-11T13:12:17.061499439Z][docker-desktop-user-distro][I] syncContextStores <HOME>/.docker/contexts <-> /mnt/c/Users/kheli/.docker/contexts
[2024-03-11T13:12:17.205421926Z][docker-desktop-user-distro][I] syncContextStores <HOME>/.docker/contexts <-> /mnt/c/Users/kheli/.docker/contexts: syncNoop
-------------------------------------------------------------------------------->8
-------------------------------------------------------------------------------->8
[2024-03-11T13:12:19.303808328Z][docker-desktop-user-distro][I] linkPathToWindows windowsPath = /mnt/c/Users/kheli/.aws, linkPath = <HOME>/.aws
[2024-03-11T13:12:19.349386100Z][docker-desktop-user-distro][I] no need to symlink <HOME>/.aws to /mnt/c/Users/kheli/.aws: they are the same path already
-------------------------------------------------------------------------------->8
-------------------------------------------------------------------------------->8
[2024-03-11T13:12:20.288075964Z][docker-desktop-user-distro][I] linkPathToWindows windowsPath = /mnt/c/Users/kheli/.azure, linkPath = <HOME>/.azure
[2024-03-11T13:12:20.303979231Z][docker-desktop-user-distro][I] no need to symlink <HOME>/.azure to /mnt/c/Users/kheli/.azure: they are the same path already
-------------------------------------------------------------------------------->8
-------------------------------------------------------------------------------->8
[2024-03-11T13:12:21.280541169Z][docker-desktop-user-distro][I] linkPathToWindows windowsPath = /mnt/c/Users/kheli/.docker/features.json, linkPath = ~/.docker/features.json
-------------------------------------------------------------------------------->8
-------------------------------------------------------------------------------->8
[2024-03-12T10:34:34.087429946Z][docker-desktop-user-distro][I] syncContextStores <HOME>/.docker/contexts <-> /mnt/c/Users/kheli/.docker/contexts
[2024-03-12T10:34:34.105622850Z][docker-desktop-user-distro][I] syncContextStores <HOME>/.docker/contexts <-> /mnt/c/Users/kheli/.docker/contexts: syncNoop
-------------------------------------------------------------------------------->8
-------------------------------------------------------------------------------->8
[2024-03-12T10:34:35.903780341Z][docker-desktop-user-distro][I] linkPathToWindows windowsPath = /mnt/c/Users/kheli/.aws, linkPath = <HOME>/.aws
[2024-03-12T10:34:35.919571832Z][docker-desktop-user-distro][I] no need to symlink <HOME>/.aws to /mnt/c/Users/kheli/.aws: they are the same path already
-------------------------------------------------------------------------------->8
-------------------------------------------------------------------------------->8
[2024-03-12T10:34:36.823330759Z][docker-desktop-user-distro][I] linkPathToWindows windowsPath = /mnt/c/Users/kheli/.azure, linkPath = <HOME>/.azure
[2024-03-12T10:34:36.838488846Z][docker-desktop-user-distro][I] no need to symlink <HOME>/.azure to /mnt/c/Users/kheli/.azure: they are the same path already
-------------------------------------------------------------------------------->8
-------------------------------------------------------------------------------->8
[2024-03-12T10:34:37.745488344Z][docker-desktop-user-distro][I] linkPathToWindows windowsPath = /mnt/c/Users/kheli/.docker/features.json, linkPath = ~/.docker/features.json
-------------------------------------------------------------------------------->8
-------------------------------------------------------------------------------->8
[2024-03-13T17:00:49.437426237Z][docker-desktop-user-distro][I] syncContextStores <HOME>/.docker/contexts <-> /mnt/c/Users/kheli/.docker/contexts
[2024-03-13T17:00:49.449067049Z][docker-desktop-user-distro][I] syncContextStores <HOME>/.docker/contexts <-> /mnt/c/Users/kheli/.docker/contexts: syncNoop
-------------------------------------------------------------------------------->8
-------------------------------------------------------------------------------->8
[2024-03-13T17:00:50.748343254Z][docker-desktop-user-distro][I] linkPathToWindows windowsPath = /mnt/c/Users/kheli/.aws, linkPath = <HOME>/.aws
[2024-03-13T17:00:50.753952556Z][docker-desktop-user-distro][I] no need to symlink <HOME>/.aws to /mnt/c/Users/kheli/.aws: they are the same path already
-------------------------------------------------------------------------------->8
-------------------------------------------------------------------------------->8
[2024-03-13T17:00:52.116814678Z][docker-desktop-user-distro][I] linkPathToWindows windowsPath = /mnt/c/Users/kheli/.azure, linkPath = <HOME>/.azure
[2024-03-13T17:00:52.122351882Z][docker-desktop-user-distro][I] no need to symlink <HOME>/.azure to /mnt/c/Users/kheli/.azure: they are the same path already
-------------------------------------------------------------------------------->8
-------------------------------------------------------------------------------->8
[2024-03-13T17:00:53.484832799Z][docker-desktop-user-distro][I] linkPathToWindows windowsPath = /mnt/c/Users/kheli/.docker/features.json, linkPath = ~/.docker/features.json
-------------------------------------------------------------------------------->8
-------------------------------------------------------------------------------->8
[2024-03-19T14:55:25.149045022Z][docker-desktop-user-distro][I] syncContextStores <HOME>/.docker/contexts <-> /mnt/c/Users/kheli/.docker/contexts
[2024-03-19T14:55:25.211653736Z][docker-desktop-user-distro][I] syncContextStores <HOME>/.docker/contexts <-> /mnt/c/Users/kheli/.docker/contexts: syncNoop
-------------------------------------------------------------------------------->8
-------------------------------------------------------------------------------->8
[2024-03-19T14:55:26.503303957Z][docker-desktop-user-distro][I] linkPathToWindows windowsPath = /mnt/c/Users/kheli/.aws, linkPath = <HOME>/.aws
[2024-03-19T14:55:26.576532685Z][docker-desktop-user-distro][I] no need to symlink <HOME>/.aws to /mnt/c/Users/kheli/.aws: they are the same path already
-------------------------------------------------------------------------------->8
-------------------------------------------------------------------------------->8
[2024-03-19T14:55:27.705559004Z][docker-desktop-user-distro][I] linkPathToWindows windowsPath = /mnt/c/Users/kheli/.azure, linkPath = <HOME>/.azure
[2024-03-19T14:55:27.721639447Z][docker-desktop-user-distro][I] no need to symlink <HOME>/.azure to /mnt/c/Users/kheli/.azure: they are the same path already
-------------------------------------------------------------------------------->8
-------------------------------------------------------------------------------->8
[2024-03-19T14:55:29.159605954Z][docker-desktop-user-distro][I] linkPathToWindows windowsPath = /mnt/c/Users/kheli/.docker/features.json, linkPath = ~/.docker/features.json
-------------------------------------------------------------------------------->8
-------------------------------------------------------------------------------->8
[2024-03-20T12:29:43.467401002Z][docker-desktop-user-distro][I] syncContextStores <HOME>/.docker/contexts <-> /mnt/c/Users/kheli/.docker/contexts
[2024-03-20T12:29:43.501437438Z][docker-desktop-user-distro][I] syncContextStores <HOME>/.docker/contexts <-> /mnt/c/Users/kheli/.docker/contexts: syncNoop
-------------------------------------------------------------------------------->8
-------------------------------------------------------------------------------->8
[2024-03-20T12:29:45.429382617Z][docker-desktop-user-distro][I] linkPathToWindows windowsPath = /mnt/c/Users/kheli/.aws, linkPath = <HOME>/.aws
[2024-03-20T12:29:45.445418966Z][docker-desktop-user-distro][I] no need to symlink <HOME>/.aws to /mnt/c/Users/kheli/.aws: they are the same path already
-------------------------------------------------------------------------------->8
-------------------------------------------------------------------------------->8
[2024-03-20T12:29:46.490348278Z][docker-desktop-user-distro][I] linkPathToWindows windowsPath = /mnt/c/Users/kheli/.azure, linkPath = <HOME>/.azure
[2024-03-20T12:29:46.505673357Z][docker-desktop-user-distro][I] no need to symlink <HOME>/.azure to /mnt/c/Users/kheli/.azure: they are the same path already
-------------------------------------------------------------------------------->8
-------------------------------------------------------------------------------->8
[2024-03-20T12:29:47.627700270Z][docker-desktop-user-distro][I] linkPathToWindows windowsPath = /mnt/c/Users/kheli/.docker/features.json, linkPath = ~/.docker/features.json
