2024-03-05 13:23:32.468 [info] Extension host with pid 26772 started
2024-03-05 13:23:32.569 [info] Lock '/home/akraaam_kh/.vscode-server/data/User/workspaceStorage/aab43a72942d0c30cbbbacde874c7c05/vscode.lock': Lock acquired.
2024-03-05 13:23:32.819 [info] ExtensionService#_doActivateExtension vscode.emmet, startup: false, activationEvent: 'onLanguage'
2024-03-05 13:23:32.822 [info] ExtensionService#_doActivateExtension vscode.css-language-features, startup: false, activationEvent: 'onLanguage:css'
2024-03-05 13:23:33.827 [info] ExtensionService#_doActivateExtension vscode.git-base, startup: true, activationEvent: '*', root cause: vscode.git
2024-03-05 13:23:34.038 [info] ExtensionService#_doActivateExtension vscode.git, startup: true, activationEvent: '*'
2024-03-05 13:23:34.039 [info] ExtensionService#_doActivateExtension vscode.github, startup: true, activationEvent: '*'
2024-03-05 13:23:35.149 [info] Eager extensions activated
2024-03-05 13:23:35.150 [info] ExtensionService#_doActivateExtension vscode.debug-auto-launch, startup: false, activationEvent: 'onStartupFinished'
2024-03-05 13:23:35.151 [info] ExtensionService#_doActivateExtension vscode.merge-conflict, startup: false, activationEvent: 'onStartupFinished'
2024-03-05 13:27:26.066 [info] ExtensionService#_doActivateExtension vscode.php-language-features, startup: false, activationEvent: 'onLanguage:php'
2024-03-05 15:03:47.242 [warning] [Decorations] CAPPING events from decorations provider vscode.git 253
2024-03-05 15:03:52.347 [warning] [Decorations] CAPPING events from decorations provider vscode.git 253
2024-03-05 15:03:57.424 [warning] [Decorations] CAPPING events from decorations provider vscode.git 253
2024-03-05 15:09:14.412 [warning] [Decorations] CAPPING events from decorations provider vscode.git 253
2024-03-05 15:09:48.008 [warning] [Decorations] CAPPING events from decorations provider vscode.git 253
2024-03-05 15:09:53.106 [warning] [Decorations] CAPPING events from decorations provider vscode.git 253
2024-03-05 15:09:58.185 [warning] [Decorations] CAPPING events from decorations provider vscode.git 253
2024-03-05 15:10:03.246 [warning] [Decorations] CAPPING events from decorations provider vscode.git 253
2024-03-05 15:10:08.330 [warning] [Decorations] CAPPING events from decorations provider vscode.git 253
2024-03-05 15:10:13.386 [warning] [Decorations] CAPPING events from decorations provider vscode.git 253
2024-03-05 15:10:18.466 [warning] [Decorations] CAPPING events from decorations provider vscode.git 256
2024-03-05 15:10:23.528 [warning] [Decorations] CAPPING events from decorations provider vscode.git 256
2024-03-05 15:10:28.571 [warning] [Decorations] CAPPING events from decorations provider vscode.git 256
2024-03-05 15:10:33.642 [warning] [Decorations] CAPPING events from decorations provider vscode.git 256
2024-03-05 15:11:12.500 [warning] [Decorations] CAPPING events from decorations provider vscode.git 256
2024-03-05 15:11:17.559 [warning] [Decorations] CAPPING events from decorations provider vscode.git 256
2024-03-05 15:11:22.597 [warning] [Decorations] CAPPING events from decorations provider vscode.git 259
2024-03-05 15:12:38.413 [warning] [Decorations] CAPPING events from decorations provider vscode.git 262
2024-03-05 15:13:55.400 [warning] [Decorations] CAPPING events from decorations provider vscode.git 262
2024-03-05 15:13:59.870 [info] ExtensionService#_doActivateExtension vscode.npm, startup: false, activationEvent: 'onTerminalQuickFixRequest:ms-vscode.npm-command'
2024-03-05 15:14:00.514 [warning] [Decorations] CAPPING events from decorations provider vscode.git 262
2024-03-05 15:14:05.574 [warning] [Decorations] CAPPING events from decorations provider vscode.git 262
2024-03-05 15:14:10.634 [warning] [Decorations] CAPPING events from decorations provider vscode.git 262
2024-03-05 15:14:15.698 [warning] [Decorations] CAPPING events from decorations provider vscode.git 262
2024-03-05 15:14:20.765 [warning] [Decorations] CAPPING events from decorations provider vscode.git 262
2024-03-05 15:14:25.845 [warning] [Decorations] CAPPING events from decorations provider vscode.git 262
2024-03-05 15:14:30.910 [warning] [Decorations] CAPPING events from decorations provider vscode.git 262
2024-03-05 15:14:35.984 [warning] [Decorations] CAPPING events from decorations provider vscode.git 262
2024-03-05 15:14:41.043 [warning] [Decorations] CAPPING events from decorations provider vscode.git 262
2024-03-05 15:14:46.138 [warning] [Decorations] CAPPING events from decorations provider vscode.git 262
2024-03-05 15:14:51.213 [warning] [Decorations] CAPPING events from decorations provider vscode.git 262
2024-03-05 15:14:56.269 [warning] [Decorations] CAPPING events from decorations provider vscode.git 262
2024-03-05 15:15:01.338 [warning] [Decorations] CAPPING events from decorations provider vscode.git 262
2024-03-05 15:15:06.410 [warning] [Decorations] CAPPING events from decorations provider vscode.git 262
2024-03-05 15:15:11.482 [warning] [Decorations] CAPPING events from decorations provider vscode.git 262
2024-03-05 15:15:16.544 [warning] [Decorations] CAPPING events from decorations provider vscode.git 262
2024-03-05 15:17:19.790 [warning] [Decorations] CAPPING events from decorations provider vscode.git 262
2024-03-05 15:17:30.087 [warning] [Decorations] CAPPING events from decorations provider vscode.git 262
2024-03-05 15:17:35.161 [warning] [Decorations] CAPPING events from decorations provider vscode.git 262
2024-03-05 15:17:43.192 [warning] [Decorations] CAPPING events from decorations provider vscode.git 262
2024-03-05 15:17:48.266 [warning] [Decorations] CAPPING events from decorations provider vscode.git 262
2024-03-05 15:17:53.345 [warning] [Decorations] CAPPING events from decorations provider vscode.git 262
2024-03-05 15:17:58.425 [warning] [Decorations] CAPPING events from decorations provider vscode.git 262
2024-03-05 15:18:03.495 [warning] [Decorations] CAPPING events from decorations provider vscode.git 262
2024-03-05 15:18:08.602 [warning] [Decorations] CAPPING events from decorations provider vscode.git 262
2024-03-05 15:18:13.673 [warning] [Decorations] CAPPING events from decorations provider vscode.git 262
2024-03-05 15:25:29.643 [warning] [Decorations] CAPPING events from decorations provider vscode.git 262
2024-03-05 15:25:34.715 [warning] [Decorations] CAPPING events from decorations provider vscode.git 262
2024-03-05 15:25:39.841 [warning] [Decorations] CAPPING events from decorations provider vscode.git 262
2024-03-05 15:25:44.914 [warning] [Decorations] CAPPING events from decorations provider vscode.git 262
2024-03-05 15:25:49.969 [warning] [Decorations] CAPPING events from decorations provider vscode.git 262
2024-03-05 15:25:55.007 [warning] [Decorations] CAPPING events from decorations provider vscode.git 262
2024-03-05 15:26:00.046 [warning] [Decorations] CAPPING events from decorations provider vscode.git 262
2024-03-05 15:26:05.104 [warning] [Decorations] CAPPING events from decorations provider vscode.git 262
2024-03-05 15:26:10.145 [warning] [Decorations] CAPPING events from decorations provider vscode.git 262
2024-03-05 15:26:21.866 [warning] [Decorations] CAPPING events from decorations provider vscode.git 262
2024-03-05 15:26:26.932 [warning] [Decorations] CAPPING events from decorations provider vscode.git 262
2024-03-05 15:29:43.953 [warning] [Decorations] CAPPING events from decorations provider vscode.git 262
2024-03-05 15:29:49.011 [warning] [Decorations] CAPPING events from decorations provider vscode.git 262
2024-03-05 15:29:54.121 [warning] [Decorations] CAPPING events from decorations provider vscode.git 262
2024-03-05 15:29:59.177 [warning] [Decorations] CAPPING events from decorations provider vscode.git 262
2024-03-05 15:30:04.228 [warning] [Decorations] CAPPING events from decorations provider vscode.git 262
2024-03-05 15:30:09.268 [warning] [Decorations] CAPPING events from decorations provider vscode.git 262
2024-03-05 15:30:14.281 [warning] [Decorations] CAPPING events from decorations provider vscode.git 262
2024-03-05 15:30:19.320 [warning] [Decorations] CAPPING events from decorations provider vscode.git 262
2024-03-05 15:30:24.361 [warning] [Decorations] CAPPING events from decorations provider vscode.git 262
2024-03-05 15:30:29.399 [warning] [Decorations] CAPPING events from decorations provider vscode.git 262
2024-03-05 15:30:34.458 [warning] [Decorations] CAPPING events from decorations provider vscode.git 262
2024-03-05 15:30:39.514 [warning] [Decorations] CAPPING events from decorations provider vscode.git 262
2024-03-05 15:30:44.553 [warning] [Decorations] CAPPING events from decorations provider vscode.git 262
2024-03-05 15:30:49.592 [warning] [Decorations] CAPPING events from decorations provider vscode.git 262
2024-03-05 15:30:54.656 [warning] [Decorations] CAPPING events from decorations provider vscode.git 262
2024-03-05 15:30:59.703 [warning] [Decorations] CAPPING events from decorations provider vscode.git 262
2024-03-05 15:31:04.752 [warning] [Decorations] CAPPING events from decorations provider vscode.git 262
2024-03-05 15:31:09.802 [warning] [Decorations] CAPPING events from decorations provider vscode.git 262
2024-03-05 15:31:14.855 [warning] [Decorations] CAPPING events from decorations provider vscode.git 262
2024-03-05 15:31:19.909 [warning] [Decorations] CAPPING events from decorations provider vscode.git 262
2024-03-05 15:31:24.972 [warning] [Decorations] CAPPING events from decorations provider vscode.git 262
