2024-02-14 12:09:02.388 [info] Extension host with pid 545 started
2024-02-14 12:09:02.480 [info] Lock '/home/akraaam_kh/.vscode-server/data/User/workspaceStorage/aab43a72942d0c30cbbbacde874c7c05/vscode.lock': Lock acquired.
2024-02-14 12:09:02.570 [info] ExtensionService#_doActivateExtension vscode.emmet, startup: false, activationEvent: 'onLanguage'
2024-02-14 12:09:02.813 [info] ExtensionService#_doActivateExtension vscode.git-base, startup: true, activationEvent: '*', root cause: vscode.git
2024-02-14 12:09:02.865 [info] ExtensionService#_doActivateExtension vscode.git, startup: true, activationEvent: '*'
2024-02-14 12:09:02.867 [info] ExtensionService#_doActivateExtension vscode.github, startup: true, activationEvent: '*'
2024-02-14 12:09:03.620 [info] Eager extensions activated
2024-02-14 12:09:03.620 [info] ExtensionService#_doActivateExtension vscode.debug-auto-launch, startup: false, activationEvent: 'onStartupFinished'
2024-02-14 12:09:03.621 [info] ExtensionService#_doActivateExtension vscode.merge-conflict, startup: false, activationEvent: 'onStartupFinished'
2024-02-14 12:09:50.245 [info] ExtensionService#_doActivateExtension vscode.debug-server-ready, startup: false, activationEvent: 'onDebugResolve'
2024-02-14 12:11:08.042 [warning] [Decorations] CAPPING events from decorations provider vscode.git 1723
2024-02-14 12:11:08.120 [warning] [Decorations] CAPPING events from decorations provider vscode.git 1723
2024-02-14 12:11:10.762 [warning] [Decorations] CAPPING events from decorations provider vscode.git 1723
2024-02-14 12:11:15.830 [warning] [Decorations] CAPPING events from decorations provider vscode.git 1723
2024-02-14 12:11:20.896 [warning] [Decorations] CAPPING events from decorations provider vscode.git 1723
2024-02-14 12:11:25.968 [warning] [Decorations] CAPPING events from decorations provider vscode.git 1723
2024-02-14 12:11:31.043 [warning] [Decorations] CAPPING events from decorations provider vscode.git 1723
2024-02-14 12:11:36.094 [warning] [Decorations] CAPPING events from decorations provider vscode.git 1723
2024-02-14 12:11:43.783 [warning] [Decorations] CAPPING events from decorations provider vscode.git 1723
2024-02-14 12:11:48.866 [warning] [Decorations] CAPPING events from decorations provider vscode.git 1723
2024-02-14 12:11:49.774 [info] ExtensionService#_doActivateExtension vscode.npm, startup: false, activationEvent: 'onTerminalQuickFixRequest:ms-vscode.npm-command'
2024-02-14 12:11:53.915 [warning] [Decorations] CAPPING events from decorations provider vscode.git 1723
2024-02-14 12:11:58.965 [warning] [Decorations] CAPPING events from decorations provider vscode.git 1723
2024-02-14 12:12:04.027 [warning] [Decorations] CAPPING events from decorations provider vscode.git 1723
2024-02-14 12:12:09.116 [warning] [Decorations] CAPPING events from decorations provider vscode.git 1723
2024-02-14 12:12:14.186 [warning] [Decorations] CAPPING events from decorations provider vscode.git 1723
2024-02-14 12:12:20.805 [warning] [Decorations] CAPPING events from decorations provider vscode.git 1723
2024-02-14 12:12:25.871 [warning] [Decorations] CAPPING events from decorations provider vscode.git 1723
2024-02-14 12:12:30.940 [warning] [Decorations] CAPPING events from decorations provider vscode.git 1723
2024-02-14 12:12:36.007 [warning] [Decorations] CAPPING events from decorations provider vscode.git 1723
2024-02-14 12:12:41.080 [warning] [Decorations] CAPPING events from decorations provider vscode.git 1723
2024-02-14 12:12:46.141 [warning] [Decorations] CAPPING events from decorations provider vscode.git 1723
2024-02-14 12:12:51.207 [warning] [Decorations] CAPPING events from decorations provider vscode.git 1723
2024-02-14 12:12:56.286 [warning] [Decorations] CAPPING events from decorations provider vscode.git 1723
2024-02-14 12:13:01.347 [warning] [Decorations] CAPPING events from decorations provider vscode.git 1723
2024-02-14 12:13:06.434 [warning] [Decorations] CAPPING events from decorations provider vscode.git 1723
2024-02-14 12:13:11.498 [warning] [Decorations] CAPPING events from decorations provider vscode.git 1723
2024-02-14 12:13:17.917 [warning] [Decorations] CAPPING events from decorations provider vscode.git 1723
2024-02-14 12:13:22.977 [warning] [Decorations] CAPPING events from decorations provider vscode.git 1723
2024-02-14 12:13:28.049 [warning] [Decorations] CAPPING events from decorations provider vscode.git 1723
2024-02-14 12:13:33.117 [warning] [Decorations] CAPPING events from decorations provider vscode.git 1723
2024-02-14 12:13:38.191 [warning] [Decorations] CAPPING events from decorations provider vscode.git 1723
2024-02-14 12:13:43.253 [warning] [Decorations] CAPPING events from decorations provider vscode.git 1723
2024-02-14 12:13:48.317 [warning] [Decorations] CAPPING events from decorations provider vscode.git 1723
2024-02-14 12:13:53.375 [warning] [Decorations] CAPPING events from decorations provider vscode.git 1723
2024-02-14 12:13:58.441 [warning] [Decorations] CAPPING events from decorations provider vscode.git 1723
2024-02-14 12:14:03.508 [warning] [Decorations] CAPPING events from decorations provider vscode.git 1723
2024-02-14 12:14:08.583 [warning] [Decorations] CAPPING events from decorations provider vscode.git 1723
2024-02-14 12:14:13.999 [warning] [Decorations] CAPPING events from decorations provider vscode.git 1723
2024-02-14 12:14:19.074 [warning] [Decorations] CAPPING events from decorations provider vscode.git 1723
2024-02-14 12:14:24.138 [warning] [Decorations] CAPPING events from decorations provider vscode.git 1723
2024-02-14 12:14:29.202 [warning] [Decorations] CAPPING events from decorations provider vscode.git 1723
2024-02-14 12:14:35.017 [warning] [Decorations] CAPPING events from decorations provider vscode.git 1723
2024-02-14 12:16:21.722 [warning] [Decorations] CAPPING events from decorations provider vscode.git 1723
2024-02-14 12:16:26.793 [warning] [Decorations] CAPPING events from decorations provider vscode.git 1723
2024-02-14 12:16:31.863 [warning] [Decorations] CAPPING events from decorations provider vscode.git 1723
2024-02-14 12:16:36.933 [warning] [Decorations] CAPPING events from decorations provider vscode.git 1723
2024-02-14 12:16:41.995 [warning] [Decorations] CAPPING events from decorations provider vscode.git 1723
2024-02-14 12:16:47.055 [warning] [Decorations] CAPPING events from decorations provider vscode.git 1723
2024-02-14 12:16:52.135 [warning] [Decorations] CAPPING events from decorations provider vscode.git 1723
2024-02-14 12:16:59.613 [warning] [Decorations] CAPPING events from decorations provider vscode.git 1723
2024-02-14 12:17:04.707 [warning] [Decorations] CAPPING events from decorations provider vscode.git 1723
2024-02-14 12:17:09.759 [warning] [Decorations] CAPPING events from decorations provider vscode.git 1723
2024-02-14 12:17:14.817 [warning] [Decorations] CAPPING events from decorations provider vscode.git 1723
2024-02-14 12:17:19.889 [warning] [Decorations] CAPPING events from decorations provider vscode.git 1723
2024-02-14 12:17:36.689 [warning] [Decorations] CAPPING events from decorations provider vscode.git 1723
2024-02-14 12:17:41.761 [warning] [Decorations] CAPPING events from decorations provider vscode.git 1723
2024-02-14 12:17:46.831 [warning] [Decorations] CAPPING events from decorations provider vscode.git 1723
2024-02-14 12:17:51.895 [warning] [Decorations] CAPPING events from decorations provider vscode.git 1723
2024-02-14 12:17:56.974 [warning] [Decorations] CAPPING events from decorations provider vscode.git 1723
2024-02-14 12:18:02.055 [warning] [Decorations] CAPPING events from decorations provider vscode.git 1723
2024-02-14 12:18:07.113 [warning] [Decorations] CAPPING events from decorations provider vscode.git 1723
2024-02-14 12:18:12.174 [warning] [Decorations] CAPPING events from decorations provider vscode.git 1723
2024-02-14 12:18:17.253 [warning] [Decorations] CAPPING events from decorations provider vscode.git 1723
2024-02-14 12:18:22.321 [warning] [Decorations] CAPPING events from decorations provider vscode.git 1723
2024-02-14 12:19:00.726 [warning] [Decorations] CAPPING events from decorations provider vscode.git 1723
2024-02-14 12:19:05.788 [warning] [Decorations] CAPPING events from decorations provider vscode.git 1723
2024-02-14 12:19:10.856 [warning] [Decorations] CAPPING events from decorations provider vscode.git 1723
2024-02-14 12:19:15.931 [warning] [Decorations] CAPPING events from decorations provider vscode.git 1723
2024-02-14 12:19:20.995 [warning] [Decorations] CAPPING events from decorations provider vscode.git 1723
2024-02-14 12:19:26.058 [warning] [Decorations] CAPPING events from decorations provider vscode.git 1723
2024-02-14 12:19:31.120 [warning] [Decorations] CAPPING events from decorations provider vscode.git 1723
2024-02-14 12:19:36.188 [warning] [Decorations] CAPPING events from decorations provider vscode.git 1723
2024-02-14 12:19:41.254 [warning] [Decorations] CAPPING events from decorations provider vscode.git 1723
2024-02-14 12:19:46.329 [warning] [Decorations] CAPPING events from decorations provider vscode.git 1723
2024-02-14 12:19:51.404 [warning] [Decorations] CAPPING events from decorations provider vscode.git 1723
2024-02-14 12:19:57.829 [warning] [Decorations] CAPPING events from decorations provider vscode.git 1723
2024-02-14 12:20:02.896 [warning] [Decorations] CAPPING events from decorations provider vscode.git 1723
2024-02-14 12:20:07.973 [warning] [Decorations] CAPPING events from decorations provider vscode.git 1723
2024-02-14 12:20:13.040 [warning] [Decorations] CAPPING events from decorations provider vscode.git 1723
2024-02-14 12:20:18.108 [warning] [Decorations] CAPPING events from decorations provider vscode.git 1723
2024-02-14 12:20:23.179 [warning] [Decorations] CAPPING events from decorations provider vscode.git 1723
2024-02-14 12:20:28.247 [warning] [Decorations] CAPPING events from decorations provider vscode.git 1723
2024-02-14 12:20:33.334 [warning] [Decorations] CAPPING events from decorations provider vscode.git 1723
2024-02-14 12:20:38.400 [warning] [Decorations] CAPPING events from decorations provider vscode.git 1723
2024-02-14 12:20:43.483 [warning] [Decorations] CAPPING events from decorations provider vscode.git 1723
2024-02-14 12:20:48.568 [warning] [Decorations] CAPPING events from decorations provider vscode.git 1723
2024-02-14 12:20:53.640 [warning] [Decorations] CAPPING events from decorations provider vscode.git 1723
2024-02-14 12:20:58.711 [warning] [Decorations] CAPPING events from decorations provider vscode.git 1723
2024-02-14 12:21:03.796 [warning] [Decorations] CAPPING events from decorations provider vscode.git 1723
2024-02-14 12:21:08.872 [warning] [Decorations] CAPPING events from decorations provider vscode.git 1723
2024-02-14 12:21:13.952 [warning] [Decorations] CAPPING events from decorations provider vscode.git 1723
2024-02-14 12:21:19.026 [warning] [Decorations] CAPPING events from decorations provider vscode.git 1723
2024-02-14 12:21:24.073 [warning] [Decorations] CAPPING events from decorations provider vscode.git 1723
2024-02-14 12:21:29.137 [warning] [Decorations] CAPPING events from decorations provider vscode.git 1723
2024-02-14 12:21:34.214 [warning] [Decorations] CAPPING events from decorations provider vscode.git 1723
2024-02-14 12:21:39.298 [warning] [Decorations] CAPPING events from decorations provider vscode.git 1723
2024-02-14 12:21:47.730 [warning] [Decorations] CAPPING events from decorations provider vscode.git 1724
2024-02-14 12:21:52.808 [warning] [Decorations] CAPPING events from decorations provider vscode.git 1724
2024-02-14 12:21:57.891 [warning] [Decorations] CAPPING events from decorations provider vscode.git 1724
2024-02-14 12:22:02.953 [warning] [Decorations] CAPPING events from decorations provider vscode.git 1724
2024-02-14 12:22:08.012 [warning] [Decorations] CAPPING events from decorations provider vscode.git 1724
2024-02-14 12:22:16.490 [warning] [Decorations] CAPPING events from decorations provider vscode.git 1724
2024-02-14 12:22:21.559 [warning] [Decorations] CAPPING events from decorations provider vscode.git 1724
2024-02-14 12:22:26.628 [warning] [Decorations] CAPPING events from decorations provider vscode.git 1724
2024-02-14 12:22:33.033 [warning] [Decorations] CAPPING events from decorations provider vscode.git 1724
2024-02-14 12:22:38.116 [warning] [Decorations] CAPPING events from decorations provider vscode.git 1724
2024-02-14 12:22:43.185 [warning] [Decorations] CAPPING events from decorations provider vscode.git 1724
2024-02-14 12:22:58.947 [warning] [Decorations] CAPPING events from decorations provider vscode.git 1724
2024-02-14 12:23:04.007 [warning] [Decorations] CAPPING events from decorations provider vscode.git 1724
2024-02-14 12:23:09.089 [warning] [Decorations] CAPPING events from decorations provider vscode.git 1724
2024-02-14 12:23:14.146 [warning] [Decorations] CAPPING events from decorations provider vscode.git 1724
2024-02-14 12:23:19.204 [warning] [Decorations] CAPPING events from decorations provider vscode.git 1724
2024-02-14 12:23:24.279 [warning] [Decorations] CAPPING events from decorations provider vscode.git 1724
2024-02-14 12:23:56.299 [warning] [Decorations] CAPPING events from decorations provider vscode.git 1724
2024-02-14 12:24:01.357 [warning] [Decorations] CAPPING events from decorations provider vscode.git 1724
2024-02-14 12:24:06.440 [warning] [Decorations] CAPPING events from decorations provider vscode.git 1724
2024-02-14 12:24:11.507 [warning] [Decorations] CAPPING events from decorations provider vscode.git 1724
2024-02-14 12:24:16.589 [warning] [Decorations] CAPPING events from decorations provider vscode.git 1724
2024-02-14 12:24:21.659 [warning] [Decorations] CAPPING events from decorations provider vscode.git 1724
2024-02-14 12:24:26.750 [warning] [Decorations] CAPPING events from decorations provider vscode.git 1724
2024-02-14 12:24:33.040 [warning] [Decorations] CAPPING events from decorations provider vscode.git 1724
2024-02-14 12:24:38.101 [warning] [Decorations] CAPPING events from decorations provider vscode.git 1724
2024-02-14 12:24:43.168 [warning] [Decorations] CAPPING events from decorations provider vscode.git 1724
2024-02-14 12:24:48.241 [warning] [Decorations] CAPPING events from decorations provider vscode.git 1724
2024-02-14 12:24:53.310 [warning] [Decorations] CAPPING events from decorations provider vscode.git 1724
2024-02-14 12:24:58.361 [warning] [Decorations] CAPPING events from decorations provider vscode.git 1724
2024-02-14 12:25:05.187 [warning] [Decorations] CAPPING events from decorations provider vscode.git 1724
2024-02-14 12:25:10.248 [warning] [Decorations] CAPPING events from decorations provider vscode.git 1724
2024-02-14 12:25:15.310 [warning] [Decorations] CAPPING events from decorations provider vscode.git 1724
2024-02-14 12:25:20.375 [warning] [Decorations] CAPPING events from decorations provider vscode.git 1724
2024-02-14 12:25:25.435 [warning] [Decorations] CAPPING events from decorations provider vscode.git 1724
2024-02-14 12:25:30.515 [warning] [Decorations] CAPPING events from decorations provider vscode.git 1724
2024-02-14 12:25:35.560 [warning] [Decorations] CAPPING events from decorations provider vscode.git 1724
2024-02-14 12:37:48.603 [info] Extension host terminating: received terminate message from renderer
2024-02-14 12:37:48.605 [info] Lock '/home/akraaam_kh/.vscode-server/data/User/workspaceStorage/aab43a72942d0c30cbbbacde874c7c05/vscode.lock': Marking the lockfile as scheduled to be released in 6000 ms.
2024-02-14 12:37:48.780 [error] Canceled: Canceled
	at new f (/home/akraaam_kh/.vscode-server/bin/31c37ee8f63491495ac49e43b8544550fbae4533/out/vs/workbench/api/node/extensionHostProcess.js:140:45069)
	at d.U (/home/akraaam_kh/.vscode-server/bin/31c37ee8f63491495ac49e43b8544550fbae4533/out/vs/workbench/api/node/extensionHostProcess.js:147:5557)
	at T.<computed>.O.charCodeAt.T.<computed> (/home/akraaam_kh/.vscode-server/bin/31c37ee8f63491495ac49e43b8544550fbae4533/out/vs/workbench/api/node/extensionHostProcess.js:147:3008)
	at s.g (/home/akraaam_kh/.vscode-server/bin/31c37ee8f63491495ac49e43b8544550fbae4533/out/vs/workbench/api/node/extensionHostProcess.js:150:174704)
	at s.executeCommand (/home/akraaam_kh/.vscode-server/bin/31c37ee8f63491495ac49e43b8544550fbae4533/out/vs/workbench/api/node/extensionHostProcess.js:150:174142)
	at m.registerCommand.description (/home/akraaam_kh/.vscode-server/bin/31c37ee8f63491495ac49e43b8544550fbae4533/out/vs/workbench/api/node/extensionHostProcess.js:150:173466)
	at s.h (/home/akraaam_kh/.vscode-server/bin/31c37ee8f63491495ac49e43b8544550fbae4533/out/vs/workbench/api/node/extensionHostProcess.js:150:175243)
	at s.g (/home/akraaam_kh/.vscode-server/bin/31c37ee8f63491495ac49e43b8544550fbae4533/out/vs/workbench/api/node/extensionHostProcess.js:150:174235)
	at s.executeCommand (/home/akraaam_kh/.vscode-server/bin/31c37ee8f63491495ac49e43b8544550fbae4533/out/vs/workbench/api/node/extensionHostProcess.js:150:174142)
	at Object.executeCommand (/home/akraaam_kh/.vscode-server/bin/31c37ee8f63491495ac49e43b8544550fbae4533/out/vs/workbench/api/node/extensionHostProcess.js:160:21634)
	at g.I [as value] (/home/akraaam_kh/.vscode-server/bin/31c37ee8f63491495ac49e43b8544550fbae4533/extensions/git/dist/main.js:2:927298)
	at r.y (/home/akraaam_kh/.vscode-server/bin/31c37ee8f63491495ac49e43b8544550fbae4533/out/vs/workbench/api/node/extensionHostProcess.js:80:1902)
	at r.z (/home/akraaam_kh/.vscode-server/bin/31c37ee8f63491495ac49e43b8544550fbae4533/out/vs/workbench/api/node/extensionHostProcess.js:80:1972)
	at r.fire (/home/akraaam_kh/.vscode-server/bin/31c37ee8f63491495ac49e43b8544550fbae4533/out/vs/workbench/api/node/extensionHostProcess.js:80:2188)
	at Object.m [as dispose] (/home/akraaam_kh/.vscode-server/bin/31c37ee8f63491495ac49e43b8544550fbae4533/extensions/git/dist/main.js:2:943089)
	at /home/akraaam_kh/.vscode-server/bin/31c37ee8f63491495ac49e43b8544550fbae4533/extensions/git/dist/main.js:2:947930
	at Array.forEach (<anonymous>)
	at p.dispose (/home/akraaam_kh/.vscode-server/bin/31c37ee8f63491495ac49e43b8544550fbae4533/extensions/git/dist/main.js:2:947916)
	at c.<anonymous> (/home/akraaam_kh/.vscode-server/bin/31c37ee8f63491495ac49e43b8544550fbae4533/out/vs/workbench/api/node/extensionHostProcess.js:148:3650)
	at c.dispose (/home/akraaam_kh/.vscode-server/bin/31c37ee8f63491495ac49e43b8544550fbae4533/out/vs/workbench/api/node/extensionHostProcess.js:148:3747)
	at c.<anonymous> (/home/akraaam_kh/.vscode-server/bin/31c37ee8f63491495ac49e43b8544550fbae4533/extensions/git/dist/main.js:2:929310)
	at c.dispose (/home/akraaam_kh/.vscode-server/bin/31c37ee8f63491495ac49e43b8544550fbae4533/out/vs/workbench/api/node/extensionHostProcess.js:148:3747)
	at o (/home/akraaam_kh/.vscode-server/bin/31c37ee8f63491495ac49e43b8544550fbae4533/out/vs/workbench/api/node/extensionHostProcess.js:30:754)
	at g.cb (/home/akraaam_kh/.vscode-server/bin/31c37ee8f63491495ac49e43b8544550fbae4533/out/vs/workbench/api/node/extensionHostProcess.js:156:9874)
	at /home/akraaam_kh/.vscode-server/bin/31c37ee8f63491495ac49e43b8544550fbae4533/out/vs/workbench/api/node/extensionHostProcess.js:156:7808
	at Array.map (<anonymous>)
	at g.Y (/home/akraaam_kh/.vscode-server/bin/31c37ee8f63491495ac49e43b8544550fbae4533/out/vs/workbench/api/node/extensionHostProcess.js:156:7795)
	at g.terminate (/home/akraaam_kh/.vscode-server/bin/31c37ee8f63491495ac49e43b8544550fbae4533/out/vs/workbench/api/node/extensionHostProcess.js:156:8068)
	at o.terminate (/home/akraaam_kh/.vscode-server/bin/31c37ee8f63491495ac49e43b8544550fbae4533/out/vs/workbench/api/node/extensionHostProcess.js:160:1513)
	at t (/home/akraaam_kh/.vscode-server/bin/31c37ee8f63491495ac49e43b8544550fbae4533/out/vs/workbench/api/node/extensionHostProcess.js:173:9950)
	at g.value (/home/akraaam_kh/.vscode-server/bin/31c37ee8f63491495ac49e43b8544550fbae4533/out/vs/workbench/api/node/extensionHostProcess.js:173:7997)
	at r.y (/home/akraaam_kh/.vscode-server/bin/31c37ee8f63491495ac49e43b8544550fbae4533/out/vs/workbench/api/node/extensionHostProcess.js:80:1902)
	at r.fire (/home/akraaam_kh/.vscode-server/bin/31c37ee8f63491495ac49e43b8544550fbae4533/out/vs/workbench/api/node/extensionHostProcess.js:80:2119)
	at n.fire (/home/akraaam_kh/.vscode-server/bin/31c37ee8f63491495ac49e43b8544550fbae4533/out/vs/workbench/api/node/extensionHostProcess.js:105:14073)
	at s.z (/home/akraaam_kh/.vscode-server/bin/31c37ee8f63491495ac49e43b8544550fbae4533/out/vs/workbench/api/node/extensionHostProcess.js:105:17138)
	at g.value (/home/akraaam_kh/.vscode-server/bin/31c37ee8f63491495ac49e43b8544550fbae4533/out/vs/workbench/api/node/extensionHostProcess.js:105:15590)
	at r.y (/home/akraaam_kh/.vscode-server/bin/31c37ee8f63491495ac49e43b8544550fbae4533/out/vs/workbench/api/node/extensionHostProcess.js:80:1902)
	at r.fire (/home/akraaam_kh/.vscode-server/bin/31c37ee8f63491495ac49e43b8544550fbae4533/out/vs/workbench/api/node/extensionHostProcess.js:80:2119)
	at g.acceptChunk (/home/akraaam_kh/.vscode-server/bin/31c37ee8f63491495ac49e43b8544550fbae4533/out/vs/workbench/api/node/extensionHostProcess.js:105:11847)
	at g.value (/home/akraaam_kh/.vscode-server/bin/31c37ee8f63491495ac49e43b8544550fbae4533/out/vs/workbench/api/node/extensionHostProcess.js:105:11134)
	at r.y (/home/akraaam_kh/.vscode-server/bin/31c37ee8f63491495ac49e43b8544550fbae4533/out/vs/workbench/api/node/extensionHostProcess.js:80:1902)
	at r.fire (/home/akraaam_kh/.vscode-server/bin/31c37ee8f63491495ac49e43b8544550fbae4533/out/vs/workbench/api/node/extensionHostProcess.js:80:2119)
	at r.z (/home/akraaam_kh/.vscode-server/bin/31c37ee8f63491495ac49e43b8544550fbae4533/out/vs/workbench/api/node/extensionHostProcess.js:170:19768)
	at r.acceptFrame (/home/akraaam_kh/.vscode-server/bin/31c37ee8f63491495ac49e43b8544550fbae4533/out/vs/workbench/api/node/extensionHostProcess.js:170:19574)
	at i.n (/home/akraaam_kh/.vscode-server/bin/31c37ee8f63491495ac49e43b8544550fbae4533/out/vs/workbench/api/node/extensionHostProcess.js:170:18073)
	at /home/akraaam_kh/.vscode-server/bin/31c37ee8f63491495ac49e43b8544550fbae4533/out/vs/workbench/api/node/extensionHostProcess.js:170:15293
	at Socket.y (/home/akraaam_kh/.vscode-server/bin/31c37ee8f63491495ac49e43b8544550fbae4533/out/vs/workbench/api/node/extensionHostProcess.js:170:13198)
	at Socket.emit (node:events:514:28)
	at addChunk (node:internal/streams/readable:324:12)
	at readableAddChunk (node:internal/streams/readable:297:9)
	at Readable.push (node:internal/streams/readable:234:10)
	at TCP.onStreamRead (node:internal/stream_base_commons:190:23) setContext undefined
2024-02-14 12:37:48.781 [error] Canceled: Canceled
	at new f (/home/akraaam_kh/.vscode-server/bin/31c37ee8f63491495ac49e43b8544550fbae4533/out/vs/workbench/api/node/extensionHostProcess.js:140:45069)
	at d.U (/home/akraaam_kh/.vscode-server/bin/31c37ee8f63491495ac49e43b8544550fbae4533/out/vs/workbench/api/node/extensionHostProcess.js:147:5557)
	at T.<computed>.O.charCodeAt.T.<computed> (/home/akraaam_kh/.vscode-server/bin/31c37ee8f63491495ac49e43b8544550fbae4533/out/vs/workbench/api/node/extensionHostProcess.js:147:3008)
	at s.g (/home/akraaam_kh/.vscode-server/bin/31c37ee8f63491495ac49e43b8544550fbae4533/out/vs/workbench/api/node/extensionHostProcess.js:150:174704)
	at s.executeCommand (/home/akraaam_kh/.vscode-server/bin/31c37ee8f63491495ac49e43b8544550fbae4533/out/vs/workbench/api/node/extensionHostProcess.js:150:174142)
	at m.registerCommand.description (/home/akraaam_kh/.vscode-server/bin/31c37ee8f63491495ac49e43b8544550fbae4533/out/vs/workbench/api/node/extensionHostProcess.js:150:173466)
	at s.h (/home/akraaam_kh/.vscode-server/bin/31c37ee8f63491495ac49e43b8544550fbae4533/out/vs/workbench/api/node/extensionHostProcess.js:150:175243)
	at s.g (/home/akraaam_kh/.vscode-server/bin/31c37ee8f63491495ac49e43b8544550fbae4533/out/vs/workbench/api/node/extensionHostProcess.js:150:174235)
	at s.executeCommand (/home/akraaam_kh/.vscode-server/bin/31c37ee8f63491495ac49e43b8544550fbae4533/out/vs/workbench/api/node/extensionHostProcess.js:150:174142)
	at Object.executeCommand (/home/akraaam_kh/.vscode-server/bin/31c37ee8f63491495ac49e43b8544550fbae4533/out/vs/workbench/api/node/extensionHostProcess.js:160:21634)
	at set b [as b] (/home/akraaam_kh/.vscode-server/bin/31c37ee8f63491495ac49e43b8544550fbae4533/extensions/github/dist/extension.js:2:322364)
	at /home/akraaam_kh/.vscode-server/bin/31c37ee8f63491495ac49e43b8544550fbae4533/extensions/github/dist/extension.js:2:323005
	at g.value (/home/akraaam_kh/.vscode-server/bin/31c37ee8f63491495ac49e43b8544550fbae4533/extensions/git/dist/main.js:2:1018251)
	at r.y (/home/akraaam_kh/.vscode-server/bin/31c37ee8f63491495ac49e43b8544550fbae4533/out/vs/workbench/api/node/extensionHostProcess.js:80:1902)
	at r.z (/home/akraaam_kh/.vscode-server/bin/31c37ee8f63491495ac49e43b8544550fbae4533/out/vs/workbench/api/node/extensionHostProcess.js:80:1972)
	at r.fire (/home/akraaam_kh/.vscode-server/bin/31c37ee8f63491495ac49e43b8544550fbae4533/out/vs/workbench/api/node/extensionHostProcess.js:80:2188)
	at Object.m [as dispose] (/home/akraaam_kh/.vscode-server/bin/31c37ee8f63491495ac49e43b8544550fbae4533/extensions/git/dist/main.js:2:943089)
	at /home/akraaam_kh/.vscode-server/bin/31c37ee8f63491495ac49e43b8544550fbae4533/extensions/git/dist/main.js:2:947930
	at Array.forEach (<anonymous>)
	at p.dispose (/home/akraaam_kh/.vscode-server/bin/31c37ee8f63491495ac49e43b8544550fbae4533/extensions/git/dist/main.js:2:947916)
	at c.<anonymous> (/home/akraaam_kh/.vscode-server/bin/31c37ee8f63491495ac49e43b8544550fbae4533/out/vs/workbench/api/node/extensionHostProcess.js:148:3650)
	at c.dispose (/home/akraaam_kh/.vscode-server/bin/31c37ee8f63491495ac49e43b8544550fbae4533/out/vs/workbench/api/node/extensionHostProcess.js:148:3747)
	at c.<anonymous> (/home/akraaam_kh/.vscode-server/bin/31c37ee8f63491495ac49e43b8544550fbae4533/extensions/git/dist/main.js:2:929310)
	at c.dispose (/home/akraaam_kh/.vscode-server/bin/31c37ee8f63491495ac49e43b8544550fbae4533/out/vs/workbench/api/node/extensionHostProcess.js:148:3747)
	at o (/home/akraaam_kh/.vscode-server/bin/31c37ee8f63491495ac49e43b8544550fbae4533/out/vs/workbench/api/node/extensionHostProcess.js:30:754)
	at g.cb (/home/akraaam_kh/.vscode-server/bin/31c37ee8f63491495ac49e43b8544550fbae4533/out/vs/workbench/api/node/extensionHostProcess.js:156:9874)
	at /home/akraaam_kh/.vscode-server/bin/31c37ee8f63491495ac49e43b8544550fbae4533/out/vs/workbench/api/node/extensionHostProcess.js:156:7808
	at Array.map (<anonymous>)
	at g.Y (/home/akraaam_kh/.vscode-server/bin/31c37ee8f63491495ac49e43b8544550fbae4533/out/vs/workbench/api/node/extensionHostProcess.js:156:7795)
	at g.terminate (/home/akraaam_kh/.vscode-server/bin/31c37ee8f63491495ac49e43b8544550fbae4533/out/vs/workbench/api/node/extensionHostProcess.js:156:8068)
	at o.terminate (/home/akraaam_kh/.vscode-server/bin/31c37ee8f63491495ac49e43b8544550fbae4533/out/vs/workbench/api/node/extensionHostProcess.js:160:1513)
	at t (/home/akraaam_kh/.vscode-server/bin/31c37ee8f63491495ac49e43b8544550fbae4533/out/vs/workbench/api/node/extensionHostProcess.js:173:9950)
	at g.value (/home/akraaam_kh/.vscode-server/bin/31c37ee8f63491495ac49e43b8544550fbae4533/out/vs/workbench/api/node/extensionHostProcess.js:173:7997)
	at r.y (/home/akraaam_kh/.vscode-server/bin/31c37ee8f63491495ac49e43b8544550fbae4533/out/vs/workbench/api/node/extensionHostProcess.js:80:1902)
	at r.fire (/home/akraaam_kh/.vscode-server/bin/31c37ee8f63491495ac49e43b8544550fbae4533/out/vs/workbench/api/node/extensionHostProcess.js:80:2119)
	at n.fire (/home/akraaam_kh/.vscode-server/bin/31c37ee8f63491495ac49e43b8544550fbae4533/out/vs/workbench/api/node/extensionHostProcess.js:105:14073)
	at s.z (/home/akraaam_kh/.vscode-server/bin/31c37ee8f63491495ac49e43b8544550fbae4533/out/vs/workbench/api/node/extensionHostProcess.js:105:17138)
	at g.value (/home/akraaam_kh/.vscode-server/bin/31c37ee8f63491495ac49e43b8544550fbae4533/out/vs/workbench/api/node/extensionHostProcess.js:105:15590)
	at r.y (/home/akraaam_kh/.vscode-server/bin/31c37ee8f63491495ac49e43b8544550fbae4533/out/vs/workbench/api/node/extensionHostProcess.js:80:1902)
	at r.fire (/home/akraaam_kh/.vscode-server/bin/31c37ee8f63491495ac49e43b8544550fbae4533/out/vs/workbench/api/node/extensionHostProcess.js:80:2119)
	at g.acceptChunk (/home/akraaam_kh/.vscode-server/bin/31c37ee8f63491495ac49e43b8544550fbae4533/out/vs/workbench/api/node/extensionHostProcess.js:105:11847)
	at g.value (/home/akraaam_kh/.vscode-server/bin/31c37ee8f63491495ac49e43b8544550fbae4533/out/vs/workbench/api/node/extensionHostProcess.js:105:11134)
	at r.y (/home/akraaam_kh/.vscode-server/bin/31c37ee8f63491495ac49e43b8544550fbae4533/out/vs/workbench/api/node/extensionHostProcess.js:80:1902)
	at r.fire (/home/akraaam_kh/.vscode-server/bin/31c37ee8f63491495ac49e43b8544550fbae4533/out/vs/workbench/api/node/extensionHostProcess.js:80:2119)
	at r.z (/home/akraaam_kh/.vscode-server/bin/31c37ee8f63491495ac49e43b8544550fbae4533/out/vs/workbench/api/node/extensionHostProcess.js:170:19768)
	at r.acceptFrame (/home/akraaam_kh/.vscode-server/bin/31c37ee8f63491495ac49e43b8544550fbae4533/out/vs/workbench/api/node/extensionHostProcess.js:170:19574)
	at i.n (/home/akraaam_kh/.vscode-server/bin/31c37ee8f63491495ac49e43b8544550fbae4533/out/vs/workbench/api/node/extensionHostProcess.js:170:18073)
	at /home/akraaam_kh/.vscode-server/bin/31c37ee8f63491495ac49e43b8544550fbae4533/out/vs/workbench/api/node/extensionHostProcess.js:170:15293
	at Socket.y (/home/akraaam_kh/.vscode-server/bin/31c37ee8f63491495ac49e43b8544550fbae4533/out/vs/workbench/api/node/extensionHostProcess.js:170:13198)
	at Socket.emit (node:events:514:28)
	at addChunk (node:internal/streams/readable:324:12)
	at readableAddChunk (node:internal/streams/readable:297:9)
	at Readable.push (node:internal/streams/readable:234:10)
	at TCP.onStreamRead (node:internal/stream_base_commons:190:23) setContext undefined
2024-02-14 12:37:48.785 [info] Extension host with pid 545 exiting with code 0
