2024-03-10 17:32:48.572 [info] Extension host with pid 894 started
2024-03-10 17:32:48.624 [info] Lock '/home/akraaam_kh/.vscode-server/data/User/workspaceStorage/aab43a72942d0c30cbbbacde874c7c05/vscode.lock': Lock acquired.
2024-03-10 17:32:49.756 [info] ExtensionService#_doActivateExtension vscode.php-language-features, startup: false, activationEvent: 'onLanguage:php'
2024-03-10 17:32:49.760 [info] ExtensionService#_doActivateExtension vscode.emmet, startup: false, activationEvent: 'onLanguage'
2024-03-10 17:32:50.284 [info] ExtensionService#_doActivateExtension vscode.git-base, startup: true, activationEvent: '*', root cause: vscode.git
2024-03-10 17:32:50.465 [info] ExtensionService#_doActivateExtension vscode.git, startup: true, activationEvent: '*'
2024-03-10 17:32:50.469 [info] ExtensionService#_doActivateExtension vscode.github, startup: true, activationEvent: '*'
2024-03-10 17:32:51.222 [info] Eager extensions activated
2024-03-10 17:32:51.223 [info] ExtensionService#_doActivateExtension vscode.debug-auto-launch, startup: false, activationEvent: 'onStartupFinished'
2024-03-10 17:32:51.223 [info] ExtensionService#_doActivateExtension vscode.merge-conflict, startup: false, activationEvent: 'onStartupFinished'
2024-03-10 17:41:05.761 [info] ExtensionService#_doActivateExtension vscode.css-language-features, startup: false, activationEvent: 'onLanguage:css'
2024-03-10 17:55:22.255 [warning] [Decorations] CAPPING events from decorations provider vscode.git 274
2024-03-10 17:55:27.345 [warning] [Decorations] CAPPING events from decorations provider vscode.git 272
2024-03-10 17:55:32.443 [warning] [Decorations] CAPPING events from decorations provider vscode.git 272
2024-03-10 17:55:37.515 [warning] [Decorations] CAPPING events from decorations provider vscode.git 275
2024-03-10 17:55:42.611 [warning] [Decorations] CAPPING events from decorations provider vscode.git 275
2024-03-10 17:55:47.731 [warning] [Decorations] CAPPING events from decorations provider vscode.git 275
2024-03-10 17:55:52.805 [warning] [Decorations] CAPPING events from decorations provider vscode.git 275
2024-03-10 17:55:57.908 [warning] [Decorations] CAPPING events from decorations provider vscode.git 275
2024-03-10 17:56:03.000 [warning] [Decorations] CAPPING events from decorations provider vscode.git 275
2024-03-10 17:56:08.075 [warning] [Decorations] CAPPING events from decorations provider vscode.git 277
2024-03-10 17:56:13.188 [warning] [Decorations] CAPPING events from decorations provider vscode.git 277
2024-03-10 17:56:18.265 [warning] [Decorations] CAPPING events from decorations provider vscode.git 277
2024-03-10 17:56:26.146 [warning] [Decorations] CAPPING events from decorations provider vscode.git 278
2024-03-10 17:56:31.210 [warning] [Decorations] CAPPING events from decorations provider vscode.git 278
2024-03-10 17:56:36.276 [warning] [Decorations] CAPPING events from decorations provider vscode.git 278
2024-03-10 17:56:41.352 [warning] [Decorations] CAPPING events from decorations provider vscode.git 279
2024-03-10 17:56:46.418 [warning] [Decorations] CAPPING events from decorations provider vscode.git 279
2024-03-10 17:56:51.501 [warning] [Decorations] CAPPING events from decorations provider vscode.git 279
2024-03-10 17:56:56.598 [warning] [Decorations] CAPPING events from decorations provider vscode.git 279
2024-03-10 17:57:01.667 [warning] [Decorations] CAPPING events from decorations provider vscode.git 279
2024-03-10 17:57:06.711 [warning] [Decorations] CAPPING events from decorations provider vscode.git 279
2024-03-10 17:57:11.794 [warning] [Decorations] CAPPING events from decorations provider vscode.git 279
2024-03-10 17:57:16.849 [warning] [Decorations] CAPPING events from decorations provider vscode.git 280
2024-03-10 17:57:21.918 [warning] [Decorations] CAPPING events from decorations provider vscode.git 279
2024-03-10 17:57:27.014 [warning] [Decorations] CAPPING events from decorations provider vscode.git 280
2024-03-10 17:57:32.132 [warning] [Decorations] CAPPING events from decorations provider vscode.git 279
2024-03-10 17:57:37.237 [warning] [Decorations] CAPPING events from decorations provider vscode.git 280
2024-03-10 17:57:42.322 [warning] [Decorations] CAPPING events from decorations provider vscode.git 279
2024-03-10 17:57:47.392 [warning] [Decorations] CAPPING events from decorations provider vscode.git 279
2024-03-10 17:57:52.442 [warning] [Decorations] CAPPING events from decorations provider vscode.git 279
2024-03-10 17:57:57.528 [warning] [Decorations] CAPPING events from decorations provider vscode.git 282
2024-03-10 17:58:02.642 [warning] [Decorations] CAPPING events from decorations provider vscode.git 282
2024-03-10 17:58:07.712 [warning] [Decorations] CAPPING events from decorations provider vscode.git 282
2024-03-10 17:58:12.769 [warning] [Decorations] CAPPING events from decorations provider vscode.git 283
2024-03-10 17:58:17.898 [warning] [Decorations] CAPPING events from decorations provider vscode.git 285
2024-03-10 17:58:22.972 [warning] [Decorations] CAPPING events from decorations provider vscode.git 285
2024-03-10 18:00:38.897 [warning] [Decorations] CAPPING events from decorations provider vscode.git 286
2024-03-10 18:00:43.979 [warning] [Decorations] CAPPING events from decorations provider vscode.git 286
2024-03-10 18:00:49.082 [warning] [Decorations] CAPPING events from decorations provider vscode.git 286
2024-03-10 18:00:55.397 [warning] [Decorations] CAPPING events from decorations provider vscode.git 286
2024-03-10 18:01:00.471 [warning] [Decorations] CAPPING events from decorations provider vscode.git 286
2024-03-10 18:01:10.858 [warning] [Decorations] CAPPING events from decorations provider vscode.git 289
2024-03-10 18:01:15.950 [warning] [Decorations] CAPPING events from decorations provider vscode.git 292
2024-03-10 18:01:21.090 [warning] [Decorations] CAPPING events from decorations provider vscode.git 292
2024-03-10 18:01:26.421 [warning] [Decorations] CAPPING events from decorations provider vscode.git 292
2024-03-10 18:01:32.484 [warning] [Decorations] CAPPING events from decorations provider vscode.git 292
2024-03-10 18:01:37.544 [warning] [Decorations] CAPPING events from decorations provider vscode.git 292
2024-03-10 18:01:43.578 [warning] [Decorations] CAPPING events from decorations provider vscode.git 292
2024-03-10 18:02:11.946 [warning] [Decorations] CAPPING events from decorations provider vscode.git 292
2024-03-10 18:02:17.009 [warning] [Decorations] CAPPING events from decorations provider vscode.git 292
2024-03-10 18:02:22.080 [warning] [Decorations] CAPPING events from decorations provider vscode.git 292
2024-03-10 18:02:27.213 [warning] [Decorations] CAPPING events from decorations provider vscode.git 295
2024-03-10 18:02:32.332 [warning] [Decorations] CAPPING events from decorations provider vscode.git 298
2024-03-10 18:02:37.422 [warning] [Decorations] CAPPING events from decorations provider vscode.git 298
2024-03-10 18:02:42.728 [warning] [Decorations] CAPPING events from decorations provider vscode.git 298
2024-03-10 18:02:47.824 [warning] [Decorations] CAPPING events from decorations provider vscode.git 298
2024-03-10 18:02:54.622 [warning] [Decorations] CAPPING events from decorations provider vscode.git 298
2024-03-10 18:02:59.709 [warning] [Decorations] CAPPING events from decorations provider vscode.git 298
2024-03-10 18:04:04.284 [warning] [Decorations] CAPPING events from decorations provider vscode.git 298
2024-03-10 18:04:09.365 [warning] [Decorations] CAPPING events from decorations provider vscode.git 300
2024-03-10 18:04:14.454 [warning] [Decorations] CAPPING events from decorations provider vscode.git 300
2024-03-10 18:04:40.393 [warning] [Decorations] CAPPING events from decorations provider vscode.git 299
2024-03-10 18:04:45.470 [warning] [Decorations] CAPPING events from decorations provider vscode.git 299
2024-03-10 18:04:50.575 [warning] [Decorations] CAPPING events from decorations provider vscode.git 299
2024-03-10 18:05:04.159 [warning] [Decorations] CAPPING events from decorations provider vscode.git 302
2024-03-10 18:05:13.888 [warning] [Decorations] CAPPING events from decorations provider vscode.git 305
2024-03-10 18:05:19.015 [warning] [Decorations] CAPPING events from decorations provider vscode.git 305
2024-03-10 18:05:24.119 [warning] [Decorations] CAPPING events from decorations provider vscode.git 305
2024-03-10 18:05:29.219 [warning] [Decorations] CAPPING events from decorations provider vscode.git 305
2024-03-10 18:05:34.315 [warning] [Decorations] CAPPING events from decorations provider vscode.git 305
2024-03-10 18:05:39.424 [warning] [Decorations] CAPPING events from decorations provider vscode.git 305
2024-03-10 18:05:44.500 [warning] [Decorations] CAPPING events from decorations provider vscode.git 305
2024-03-10 18:05:49.598 [warning] [Decorations] CAPPING events from decorations provider vscode.git 305
2024-03-10 18:05:54.764 [warning] [Decorations] CAPPING events from decorations provider vscode.git 305
2024-03-10 18:06:04.275 [warning] [Decorations] CAPPING events from decorations provider vscode.git 305
2024-03-10 18:06:09.334 [warning] [Decorations] CAPPING events from decorations provider vscode.git 305
2024-03-10 18:06:15.646 [warning] [Decorations] CAPPING events from decorations provider vscode.git 305
2024-03-10 18:06:20.755 [warning] [Decorations] CAPPING events from decorations provider vscode.git 305
2024-03-10 18:06:25.861 [warning] [Decorations] CAPPING events from decorations provider vscode.git 305
2024-03-10 18:07:54.056 [warning] [Decorations] CAPPING events from decorations provider vscode.git 305
2024-03-10 18:08:01.778 [warning] [Decorations] CAPPING events from decorations provider vscode.git 305
2024-03-10 18:08:06.882 [warning] [Decorations] CAPPING events from decorations provider vscode.git 305
2024-03-10 18:08:11.946 [warning] [Decorations] CAPPING events from decorations provider vscode.git 305
2024-03-10 18:08:17.048 [warning] [Decorations] CAPPING events from decorations provider vscode.git 305
2024-03-10 18:08:22.132 [warning] [Decorations] CAPPING events from decorations provider vscode.git 308
2024-03-10 18:08:27.190 [warning] [Decorations] CAPPING events from decorations provider vscode.git 308
2024-03-10 18:08:32.309 [warning] [Decorations] CAPPING events from decorations provider vscode.git 308
2024-03-10 18:09:01.768 [warning] [Decorations] CAPPING events from decorations provider vscode.git 311
2024-03-10 18:09:06.874 [warning] [Decorations] CAPPING events from decorations provider vscode.git 311
2024-03-10 18:09:11.928 [warning] [Decorations] CAPPING events from decorations provider vscode.git 311
2024-03-10 18:09:45.118 [warning] [Decorations] CAPPING events from decorations provider vscode.git 311
2024-03-10 18:09:50.180 [warning] [Decorations] CAPPING events from decorations provider vscode.git 311
2024-03-10 18:09:55.735 [warning] [Decorations] CAPPING events from decorations provider vscode.git 311
2024-03-10 18:10:16.236 [warning] [Decorations] CAPPING events from decorations provider vscode.git 311
2024-03-10 18:12:34.576 [warning] [Decorations] CAPPING events from decorations provider vscode.git 311
2024-03-10 18:12:39.674 [warning] [Decorations] CAPPING events from decorations provider vscode.git 311
2024-03-10 18:12:44.752 [warning] [Decorations] CAPPING events from decorations provider vscode.git 314
2024-03-10 18:12:51.261 [warning] [Decorations] CAPPING events from decorations provider vscode.git 314
2024-03-10 18:12:56.459 [warning] [Decorations] CAPPING events from decorations provider vscode.git 317
2024-03-10 18:13:01.527 [warning] [Decorations] CAPPING events from decorations provider vscode.git 317
2024-03-10 18:13:06.620 [warning] [Decorations] CAPPING events from decorations provider vscode.git 317
2024-03-10 18:13:11.734 [warning] [Decorations] CAPPING events from decorations provider vscode.git 320
2024-03-10 18:13:21.376 [warning] [Decorations] CAPPING events from decorations provider vscode.git 320
2024-03-10 18:13:49.665 [warning] [Decorations] CAPPING events from decorations provider vscode.git 323
2024-03-10 18:13:54.768 [warning] [Decorations] CAPPING events from decorations provider vscode.git 323
2024-03-10 18:14:02.882 [warning] [Decorations] CAPPING events from decorations provider vscode.git 326
2024-03-10 18:14:07.957 [warning] [Decorations] CAPPING events from decorations provider vscode.git 329
2024-03-10 18:14:48.475 [warning] [Decorations] CAPPING events from decorations provider vscode.git 329
2024-03-10 18:14:53.548 [warning] [Decorations] CAPPING events from decorations provider vscode.git 329
2024-03-10 18:14:58.653 [warning] [Decorations] CAPPING events from decorations provider vscode.git 329
2024-03-10 18:15:05.951 [warning] [Decorations] CAPPING events from decorations provider vscode.git 332
2024-03-10 18:15:11.018 [warning] [Decorations] CAPPING events from decorations provider vscode.git 335
2024-03-10 18:15:17.938 [warning] [Decorations] CAPPING events from decorations provider vscode.git 338
2024-03-10 18:15:22.986 [warning] [Decorations] CAPPING events from decorations provider vscode.git 338
2024-03-10 18:15:33.924 [warning] [Decorations] CAPPING events from decorations provider vscode.git 344
2024-03-10 18:15:38.987 [warning] [Decorations] CAPPING events from decorations provider vscode.git 344
2024-03-10 18:15:44.086 [warning] [Decorations] CAPPING events from decorations provider vscode.git 347
2024-03-10 18:16:12.666 [warning] [Decorations] CAPPING events from decorations provider vscode.git 347
2024-03-10 18:16:17.785 [warning] [Decorations] CAPPING events from decorations provider vscode.git 347
2024-03-10 18:16:23.973 [warning] [Decorations] CAPPING events from decorations provider vscode.git 350
2024-03-10 18:16:29.051 [warning] [Decorations] CAPPING events from decorations provider vscode.git 350
2024-03-10 18:16:34.174 [warning] [Decorations] CAPPING events from decorations provider vscode.git 350
2024-03-10 18:16:41.018 [warning] [Decorations] CAPPING events from decorations provider vscode.git 353
2024-03-10 18:16:55.343 [warning] [Decorations] CAPPING events from decorations provider vscode.git 356
2024-03-10 18:17:00.435 [warning] [Decorations] CAPPING events from decorations provider vscode.git 359
2024-03-10 18:17:05.560 [warning] [Decorations] CAPPING events from decorations provider vscode.git 362
2024-03-10 18:17:11.065 [warning] [Decorations] CAPPING events from decorations provider vscode.git 362
2024-03-10 18:17:16.160 [warning] [Decorations] CAPPING events from decorations provider vscode.git 362
2024-03-10 18:17:21.242 [warning] [Decorations] CAPPING events from decorations provider vscode.git 362
2024-03-10 18:17:26.302 [warning] [Decorations] CAPPING events from decorations provider vscode.git 362
2024-03-10 18:17:31.375 [warning] [Decorations] CAPPING events from decorations provider vscode.git 365
2024-03-10 18:17:36.436 [warning] [Decorations] CAPPING events from decorations provider vscode.git 365
2024-03-10 18:17:41.542 [warning] [Decorations] CAPPING events from decorations provider vscode.git 365
2024-03-10 18:17:50.795 [warning] [Decorations] CAPPING events from decorations provider vscode.git 368
2024-03-10 18:17:56.023 [warning] [Decorations] CAPPING events from decorations provider vscode.git 368
2024-03-10 18:18:01.139 [warning] [Decorations] CAPPING events from decorations provider vscode.git 368
2024-03-10 18:18:06.238 [warning] [Decorations] CAPPING events from decorations provider vscode.git 368
2024-03-10 18:18:16.048 [warning] [Decorations] CAPPING events from decorations provider vscode.git 368
2024-03-10 18:18:21.148 [warning] [Decorations] CAPPING events from decorations provider vscode.git 368
2024-03-10 18:18:26.250 [warning] [Decorations] CAPPING events from decorations provider vscode.git 368
2024-03-10 18:18:31.352 [warning] [Decorations] CAPPING events from decorations provider vscode.git 368
2024-03-10 18:18:36.450 [warning] [Decorations] CAPPING events from decorations provider vscode.git 368
2024-03-10 18:18:41.552 [warning] [Decorations] CAPPING events from decorations provider vscode.git 368
2024-03-10 18:18:46.636 [warning] [Decorations] CAPPING events from decorations provider vscode.git 371
2024-03-10 18:18:53.195 [warning] [Decorations] CAPPING events from decorations provider vscode.git 374
2024-03-10 18:18:58.334 [warning] [Decorations] CAPPING events from decorations provider vscode.git 377
2024-03-10 18:19:30.131 [warning] [Decorations] CAPPING events from decorations provider vscode.git 380
2024-03-10 18:19:39.205 [warning] [Decorations] CAPPING events from decorations provider vscode.git 383
2024-03-10 18:19:44.287 [warning] [Decorations] CAPPING events from decorations provider vscode.git 383
2024-03-10 18:20:31.419 [warning] [Decorations] CAPPING events from decorations provider vscode.git 386
2024-03-10 18:20:36.496 [warning] [Decorations] CAPPING events from decorations provider vscode.git 386
2024-03-10 18:20:41.604 [warning] [Decorations] CAPPING events from decorations provider vscode.git 386
2024-03-10 18:20:46.655 [warning] [Decorations] CAPPING events from decorations provider vscode.git 386
2024-03-10 18:20:51.763 [warning] [Decorations] CAPPING events from decorations provider vscode.git 386
2024-03-10 18:20:56.849 [warning] [Decorations] CAPPING events from decorations provider vscode.git 386
2024-03-10 18:21:04.221 [warning] [Decorations] CAPPING events from decorations provider vscode.git 386
2024-03-10 18:25:29.182 [warning] [Decorations] CAPPING events from decorations provider vscode.git 386
2024-03-10 18:25:34.284 [warning] [Decorations] CAPPING events from decorations provider vscode.git 386
2024-03-10 18:25:39.433 [warning] [Decorations] CAPPING events from decorations provider vscode.git 386
2024-03-10 18:25:44.576 [warning] [Decorations] CAPPING events from decorations provider vscode.git 386
2024-03-10 18:25:49.687 [warning] [Decorations] CAPPING events from decorations provider vscode.git 386
2024-03-10 18:27:21.783 [warning] [Decorations] CAPPING events from decorations provider vscode.git 389
2024-03-10 18:27:30.622 [warning] [Decorations] CAPPING events from decorations provider vscode.git 389
2024-03-10 18:27:35.762 [warning] [Decorations] CAPPING events from decorations provider vscode.git 389
2024-03-10 18:27:54.055 [warning] [Decorations] CAPPING events from decorations provider vscode.git 392
2024-03-10 18:28:42.876 [warning] [Decorations] CAPPING events from decorations provider vscode.git 392
2024-03-10 18:28:47.968 [warning] [Decorations] CAPPING events from decorations provider vscode.git 392
2024-03-10 18:29:19.515 [warning] [Decorations] CAPPING events from decorations provider vscode.git 395
2024-03-10 18:29:24.582 [warning] [Decorations] CAPPING events from decorations provider vscode.git 398
2024-03-10 18:29:30.450 [warning] [Decorations] CAPPING events from decorations provider vscode.git 398
2024-03-10 18:29:36.603 [warning] [Decorations] CAPPING events from decorations provider vscode.git 398
2024-03-10 18:29:41.724 [warning] [Decorations] CAPPING events from decorations provider vscode.git 398
2024-03-10 18:29:46.840 [warning] [Decorations] CAPPING events from decorations provider vscode.git 401
2024-03-10 18:29:51.906 [warning] [Decorations] CAPPING events from decorations provider vscode.git 401
2024-03-10 18:29:56.977 [warning] [Decorations] CAPPING events from decorations provider vscode.git 404
2024-03-10 18:30:03.162 [warning] [Decorations] CAPPING events from decorations provider vscode.git 404
2024-03-10 18:30:08.241 [warning] [Decorations] CAPPING events from decorations provider vscode.git 404
2024-03-10 18:31:32.799 [warning] [Decorations] CAPPING events from decorations provider vscode.git 407
2024-03-10 18:32:13.259 [warning] [Decorations] CAPPING events from decorations provider vscode.git 407
2024-03-10 18:32:18.378 [warning] [Decorations] CAPPING events from decorations provider vscode.git 407
2024-03-10 18:32:35.274 [warning] [Decorations] CAPPING events from decorations provider vscode.git 410
2024-03-10 18:32:40.374 [warning] [Decorations] CAPPING events from decorations provider vscode.git 410
2024-03-10 18:32:45.446 [warning] [Decorations] CAPPING events from decorations provider vscode.git 413
2024-03-10 18:32:50.538 [warning] [Decorations] CAPPING events from decorations provider vscode.git 416
2024-03-10 18:33:00.080 [warning] [Decorations] CAPPING events from decorations provider vscode.git 419
2024-03-10 18:33:05.166 [warning] [Decorations] CAPPING events from decorations provider vscode.git 422
2024-03-10 18:33:10.703 [warning] [Decorations] CAPPING events from decorations provider vscode.git 425
2024-03-10 18:33:15.805 [warning] [Decorations] CAPPING events from decorations provider vscode.git 428
2024-03-10 18:33:21.751 [warning] [Decorations] CAPPING events from decorations provider vscode.git 431
2024-03-10 18:33:26.861 [warning] [Decorations] CAPPING events from decorations provider vscode.git 434
2024-03-10 18:33:31.955 [warning] [Decorations] CAPPING events from decorations provider vscode.git 437
2024-03-10 18:33:39.172 [warning] [Decorations] CAPPING events from decorations provider vscode.git 443
2024-03-10 18:33:48.715 [warning] [Decorations] CAPPING events from decorations provider vscode.git 449
2024-03-10 18:33:54.357 [warning] [Decorations] CAPPING events from decorations provider vscode.git 449
2024-03-10 18:34:00.780 [warning] [Decorations] CAPPING events from decorations provider vscode.git 452
2024-03-10 18:34:12.801 [warning] [Decorations] CAPPING events from decorations provider vscode.git 455
2024-03-10 18:34:17.868 [warning] [Decorations] CAPPING events from decorations provider vscode.git 456
2024-03-10 18:34:46.294 [warning] [Decorations] CAPPING events from decorations provider vscode.git 455
2024-03-10 18:34:51.403 [warning] [Decorations] CAPPING events from decorations provider vscode.git 455
2024-03-10 18:34:56.457 [warning] [Decorations] CAPPING events from decorations provider vscode.git 455
2024-03-10 18:35:01.534 [warning] [Decorations] CAPPING events from decorations provider vscode.git 455
2024-03-10 18:35:06.587 [warning] [Decorations] CAPPING events from decorations provider vscode.git 455
2024-03-10 18:35:11.662 [warning] [Decorations] CAPPING events from decorations provider vscode.git 455
2024-03-10 18:35:16.808 [warning] [Decorations] CAPPING events from decorations provider vscode.git 455
2024-03-10 18:35:21.877 [warning] [Decorations] CAPPING events from decorations provider vscode.git 455
2024-03-10 18:35:26.992 [warning] [Decorations] CAPPING events from decorations provider vscode.git 455
2024-03-10 18:35:32.071 [warning] [Decorations] CAPPING events from decorations provider vscode.git 455
2024-03-10 18:35:37.165 [warning] [Decorations] CAPPING events from decorations provider vscode.git 455
2024-03-10 18:35:42.258 [warning] [Decorations] CAPPING events from decorations provider vscode.git 456
2024-03-10 18:35:47.365 [warning] [Decorations] CAPPING events from decorations provider vscode.git 456
2024-03-10 18:35:52.792 [warning] [Decorations] CAPPING events from decorations provider vscode.git 456
2024-03-10 18:35:57.894 [warning] [Decorations] CAPPING events from decorations provider vscode.git 456
2024-03-10 18:36:02.962 [warning] [Decorations] CAPPING events from decorations provider vscode.git 456
2024-03-10 18:36:08.072 [warning] [Decorations] CAPPING events from decorations provider vscode.git 456
2024-03-10 18:36:13.180 [warning] [Decorations] CAPPING events from decorations provider vscode.git 456
2024-03-10 18:36:18.256 [warning] [Decorations] CAPPING events from decorations provider vscode.git 456
