2024-03-13 17:56:09.569 [info] Log level: Info
2024-03-13 17:56:09.570 [info] Validating found git in: "git"
2024-03-13 17:56:09.570 [info] Using git "2.34.1" from "git"
2024-03-13 17:56:09.570 [info] > git rev-parse --show-toplevel [14ms]
2024-03-13 17:56:09.570 [info] fatal: not a git repository (or any of the parent directories): .git
2024-03-13 17:56:09.570 [info] > git rev-parse --show-toplevel [13ms]
2024-03-13 17:56:09.570 [info] fatal: not a git repository (or any of the parent directories): .git
2024-03-13 17:56:09.611 [info] > git rev-parse --show-toplevel [14ms]
2024-03-13 17:56:09.611 [info] fatal: not a git repository (or any of the parent directories): .git
2024-03-13 17:56:09.631 [info] > git rev-parse --show-toplevel [4ms]
2024-03-13 17:56:09.632 [info] fatal: not a git repository (or any parent up to mount point /)
Stopping at filesystem boundary (GIT_DISCOVERY_ACROSS_FILESYSTEM not set).
2024-03-13 17:56:09.644 [info] > git rev-parse --show-toplevel [3ms]
2024-03-13 17:56:09.644 [info] fatal: not a git repository (or any of the parent directories): .git
2024-03-13 17:56:09.655 [info] > git rev-parse --show-toplevel [2ms]
2024-03-13 17:56:09.655 [info] fatal: not a git repository (or any of the parent directories): .git
2024-03-13 17:56:09.676 [info] > git rev-parse --show-toplevel [2ms]
2024-03-13 17:56:09.676 [info] fatal: not a git repository (or any of the parent directories): .git
2024-03-13 17:56:09.687 [info] > git rev-parse --show-toplevel [5ms]
2024-03-13 17:56:09.687 [info] fatal: not a git repository (or any of the parent directories): .git
2024-03-13 17:56:09.698 [info] > git rev-parse --show-toplevel [3ms]
2024-03-13 17:56:09.698 [info] fatal: not a git repository (or any of the parent directories): .git
2024-03-13 17:56:09.721 [info] > git rev-parse --show-toplevel [3ms]
2024-03-13 17:56:09.721 [info] fatal: not a git repository (or any parent up to mount point /)
Stopping at filesystem boundary (GIT_DISCOVERY_ACROSS_FILESYSTEM not set).
2024-03-13 17:56:09.742 [info] > git rev-parse --show-toplevel [3ms]
2024-03-13 17:56:09.743 [info] fatal: not a git repository (or any parent up to mount point /)
Stopping at filesystem boundary (GIT_DISCOVERY_ACROSS_FILESYSTEM not set).
2024-03-13 17:56:09.757 [info] > git rev-parse --show-toplevel [6ms]
2024-03-13 17:56:09.757 [info] fatal: not a git repository (or any of the parent directories): .git
2024-03-13 17:56:09.767 [info] > git rev-parse --show-toplevel [3ms]
2024-03-13 17:56:09.767 [info] fatal: not a git repository (or any of the parent directories): .git
2024-03-13 17:56:09.774 [info] > git rev-parse --show-toplevel [2ms]
2024-03-13 17:56:09.774 [info] fatal: not a git repository (or any parent up to mount point /)
Stopping at filesystem boundary (GIT_DISCOVERY_ACROSS_FILESYSTEM not set).
2024-03-13 17:56:09.785 [info] > git rev-parse --show-toplevel [4ms]
2024-03-13 17:56:09.785 [info] fatal: not a git repository (or any of the parent directories): .git
2024-03-13 17:56:09.793 [info] > git rev-parse --show-toplevel [2ms]
2024-03-13 17:56:09.793 [info] fatal: not a git repository (or any of the parent directories): .git
2024-03-13 17:56:09.805 [info] > git rev-parse --show-toplevel [3ms]
2024-03-13 17:56:09.805 [info] fatal: not a git repository (or any of the parent directories): .git
