2024-02-08 18:32:56.703 [info] Log level: Info
2024-02-08 18:32:56.706 [info] Validating found git in: "git"
2024-02-08 18:32:56.706 [info] Using git "2.34.1" from "git"
2024-02-08 18:32:56.706 [info] > git rev-parse --show-toplevel [19ms]
2024-02-08 18:32:56.706 [info] fatal: not a git repository (or any of the parent directories): .git
2024-02-08 18:32:56.706 [info] > git rev-parse --show-toplevel [7ms]
2024-02-08 18:32:56.706 [info] fatal: not a git repository (or any of the parent directories): .git
2024-02-08 18:32:56.854 [info] > git rev-parse --show-toplevel [138ms]
2024-02-08 18:32:56.855 [info] fatal: not a git repository (or any of the parent directories): .git
2024-02-08 18:32:56.892 [info] > git rev-parse --show-toplevel [10ms]
2024-02-08 18:32:56.892 [info] fatal: not a git repository (or any of the parent directories): .git
2024-02-08 18:32:56.921 [info] > git rev-parse --show-toplevel [6ms]
2024-02-08 18:32:56.922 [info] fatal: not a git repository (or any of the parent directories): .git
2024-02-08 18:32:56.947 [info] > git rev-parse --show-toplevel [3ms]
2024-02-08 18:32:56.950 [info] fatal: not a git repository (or any of the parent directories): .git
2024-02-08 18:32:56.971 [info] > git rev-parse --show-toplevel [3ms]
2024-02-08 18:32:56.971 [info] fatal: not a git repository (or any of the parent directories): .git
2024-02-08 18:32:57.583 [info] > git rev-parse --show-toplevel [1ms]
2024-02-08 18:32:57.584 [info] fatal: not a git repository (or any of the parent directories): .git
2024-02-08 18:32:59.214 [info] > git rev-parse --show-toplevel [3ms]
2024-02-08 18:32:59.215 [info] fatal: not a git repository (or any of the parent directories): .git
2024-02-08 18:33:02.199 [info] > git rev-parse --show-toplevel [2ms]
2024-02-08 18:33:02.200 [info] fatal: not a git repository (or any of the parent directories): .git
2024-02-08 18:33:03.234 [info] > git rev-parse --show-toplevel [1ms]
2024-02-08 18:33:03.235 [info] fatal: not a git repository (or any of the parent directories): .git
2024-02-08 18:33:04.251 [info] > git rev-parse --show-toplevel [4ms]
2024-02-08 18:33:04.251 [info] fatal: not a git repository (or any of the parent directories): .git
2024-02-08 18:33:33.404 [info] > git rev-parse --show-toplevel [1ms]
2024-02-08 18:33:33.404 [info] fatal: not a git repository (or any of the parent directories): .git
2024-02-08 18:41:24.643 [info] > git rev-parse --show-toplevel [4ms]
2024-02-08 18:41:24.643 [info] fatal: not a git repository (or any of the parent directories): .git
2024-02-08 18:41:45.973 [info] > git rev-parse --show-toplevel [3ms]
2024-02-08 18:41:45.973 [info] fatal: not a git repository (or any of the parent directories): .git
2024-02-08 18:42:05.192 [info] > git rev-parse --show-toplevel [2ms]
2024-02-08 18:42:05.192 [info] fatal: not a git repository (or any of the parent directories): .git
2024-02-08 18:42:13.107 [info] > git rev-parse --show-toplevel [3ms]
2024-02-08 18:42:13.110 [info] fatal: not a git repository (or any of the parent directories): .git
2024-02-08 18:47:02.862 [info] > git rev-parse --show-toplevel [3ms]
2024-02-08 18:47:02.862 [info] fatal: not a git repository (or any of the parent directories): .git
2024-02-08 18:47:06.345 [info] > git rev-parse --show-toplevel [5ms]
2024-02-08 18:47:06.345 [info] fatal: not a git repository (or any of the parent directories): .git
2024-02-08 18:50:39.842 [info] > git rev-parse --show-toplevel [2ms]
2024-02-08 18:50:39.843 [info] fatal: not a git repository (or any of the parent directories): .git
2024-02-08 18:50:43.009 [info] > git rev-parse --show-toplevel [3ms]
2024-02-08 18:50:43.009 [info] fatal: not a git repository (or any of the parent directories): .git
2024-02-08 18:51:19.157 [info] > git rev-parse --show-toplevel [2ms]
2024-02-08 18:51:19.157 [info] fatal: not a git repository (or any of the parent directories): .git
2024-02-08 19:00:33.295 [info] > git rev-parse --show-toplevel [2ms]
2024-02-08 19:00:33.295 [info] fatal: not a git repository (or any of the parent directories): .git
2024-02-08 19:01:45.018 [info] > git rev-parse --show-toplevel [2ms]
2024-02-08 19:01:45.019 [info] fatal: not a git repository (or any of the parent directories): .git
2024-02-08 19:02:03.934 [info] > git rev-parse --show-toplevel [1ms]
2024-02-08 19:02:03.934 [info] fatal: not a git repository (or any of the parent directories): .git
2024-02-08 19:02:13.478 [info] > git rev-parse --show-toplevel [4ms]
2024-02-08 19:02:13.478 [info] fatal: not a git repository (or any of the parent directories): .git
2024-02-08 19:04:49.304 [info] > git rev-parse --show-toplevel [3ms]
2024-02-08 19:04:49.304 [info] fatal: not a git repository (or any of the parent directories): .git
2024-02-08 19:05:26.747 [info] > git rev-parse --show-toplevel [1ms]
2024-02-08 19:05:26.747 [info] fatal: not a git repository (or any of the parent directories): .git
2024-02-08 19:06:38.714 [info] > git rev-parse --show-toplevel [1ms]
2024-02-08 19:06:38.714 [info] fatal: not a git repository (or any of the parent directories): .git
2024-02-08 19:06:42.586 [info] > git rev-parse --show-toplevel [2ms]
2024-02-08 19:06:42.586 [info] fatal: not a git repository (or any of the parent directories): .git
2024-02-08 19:06:45.783 [info] > git rev-parse --show-toplevel [2ms]
2024-02-08 19:06:45.783 [info] fatal: not a git repository (or any of the parent directories): .git
2024-02-08 19:06:47.864 [info] > git rev-parse --show-toplevel [4ms]
2024-02-08 19:06:47.864 [info] fatal: not a git repository (or any of the parent directories): .git
2024-02-08 19:06:49.031 [info] > git rev-parse --show-toplevel [2ms]
2024-02-08 19:06:49.031 [info] fatal: not a git repository (or any of the parent directories): .git
2024-02-08 19:08:27.632 [info] > git rev-parse --show-toplevel [1ms]
2024-02-08 19:08:27.632 [info] fatal: not a git repository (or any of the parent directories): .git
2024-02-08 19:09:11.486 [info] > git rev-parse --show-toplevel [2ms]
2024-02-08 19:09:11.486 [info] fatal: not a git repository (or any of the parent directories): .git
2024-02-08 19:09:19.657 [info] > git rev-parse --show-toplevel [8ms]
2024-02-08 19:09:19.657 [info] fatal: not a git repository (or any of the parent directories): .git
2024-02-08 19:09:22.014 [info] > git rev-parse --show-toplevel [2ms]
2024-02-08 19:09:22.014 [info] fatal: not a git repository (or any of the parent directories): .git
2024-02-08 19:09:28.883 [info] > git rev-parse --show-toplevel [1ms]
2024-02-08 19:09:28.883 [info] fatal: not a git repository (or any of the parent directories): .git
2024-02-08 19:09:38.927 [info] > git rev-parse --show-toplevel [1ms]
2024-02-08 19:09:38.927 [info] fatal: not a git repository (or any of the parent directories): .git
2024-02-08 19:09:41.367 [info] > git rev-parse --show-toplevel [2ms]
2024-02-08 19:09:41.367 [info] fatal: not a git repository (or any of the parent directories): .git
2024-02-08 19:09:44.045 [info] > git rev-parse --show-toplevel [8ms]
2024-02-08 19:09:44.045 [info] fatal: not a git repository (or any of the parent directories): .git
2024-02-08 19:09:48.914 [info] > git rev-parse --show-toplevel [1ms]
2024-02-08 19:09:48.914 [info] fatal: not a git repository (or any of the parent directories): .git
2024-02-08 19:09:51.131 [info] > git rev-parse --show-toplevel [2ms]
2024-02-08 19:09:51.132 [info] fatal: not a git repository (or any of the parent directories): .git
2024-02-08 19:11:24.537 [info] > git rev-parse --show-toplevel [1ms]
2024-02-08 19:11:24.537 [info] fatal: not a git repository (or any of the parent directories): .git
2024-02-08 19:11:49.643 [info] > git rev-parse --show-toplevel [4ms]
2024-02-08 19:11:49.643 [info] fatal: not a git repository (or any of the parent directories): .git
2024-02-08 19:40:46.802 [info] > git rev-parse --show-toplevel [1ms]
2024-02-08 19:40:46.803 [info] fatal: not a git repository (or any of the parent directories): .git
2024-02-08 19:43:49.036 [info] > git rev-parse --show-toplevel [1ms]
2024-02-08 19:43:49.036 [info] fatal: not a git repository (or any of the parent directories): .git
2024-02-08 19:47:45.892 [info] > git rev-parse --show-toplevel [2ms]
2024-02-08 19:47:45.892 [info] fatal: not a git repository (or any of the parent directories): .git
2024-02-08 19:53:55.127 [info] > git rev-parse --show-toplevel [11ms]
2024-02-08 19:53:55.127 [info] fatal: not a git repository (or any of the parent directories): .git
2024-02-08 19:55:27.130 [info] > git rev-parse --show-toplevel [3ms]
2024-02-08 19:55:27.130 [info] fatal: not a git repository (or any of the parent directories): .git
2024-02-08 19:55:29.335 [info] > git rev-parse --show-toplevel [3ms]
2024-02-08 19:55:29.335 [info] fatal: not a git repository (or any of the parent directories): .git
2024-02-08 19:55:31.708 [info] > git rev-parse --show-toplevel [10ms]
2024-02-08 19:55:31.708 [info] fatal: not a git repository (or any of the parent directories): .git
2024-02-08 19:55:32.641 [info] > git rev-parse --show-toplevel [4ms]
2024-02-08 19:55:32.642 [info] fatal: not a git repository (or any of the parent directories): .git
2024-02-08 19:55:33.405 [info] > git rev-parse --show-toplevel [1ms]
2024-02-08 19:55:33.405 [info] fatal: not a git repository (or any of the parent directories): .git
2024-02-08 19:56:28.294 [info] > git rev-parse --show-toplevel [3ms]
2024-02-08 19:56:28.294 [info] fatal: not a git repository (or any of the parent directories): .git
2024-02-08 19:56:30.574 [info] > git rev-parse --show-toplevel [3ms]
2024-02-08 19:56:30.574 [info] fatal: not a git repository (or any of the parent directories): .git
2024-02-08 20:03:07.869 [info] > git rev-parse --show-toplevel [1ms]
2024-02-08 20:03:07.869 [info] fatal: not a git repository (or any of the parent directories): .git
2024-02-08 20:03:16.233 [info] > git rev-parse --show-toplevel [1ms]
2024-02-08 20:03:16.233 [info] fatal: not a git repository (or any of the parent directories): .git
2024-02-08 20:05:10.972 [info] > git rev-parse --show-toplevel [1ms]
2024-02-08 20:05:10.972 [info] fatal: not a git repository (or any of the parent directories): .git
2024-02-08 20:05:28.329 [info] > git rev-parse --show-toplevel [2ms]
2024-02-08 20:05:28.329 [info] fatal: not a git repository (or any of the parent directories): .git
2024-02-08 20:06:10.786 [info] > git rev-parse --show-toplevel [5ms]
2024-02-08 20:06:10.787 [info] fatal: not a git repository (or any of the parent directories): .git
2024-02-08 20:10:49.299 [info] > git rev-parse --show-toplevel [3ms]
2024-02-08 20:10:49.300 [info] fatal: not a git repository (or any of the parent directories): .git
2024-02-08 20:10:49.890 [info] > git rev-parse --show-toplevel [3ms]
2024-02-08 20:10:49.891 [info] fatal: not a git repository (or any of the parent directories): .git
2024-02-08 20:10:56.855 [info] > git rev-parse --show-toplevel [2ms]
2024-02-08 20:10:56.855 [info] fatal: not a git repository (or any of the parent directories): .git
2024-02-08 20:11:47.566 [info] > git rev-parse --show-toplevel [1ms]
2024-02-08 20:11:47.566 [info] fatal: not a git repository (or any of the parent directories): .git
2024-02-08 20:13:54.676 [info] > git rev-parse --show-toplevel [3ms]
2024-02-08 20:13:54.678 [info] fatal: not a git repository (or any of the parent directories): .git
2024-02-08 20:13:56.414 [info] > git rev-parse --show-toplevel [2ms]
2024-02-08 20:13:56.414 [info] fatal: not a git repository (or any of the parent directories): .git
2024-02-08 20:14:01.315 [info] > git rev-parse --show-toplevel [0ms]
2024-02-08 20:14:01.315 [info] fatal: not a git repository (or any of the parent directories): .git
2024-02-08 20:14:03.529 [info] > git rev-parse --show-toplevel [3ms]
2024-02-08 20:14:03.529 [info] fatal: not a git repository (or any of the parent directories): .git
2024-02-08 20:15:43.844 [info] > git rev-parse --show-toplevel [3ms]
2024-02-08 20:15:43.845 [info] fatal: not a git repository (or any of the parent directories): .git
2024-02-08 20:16:01.557 [info] > git rev-parse --show-toplevel [1ms]
2024-02-08 20:16:01.557 [info] fatal: not a git repository (or any of the parent directories): .git
2024-02-08 20:20:14.646 [info] > git rev-parse --show-toplevel [1ms]
2024-02-08 20:20:14.646 [info] fatal: not a git repository (or any of the parent directories): .git
2024-02-08 20:22:07.599 [info] > git rev-parse --show-toplevel [3ms]
2024-02-08 20:22:07.599 [info] fatal: not a git repository (or any of the parent directories): .git
2024-02-08 20:22:14.894 [info] > git rev-parse --show-toplevel [2ms]
2024-02-08 20:22:14.894 [info] fatal: not a git repository (or any of the parent directories): .git
2024-02-08 20:22:28.595 [info] > git rev-parse --show-toplevel [1ms]
2024-02-08 20:22:28.595 [info] fatal: not a git repository (or any of the parent directories): .git
2024-02-08 20:22:41.144 [info] > git rev-parse --show-toplevel [1ms]
2024-02-08 20:22:41.144 [info] fatal: not a git repository (or any of the parent directories): .git
2024-02-08 20:22:47.055 [info] > git rev-parse --show-toplevel [5ms]
2024-02-08 20:22:47.055 [info] fatal: not a git repository (or any of the parent directories): .git
2024-02-08 20:22:52.084 [info] > git rev-parse --show-toplevel [2ms]
2024-02-08 20:22:52.084 [info] fatal: not a git repository (or any of the parent directories): .git
2024-02-08 20:56:53.046 [info] > git rev-parse --show-toplevel [11ms]
2024-02-08 20:56:53.047 [info] fatal: not a git repository (or any of the parent directories): .git
2024-02-08 20:58:18.748 [info] > git rev-parse --show-toplevel [2ms]
2024-02-08 20:58:18.748 [info] fatal: not a git repository (or any of the parent directories): .git
2024-02-08 21:40:14.511 [info] > git rev-parse --show-toplevel [7ms]
2024-02-08 21:40:14.513 [info] fatal: not a git repository (or any of the parent directories): .git
2024-02-08 21:40:16.613 [info] > git rev-parse --show-toplevel [11ms]
2024-02-08 21:40:16.613 [info] fatal: not a git repository (or any of the parent directories): .git
2024-02-08 21:40:19.442 [info] > git rev-parse --show-toplevel [1ms]
2024-02-08 21:40:19.442 [info] fatal: not a git repository (or any of the parent directories): .git
2024-02-08 21:40:21.263 [info] > git rev-parse --show-toplevel [4ms]
2024-02-08 21:40:21.263 [info] fatal: not a git repository (or any of the parent directories): .git
2024-02-08 21:45:21.730 [info] > git rev-parse --show-toplevel [6ms]
2024-02-08 21:45:21.730 [info] fatal: not a git repository (or any of the parent directories): .git
2024-02-08 21:46:09.648 [info] > git rev-parse --show-toplevel [2ms]
2024-02-08 21:46:09.648 [info] fatal: not a git repository (or any of the parent directories): .git
2024-02-08 21:46:09.896 [info] > git rev-parse --show-toplevel [2ms]
2024-02-08 21:46:09.896 [info] fatal: not a git repository (or any of the parent directories): .git
2024-02-08 21:46:17.935 [info] > git rev-parse --show-toplevel [2ms]
2024-02-08 21:46:17.935 [info] fatal: not a git repository (or any of the parent directories): .git
