2024-03-14 16:23:25.059 [info] Extension host with pid 27362 started
2024-03-14 16:23:25.124 [info] ExtensionService#_doActivateExtension vscode.emmet, startup: false, activationEvent: 'onLanguage'
2024-03-14 16:23:25.125 [info] ExtensionService#_doActivateExtension vscode.php-language-features, startup: false, activationEvent: 'onLanguage:php'
2024-03-14 16:23:25.234 [info] Lock '/home/akraaam_kh/.vscode-server/data/User/workspaceStorage/aab43a72942d0c30cbbbacde874c7c05/vscode.lock': Lock acquired.
2024-03-14 16:23:25.403 [info] ExtensionService#_doActivateExtension vscode.git-base, startup: true, activationEvent: '*', root cause: vscode.git
2024-03-14 16:23:25.456 [info] ExtensionService#_doActivateExtension vscode.git, startup: true, activationEvent: '*'
2024-03-14 16:23:25.457 [info] ExtensionService#_doActivateExtension vscode.github, startup: true, activationEvent: '*'
2024-03-14 16:23:26.038 [info] Eager extensions activated
2024-03-14 16:23:26.039 [info] ExtensionService#_doActivateExtension vscode.debug-auto-launch, startup: false, activationEvent: 'onStartupFinished'
2024-03-14 16:23:26.040 [info] ExtensionService#_doActivateExtension vscode.merge-conflict, startup: false, activationEvent: 'onStartupFinished'
2024-03-14 16:23:26.810 [warning] [Decorations] CAPPING events from decorations provider vscode.git 3496
2024-03-14 16:23:28.749 [warning] [Decorations] CAPPING events from decorations provider vscode.git 3496
2024-03-14 16:23:31.640 [warning] [Decorations] CAPPING events from decorations provider vscode.git 3496
2024-03-14 16:23:36.805 [warning] [Decorations] CAPPING events from decorations provider vscode.git 3508
2024-03-14 16:23:41.976 [warning] [Decorations] CAPPING events from decorations provider vscode.git 3508
2024-03-14 16:23:47.689 [warning] [Decorations] CAPPING events from decorations provider vscode.git 3508
2024-03-14 16:23:52.881 [warning] [Decorations] CAPPING events from decorations provider vscode.git 3508
2024-03-14 16:23:58.694 [warning] [Decorations] CAPPING events from decorations provider vscode.git 3511
2024-03-14 16:24:03.998 [warning] [Decorations] CAPPING events from decorations provider vscode.git 3511
2024-03-14 16:24:09.175 [warning] [Decorations] CAPPING events from decorations provider vscode.git 3511
2024-03-14 16:24:14.363 [warning] [Decorations] CAPPING events from decorations provider vscode.git 3511
2024-03-14 16:24:19.528 [warning] [Decorations] CAPPING events from decorations provider vscode.git 3511
2024-03-14 16:24:24.724 [warning] [Decorations] CAPPING events from decorations provider vscode.git 3511
2024-03-14 16:24:29.922 [warning] [Decorations] CAPPING events from decorations provider vscode.git 3511
2024-03-14 16:29:07.200 [warning] [Decorations] CAPPING events from decorations provider vscode.git 3511
2024-03-14 16:29:12.492 [warning] [Decorations] CAPPING events from decorations provider vscode.git 3511
2024-03-14 16:29:17.712 [warning] [Decorations] CAPPING events from decorations provider vscode.git 3511
2024-03-14 16:29:24.435 [warning] [Decorations] CAPPING events from decorations provider vscode.git 3511
2024-03-14 16:29:39.067 [warning] [Decorations] CAPPING events from decorations provider vscode.git 3514
2024-03-14 16:34:58.152 [warning] [Decorations] CAPPING events from decorations provider vscode.git 3517
2024-03-14 16:35:03.395 [warning] [Decorations] CAPPING events from decorations provider vscode.git 3517
2024-03-14 16:35:08.596 [warning] [Decorations] CAPPING events from decorations provider vscode.git 3517
2024-03-14 16:35:13.826 [warning] [Decorations] CAPPING events from decorations provider vscode.git 3517
2024-03-14 16:35:19.066 [warning] [Decorations] CAPPING events from decorations provider vscode.git 3517
2024-03-14 16:35:24.256 [warning] [Decorations] CAPPING events from decorations provider vscode.git 3517
2024-03-14 16:35:29.481 [warning] [Decorations] CAPPING events from decorations provider vscode.git 3517
2024-03-14 16:46:02.616 [warning] [Decorations] CAPPING events from decorations provider vscode.git 3520
2024-03-14 16:46:07.849 [warning] [Decorations] CAPPING events from decorations provider vscode.git 3520
2024-03-14 16:53:36.132 [warning] [Decorations] CAPPING events from decorations provider vscode.git 3520
2024-03-14 17:00:12.389 [warning] [Decorations] CAPPING events from decorations provider vscode.git 3525
2024-03-14 17:01:55.403 [warning] [Decorations] CAPPING events from decorations provider vscode.git 3525
2024-03-14 17:02:00.587 [warning] [Decorations] CAPPING events from decorations provider vscode.git 3525
2024-03-14 17:02:05.721 [warning] [Decorations] CAPPING events from decorations provider vscode.git 3525
2024-03-14 17:02:10.885 [warning] [Decorations] CAPPING events from decorations provider vscode.git 3525
2024-03-14 17:02:16.133 [warning] [Decorations] CAPPING events from decorations provider vscode.git 3525
2024-03-14 17:02:21.344 [warning] [Decorations] CAPPING events from decorations provider vscode.git 3525
2024-03-14 17:02:26.523 [warning] [Decorations] CAPPING events from decorations provider vscode.git 3525
2024-03-14 17:02:31.698 [warning] [Decorations] CAPPING events from decorations provider vscode.git 3525
2024-03-14 17:02:36.876 [warning] [Decorations] CAPPING events from decorations provider vscode.git 3525
2024-03-14 17:02:42.061 [warning] [Decorations] CAPPING events from decorations provider vscode.git 3525
2024-03-14 17:02:47.275 [warning] [Decorations] CAPPING events from decorations provider vscode.git 3525
2024-03-14 17:02:52.422 [warning] [Decorations] CAPPING events from decorations provider vscode.git 3525
2024-03-14 17:02:57.564 [warning] [Decorations] CAPPING events from decorations provider vscode.git 3525
2024-03-14 17:03:02.766 [warning] [Decorations] CAPPING events from decorations provider vscode.git 3525
2024-03-14 17:03:19.696 [warning] [Decorations] CAPPING events from decorations provider vscode.git 3525
2024-03-14 17:03:24.900 [warning] [Decorations] CAPPING events from decorations provider vscode.git 3525
2024-03-14 17:03:30.129 [warning] [Decorations] CAPPING events from decorations provider vscode.git 3525
2024-03-14 17:03:35.330 [warning] [Decorations] CAPPING events from decorations provider vscode.git 3525
2024-03-14 17:07:24.300 [warning] [Decorations] CAPPING events from decorations provider vscode.git 3525
2024-03-14 17:07:29.471 [warning] [Decorations] CAPPING events from decorations provider vscode.git 3525
2024-03-14 17:09:17.450 [warning] [Decorations] CAPPING events from decorations provider vscode.git 3525
2024-03-14 17:09:22.734 [warning] [Decorations] CAPPING events from decorations provider vscode.git 3525
2024-03-14 17:09:37.256 [warning] [Decorations] CAPPING events from decorations provider vscode.git 3525
2024-03-14 17:09:46.960 [warning] [Decorations] CAPPING events from decorations provider vscode.git 3525
2024-03-14 17:09:52.160 [warning] [Decorations] CAPPING events from decorations provider vscode.git 3525
2024-03-14 17:10:01.044 [warning] [Decorations] CAPPING events from decorations provider vscode.git 3525
2024-03-14 17:10:06.255 [warning] [Decorations] CAPPING events from decorations provider vscode.git 3525
2024-03-14 17:20:45.765 [warning] [Decorations] CAPPING events from decorations provider vscode.git 3525
2024-03-14 17:20:50.981 [warning] [Decorations] CAPPING events from decorations provider vscode.git 3528
2024-03-14 17:21:43.209 [warning] [Decorations] CAPPING events from decorations provider vscode.git 3528
2024-03-14 17:21:48.548 [warning] [Decorations] CAPPING events from decorations provider vscode.git 3528
2024-03-14 17:21:53.707 [warning] [Decorations] CAPPING events from decorations provider vscode.git 3528
2024-03-14 17:21:58.928 [warning] [Decorations] CAPPING events from decorations provider vscode.git 3528
2024-03-14 17:24:19.633 [warning] [Decorations] CAPPING events from decorations provider vscode.git 3528
2024-03-14 17:24:24.893 [warning] [Decorations] CAPPING events from decorations provider vscode.git 3528
2024-03-14 17:24:30.062 [warning] [Decorations] CAPPING events from decorations provider vscode.git 3531
2024-03-14 17:24:36.737 [warning] [Decorations] CAPPING events from decorations provider vscode.git 3531
2024-03-14 17:26:14.311 [warning] [Decorations] CAPPING events from decorations provider vscode.git 3531
2024-03-14 17:26:29.560 [warning] [Decorations] CAPPING events from decorations provider vscode.git 3531
2024-03-14 17:27:56.201 [warning] [Decorations] CAPPING events from decorations provider vscode.git 3531
2024-03-14 17:28:01.376 [warning] [Decorations] CAPPING events from decorations provider vscode.git 3534
2024-03-14 17:28:06.516 [warning] [Decorations] CAPPING events from decorations provider vscode.git 3537
2024-03-14 17:28:11.742 [warning] [Decorations] CAPPING events from decorations provider vscode.git 3537
2024-03-14 17:30:54.637 [warning] [Decorations] CAPPING events from decorations provider vscode.git 3537
2024-03-14 17:30:59.900 [warning] [Decorations] CAPPING events from decorations provider vscode.git 3537
2024-03-14 17:31:12.489 [warning] [Decorations] CAPPING events from decorations provider vscode.git 3540
2024-03-14 17:31:17.670 [warning] [Decorations] CAPPING events from decorations provider vscode.git 3540
2024-03-14 17:31:22.860 [warning] [Decorations] CAPPING events from decorations provider vscode.git 3540
2024-03-14 17:31:29.590 [warning] [Decorations] CAPPING events from decorations provider vscode.git 3540
2024-03-14 17:31:34.866 [warning] [Decorations] CAPPING events from decorations provider vscode.git 3540
2024-03-14 17:31:40.038 [warning] [Decorations] CAPPING events from decorations provider vscode.git 3540
2024-03-14 17:31:45.255 [warning] [Decorations] CAPPING events from decorations provider vscode.git 3540
2024-03-14 17:31:50.509 [warning] [Decorations] CAPPING events from decorations provider vscode.git 3540
2024-03-14 17:31:55.780 [warning] [Decorations] CAPPING events from decorations provider vscode.git 3540
2024-03-14 17:32:02.425 [warning] [Decorations] CAPPING events from decorations provider vscode.git 3540
2024-03-14 17:32:07.677 [warning] [Decorations] CAPPING events from decorations provider vscode.git 3540
2024-03-14 17:32:12.896 [warning] [Decorations] CAPPING events from decorations provider vscode.git 3540
2024-03-14 17:32:18.054 [warning] [Decorations] CAPPING events from decorations provider vscode.git 3540
2024-03-14 17:32:23.186 [warning] [Decorations] CAPPING events from decorations provider vscode.git 3540
2024-03-14 17:32:28.382 [warning] [Decorations] CAPPING events from decorations provider vscode.git 3540
2024-03-14 17:33:01.881 [warning] [Decorations] CAPPING events from decorations provider vscode.git 3543
2024-03-14 17:33:08.136 [warning] [Decorations] CAPPING events from decorations provider vscode.git 3546
2024-03-14 17:33:23.202 [warning] [Decorations] CAPPING events from decorations provider vscode.git 3546
2024-03-14 17:33:28.426 [warning] [Decorations] CAPPING events from decorations provider vscode.git 3546
2024-03-14 17:33:33.584 [warning] [Decorations] CAPPING events from decorations provider vscode.git 3546
2024-03-14 17:33:42.237 [warning] [Decorations] CAPPING events from decorations provider vscode.git 3551
2024-03-14 17:33:47.445 [warning] [Decorations] CAPPING events from decorations provider vscode.git 3551
2024-03-14 17:33:52.612 [warning] [Decorations] CAPPING events from decorations provider vscode.git 3551
2024-03-14 17:33:57.944 [warning] [Decorations] CAPPING events from decorations provider vscode.git 3554
2024-03-14 17:34:03.248 [warning] [Decorations] CAPPING events from decorations provider vscode.git 3554
2024-03-14 17:34:12.278 [warning] [Decorations] CAPPING events from decorations provider vscode.git 3554
2024-03-14 17:34:17.530 [warning] [Decorations] CAPPING events from decorations provider vscode.git 3557
2024-03-14 17:34:22.805 [warning] [Decorations] CAPPING events from decorations provider vscode.git 3560
2024-03-14 17:34:28.084 [warning] [Decorations] CAPPING events from decorations provider vscode.git 3560
2024-03-14 17:34:33.242 [warning] [Decorations] CAPPING events from decorations provider vscode.git 3560
2024-03-14 17:34:38.499 [warning] [Decorations] CAPPING events from decorations provider vscode.git 3560
2024-03-14 17:34:43.662 [warning] [Decorations] CAPPING events from decorations provider vscode.git 3560
2024-03-14 17:35:26.890 [warning] [Decorations] CAPPING events from decorations provider vscode.git 3560
2024-03-14 17:35:32.108 [warning] [Decorations] CAPPING events from decorations provider vscode.git 3560
2024-03-14 17:35:37.314 [warning] [Decorations] CAPPING events from decorations provider vscode.git 3560
2024-03-14 17:35:53.272 [warning] [Decorations] CAPPING events from decorations provider vscode.git 3563
2024-03-14 17:35:58.501 [warning] [Decorations] CAPPING events from decorations provider vscode.git 3563
2024-03-14 17:36:03.710 [warning] [Decorations] CAPPING events from decorations provider vscode.git 3563
2024-03-14 17:36:08.946 [warning] [Decorations] CAPPING events from decorations provider vscode.git 3563
2024-03-14 17:36:14.197 [warning] [Decorations] CAPPING events from decorations provider vscode.git 3563
2024-03-14 17:36:19.329 [warning] [Decorations] CAPPING events from decorations provider vscode.git 3563
2024-03-14 17:36:24.477 [warning] [Decorations] CAPPING events from decorations provider vscode.git 3563
2024-03-14 17:36:32.096 [warning] [Decorations] CAPPING events from decorations provider vscode.git 3563
2024-03-14 17:36:37.227 [warning] [Decorations] CAPPING events from decorations provider vscode.git 3563
2024-03-14 17:36:42.360 [warning] [Decorations] CAPPING events from decorations provider vscode.git 3563
2024-03-14 17:36:47.568 [warning] [Decorations] CAPPING events from decorations provider vscode.git 3563
2024-03-14 17:36:52.783 [warning] [Decorations] CAPPING events from decorations provider vscode.git 3563
2024-03-14 17:36:58.006 [warning] [Decorations] CAPPING events from decorations provider vscode.git 3563
2024-03-14 17:39:12.294 [warning] [Decorations] CAPPING events from decorations provider vscode.git 3563
2024-03-14 17:39:17.494 [warning] [Decorations] CAPPING events from decorations provider vscode.git 3563
2024-03-14 17:39:25.137 [warning] [Decorations] CAPPING events from decorations provider vscode.git 3566
2024-03-14 17:39:30.380 [warning] [Decorations] CAPPING events from decorations provider vscode.git 3566
2024-03-14 17:39:35.572 [warning] [Decorations] CAPPING events from decorations provider vscode.git 3566
2024-03-14 17:51:00.508 [warning] [Decorations] CAPPING events from decorations provider vscode.git 3567
2024-03-14 17:51:05.797 [warning] [Decorations] CAPPING events from decorations provider vscode.git 3567
2024-03-14 17:51:10.970 [warning] [Decorations] CAPPING events from decorations provider vscode.git 3567
2024-03-14 17:51:16.246 [warning] [Decorations] CAPPING events from decorations provider vscode.git 3567
2024-03-14 17:51:21.485 [warning] [Decorations] CAPPING events from decorations provider vscode.git 3567
2024-03-14 17:51:26.688 [warning] [Decorations] CAPPING events from decorations provider vscode.git 3567
2024-03-14 17:51:32.037 [warning] [Decorations] CAPPING events from decorations provider vscode.git 3567
2024-03-14 17:51:37.309 [warning] [Decorations] CAPPING events from decorations provider vscode.git 3567
2024-03-14 17:51:42.551 [warning] [Decorations] CAPPING events from decorations provider vscode.git 3567
2024-03-14 17:51:47.760 [warning] [Decorations] CAPPING events from decorations provider vscode.git 3567
2024-03-14 17:51:53.025 [warning] [Decorations] CAPPING events from decorations provider vscode.git 3567
2024-03-14 17:51:58.198 [warning] [Decorations] CAPPING events from decorations provider vscode.git 3567
2024-03-14 17:52:03.375 [warning] [Decorations] CAPPING events from decorations provider vscode.git 3567
2024-03-14 17:52:08.670 [warning] [Decorations] CAPPING events from decorations provider vscode.git 3567
2024-03-14 17:52:13.898 [warning] [Decorations] CAPPING events from decorations provider vscode.git 3567
2024-03-14 17:52:19.054 [warning] [Decorations] CAPPING events from decorations provider vscode.git 3567
2024-03-14 17:52:24.253 [warning] [Decorations] CAPPING events from decorations provider vscode.git 3567
2024-03-14 17:52:29.501 [warning] [Decorations] CAPPING events from decorations provider vscode.git 3567
2024-03-14 17:52:34.721 [warning] [Decorations] CAPPING events from decorations provider vscode.git 3567
2024-03-14 17:52:40.010 [warning] [Decorations] CAPPING events from decorations provider vscode.git 3567
2024-03-14 17:52:45.256 [warning] [Decorations] CAPPING events from decorations provider vscode.git 3567
2024-03-14 17:52:55.713 [warning] [Decorations] CAPPING events from decorations provider vscode.git 3570
2024-03-14 17:53:00.898 [warning] [Decorations] CAPPING events from decorations provider vscode.git 3570
2024-03-14 17:56:41.098 [warning] [Decorations] CAPPING events from decorations provider vscode.git 3573
2024-03-14 17:56:46.301 [warning] [Decorations] CAPPING events from decorations provider vscode.git 3573
2024-03-14 17:56:51.515 [warning] [Decorations] CAPPING events from decorations provider vscode.git 3573
2024-03-14 17:56:56.728 [warning] [Decorations] CAPPING events from decorations provider vscode.git 3574
2024-03-14 17:57:01.983 [warning] [Decorations] CAPPING events from decorations provider vscode.git 3574
2024-03-14 17:57:07.134 [warning] [Decorations] CAPPING events from decorations provider vscode.git 3574
2024-03-14 17:57:12.370 [warning] [Decorations] CAPPING events from decorations provider vscode.git 3575
2024-03-14 17:57:17.580 [warning] [Decorations] CAPPING events from decorations provider vscode.git 3575
2024-03-14 17:57:22.856 [warning] [Decorations] CAPPING events from decorations provider vscode.git 3575
2024-03-14 17:57:28.114 [warning] [Decorations] CAPPING events from decorations provider vscode.git 3575
2024-03-14 17:59:43.681 [warning] [Decorations] CAPPING events from decorations provider vscode.git 3575
2024-03-14 18:01:41.951 [warning] [Decorations] CAPPING events from decorations provider vscode.git 3575
2024-03-14 18:01:47.170 [warning] [Decorations] CAPPING events from decorations provider vscode.git 3575
2024-03-14 18:01:52.445 [warning] [Decorations] CAPPING events from decorations provider vscode.git 3575
2024-03-14 18:01:57.714 [warning] [Decorations] CAPPING events from decorations provider vscode.git 3575
2024-03-14 18:02:02.867 [warning] [Decorations] CAPPING events from decorations provider vscode.git 3575
2024-03-14 18:03:33.015 [warning] [Decorations] CAPPING events from decorations provider vscode.git 3578
2024-03-14 18:03:47.086 [warning] [Decorations] CAPPING events from decorations provider vscode.git 3578
2024-03-14 18:03:52.254 [warning] [Decorations] CAPPING events from decorations provider vscode.git 3578
2024-03-14 18:03:57.565 [warning] [Decorations] CAPPING events from decorations provider vscode.git 3578
2024-03-14 18:04:02.889 [warning] [Decorations] CAPPING events from decorations provider vscode.git 3578
2024-03-14 18:04:40.573 [warning] [Decorations] CAPPING events from decorations provider vscode.git 3578
2024-03-14 18:04:45.824 [warning] [Decorations] CAPPING events from decorations provider vscode.git 3578
2024-03-14 18:05:20.919 [warning] [Decorations] CAPPING events from decorations provider vscode.git 3578
2024-03-14 18:05:26.113 [warning] [Decorations] CAPPING events from decorations provider vscode.git 3578
2024-03-14 18:05:31.289 [warning] [Decorations] CAPPING events from decorations provider vscode.git 3578
2024-03-14 18:05:36.547 [warning] [Decorations] CAPPING events from decorations provider vscode.git 3578
2024-03-14 18:05:41.752 [warning] [Decorations] CAPPING events from decorations provider vscode.git 3578
2024-03-14 18:05:46.974 [warning] [Decorations] CAPPING events from decorations provider vscode.git 3578
2024-03-14 18:05:52.226 [warning] [Decorations] CAPPING events from decorations provider vscode.git 3578
2024-03-14 18:05:57.412 [warning] [Decorations] CAPPING events from decorations provider vscode.git 3578
2024-03-14 18:06:02.617 [warning] [Decorations] CAPPING events from decorations provider vscode.git 3578
2024-03-14 18:06:07.862 [warning] [Decorations] CAPPING events from decorations provider vscode.git 3578
2024-03-14 18:06:13.120 [warning] [Decorations] CAPPING events from decorations provider vscode.git 3578
2024-03-14 18:06:18.334 [warning] [Decorations] CAPPING events from decorations provider vscode.git 3578
2024-03-14 18:06:23.583 [warning] [Decorations] CAPPING events from decorations provider vscode.git 3578
2024-03-14 18:06:31.405 [warning] [Decorations] CAPPING events from decorations provider vscode.git 3580
2024-03-14 18:06:36.617 [warning] [Decorations] CAPPING events from decorations provider vscode.git 3580
2024-03-14 18:06:41.803 [warning] [Decorations] CAPPING events from decorations provider vscode.git 3581
2024-03-14 18:06:46.985 [warning] [Decorations] CAPPING events from decorations provider vscode.git 3581
2024-03-14 18:06:52.226 [warning] [Decorations] CAPPING events from decorations provider vscode.git 3581
2024-03-14 18:06:57.364 [warning] [Decorations] CAPPING events from decorations provider vscode.git 3581
2024-03-14 18:07:02.611 [warning] [Decorations] CAPPING events from decorations provider vscode.git 3581
2024-03-14 18:07:07.798 [warning] [Decorations] CAPPING events from decorations provider vscode.git 3581
2024-03-14 18:07:13.005 [warning] [Decorations] CAPPING events from decorations provider vscode.git 3581
2024-03-14 18:07:18.572 [warning] [Decorations] CAPPING events from decorations provider vscode.git 3581
2024-03-14 18:07:23.817 [warning] [Decorations] CAPPING events from decorations provider vscode.git 3581
2024-03-14 18:07:36.621 [warning] [Decorations] CAPPING events from decorations provider vscode.git 3581
2024-03-14 18:07:41.781 [warning] [Decorations] CAPPING events from decorations provider vscode.git 3581
2024-03-14 18:07:47.029 [warning] [Decorations] CAPPING events from decorations provider vscode.git 3582
2024-03-14 18:07:52.266 [warning] [Decorations] CAPPING events from decorations provider vscode.git 3582
2024-03-14 18:07:57.560 [warning] [Decorations] CAPPING events from decorations provider vscode.git 3582
2024-03-14 18:08:02.835 [warning] [Decorations] CAPPING events from decorations provider vscode.git 3582
2024-03-14 18:08:08.027 [warning] [Decorations] CAPPING events from decorations provider vscode.git 3582
2024-03-14 18:08:13.212 [warning] [Decorations] CAPPING events from decorations provider vscode.git 3583
2024-03-14 18:08:18.415 [warning] [Decorations] CAPPING events from decorations provider vscode.git 3583
2024-03-14 18:08:25.996 [warning] [Decorations] CAPPING events from decorations provider vscode.git 3583
2024-03-14 18:08:31.208 [warning] [Decorations] CAPPING events from decorations provider vscode.git 3583
2024-03-14 18:08:36.415 [warning] [Decorations] CAPPING events from decorations provider vscode.git 3584
2024-03-14 18:08:41.670 [warning] [Decorations] CAPPING events from decorations provider vscode.git 3584
2024-03-14 18:08:46.857 [warning] [Decorations] CAPPING events from decorations provider vscode.git 3584
2024-03-14 18:08:52.061 [warning] [Decorations] CAPPING events from decorations provider vscode.git 3584
2024-03-14 18:08:57.323 [warning] [Decorations] CAPPING events from decorations provider vscode.git 3584
2024-03-14 18:09:02.537 [warning] [Decorations] CAPPING events from decorations provider vscode.git 3584
2024-03-14 18:09:08.041 [warning] [Decorations] CAPPING events from decorations provider vscode.git 3584
2024-03-14 18:09:13.242 [warning] [Decorations] CAPPING events from decorations provider vscode.git 3584
2024-03-14 18:09:18.435 [warning] [Decorations] CAPPING events from decorations provider vscode.git 3584
2024-03-14 18:09:23.657 [warning] [Decorations] CAPPING events from decorations provider vscode.git 3584
2024-03-14 18:09:28.882 [warning] [Decorations] CAPPING events from decorations provider vscode.git 3584
2024-03-14 18:09:34.053 [warning] [Decorations] CAPPING events from decorations provider vscode.git 3584
2024-03-14 18:09:39.750 [warning] [Decorations] CAPPING events from decorations provider vscode.git 3586
2024-03-14 18:09:45.026 [warning] [Decorations] CAPPING events from decorations provider vscode.git 3586
2024-03-14 18:09:50.252 [warning] [Decorations] CAPPING events from decorations provider vscode.git 3586
2024-03-14 18:09:55.451 [warning] [Decorations] CAPPING events from decorations provider vscode.git 3586
2024-03-14 18:10:00.708 [warning] [Decorations] CAPPING events from decorations provider vscode.git 3586
2024-03-14 18:10:06.011 [warning] [Decorations] CAPPING events from decorations provider vscode.git 3586
2024-03-14 18:10:11.246 [warning] [Decorations] CAPPING events from decorations provider vscode.git 3586
2024-03-14 18:10:17.953 [warning] [Decorations] CAPPING events from decorations provider vscode.git 3587
2024-03-14 18:10:23.146 [warning] [Decorations] CAPPING events from decorations provider vscode.git 3587
2024-03-14 18:10:28.307 [warning] [Decorations] CAPPING events from decorations provider vscode.git 3587
2024-03-14 18:10:33.615 [warning] [Decorations] CAPPING events from decorations provider vscode.git 3588
2024-03-14 18:10:39.504 [warning] [Decorations] CAPPING events from decorations provider vscode.git 3588
2024-03-14 18:10:44.714 [warning] [Decorations] CAPPING events from decorations provider vscode.git 3588
2024-03-14 18:10:50.451 [warning] [Decorations] CAPPING events from decorations provider vscode.git 3589
2024-03-14 18:10:55.723 [warning] [Decorations] CAPPING events from decorations provider vscode.git 3589
2024-03-14 18:11:00.955 [warning] [Decorations] CAPPING events from decorations provider vscode.git 3589
2024-03-14 18:11:06.173 [warning] [Decorations] CAPPING events from decorations provider vscode.git 3589
2024-03-14 18:12:20.753 [warning] [Decorations] CAPPING events from decorations provider vscode.git 3589
2024-03-14 18:12:25.929 [warning] [Decorations] CAPPING events from decorations provider vscode.git 3590
2024-03-14 18:12:31.234 [warning] [Decorations] CAPPING events from decorations provider vscode.git 3591
2024-03-14 18:12:36.476 [warning] [Decorations] CAPPING events from decorations provider vscode.git 3594
2024-03-14 18:12:41.848 [warning] [Decorations] CAPPING events from decorations provider vscode.git 3594
2024-03-14 18:12:47.068 [warning] [Decorations] CAPPING events from decorations provider vscode.git 3597
2024-03-14 18:12:52.254 [warning] [Decorations] CAPPING events from decorations provider vscode.git 3600
2024-03-14 18:12:57.438 [warning] [Decorations] CAPPING events from decorations provider vscode.git 3600
2024-03-14 18:13:05.064 [warning] [Decorations] CAPPING events from decorations provider vscode.git 3600
2024-03-14 18:13:12.148 [warning] [Decorations] CAPPING events from decorations provider vscode.git 3600
2024-03-14 18:13:21.002 [warning] [Decorations] CAPPING events from decorations provider vscode.git 3600
2024-03-14 18:13:26.214 [warning] [Decorations] CAPPING events from decorations provider vscode.git 3600
2024-03-14 18:13:31.417 [warning] [Decorations] CAPPING events from decorations provider vscode.git 3601
2024-03-14 18:13:36.670 [warning] [Decorations] CAPPING events from decorations provider vscode.git 3601
2024-03-14 18:13:41.987 [warning] [Decorations] CAPPING events from decorations provider vscode.git 3601
2024-03-14 18:13:47.203 [warning] [Decorations] CAPPING events from decorations provider vscode.git 3601
2024-03-14 18:13:52.431 [warning] [Decorations] CAPPING events from decorations provider vscode.git 3601
2024-03-14 18:13:57.684 [warning] [Decorations] CAPPING events from decorations provider vscode.git 3601
2024-03-14 18:14:02.937 [warning] [Decorations] CAPPING events from decorations provider vscode.git 3602
2024-03-14 18:14:08.099 [warning] [Decorations] CAPPING events from decorations provider vscode.git 3603
2024-03-14 18:14:13.293 [warning] [Decorations] CAPPING events from decorations provider vscode.git 3603
2024-03-14 18:14:21.014 [warning] [Decorations] CAPPING events from decorations provider vscode.git 3603
2024-03-14 18:14:26.248 [warning] [Decorations] CAPPING events from decorations provider vscode.git 3603
2024-03-14 18:14:31.486 [warning] [Decorations] CAPPING events from decorations provider vscode.git 3603
2024-03-14 18:14:37.204 [warning] [Decorations] CAPPING events from decorations provider vscode.git 3603
2024-03-14 18:14:42.442 [warning] [Decorations] CAPPING events from decorations provider vscode.git 3603
2024-03-14 18:14:51.304 [warning] [Decorations] CAPPING events from decorations provider vscode.git 3604
2024-03-14 18:14:58.392 [warning] [Decorations] CAPPING events from decorations provider vscode.git 3604
2024-03-14 18:15:27.712 [warning] [Decorations] CAPPING events from decorations provider vscode.git 3604
2024-03-14 18:15:32.948 [warning] [Decorations] CAPPING events from decorations provider vscode.git 3604
2024-03-14 18:15:38.199 [warning] [Decorations] CAPPING events from decorations provider vscode.git 3604
2024-03-14 18:15:48.329 [warning] [Decorations] CAPPING events from decorations provider vscode.git 3605
2024-03-14 18:15:53.559 [warning] [Decorations] CAPPING events from decorations provider vscode.git 3605
2024-03-14 18:15:58.774 [warning] [Decorations] CAPPING events from decorations provider vscode.git 3605
2024-03-14 18:16:03.952 [warning] [Decorations] CAPPING events from decorations provider vscode.git 3605
2024-03-14 18:16:09.201 [warning] [Decorations] CAPPING events from decorations provider vscode.git 3606
2024-03-14 18:16:14.395 [warning] [Decorations] CAPPING events from decorations provider vscode.git 3606
2024-03-14 18:16:22.023 [warning] [Decorations] CAPPING events from decorations provider vscode.git 3607
2024-03-14 18:18:35.742 [warning] [Decorations] CAPPING events from decorations provider vscode.git 3607
2024-03-14 18:18:41.016 [warning] [Decorations] CAPPING events from decorations provider vscode.git 3607
2024-03-14 18:18:46.175 [warning] [Decorations] CAPPING events from decorations provider vscode.git 3607
2024-03-14 18:18:51.473 [warning] [Decorations] CAPPING events from decorations provider vscode.git 3607
2024-03-14 18:18:56.647 [warning] [Decorations] CAPPING events from decorations provider vscode.git 3607
2024-03-14 18:19:02.353 [warning] [Decorations] CAPPING events from decorations provider vscode.git 3609
2024-03-14 18:19:07.586 [warning] [Decorations] CAPPING events from decorations provider vscode.git 3609
2024-03-14 18:19:13.850 [warning] [Decorations] CAPPING events from decorations provider vscode.git 3609
2024-03-14 18:19:19.637 [warning] [Decorations] CAPPING events from decorations provider vscode.git 2419
2024-03-14 18:19:25.142 [warning] [Decorations] CAPPING events from decorations provider vscode.git 2419
2024-03-14 18:19:30.696 [warning] [Decorations] CAPPING events from decorations provider vscode.git 2419
2024-03-14 18:19:35.831 [warning] [Decorations] CAPPING events from decorations provider vscode.git 2419
2024-03-14 20:28:33.424 [info] ExtensionService#_doActivateExtension vscode.css-language-features, startup: false, activationEvent: 'onLanguage:css'
2024-03-14 23:26:47.457 [warning] [Decorations] CAPPING events from decorations provider vscode.git 253
2024-03-14 23:26:52.542 [warning] [Decorations] CAPPING events from decorations provider vscode.git 254
2024-03-14 23:26:58.412 [warning] [Decorations] CAPPING events from decorations provider vscode.git 257
2024-03-14 23:27:03.511 [warning] [Decorations] CAPPING events from decorations provider vscode.git 257
2024-03-14 23:27:08.578 [warning] [Decorations] CAPPING events from decorations provider vscode.git 257
2024-03-14 23:27:13.664 [warning] [Decorations] CAPPING events from decorations provider vscode.git 257
2024-03-14 23:27:18.770 [warning] [Decorations] CAPPING events from decorations provider vscode.git 257
2024-03-14 23:27:23.843 [warning] [Decorations] CAPPING events from decorations provider vscode.git 257
2024-03-14 23:27:28.953 [warning] [Decorations] CAPPING events from decorations provider vscode.git 260
2024-03-14 23:27:34.060 [warning] [Decorations] CAPPING events from decorations provider vscode.git 260
2024-03-14 23:27:39.158 [warning] [Decorations] CAPPING events from decorations provider vscode.git 260
2024-03-14 23:27:44.247 [warning] [Decorations] CAPPING events from decorations provider vscode.git 260
2024-03-14 23:27:49.442 [warning] [Decorations] CAPPING events from decorations provider vscode.git 260
2024-03-14 23:27:56.481 [warning] [Decorations] CAPPING events from decorations provider vscode.git 260
2024-03-14 23:28:11.878 [warning] [Decorations] CAPPING events from decorations provider vscode.git 260
2024-03-14 23:28:16.946 [warning] [Decorations] CAPPING events from decorations provider vscode.git 260
2024-03-14 23:28:22.038 [warning] [Decorations] CAPPING events from decorations provider vscode.git 260
2024-03-14 23:28:27.136 [warning] [Decorations] CAPPING events from decorations provider vscode.git 260
2024-03-14 23:28:32.256 [warning] [Decorations] CAPPING events from decorations provider vscode.git 260
2024-03-14 23:28:37.329 [warning] [Decorations] CAPPING events from decorations provider vscode.git 260
2024-03-14 23:28:42.415 [warning] [Decorations] CAPPING events from decorations provider vscode.git 260
2024-03-14 23:28:47.485 [warning] [Decorations] CAPPING events from decorations provider vscode.git 260
2024-03-14 23:29:04.054 [warning] [Decorations] CAPPING events from decorations provider vscode.git 260
2024-03-14 23:29:09.131 [warning] [Decorations] CAPPING events from decorations provider vscode.git 260
2024-03-14 23:29:14.234 [warning] [Decorations] CAPPING events from decorations provider vscode.git 260
2024-03-14 23:29:19.336 [warning] [Decorations] CAPPING events from decorations provider vscode.git 260
2024-03-14 23:29:24.411 [warning] [Decorations] CAPPING events from decorations provider vscode.git 260
2024-03-14 23:29:29.495 [warning] [Decorations] CAPPING events from decorations provider vscode.git 260
2024-03-14 23:29:34.591 [warning] [Decorations] CAPPING events from decorations provider vscode.git 260
2024-03-14 23:29:39.683 [warning] [Decorations] CAPPING events from decorations provider vscode.git 260
2024-03-14 23:29:51.514 [warning] [Decorations] CAPPING events from decorations provider vscode.git 260
2024-03-14 23:29:56.580 [warning] [Decorations] CAPPING events from decorations provider vscode.git 260
2024-03-14 23:30:01.638 [warning] [Decorations] CAPPING events from decorations provider vscode.git 260
2024-03-14 23:30:06.707 [warning] [Decorations] CAPPING events from decorations provider vscode.git 260
2024-03-14 23:30:11.791 [warning] [Decorations] CAPPING events from decorations provider vscode.git 260
2024-03-14 23:30:16.863 [warning] [Decorations] CAPPING events from decorations provider vscode.git 260
2024-03-14 23:30:21.931 [warning] [Decorations] CAPPING events from decorations provider vscode.git 260
2024-03-14 23:30:27.010 [warning] [Decorations] CAPPING events from decorations provider vscode.git 260
2024-03-14 23:30:32.105 [warning] [Decorations] CAPPING events from decorations provider vscode.git 260
2024-03-14 23:30:37.183 [warning] [Decorations] CAPPING events from decorations provider vscode.git 260
2024-03-14 23:31:06.091 [warning] [Decorations] CAPPING events from decorations provider vscode.git 260
2024-03-14 23:31:11.213 [warning] [Decorations] CAPPING events from decorations provider vscode.git 260
2024-03-14 23:31:16.293 [warning] [Decorations] CAPPING events from decorations provider vscode.git 260
2024-03-14 23:31:21.351 [warning] [Decorations] CAPPING events from decorations provider vscode.git 260
2024-03-14 23:31:26.455 [warning] [Decorations] CAPPING events from decorations provider vscode.git 260
2024-03-14 23:31:31.539 [warning] [Decorations] CAPPING events from decorations provider vscode.git 260
2024-03-14 23:31:36.626 [warning] [Decorations] CAPPING events from decorations provider vscode.git 260
2024-03-14 23:31:41.731 [warning] [Decorations] CAPPING events from decorations provider vscode.git 260
2024-03-14 23:31:46.877 [warning] [Decorations] CAPPING events from decorations provider vscode.git 263
2024-03-14 23:31:52.002 [warning] [Decorations] CAPPING events from decorations provider vscode.git 266
2024-03-14 23:31:57.141 [warning] [Decorations] CAPPING events from decorations provider vscode.git 266
2024-03-14 23:32:02.314 [warning] [Decorations] CAPPING events from decorations provider vscode.git 269
2024-03-14 23:32:07.389 [warning] [Decorations] CAPPING events from decorations provider vscode.git 269
2024-03-14 23:32:12.462 [warning] [Decorations] CAPPING events from decorations provider vscode.git 269
2024-03-14 23:32:17.572 [warning] [Decorations] CAPPING events from decorations provider vscode.git 269
2024-03-14 23:32:22.640 [warning] [Decorations] CAPPING events from decorations provider vscode.git 269
2024-03-14 23:32:27.750 [warning] [Decorations] CAPPING events from decorations provider vscode.git 269
2024-03-14 23:32:32.839 [warning] [Decorations] CAPPING events from decorations provider vscode.git 272
2024-03-14 23:32:37.953 [warning] [Decorations] CAPPING events from decorations provider vscode.git 272
2024-03-14 23:32:43.046 [warning] [Decorations] CAPPING events from decorations provider vscode.git 272
2024-03-14 23:32:48.136 [warning] [Decorations] CAPPING events from decorations provider vscode.git 272
2024-03-14 23:32:53.245 [warning] [Decorations] CAPPING events from decorations provider vscode.git 272
2024-03-14 23:32:59.280 [warning] [Decorations] CAPPING events from decorations provider vscode.git 272
2024-03-14 23:33:04.382 [warning] [Decorations] CAPPING events from decorations provider vscode.git 272
2024-03-14 23:33:47.004 [warning] [Decorations] CAPPING events from decorations provider vscode.git 272
2024-03-14 23:33:52.090 [warning] [Decorations] CAPPING events from decorations provider vscode.git 275
2024-03-14 23:33:57.193 [warning] [Decorations] CAPPING events from decorations provider vscode.git 278
2024-03-14 23:35:02.445 [warning] [Decorations] CAPPING events from decorations provider vscode.git 281
2024-03-14 23:35:07.546 [warning] [Decorations] CAPPING events from decorations provider vscode.git 281
2024-03-14 23:35:12.655 [warning] [Decorations] CAPPING events from decorations provider vscode.git 281
2024-03-14 23:35:17.775 [warning] [Decorations] CAPPING events from decorations provider vscode.git 281
2024-03-14 23:35:22.854 [warning] [Decorations] CAPPING events from decorations provider vscode.git 281
2024-03-14 23:35:27.911 [warning] [Decorations] CAPPING events from decorations provider vscode.git 281
2024-03-14 23:35:32.978 [warning] [Decorations] CAPPING events from decorations provider vscode.git 284
2024-03-14 23:35:38.116 [warning] [Decorations] CAPPING events from decorations provider vscode.git 284
2024-03-14 23:35:43.232 [warning] [Decorations] CAPPING events from decorations provider vscode.git 284
2024-03-14 23:36:03.320 [warning] [Decorations] CAPPING events from decorations provider vscode.git 285
2024-03-14 23:36:13.475 [warning] [Decorations] CAPPING events from decorations provider vscode.git 285
2024-03-14 23:36:18.560 [warning] [Decorations] CAPPING events from decorations provider vscode.git 285
2024-03-14 23:36:23.659 [warning] [Decorations] CAPPING events from decorations provider vscode.git 285
2024-03-14 23:36:28.786 [warning] [Decorations] CAPPING events from decorations provider vscode.git 285
2024-03-14 23:36:33.887 [warning] [Decorations] CAPPING events from decorations provider vscode.git 285
2024-03-14 23:36:38.991 [warning] [Decorations] CAPPING events from decorations provider vscode.git 285
2024-03-14 23:36:44.094 [warning] [Decorations] CAPPING events from decorations provider vscode.git 285
2024-03-14 23:36:49.165 [warning] [Decorations] CAPPING events from decorations provider vscode.git 285
2024-03-14 23:36:54.247 [warning] [Decorations] CAPPING events from decorations provider vscode.git 285
2024-03-14 23:36:59.382 [warning] [Decorations] CAPPING events from decorations provider vscode.git 285
2024-03-14 23:37:04.474 [warning] [Decorations] CAPPING events from decorations provider vscode.git 285
2024-03-14 23:37:11.015 [warning] [Decorations] CAPPING events from decorations provider vscode.git 288
2024-03-14 23:37:16.127 [warning] [Decorations] CAPPING events from decorations provider vscode.git 288
2024-03-14 23:37:21.211 [warning] [Decorations] CAPPING events from decorations provider vscode.git 288
2024-03-14 23:37:26.281 [warning] [Decorations] CAPPING events from decorations provider vscode.git 289
2024-03-14 23:37:31.376 [warning] [Decorations] CAPPING events from decorations provider vscode.git 289
2024-03-14 23:37:36.462 [warning] [Decorations] CAPPING events from decorations provider vscode.git 289
2024-03-14 23:37:41.542 [warning] [Decorations] CAPPING events from decorations provider vscode.git 289
2024-03-14 23:37:46.643 [warning] [Decorations] CAPPING events from decorations provider vscode.git 289
2024-03-14 23:37:51.755 [warning] [Decorations] CAPPING events from decorations provider vscode.git 289
2024-03-14 23:37:56.849 [warning] [Decorations] CAPPING events from decorations provider vscode.git 289
2024-03-14 23:38:01.911 [warning] [Decorations] CAPPING events from decorations provider vscode.git 289
2024-03-14 23:38:07.007 [warning] [Decorations] CAPPING events from decorations provider vscode.git 289
2024-03-14 23:38:12.081 [warning] [Decorations] CAPPING events from decorations provider vscode.git 289
2024-03-14 23:38:17.205 [warning] [Decorations] CAPPING events from decorations provider vscode.git 289
2024-03-14 23:38:22.289 [warning] [Decorations] CAPPING events from decorations provider vscode.git 289
2024-03-14 23:38:27.388 [warning] [Decorations] CAPPING events from decorations provider vscode.git 289
2024-03-14 23:38:32.494 [warning] [Decorations] CAPPING events from decorations provider vscode.git 289
2024-03-14 23:38:37.585 [warning] [Decorations] CAPPING events from decorations provider vscode.git 289
2024-03-14 23:38:42.657 [warning] [Decorations] CAPPING events from decorations provider vscode.git 289
2024-03-14 23:38:47.729 [warning] [Decorations] CAPPING events from decorations provider vscode.git 289
2024-03-14 23:38:53.090 [warning] [Decorations] CAPPING events from decorations provider vscode.git 289
2024-03-14 23:38:58.189 [warning] [Decorations] CAPPING events from decorations provider vscode.git 289
2024-03-14 23:39:03.242 [warning] [Decorations] CAPPING events from decorations provider vscode.git 289
2024-03-14 23:39:32.921 [warning] [Decorations] CAPPING events from decorations provider vscode.git 289
2024-03-14 23:39:38.028 [warning] [Decorations] CAPPING events from decorations provider vscode.git 289
2024-03-14 23:39:43.088 [warning] [Decorations] CAPPING events from decorations provider vscode.git 289
2024-03-14 23:39:48.180 [warning] [Decorations] CAPPING events from decorations provider vscode.git 289
2024-03-14 23:39:53.298 [warning] [Decorations] CAPPING events from decorations provider vscode.git 289
2024-03-14 23:39:58.381 [warning] [Decorations] CAPPING events from decorations provider vscode.git 289
2024-03-14 23:40:03.455 [warning] [Decorations] CAPPING events from decorations provider vscode.git 290
2024-03-14 23:40:08.541 [warning] [Decorations] CAPPING events from decorations provider vscode.git 290
2024-03-14 23:40:13.607 [warning] [Decorations] CAPPING events from decorations provider vscode.git 290
2024-03-14 23:40:18.698 [warning] [Decorations] CAPPING events from decorations provider vscode.git 291
2024-03-14 23:40:23.802 [warning] [Decorations] CAPPING events from decorations provider vscode.git 291
2024-03-14 23:40:29.123 [warning] [Decorations] CAPPING events from decorations provider vscode.git 290
2024-03-14 23:40:36.135 [warning] [Decorations] CAPPING events from decorations provider vscode.git 291
2024-03-14 23:40:41.236 [warning] [Decorations] CAPPING events from decorations provider vscode.git 290
2024-03-14 23:40:46.320 [warning] [Decorations] CAPPING events from decorations provider vscode.git 290
2024-03-14 23:40:59.019 [warning] [Decorations] CAPPING events from decorations provider vscode.git 290
2024-03-14 23:41:04.141 [warning] [Decorations] CAPPING events from decorations provider vscode.git 290
2024-03-14 23:41:09.218 [warning] [Decorations] CAPPING events from decorations provider vscode.git 290
2024-03-14 23:41:14.281 [warning] [Decorations] CAPPING events from decorations provider vscode.git 290
2024-03-14 23:41:19.367 [warning] [Decorations] CAPPING events from decorations provider vscode.git 290
2024-03-14 23:41:24.485 [warning] [Decorations] CAPPING events from decorations provider vscode.git 290
2024-03-14 23:41:29.582 [warning] [Decorations] CAPPING events from decorations provider vscode.git 290
2024-03-14 23:41:34.666 [warning] [Decorations] CAPPING events from decorations provider vscode.git 290
2024-03-14 23:41:39.905 [warning] [Decorations] CAPPING events from decorations provider vscode.git 290
2024-03-14 23:41:45.016 [warning] [Decorations] CAPPING events from decorations provider vscode.git 290
2024-03-14 23:41:50.083 [warning] [Decorations] CAPPING events from decorations provider vscode.git 290
2024-03-14 23:41:55.160 [warning] [Decorations] CAPPING events from decorations provider vscode.git 290
2024-03-14 23:42:00.227 [warning] [Decorations] CAPPING events from decorations provider vscode.git 290
2024-03-14 23:42:12.810 [warning] [Decorations] CAPPING events from decorations provider vscode.git 291
2024-03-14 23:42:17.893 [warning] [Decorations] CAPPING events from decorations provider vscode.git 292
2024-03-14 23:42:22.978 [warning] [Decorations] CAPPING events from decorations provider vscode.git 292
2024-03-14 23:42:30.999 [warning] [Decorations] CAPPING events from decorations provider vscode.git 292
2024-03-14 23:42:36.070 [warning] [Decorations] CAPPING events from decorations provider vscode.git 292
2024-03-14 23:42:41.148 [warning] [Decorations] CAPPING events from decorations provider vscode.git 292
2024-03-14 23:42:46.268 [warning] [Decorations] CAPPING events from decorations provider vscode.git 292
2024-03-14 23:42:51.375 [warning] [Decorations] CAPPING events from decorations provider vscode.git 294
2024-03-14 23:42:56.467 [warning] [Decorations] CAPPING events from decorations provider vscode.git 294
2024-03-14 23:43:01.998 [warning] [Decorations] CAPPING events from decorations provider vscode.git 295
2024-03-14 23:43:07.141 [warning] [Decorations] CAPPING events from decorations provider vscode.git 295
2024-03-14 23:43:12.263 [warning] [Decorations] CAPPING events from decorations provider vscode.git 296
2024-03-14 23:43:17.407 [warning] [Decorations] CAPPING events from decorations provider vscode.git 296
2024-03-14 23:43:32.387 [warning] [Decorations] CAPPING events from decorations provider vscode.git 296
2024-03-14 23:43:37.492 [warning] [Decorations] CAPPING events from decorations provider vscode.git 296
2024-03-14 23:43:42.580 [warning] [Decorations] CAPPING events from decorations provider vscode.git 296
2024-03-14 23:44:43.956 [warning] [Decorations] CAPPING events from decorations provider vscode.git 296
2024-03-14 23:44:49.012 [warning] [Decorations] CAPPING events from decorations provider vscode.git 296
2024-03-14 23:44:54.097 [warning] [Decorations] CAPPING events from decorations provider vscode.git 296
2024-03-14 23:45:23.874 [warning] [Decorations] CAPPING events from decorations provider vscode.git 296
2024-03-14 23:45:28.952 [warning] [Decorations] CAPPING events from decorations provider vscode.git 296
2024-03-14 23:45:34.017 [warning] [Decorations] CAPPING events from decorations provider vscode.git 296
2024-03-14 23:45:39.159 [warning] [Decorations] CAPPING events from decorations provider vscode.git 296
2024-03-14 23:45:44.277 [warning] [Decorations] CAPPING events from decorations provider vscode.git 296
2024-03-14 23:45:49.347 [warning] [Decorations] CAPPING events from decorations provider vscode.git 296
2024-03-14 23:45:57.065 [warning] [Decorations] CAPPING events from decorations provider vscode.git 296
2024-03-14 23:46:02.130 [warning] [Decorations] CAPPING events from decorations provider vscode.git 296
2024-03-14 23:46:07.252 [warning] [Decorations] CAPPING events from decorations provider vscode.git 297
2024-03-14 23:46:12.330 [warning] [Decorations] CAPPING events from decorations provider vscode.git 297
2024-03-14 23:46:17.469 [warning] [Decorations] CAPPING events from decorations provider vscode.git 296
2024-03-14 23:46:22.550 [warning] [Decorations] CAPPING events from decorations provider vscode.git 296
2024-03-14 23:46:27.698 [warning] [Decorations] CAPPING events from decorations provider vscode.git 296
2024-03-14 23:46:32.764 [warning] [Decorations] CAPPING events from decorations provider vscode.git 296
2024-03-14 23:46:37.950 [warning] [Decorations] CAPPING events from decorations provider vscode.git 297
2024-03-14 23:47:50.533 [warning] [Decorations] CAPPING events from decorations provider vscode.git 296
2024-03-14 23:47:55.651 [warning] [Decorations] CAPPING events from decorations provider vscode.git 296
2024-03-14 23:48:00.752 [warning] [Decorations] CAPPING events from decorations provider vscode.git 296
2024-03-14 23:48:05.880 [warning] [Decorations] CAPPING events from decorations provider vscode.git 296
2024-03-14 23:48:12.559 [warning] [Decorations] CAPPING events from decorations provider vscode.git 297
2024-03-14 23:49:33.979 [warning] [Decorations] CAPPING events from decorations provider vscode.git 297
2024-03-14 23:49:39.092 [warning] [Decorations] CAPPING events from decorations provider vscode.git 297
2024-03-14 23:49:44.180 [warning] [Decorations] CAPPING events from decorations provider vscode.git 297
2024-03-14 23:49:49.248 [warning] [Decorations] CAPPING events from decorations provider vscode.git 297
2024-03-14 23:49:54.365 [warning] [Decorations] CAPPING events from decorations provider vscode.git 297
2024-03-14 23:50:04.681 [warning] [Decorations] CAPPING events from decorations provider vscode.git 298
2024-03-14 23:51:13.173 [warning] [Decorations] CAPPING events from decorations provider vscode.git 297
2024-03-14 23:51:18.255 [warning] [Decorations] CAPPING events from decorations provider vscode.git 297
2024-03-14 23:51:23.325 [warning] [Decorations] CAPPING events from decorations provider vscode.git 298
2024-03-14 23:51:28.386 [warning] [Decorations] CAPPING events from decorations provider vscode.git 298
2024-03-14 23:51:33.504 [warning] [Decorations] CAPPING events from decorations provider vscode.git 298
2024-03-14 23:51:38.615 [warning] [Decorations] CAPPING events from decorations provider vscode.git 300
2024-03-14 23:51:43.720 [warning] [Decorations] CAPPING events from decorations provider vscode.git 301
2024-03-14 23:51:48.797 [warning] [Decorations] CAPPING events from decorations provider vscode.git 301
2024-03-14 23:51:53.909 [warning] [Decorations] CAPPING events from decorations provider vscode.git 301
2024-03-14 23:52:03.742 [warning] [Decorations] CAPPING events from decorations provider vscode.git 302
2024-03-14 23:52:08.845 [warning] [Decorations] CAPPING events from decorations provider vscode.git 302
2024-03-14 23:52:13.973 [warning] [Decorations] CAPPING events from decorations provider vscode.git 302
2024-03-14 23:52:19.077 [warning] [Decorations] CAPPING events from decorations provider vscode.git 302
2024-03-14 23:52:24.204 [warning] [Decorations] CAPPING events from decorations provider vscode.git 303
2024-03-14 23:52:29.315 [warning] [Decorations] CAPPING events from decorations provider vscode.git 303
2024-03-14 23:52:35.772 [warning] [Decorations] CAPPING events from decorations provider vscode.git 303
2024-03-14 23:52:40.834 [warning] [Decorations] CAPPING events from decorations provider vscode.git 303
2024-03-14 23:52:45.920 [warning] [Decorations] CAPPING events from decorations provider vscode.git 303
2024-03-14 23:52:51.033 [warning] [Decorations] CAPPING events from decorations provider vscode.git 303
2024-03-14 23:52:56.136 [warning] [Decorations] CAPPING events from decorations provider vscode.git 303
2024-03-14 23:53:01.241 [warning] [Decorations] CAPPING events from decorations provider vscode.git 303
2024-03-14 23:53:06.340 [warning] [Decorations] CAPPING events from decorations provider vscode.git 303
2024-03-14 23:53:11.427 [warning] [Decorations] CAPPING events from decorations provider vscode.git 304
2024-03-14 23:53:16.513 [warning] [Decorations] CAPPING events from decorations provider vscode.git 304
2024-03-14 23:53:21.601 [warning] [Decorations] CAPPING events from decorations provider vscode.git 304
2024-03-14 23:53:26.661 [warning] [Decorations] CAPPING events from decorations provider vscode.git 304
2024-03-14 23:53:31.743 [warning] [Decorations] CAPPING events from decorations provider vscode.git 305
2024-03-14 23:53:36.824 [warning] [Decorations] CAPPING events from decorations provider vscode.git 305
2024-03-14 23:53:41.910 [warning] [Decorations] CAPPING events from decorations provider vscode.git 305
2024-03-14 23:53:47.018 [warning] [Decorations] CAPPING events from decorations provider vscode.git 305
2024-03-14 23:53:52.120 [warning] [Decorations] CAPPING events from decorations provider vscode.git 305
2024-03-14 23:53:57.220 [warning] [Decorations] CAPPING events from decorations provider vscode.git 306
2024-03-14 23:54:02.562 [warning] [Decorations] CAPPING events from decorations provider vscode.git 305
2024-03-14 23:54:07.659 [warning] [Decorations] CAPPING events from decorations provider vscode.git 305
2024-03-14 23:54:12.760 [warning] [Decorations] CAPPING events from decorations provider vscode.git 305
2024-03-14 23:54:17.863 [warning] [Decorations] CAPPING events from decorations provider vscode.git 305
2024-03-14 23:54:23.043 [warning] [Decorations] CAPPING events from decorations provider vscode.git 305
2024-03-14 23:54:28.123 [warning] [Decorations] CAPPING events from decorations provider vscode.git 305
2024-03-14 23:54:33.214 [warning] [Decorations] CAPPING events from decorations provider vscode.git 305
2024-03-14 23:54:38.898 [warning] [Decorations] CAPPING events from decorations provider vscode.git 305
2024-03-14 23:54:43.978 [warning] [Decorations] CAPPING events from decorations provider vscode.git 305
2024-03-14 23:54:49.060 [warning] [Decorations] CAPPING events from decorations provider vscode.git 305
2024-03-14 23:54:54.151 [warning] [Decorations] CAPPING events from decorations provider vscode.git 306
2024-03-14 23:54:59.270 [warning] [Decorations] CAPPING events from decorations provider vscode.git 306
2024-03-14 23:55:08.997 [warning] [Decorations] CAPPING events from decorations provider vscode.git 307
2024-03-14 23:55:14.092 [warning] [Decorations] CAPPING events from decorations provider vscode.git 306
2024-03-14 23:55:21.929 [warning] [Decorations] CAPPING events from decorations provider vscode.git 306
2024-03-14 23:55:27.043 [warning] [Decorations] CAPPING events from decorations provider vscode.git 306
2024-03-14 23:55:32.145 [warning] [Decorations] CAPPING events from decorations provider vscode.git 306
2024-03-14 23:55:38.019 [warning] [Decorations] CAPPING events from decorations provider vscode.git 306
2024-03-14 23:55:43.132 [warning] [Decorations] CAPPING events from decorations provider vscode.git 306
2024-03-14 23:55:48.232 [warning] [Decorations] CAPPING events from decorations provider vscode.git 306
2024-03-14 23:55:53.327 [warning] [Decorations] CAPPING events from decorations provider vscode.git 306
2024-03-14 23:55:58.431 [warning] [Decorations] CAPPING events from decorations provider vscode.git 306
2024-03-14 23:56:03.519 [warning] [Decorations] CAPPING events from decorations provider vscode.git 306
2024-03-14 23:56:08.638 [warning] [Decorations] CAPPING events from decorations provider vscode.git 307
2024-03-14 23:56:13.737 [warning] [Decorations] CAPPING events from decorations provider vscode.git 306
2024-03-14 23:56:18.818 [warning] [Decorations] CAPPING events from decorations provider vscode.git 306
2024-03-14 23:56:23.934 [warning] [Decorations] CAPPING events from decorations provider vscode.git 306
2024-03-14 23:56:29.042 [warning] [Decorations] CAPPING events from decorations provider vscode.git 306
2024-03-14 23:58:33.507 [warning] [Decorations] CAPPING events from decorations provider vscode.git 307
2024-03-14 23:58:38.612 [warning] [Decorations] CAPPING events from decorations provider vscode.git 306
2024-03-14 23:58:43.726 [warning] [Decorations] CAPPING events from decorations provider vscode.git 306
2024-03-14 23:58:48.837 [warning] [Decorations] CAPPING events from decorations provider vscode.git 306
2024-03-14 23:58:53.985 [warning] [Decorations] CAPPING events from decorations provider vscode.git 306
2024-03-14 23:58:59.055 [warning] [Decorations] CAPPING events from decorations provider vscode.git 306
2024-03-14 23:59:04.148 [warning] [Decorations] CAPPING events from decorations provider vscode.git 306
2024-03-14 23:59:09.257 [warning] [Decorations] CAPPING events from decorations provider vscode.git 306
2024-03-14 23:59:14.333 [warning] [Decorations] CAPPING events from decorations provider vscode.git 306
2024-03-14 23:59:19.486 [warning] [Decorations] CAPPING events from decorations provider vscode.git 306
2024-03-14 23:59:24.634 [warning] [Decorations] CAPPING events from decorations provider vscode.git 306
2024-03-14 23:59:29.752 [warning] [Decorations] CAPPING events from decorations provider vscode.git 306
2024-03-14 23:59:34.873 [warning] [Decorations] CAPPING events from decorations provider vscode.git 306
2024-03-14 23:59:39.958 [warning] [Decorations] CAPPING events from decorations provider vscode.git 306
2024-03-14 23:59:49.136 [warning] [Decorations] CAPPING events from decorations provider vscode.git 306
2024-03-14 23:59:54.225 [warning] [Decorations] CAPPING events from decorations provider vscode.git 306
2024-03-14 23:59:59.325 [warning] [Decorations] CAPPING events from decorations provider vscode.git 306
2024-03-15 00:00:04.380 [warning] [Decorations] CAPPING events from decorations provider vscode.git 306
2024-03-15 00:00:09.483 [warning] [Decorations] CAPPING events from decorations provider vscode.git 306
2024-03-15 00:00:14.571 [warning] [Decorations] CAPPING events from decorations provider vscode.git 306
2024-03-15 00:00:19.678 [warning] [Decorations] CAPPING events from decorations provider vscode.git 306
2024-03-15 00:00:24.769 [warning] [Decorations] CAPPING events from decorations provider vscode.git 306
2024-03-15 00:00:29.889 [warning] [Decorations] CAPPING events from decorations provider vscode.git 306
2024-03-15 00:00:35.005 [warning] [Decorations] CAPPING events from decorations provider vscode.git 306
2024-03-15 00:00:40.142 [warning] [Decorations] CAPPING events from decorations provider vscode.git 306
2024-03-15 00:00:45.249 [warning] [Decorations] CAPPING events from decorations provider vscode.git 306
2024-03-15 00:00:50.361 [warning] [Decorations] CAPPING events from decorations provider vscode.git 306
2024-03-15 00:00:55.471 [warning] [Decorations] CAPPING events from decorations provider vscode.git 306
2024-03-15 00:02:43.950 [warning] [Decorations] CAPPING events from decorations provider vscode.git 307
2024-03-15 00:02:49.021 [warning] [Decorations] CAPPING events from decorations provider vscode.git 307
2024-03-15 00:02:54.123 [warning] [Decorations] CAPPING events from decorations provider vscode.git 307
2024-03-15 00:03:21.223 [warning] [Decorations] CAPPING events from decorations provider vscode.git 307
2024-03-15 00:03:26.302 [warning] [Decorations] CAPPING events from decorations provider vscode.git 307
2024-03-15 00:03:31.397 [warning] [Decorations] CAPPING events from decorations provider vscode.git 307
2024-03-15 00:03:36.478 [warning] [Decorations] CAPPING events from decorations provider vscode.git 307
2024-03-15 00:03:41.567 [warning] [Decorations] CAPPING events from decorations provider vscode.git 307
2024-03-15 00:03:46.650 [warning] [Decorations] CAPPING events from decorations provider vscode.git 307
2024-03-15 00:03:51.727 [warning] [Decorations] CAPPING events from decorations provider vscode.git 307
2024-03-15 00:03:56.792 [warning] [Decorations] CAPPING events from decorations provider vscode.git 307
2024-03-15 00:04:01.912 [warning] [Decorations] CAPPING events from decorations provider vscode.git 307
2024-03-15 00:04:07.007 [warning] [Decorations] CAPPING events from decorations provider vscode.git 307
2024-03-15 00:04:12.076 [warning] [Decorations] CAPPING events from decorations provider vscode.git 307
2024-03-15 00:04:17.144 [warning] [Decorations] CAPPING events from decorations provider vscode.git 307
2024-03-15 00:04:22.244 [warning] [Decorations] CAPPING events from decorations provider vscode.git 307
2024-03-15 00:04:27.347 [warning] [Decorations] CAPPING events from decorations provider vscode.git 307
2024-03-15 00:04:32.457 [warning] [Decorations] CAPPING events from decorations provider vscode.git 307
2024-03-15 00:04:37.557 [warning] [Decorations] CAPPING events from decorations provider vscode.git 307
2024-03-15 00:04:42.656 [warning] [Decorations] CAPPING events from decorations provider vscode.git 307
2024-03-15 00:04:48.449 [warning] [Decorations] CAPPING events from decorations provider vscode.git 308
2024-03-15 00:04:53.560 [warning] [Decorations] CAPPING events from decorations provider vscode.git 308
2024-03-15 00:04:58.634 [warning] [Decorations] CAPPING events from decorations provider vscode.git 308
2024-03-15 00:05:13.539 [warning] [Decorations] CAPPING events from decorations provider vscode.git 309
2024-03-15 00:05:18.660 [warning] [Decorations] CAPPING events from decorations provider vscode.git 309
2024-03-15 00:05:43.164 [warning] [Decorations] CAPPING events from decorations provider vscode.git 310
2024-03-15 00:05:48.283 [warning] [Decorations] CAPPING events from decorations provider vscode.git 310
2024-03-15 00:05:53.356 [warning] [Decorations] CAPPING events from decorations provider vscode.git 311
2024-03-15 00:05:58.415 [warning] [Decorations] CAPPING events from decorations provider vscode.git 310
2024-03-15 00:06:03.520 [warning] [Decorations] CAPPING events from decorations provider vscode.git 310
2024-03-15 00:06:08.957 [warning] [Decorations] CAPPING events from decorations provider vscode.git 310
2024-03-15 00:06:14.030 [warning] [Decorations] CAPPING events from decorations provider vscode.git 310
2024-03-15 00:06:21.924 [warning] [Decorations] CAPPING events from decorations provider vscode.git 310
2024-03-15 00:06:27.013 [warning] [Decorations] CAPPING events from decorations provider vscode.git 310
2024-03-15 00:06:32.098 [warning] [Decorations] CAPPING events from decorations provider vscode.git 311
2024-03-15 00:06:42.962 [warning] [Decorations] CAPPING events from decorations provider vscode.git 311
2024-03-15 00:06:51.308 [warning] [Decorations] CAPPING events from decorations provider vscode.git 311
2024-03-15 00:06:56.384 [warning] [Decorations] CAPPING events from decorations provider vscode.git 311
2024-03-15 00:07:01.466 [warning] [Decorations] CAPPING events from decorations provider vscode.git 311
2024-03-15 00:07:06.559 [warning] [Decorations] CAPPING events from decorations provider vscode.git 311
2024-03-15 00:07:11.656 [warning] [Decorations] CAPPING events from decorations provider vscode.git 311
2024-03-15 00:07:16.761 [warning] [Decorations] CAPPING events from decorations provider vscode.git 311
2024-03-15 00:07:21.848 [warning] [Decorations] CAPPING events from decorations provider vscode.git 311
2024-03-15 00:07:32.573 [warning] [Decorations] CAPPING events from decorations provider vscode.git 312
2024-03-15 00:07:37.657 [warning] [Decorations] CAPPING events from decorations provider vscode.git 311
2024-03-15 00:07:42.776 [warning] [Decorations] CAPPING events from decorations provider vscode.git 311
2024-03-15 00:07:47.840 [warning] [Decorations] CAPPING events from decorations provider vscode.git 311
2024-03-15 00:07:52.916 [warning] [Decorations] CAPPING events from decorations provider vscode.git 311
2024-03-15 00:07:58.009 [warning] [Decorations] CAPPING events from decorations provider vscode.git 311
2024-03-15 00:08:03.138 [warning] [Decorations] CAPPING events from decorations provider vscode.git 312
2024-03-15 00:08:08.237 [warning] [Decorations] CAPPING events from decorations provider vscode.git 311
2024-03-15 00:08:13.339 [warning] [Decorations] CAPPING events from decorations provider vscode.git 311
2024-03-15 00:08:19.702 [warning] [Decorations] CAPPING events from decorations provider vscode.git 311
2024-03-15 00:08:24.779 [warning] [Decorations] CAPPING events from decorations provider vscode.git 311
2024-03-15 00:08:29.844 [warning] [Decorations] CAPPING events from decorations provider vscode.git 312
2024-03-15 00:08:37.165 [warning] [Decorations] CAPPING events from decorations provider vscode.git 311
2024-03-15 00:08:42.278 [warning] [Decorations] CAPPING events from decorations provider vscode.git 312
2024-03-15 00:08:49.863 [warning] [Decorations] CAPPING events from decorations provider vscode.git 311
2024-03-15 00:08:54.964 [warning] [Decorations] CAPPING events from decorations provider vscode.git 311
2024-03-15 00:09:01.318 [warning] [Decorations] CAPPING events from decorations provider vscode.git 311
2024-03-15 00:09:06.428 [warning] [Decorations] CAPPING events from decorations provider vscode.git 311
2024-03-15 00:09:11.523 [warning] [Decorations] CAPPING events from decorations provider vscode.git 312
2024-03-15 00:09:16.613 [warning] [Decorations] CAPPING events from decorations provider vscode.git 311
2024-03-15 00:09:21.722 [warning] [Decorations] CAPPING events from decorations provider vscode.git 311
2024-03-15 00:09:26.816 [warning] [Decorations] CAPPING events from decorations provider vscode.git 311
2024-03-15 00:09:31.893 [warning] [Decorations] CAPPING events from decorations provider vscode.git 311
2024-03-15 00:09:36.960 [warning] [Decorations] CAPPING events from decorations provider vscode.git 311
2024-03-15 00:09:42.047 [warning] [Decorations] CAPPING events from decorations provider vscode.git 311
2024-03-15 00:09:47.122 [warning] [Decorations] CAPPING events from decorations provider vscode.git 311
2024-03-15 00:09:52.205 [warning] [Decorations] CAPPING events from decorations provider vscode.git 311
2024-03-15 00:09:57.304 [warning] [Decorations] CAPPING events from decorations provider vscode.git 311
2024-03-15 00:10:02.399 [warning] [Decorations] CAPPING events from decorations provider vscode.git 311
2024-03-15 00:10:07.499 [warning] [Decorations] CAPPING events from decorations provider vscode.git 312
2024-03-15 00:10:12.635 [warning] [Decorations] CAPPING events from decorations provider vscode.git 311
2024-03-15 00:10:17.713 [warning] [Decorations] CAPPING events from decorations provider vscode.git 311
2024-03-15 00:10:24.516 [warning] [Decorations] CAPPING events from decorations provider vscode.git 312
2024-03-15 00:10:29.577 [warning] [Decorations] CAPPING events from decorations provider vscode.git 311
2024-03-15 00:10:34.680 [warning] [Decorations] CAPPING events from decorations provider vscode.git 311
2024-03-15 00:10:39.747 [warning] [Decorations] CAPPING events from decorations provider vscode.git 311
2024-03-15 00:10:44.841 [warning] [Decorations] CAPPING events from decorations provider vscode.git 311
2024-03-15 00:10:49.928 [warning] [Decorations] CAPPING events from decorations provider vscode.git 311
2024-03-15 00:10:54.996 [warning] [Decorations] CAPPING events from decorations provider vscode.git 311
2024-03-15 00:11:05.050 [warning] [Decorations] CAPPING events from decorations provider vscode.git 312
2024-03-15 00:11:10.127 [warning] [Decorations] CAPPING events from decorations provider vscode.git 311
2024-03-15 00:11:15.215 [warning] [Decorations] CAPPING events from decorations provider vscode.git 311
2024-03-15 00:11:24.578 [warning] [Decorations] CAPPING events from decorations provider vscode.git 312
2024-03-15 00:11:29.638 [warning] [Decorations] CAPPING events from decorations provider vscode.git 312
2024-03-15 00:12:44.873 [warning] [Decorations] CAPPING events from decorations provider vscode.git 311
2024-03-15 00:12:49.931 [warning] [Decorations] CAPPING events from decorations provider vscode.git 311
2024-03-15 00:12:57.287 [warning] [Decorations] CAPPING events from decorations provider vscode.git 311
2024-03-15 00:13:02.349 [warning] [Decorations] CAPPING events from decorations provider vscode.git 311
2024-03-15 00:13:07.408 [warning] [Decorations] CAPPING events from decorations provider vscode.git 312
2024-03-15 00:13:12.482 [warning] [Decorations] CAPPING events from decorations provider vscode.git 311
2024-03-15 00:13:17.555 [warning] [Decorations] CAPPING events from decorations provider vscode.git 311
2024-03-15 00:13:22.642 [warning] [Decorations] CAPPING events from decorations provider vscode.git 311
2024-03-15 00:13:56.137 [warning] [Decorations] CAPPING events from decorations provider vscode.git 312
2024-03-15 00:14:01.216 [warning] [Decorations] CAPPING events from decorations provider vscode.git 313
2024-03-15 00:14:28.155 [warning] [Decorations] CAPPING events from decorations provider vscode.git 314
2024-03-15 00:14:33.225 [warning] [Decorations] CAPPING events from decorations provider vscode.git 314
2024-03-15 00:14:38.306 [warning] [Decorations] CAPPING events from decorations provider vscode.git 313
2024-03-15 00:14:43.371 [warning] [Decorations] CAPPING events from decorations provider vscode.git 313
2024-03-15 00:14:50.775 [warning] [Decorations] CAPPING events from decorations provider vscode.git 314
2024-03-15 00:14:55.842 [warning] [Decorations] CAPPING events from decorations provider vscode.git 313
2024-03-15 00:15:06.674 [warning] [Decorations] CAPPING events from decorations provider vscode.git 313
2024-03-15 00:15:11.750 [warning] [Decorations] CAPPING events from decorations provider vscode.git 313
2024-03-15 00:16:20.134 [warning] [Decorations] CAPPING events from decorations provider vscode.git 314
2024-03-15 00:16:25.248 [warning] [Decorations] CAPPING events from decorations provider vscode.git 313
2024-03-15 00:16:32.350 [warning] [Decorations] CAPPING events from decorations provider vscode.git 314
2024-03-15 00:21:31.849 [warning] [Decorations] CAPPING events from decorations provider vscode.git 313
2024-03-15 00:21:37.346 [warning] [Decorations] CAPPING events from decorations provider vscode.git 313
2024-03-15 00:21:42.436 [warning] [Decorations] CAPPING events from decorations provider vscode.git 313
2024-03-15 00:21:47.499 [warning] [Decorations] CAPPING events from decorations provider vscode.git 313
2024-03-15 00:21:52.566 [warning] [Decorations] CAPPING events from decorations provider vscode.git 313
2024-03-15 00:21:54.989 [info] ExtensionService#_doActivateExtension vscode.npm, startup: false, activationEvent: 'onTerminalQuickFixRequest:ms-vscode.npm-command'
2024-03-15 00:21:57.637 [warning] [Decorations] CAPPING events from decorations provider vscode.git 313
2024-03-15 00:22:02.693 [warning] [Decorations] CAPPING events from decorations provider vscode.git 313
