2024-02-22 20:02:48.821 [info] Log level: Info
2024-02-22 20:02:48.821 [info] Validating found git in: "git"
2024-02-22 20:02:48.821 [info] Using git "2.34.1" from "git"
2024-02-22 20:02:48.821 [info] > git rev-parse --show-toplevel [88ms]
2024-02-22 20:02:48.821 [info] > git rev-parse --git-dir --git-common-dir [10ms]
2024-02-22 20:02:48.821 [info] Open repository: /home/akraaam_kh
2024-02-22 20:02:48.865 [info] > git config --get commit.template [26ms]
2024-02-22 20:02:48.869 [info] > git rev-parse --show-toplevel [18ms]
2024-02-22 20:02:48.905 [info] > git rev-parse --show-toplevel [9ms]
2024-02-22 20:02:48.906 [info] > git for-each-ref --format=%(refname)%00%(upstream:short)%00%(objectname)%00%(upstream:track)%00%(upstream:remotename)%00%(upstream:remoteref) refs/heads/master refs/remotes/master [25ms]
2024-02-22 20:02:48.928 [info] > git rev-parse --show-toplevel [9ms]
2024-02-22 20:02:48.957 [info] > git rev-parse --show-toplevel [3ms]
2024-02-22 20:02:48.974 [info] > git rev-parse --show-toplevel [3ms]
2024-02-22 20:02:49.043 [info] > git rev-parse --show-toplevel [6ms]
2024-02-22 20:02:49.176 [info] > git status -z -uall [236ms]
2024-02-22 20:02:50.220 [info] > git check-ignore -v -z --stdin [640ms]
2024-02-22 20:02:50.225 [info] > git config --get commit.template [35ms]
2024-02-22 20:02:50.248 [info] > git for-each-ref --format=%(refname)%00%(upstream:short)%00%(objectname)%00%(upstream:track)%00%(upstream:remotename)%00%(upstream:remoteref) refs/heads/master refs/remotes/master [2ms]
2024-02-22 20:02:50.310 [info] > git status -z -uall [49ms]
2024-02-22 20:02:51.156 [info] > git show --textconv :Paris-B2-DevWeb-main/app/templates/index.html.twig [95ms]
2024-02-22 20:02:51.175 [info] > git ls-files --stage -- /home/akraaam_kh/Paris-B2-DevWeb-main/app/templates/index.html.twig [107ms]
2024-02-22 20:02:51.194 [info] > git check-ignore -v -z --stdin [32ms]
2024-02-22 20:02:51.196 [info] > git cat-file -s ca01dcec85a5017093cba70724871df8a6777a25 [7ms]
2024-02-22 20:02:54.313 [info] > git config --get commit.template [58ms]
2024-02-22 20:02:54.323 [info] > git for-each-ref --format=%(refname)%00%(upstream:short)%00%(objectname)%00%(upstream:track)%00%(upstream:remotename)%00%(upstream:remoteref) refs/heads/master refs/remotes/master [2ms]
2024-02-22 20:02:54.347 [info] > git status -z -uall [17ms]
2024-02-22 20:02:59.453 [info] > git config --get commit.template [2ms]
2024-02-22 20:02:59.463 [info] > git for-each-ref --format=%(refname)%00%(upstream:short)%00%(objectname)%00%(upstream:track)%00%(upstream:remotename)%00%(upstream:remoteref) refs/heads/master refs/remotes/master [2ms]
2024-02-22 20:02:59.491 [info] > git status -z -uall [19ms]
2024-02-22 20:03:00.371 [info] > git show --textconv :Paris-B2-DevWeb-main/app/templates/base_auth.html.twig [14ms]
2024-02-22 20:03:00.374 [info] > git ls-files --stage -- /home/akraaam_kh/Paris-B2-DevWeb-main/app/templates/base_auth.html.twig [5ms]
2024-02-22 20:03:00.386 [info] > git cat-file -s 78dea3593d9149d99e9fd17cb3111ac3779e9310 [1ms]
2024-02-22 20:03:04.592 [info] > git config --get commit.template [5ms]
2024-02-22 20:03:04.611 [info] > git for-each-ref --format=%(refname)%00%(upstream:short)%00%(objectname)%00%(upstream:track)%00%(upstream:remotename)%00%(upstream:remoteref) refs/heads/master refs/remotes/master [4ms]
2024-02-22 20:03:04.655 [info] > git status -z -uall [29ms]
