2024-03-13 11:47:07.361 [info] Log level: Info
2024-03-13 11:47:07.361 [info] Validating found git in: "git"
2024-03-13 11:47:07.361 [info] Using git "2.34.1" from "git"
2024-03-13 11:47:07.361 [info] > git rev-parse --show-toplevel [23ms]
2024-03-13 11:47:07.366 [info] > git rev-parse --git-dir --git-common-dir [6ms]
2024-03-13 11:47:07.433 [info] Open repository: /home/akraaam_kh
2024-03-13 11:47:07.627 [info] > git rev-parse --show-toplevel [151ms]
2024-03-13 11:47:07.633 [info] > git config --get commit.template [170ms]
2024-03-13 11:47:07.654 [info] > git rev-parse --show-toplevel [11ms]
2024-03-13 11:47:07.677 [info] > git for-each-ref --format=%(refname)%00%(upstream:short)%00%(objectname)%00%(upstream:track)%00%(upstream:remotename)%00%(upstream:remoteref) refs/heads/master refs/remotes/master [25ms]
2024-03-13 11:47:07.682 [info] > git rev-parse --show-toplevel [7ms]
2024-03-13 11:47:07.702 [info] > git rev-parse --show-toplevel [13ms]
2024-03-13 11:47:07.719 [info] > git rev-parse --show-toplevel [8ms]
2024-03-13 11:47:07.739 [info] > git rev-parse --show-toplevel [5ms]
2024-03-13 11:47:07.762 [info] > git rev-parse --show-toplevel [3ms]
2024-03-13 11:47:07.789 [info] > git rev-parse --git-dir --git-common-dir [4ms]
2024-03-13 11:47:07.810 [info] Open repository: /home/akraaam_kh/Projet-DevWeb
2024-03-13 11:47:07.900 [info] > git show --textconv :Paris-B2-DevWeb-main/app/public/suivies.php [31ms]
2024-03-13 11:47:07.911 [info] > git config --get commit.template [68ms]
2024-03-13 11:47:07.917 [info] > git ls-files --stage -- /home/akraaam_kh/Paris-B2-DevWeb-main/app/public/suivies.php [34ms]
2024-03-13 11:47:07.957 [info] > git cat-file -s ff03d8b7bc0ff9f60d373d90ff138d972a85d799 [18ms]
2024-03-13 11:47:07.963 [info] > git for-each-ref --format=%(refname)%00%(upstream:short)%00%(objectname)%00%(upstream:track)%00%(upstream:remotename)%00%(upstream:remoteref) refs/heads/master refs/remotes/master [11ms]
2024-03-13 11:47:07.974 [warning] ENOENT: no such file or directory, open '/home/akraaam_kh/Projet-DevWeb/.git/refs/remotes/origin/master'
2024-03-13 11:47:07.980 [info] > git rev-parse refs/remotes/origin/master [6ms]
2024-03-13 11:47:08.025 [info] > git status -z -uall [325ms]
2024-03-13 11:47:08.025 [info] > git status -z -uall [37ms]
2024-03-13 11:47:08.026 [info] > git check-ignore -v -z --stdin [13ms]
2024-03-13 11:47:08.856 [info] > git config --get commit.template [798ms]
2024-03-13 11:47:08.879 [info] > git config --get commit.template [38ms]
2024-03-13 11:47:08.922 [info] > git for-each-ref --format=%(refname)%00%(upstream:short)%00%(objectname)%00%(upstream:track)%00%(upstream:remotename)%00%(upstream:remoteref) refs/heads/master refs/remotes/master [31ms]
2024-03-13 11:47:08.923 [info] > git for-each-ref --format=%(refname)%00%(upstream:short)%00%(objectname)%00%(upstream:track)%00%(upstream:remotename)%00%(upstream:remoteref) refs/heads/master refs/remotes/master [4ms]
2024-03-13 11:47:08.931 [warning] ENOENT: no such file or directory, open '/home/akraaam_kh/Projet-DevWeb/.git/refs/remotes/origin/master'
2024-03-13 11:47:08.937 [info] > git rev-parse refs/remotes/origin/master [7ms]
2024-03-13 11:47:08.974 [info] > git status -z -uall [20ms]
2024-03-13 11:47:09.013 [info] > git status -z -uall [49ms]
2024-03-13 11:47:12.695 [info] > git config --get commit.template [11ms]
2024-03-13 11:47:12.696 [info] > git for-each-ref --format=%(refname)%00%(upstream:short)%00%(objectname)%00%(upstream:track)%00%(upstream:remotename)%00%(upstream:remoteref) refs/heads/master refs/remotes/master [3ms]
2024-03-13 11:47:12.742 [info] > git status -z -uall [37ms]
2024-03-13 11:47:16.854 [info] > git check-ignore -v -z --stdin [14ms]
2024-03-13 11:47:16.857 [info] > git check-ignore -v -z --stdin [4ms]
2024-03-13 11:47:17.859 [info] > git config --get commit.template [4ms]
2024-03-13 11:47:17.877 [info] > git for-each-ref --format=%(refname)%00%(upstream:short)%00%(objectname)%00%(upstream:track)%00%(upstream:remotename)%00%(upstream:remoteref) refs/heads/master refs/remotes/master [2ms]
2024-03-13 11:47:17.946 [info] > git status -z -uall [56ms]
2024-03-13 11:47:23.109 [info] > git config --get commit.template [8ms]
2024-03-13 11:47:23.110 [info] > git for-each-ref --format=%(refname)%00%(upstream:short)%00%(objectname)%00%(upstream:track)%00%(upstream:remotename)%00%(upstream:remoteref) refs/heads/master refs/remotes/master [3ms]
2024-03-13 11:47:23.206 [info] > git status -z -uall [88ms]
2024-03-13 11:47:23.670 [info] > git check-ignore -v -z --stdin [14ms]
2024-03-13 11:47:28.351 [info] > git config --get commit.template [14ms]
2024-03-13 11:47:28.352 [info] > git for-each-ref --format=%(refname)%00%(upstream:short)%00%(objectname)%00%(upstream:track)%00%(upstream:remotename)%00%(upstream:remoteref) refs/heads/master refs/remotes/master [4ms]
2024-03-13 11:47:28.404 [info] > git status -z -uall [39ms]
2024-03-13 11:47:33.504 [info] > git config --get commit.template [2ms]
2024-03-13 11:47:33.512 [info] > git for-each-ref --format=%(refname)%00%(upstream:short)%00%(objectname)%00%(upstream:track)%00%(upstream:remotename)%00%(upstream:remoteref) refs/heads/master refs/remotes/master [2ms]
2024-03-13 11:47:33.562 [info] > git status -z -uall [45ms]
2024-03-13 11:47:38.667 [info] > git config --get commit.template [3ms]
2024-03-13 11:47:38.680 [info] > git for-each-ref --format=%(refname)%00%(upstream:short)%00%(objectname)%00%(upstream:track)%00%(upstream:remotename)%00%(upstream:remoteref) refs/heads/master refs/remotes/master [3ms]
2024-03-13 11:47:38.711 [info] > git status -z -uall [25ms]
2024-03-13 11:47:43.802 [info] > git config --get commit.template [1ms]
2024-03-13 11:47:43.808 [info] > git for-each-ref --format=%(refname)%00%(upstream:short)%00%(objectname)%00%(upstream:track)%00%(upstream:remotename)%00%(upstream:remoteref) refs/heads/master refs/remotes/master [1ms]
2024-03-13 11:47:43.839 [info] > git status -z -uall [25ms]
2024-03-13 11:47:48.934 [info] > git config --get commit.template [6ms]
2024-03-13 11:47:48.957 [info] > git show --textconv :Paris-B2-DevWeb-main/app/public/client.php [8ms]
2024-03-13 11:47:48.957 [info] > git ls-files --stage -- /home/akraaam_kh/Paris-B2-DevWeb-main/app/public/client.php [2ms]
2024-03-13 11:47:48.964 [info] > git for-each-ref --format=%(refname)%00%(upstream:short)%00%(objectname)%00%(upstream:track)%00%(upstream:remotename)%00%(upstream:remoteref) refs/heads/master refs/remotes/master [19ms]
2024-03-13 11:47:48.966 [info] > git cat-file -s 1581087fd216e704f260eee05a8c657237fc8dae [4ms]
2024-03-13 11:47:49.003 [info] > git status -z -uall [26ms]
2024-03-13 11:47:50.909 [info] > git show --textconv :Paris-B2-DevWeb-main/app/public/edit.php [13ms]
2024-03-13 11:47:50.912 [info] > git ls-files --stage -- /home/akraaam_kh/Paris-B2-DevWeb-main/app/public/edit.php [5ms]
2024-03-13 11:47:50.927 [info] > git cat-file -s c0ff82c4f04087e72833c1d2308a475df5b13112 [4ms]
2024-03-13 11:47:54.104 [info] > git config --get commit.template [9ms]
2024-03-13 11:47:54.104 [info] > git for-each-ref --format=%(refname)%00%(upstream:short)%00%(objectname)%00%(upstream:track)%00%(upstream:remotename)%00%(upstream:remoteref) refs/heads/master refs/remotes/master [2ms]
2024-03-13 11:47:54.141 [info] > git status -z -uall [29ms]
2024-03-13 11:47:59.248 [info] > git config --get commit.template [2ms]
2024-03-13 11:47:59.262 [info] > git for-each-ref --format=%(refname)%00%(upstream:short)%00%(objectname)%00%(upstream:track)%00%(upstream:remotename)%00%(upstream:remoteref) refs/heads/master refs/remotes/master [3ms]
2024-03-13 11:47:59.347 [info] > git status -z -uall [70ms]
2024-03-13 11:48:04.514 [info] > git config --get commit.template [13ms]
2024-03-13 11:48:04.516 [info] > git for-each-ref --format=%(refname)%00%(upstream:short)%00%(objectname)%00%(upstream:track)%00%(upstream:remotename)%00%(upstream:remoteref) refs/heads/master refs/remotes/master [4ms]
2024-03-13 11:48:04.586 [info] > git status -z -uall [56ms]
2024-03-13 11:48:09.713 [info] > git config --get commit.template [15ms]
2024-03-13 11:48:09.714 [info] > git for-each-ref --format=%(refname)%00%(upstream:short)%00%(objectname)%00%(upstream:track)%00%(upstream:remotename)%00%(upstream:remoteref) refs/heads/master refs/remotes/master [3ms]
2024-03-13 11:48:09.786 [info] > git status -z -uall [59ms]
2024-03-13 11:48:14.915 [info] > git config --get commit.template [1ms]
2024-03-13 11:48:14.930 [info] > git for-each-ref --format=%(refname)%00%(upstream:short)%00%(objectname)%00%(upstream:track)%00%(upstream:remotename)%00%(upstream:remoteref) refs/heads/master refs/remotes/master [2ms]
2024-03-13 11:48:14.980 [info] > git status -z -uall [37ms]
2024-03-13 11:48:20.089 [info] > git config --get commit.template [3ms]
2024-03-13 11:48:20.100 [info] > git for-each-ref --format=%(refname)%00%(upstream:short)%00%(objectname)%00%(upstream:track)%00%(upstream:remotename)%00%(upstream:remoteref) refs/heads/master refs/remotes/master [1ms]
2024-03-13 11:48:20.147 [info] > git status -z -uall [39ms]
2024-03-13 11:48:25.243 [info] > git config --get commit.template [2ms]
2024-03-13 11:48:25.257 [info] > git for-each-ref --format=%(refname)%00%(upstream:short)%00%(objectname)%00%(upstream:track)%00%(upstream:remotename)%00%(upstream:remoteref) refs/heads/master refs/remotes/master [3ms]
2024-03-13 11:48:25.330 [info] > git status -z -uall [60ms]
2024-03-13 11:48:30.533 [info] > git config --get commit.template [11ms]
2024-03-13 11:48:30.534 [info] > git for-each-ref --format=%(refname)%00%(upstream:short)%00%(objectname)%00%(upstream:track)%00%(upstream:remotename)%00%(upstream:remoteref) refs/heads/master refs/remotes/master [2ms]
2024-03-13 11:48:30.573 [info] > git status -z -uall [31ms]
