2024-02-26 13:01:53.177 [info] Extension host with pid 624 started
2024-02-26 13:01:53.200 [info] Lock '/home/akraaam_kh/.vscode-server/data/User/workspaceStorage/aab43a72942d0c30cbbbacde874c7c05/vscode.lock': Lock acquired.
2024-02-26 13:01:53.371 [info] ExtensionService#_doActivateExtension vscode.emmet, startup: false, activationEvent: 'onLanguage'
2024-02-26 13:01:53.566 [info] ExtensionService#_doActivateExtension vscode.git-base, startup: true, activationEvent: '*', root cause: vscode.git
2024-02-26 13:01:53.651 [info] ExtensionService#_doActivateExtension vscode.git, startup: true, activationEvent: '*'
2024-02-26 13:01:53.652 [info] ExtensionService#_doActivateExtension vscode.github, startup: true, activationEvent: '*'
2024-02-26 13:01:54.139 [info] Eager extensions activated
2024-02-26 13:01:54.141 [info] ExtensionService#_doActivateExtension vscode.debug-auto-launch, startup: false, activationEvent: 'onStartupFinished'
2024-02-26 13:01:54.142 [info] ExtensionService#_doActivateExtension vscode.merge-conflict, startup: false, activationEvent: 'onStartupFinished'
2024-02-26 13:01:54.744 [warning] [Decorations] CAPPING events from decorations provider vscode.git 3490
2024-02-26 13:01:55.352 [warning] [Decorations] CAPPING events from decorations provider vscode.git 3490
2024-02-26 13:01:58.439 [warning] [Decorations] CAPPING events from decorations provider vscode.git 3490
2024-02-26 13:02:03.568 [warning] [Decorations] CAPPING events from decorations provider vscode.git 3502
2024-02-26 13:02:08.687 [warning] [Decorations] CAPPING events from decorations provider vscode.git 3502
2024-02-26 13:02:13.017 [info] ExtensionService#_doActivateExtension vscode.php-language-features, startup: false, activationEvent: 'onLanguage:php'
2024-02-26 13:02:13.788 [warning] [Decorations] CAPPING events from decorations provider vscode.git 3502
2024-02-26 13:02:18.898 [warning] [Decorations] CAPPING events from decorations provider vscode.git 3502
2024-02-26 13:02:24.030 [warning] [Decorations] CAPPING events from decorations provider vscode.git 3502
2024-02-26 13:02:44.226 [warning] [Decorations] CAPPING events from decorations provider vscode.git 3502
2024-02-26 13:02:49.341 [warning] [Decorations] CAPPING events from decorations provider vscode.git 3502
2024-02-26 13:02:54.462 [warning] [Decorations] CAPPING events from decorations provider vscode.git 3502
2024-02-26 13:02:59.558 [warning] [Decorations] CAPPING events from decorations provider vscode.git 3502
2024-02-26 13:03:05.036 [warning] [Decorations] CAPPING events from decorations provider vscode.git 3502
2024-02-26 13:03:10.137 [warning] [Decorations] CAPPING events from decorations provider vscode.git 3502
2024-02-26 13:03:18.018 [warning] [Decorations] CAPPING events from decorations provider vscode.git 3502
2024-02-26 13:03:23.148 [warning] [Decorations] CAPPING events from decorations provider vscode.git 3502
2024-02-26 13:03:28.264 [warning] [Decorations] CAPPING events from decorations provider vscode.git 3502
2024-02-26 13:03:33.362 [warning] [Decorations] CAPPING events from decorations provider vscode.git 3502
2024-02-26 13:03:38.510 [warning] [Decorations] CAPPING events from decorations provider vscode.git 3502
2024-02-26 13:04:30.517 [warning] [Decorations] CAPPING events from decorations provider vscode.git 3502
2024-02-26 13:04:35.617 [warning] [Decorations] CAPPING events from decorations provider vscode.git 3502
2024-02-26 13:04:40.727 [warning] [Decorations] CAPPING events from decorations provider vscode.git 3502
2024-02-26 13:04:45.837 [warning] [Decorations] CAPPING events from decorations provider vscode.git 3502
2024-02-26 13:04:50.961 [warning] [Decorations] CAPPING events from decorations provider vscode.git 3502
2024-02-26 13:04:56.066 [warning] [Decorations] CAPPING events from decorations provider vscode.git 3502
2024-02-26 13:05:06.347 [warning] [Decorations] CAPPING events from decorations provider vscode.git 3502
2024-02-26 13:05:11.488 [warning] [Decorations] CAPPING events from decorations provider vscode.git 3502
2024-02-26 13:05:16.594 [warning] [Decorations] CAPPING events from decorations provider vscode.git 3502
2024-02-26 13:05:21.698 [warning] [Decorations] CAPPING events from decorations provider vscode.git 3502
2024-02-26 13:05:26.816 [warning] [Decorations] CAPPING events from decorations provider vscode.git 3502
2024-02-26 13:05:39.566 [warning] [Decorations] CAPPING events from decorations provider vscode.git 3502
2024-02-26 13:05:44.664 [warning] [Decorations] CAPPING events from decorations provider vscode.git 3502
2024-02-26 13:05:49.776 [warning] [Decorations] CAPPING events from decorations provider vscode.git 3502
2024-02-26 13:05:55.572 [warning] [Decorations] CAPPING events from decorations provider vscode.git 3502
2024-02-26 13:06:00.672 [warning] [Decorations] CAPPING events from decorations provider vscode.git 3502
2024-02-26 13:06:05.786 [warning] [Decorations] CAPPING events from decorations provider vscode.git 3502
2024-02-26 13:06:16.016 [warning] [Decorations] CAPPING events from decorations provider vscode.git 3502
2024-02-26 13:06:21.125 [warning] [Decorations] CAPPING events from decorations provider vscode.git 3502
2024-02-26 13:06:27.605 [warning] [Decorations] CAPPING events from decorations provider vscode.git 3502
2024-02-26 13:06:32.740 [warning] [Decorations] CAPPING events from decorations provider vscode.git 3502
2024-02-26 13:06:37.844 [warning] [Decorations] CAPPING events from decorations provider vscode.git 3502
2024-02-26 13:06:42.961 [warning] [Decorations] CAPPING events from decorations provider vscode.git 3502
2024-02-26 13:06:48.059 [warning] [Decorations] CAPPING events from decorations provider vscode.git 3502
2024-02-26 13:06:53.179 [warning] [Decorations] CAPPING events from decorations provider vscode.git 3502
2024-02-26 13:06:58.298 [warning] [Decorations] CAPPING events from decorations provider vscode.git 3502
2024-02-26 13:07:03.396 [warning] [Decorations] CAPPING events from decorations provider vscode.git 3502
2024-02-26 13:07:08.501 [warning] [Decorations] CAPPING events from decorations provider vscode.git 3502
2024-02-26 13:07:13.610 [warning] [Decorations] CAPPING events from decorations provider vscode.git 3502
2024-02-26 13:07:18.716 [warning] [Decorations] CAPPING events from decorations provider vscode.git 3502
2024-02-26 13:07:23.827 [warning] [Decorations] CAPPING events from decorations provider vscode.git 3502
2024-02-26 13:07:28.959 [warning] [Decorations] CAPPING events from decorations provider vscode.git 3502
2024-02-26 13:07:34.054 [warning] [Decorations] CAPPING events from decorations provider vscode.git 3502
2024-02-26 13:07:39.169 [warning] [Decorations] CAPPING events from decorations provider vscode.git 3502
2024-02-26 13:07:44.296 [warning] [Decorations] CAPPING events from decorations provider vscode.git 3502
2024-02-26 13:07:49.412 [warning] [Decorations] CAPPING events from decorations provider vscode.git 3502
2024-02-26 13:07:54.534 [warning] [Decorations] CAPPING events from decorations provider vscode.git 3502
2024-02-26 13:08:14.824 [warning] [Decorations] CAPPING events from decorations provider vscode.git 3502
2024-02-26 13:08:23.281 [warning] [Decorations] CAPPING events from decorations provider vscode.git 3502
2024-02-26 13:08:28.379 [warning] [Decorations] CAPPING events from decorations provider vscode.git 3502
2024-02-26 13:08:33.520 [warning] [Decorations] CAPPING events from decorations provider vscode.git 3502
2024-02-26 13:08:38.638 [warning] [Decorations] CAPPING events from decorations provider vscode.git 3502
2024-02-26 13:08:43.749 [warning] [Decorations] CAPPING events from decorations provider vscode.git 3502
2024-02-26 13:08:49.304 [warning] [Decorations] CAPPING events from decorations provider vscode.git 3502
2024-02-26 13:08:54.661 [warning] [Decorations] CAPPING events from decorations provider vscode.git 3502
2024-02-26 13:08:59.791 [warning] [Decorations] CAPPING events from decorations provider vscode.git 3502
2024-02-26 13:11:39.924 [warning] [Decorations] CAPPING events from decorations provider vscode.git 3502
2024-02-26 13:13:31.360 [warning] [Decorations] CAPPING events from decorations provider vscode.git 3502
2024-02-26 13:13:36.596 [warning] [Decorations] CAPPING events from decorations provider vscode.git 3502
2024-02-26 13:13:41.723 [warning] [Decorations] CAPPING events from decorations provider vscode.git 3502
2024-02-26 13:13:46.845 [warning] [Decorations] CAPPING events from decorations provider vscode.git 3502
2024-02-26 13:13:54.344 [warning] [Decorations] CAPPING events from decorations provider vscode.git 3502
2024-02-26 13:13:59.474 [warning] [Decorations] CAPPING events from decorations provider vscode.git 3502
2024-02-26 13:14:04.605 [warning] [Decorations] CAPPING events from decorations provider vscode.git 3502
2024-02-26 13:14:09.740 [warning] [Decorations] CAPPING events from decorations provider vscode.git 3502
2024-02-26 13:14:14.900 [warning] [Decorations] CAPPING events from decorations provider vscode.git 3502
2024-02-26 13:14:20.039 [warning] [Decorations] CAPPING events from decorations provider vscode.git 3502
2024-02-26 13:14:26.650 [warning] [Decorations] CAPPING events from decorations provider vscode.git 3502
2024-02-26 13:14:41.053 [warning] [Decorations] CAPPING events from decorations provider vscode.git 3502
2024-02-26 13:14:46.255 [warning] [Decorations] CAPPING events from decorations provider vscode.git 3502
2024-02-26 13:14:51.581 [warning] [Decorations] CAPPING events from decorations provider vscode.git 3502
2024-02-26 13:14:56.983 [warning] [Decorations] CAPPING events from decorations provider vscode.git 3502
2024-02-26 13:15:07.626 [warning] [Decorations] CAPPING events from decorations provider vscode.git 3502
2024-02-26 13:15:12.757 [warning] [Decorations] CAPPING events from decorations provider vscode.git 3502
2024-02-26 13:15:19.078 [warning] [Decorations] CAPPING events from decorations provider vscode.git 3502
2024-02-26 13:15:38.030 [warning] [Decorations] CAPPING events from decorations provider vscode.git 3502
2024-02-26 13:15:43.187 [warning] [Decorations] CAPPING events from decorations provider vscode.git 3502
2024-02-26 13:15:48.297 [warning] [Decorations] CAPPING events from decorations provider vscode.git 3502
2024-02-26 13:16:09.378 [warning] [Decorations] CAPPING events from decorations provider vscode.git 3502
2024-02-26 13:16:15.779 [warning] [Decorations] CAPPING events from decorations provider vscode.git 3502
2024-02-26 13:16:17.891 [info] ExtensionService#_doActivateExtension vscode.css-language-features, startup: false, activationEvent: 'onLanguage:css'
2024-02-26 13:16:20.896 [warning] [Decorations] CAPPING events from decorations provider vscode.git 3502
2024-02-26 13:16:26.009 [warning] [Decorations] CAPPING events from decorations provider vscode.git 3502
2024-02-26 13:16:31.114 [warning] [Decorations] CAPPING events from decorations provider vscode.git 3502
2024-02-26 13:16:36.216 [warning] [Decorations] CAPPING events from decorations provider vscode.git 3502
2024-02-26 13:16:41.371 [warning] [Decorations] CAPPING events from decorations provider vscode.git 3502
2024-02-26 13:16:46.491 [warning] [Decorations] CAPPING events from decorations provider vscode.git 3502
2024-02-26 13:16:51.633 [warning] [Decorations] CAPPING events from decorations provider vscode.git 3502
2024-02-26 13:17:09.072 [warning] [Decorations] CAPPING events from decorations provider vscode.git 3502
2024-02-26 13:17:14.181 [warning] [Decorations] CAPPING events from decorations provider vscode.git 3502
2024-02-26 13:17:19.314 [warning] [Decorations] CAPPING events from decorations provider vscode.git 3502
2024-02-26 13:17:41.789 [warning] [Decorations] CAPPING events from decorations provider vscode.git 3502
2024-02-26 13:17:46.909 [warning] [Decorations] CAPPING events from decorations provider vscode.git 3502
2024-02-26 13:17:52.039 [warning] [Decorations] CAPPING events from decorations provider vscode.git 3502
2024-02-26 13:17:57.147 [warning] [Decorations] CAPPING events from decorations provider vscode.git 3502
2024-02-26 13:18:02.271 [warning] [Decorations] CAPPING events from decorations provider vscode.git 3502
2024-02-26 13:18:07.397 [warning] [Decorations] CAPPING events from decorations provider vscode.git 3502
2024-02-26 13:18:12.527 [warning] [Decorations] CAPPING events from decorations provider vscode.git 3502
2024-02-26 13:18:17.655 [warning] [Decorations] CAPPING events from decorations provider vscode.git 3502
2024-02-26 13:18:22.766 [warning] [Decorations] CAPPING events from decorations provider vscode.git 3502
2024-02-26 13:18:27.889 [warning] [Decorations] CAPPING events from decorations provider vscode.git 3502
2024-02-26 13:18:33.009 [warning] [Decorations] CAPPING events from decorations provider vscode.git 3502
2024-02-26 13:18:38.120 [warning] [Decorations] CAPPING events from decorations provider vscode.git 3502
2024-02-26 13:18:43.240 [warning] [Decorations] CAPPING events from decorations provider vscode.git 3502
2024-02-26 13:18:48.344 [warning] [Decorations] CAPPING events from decorations provider vscode.git 3502
2024-02-26 13:18:53.504 [warning] [Decorations] CAPPING events from decorations provider vscode.git 3502
2024-02-26 13:18:58.613 [warning] [Decorations] CAPPING events from decorations provider vscode.git 3502
2024-02-26 13:19:03.720 [warning] [Decorations] CAPPING events from decorations provider vscode.git 3502
2024-02-26 13:19:08.856 [warning] [Decorations] CAPPING events from decorations provider vscode.git 3502
2024-02-26 13:19:13.963 [warning] [Decorations] CAPPING events from decorations provider vscode.git 3502
2024-02-26 13:19:19.083 [warning] [Decorations] CAPPING events from decorations provider vscode.git 3502
2024-02-26 13:19:24.193 [warning] [Decorations] CAPPING events from decorations provider vscode.git 3502
2024-02-26 13:19:39.892 [warning] [Decorations] CAPPING events from decorations provider vscode.git 3502
2024-02-26 13:19:45.010 [warning] [Decorations] CAPPING events from decorations provider vscode.git 3502
2024-02-26 13:19:52.304 [warning] [Decorations] CAPPING events from decorations provider vscode.git 3502
2024-02-26 13:19:57.450 [warning] [Decorations] CAPPING events from decorations provider vscode.git 3502
2024-02-26 13:20:02.594 [warning] [Decorations] CAPPING events from decorations provider vscode.git 3502
2024-02-26 13:20:07.822 [warning] [Decorations] CAPPING events from decorations provider vscode.git 3502
2024-02-26 13:20:12.932 [warning] [Decorations] CAPPING events from decorations provider vscode.git 3502
2024-02-26 13:20:18.053 [warning] [Decorations] CAPPING events from decorations provider vscode.git 3502
2024-02-26 13:20:48.417 [warning] [Decorations] CAPPING events from decorations provider vscode.git 3502
2024-02-26 13:20:53.538 [warning] [Decorations] CAPPING events from decorations provider vscode.git 3502
2024-02-26 13:20:58.652 [warning] [Decorations] CAPPING events from decorations provider vscode.git 3502
2024-02-26 13:21:03.764 [warning] [Decorations] CAPPING events from decorations provider vscode.git 3502
2024-02-26 13:21:08.902 [warning] [Decorations] CAPPING events from decorations provider vscode.git 3502
2024-02-26 13:21:14.004 [warning] [Decorations] CAPPING events from decorations provider vscode.git 3502
2024-02-26 13:21:19.113 [warning] [Decorations] CAPPING events from decorations provider vscode.git 3502
2024-02-26 13:21:24.230 [warning] [Decorations] CAPPING events from decorations provider vscode.git 3502
2024-02-26 13:21:29.706 [warning] [Decorations] CAPPING events from decorations provider vscode.git 3502
2024-02-26 13:21:34.840 [warning] [Decorations] CAPPING events from decorations provider vscode.git 3502
2024-02-26 13:21:39.945 [warning] [Decorations] CAPPING events from decorations provider vscode.git 3502
2024-02-26 13:21:45.077 [warning] [Decorations] CAPPING events from decorations provider vscode.git 3502
2024-02-26 13:21:50.195 [warning] [Decorations] CAPPING events from decorations provider vscode.git 3502
2024-02-26 13:21:55.323 [warning] [Decorations] CAPPING events from decorations provider vscode.git 3502
2024-02-26 13:22:00.454 [warning] [Decorations] CAPPING events from decorations provider vscode.git 3502
2024-02-26 13:22:05.574 [warning] [Decorations] CAPPING events from decorations provider vscode.git 3502
2024-02-26 13:22:10.673 [warning] [Decorations] CAPPING events from decorations provider vscode.git 3502
2024-02-26 13:22:15.787 [warning] [Decorations] CAPPING events from decorations provider vscode.git 3502
2024-02-26 13:24:19.853 [warning] [Decorations] CAPPING events from decorations provider vscode.git 3502
2024-02-26 13:24:25.029 [warning] [Decorations] CAPPING events from decorations provider vscode.git 3502
2024-02-26 13:24:30.140 [warning] [Decorations] CAPPING events from decorations provider vscode.git 3502
2024-02-26 13:24:35.254 [warning] [Decorations] CAPPING events from decorations provider vscode.git 3502
2024-02-26 13:24:40.372 [warning] [Decorations] CAPPING events from decorations provider vscode.git 3502
2024-02-26 13:24:45.504 [warning] [Decorations] CAPPING events from decorations provider vscode.git 3502
2024-02-26 13:24:50.647 [warning] [Decorations] CAPPING events from decorations provider vscode.git 3502
2024-02-26 13:24:55.748 [warning] [Decorations] CAPPING events from decorations provider vscode.git 3502
2024-02-26 13:25:00.854 [warning] [Decorations] CAPPING events from decorations provider vscode.git 3502
2024-02-26 13:25:05.963 [warning] [Decorations] CAPPING events from decorations provider vscode.git 3502
2024-02-26 13:25:11.103 [warning] [Decorations] CAPPING events from decorations provider vscode.git 3502
2024-02-26 13:25:16.206 [warning] [Decorations] CAPPING events from decorations provider vscode.git 3502
2024-02-26 13:25:21.321 [warning] [Decorations] CAPPING events from decorations provider vscode.git 3502
2024-02-26 13:25:26.433 [warning] [Decorations] CAPPING events from decorations provider vscode.git 3502
2024-02-26 13:25:31.532 [warning] [Decorations] CAPPING events from decorations provider vscode.git 3502
2024-02-26 13:25:36.644 [warning] [Decorations] CAPPING events from decorations provider vscode.git 3502
2024-02-26 13:25:41.753 [warning] [Decorations] CAPPING events from decorations provider vscode.git 3502
2024-02-26 13:25:46.893 [warning] [Decorations] CAPPING events from decorations provider vscode.git 3502
2024-02-26 13:25:52.009 [warning] [Decorations] CAPPING events from decorations provider vscode.git 3502
2024-02-26 13:25:57.110 [warning] [Decorations] CAPPING events from decorations provider vscode.git 3502
2024-02-26 13:26:02.247 [warning] [Decorations] CAPPING events from decorations provider vscode.git 3502
2024-02-26 13:26:07.357 [warning] [Decorations] CAPPING events from decorations provider vscode.git 3502
2024-02-26 13:26:12.550 [warning] [Decorations] CAPPING events from decorations provider vscode.git 3502
2024-02-26 13:26:17.665 [warning] [Decorations] CAPPING events from decorations provider vscode.git 3502
2024-02-26 13:26:22.771 [warning] [Decorations] CAPPING events from decorations provider vscode.git 3502
2024-02-26 13:26:27.890 [warning] [Decorations] CAPPING events from decorations provider vscode.git 3502
2024-02-26 13:26:33.365 [warning] [Decorations] CAPPING events from decorations provider vscode.git 3502
2024-02-26 13:26:38.472 [warning] [Decorations] CAPPING events from decorations provider vscode.git 3502
2024-02-26 13:26:43.603 [warning] [Decorations] CAPPING events from decorations provider vscode.git 3502
2024-02-26 13:26:48.758 [warning] [Decorations] CAPPING events from decorations provider vscode.git 3502
2024-02-26 13:26:53.865 [warning] [Decorations] CAPPING events from decorations provider vscode.git 3502
2024-02-26 13:26:58.989 [warning] [Decorations] CAPPING events from decorations provider vscode.git 3502
2024-02-26 13:27:04.117 [warning] [Decorations] CAPPING events from decorations provider vscode.git 3502
2024-02-26 13:27:09.595 [warning] [Decorations] CAPPING events from decorations provider vscode.git 3502
2024-02-26 13:27:14.726 [warning] [Decorations] CAPPING events from decorations provider vscode.git 3502
2024-02-26 13:27:19.861 [warning] [Decorations] CAPPING events from decorations provider vscode.git 3502
2024-02-26 13:27:24.980 [warning] [Decorations] CAPPING events from decorations provider vscode.git 3502
2024-02-26 13:27:30.112 [warning] [Decorations] CAPPING events from decorations provider vscode.git 3502
2024-02-26 13:27:35.240 [warning] [Decorations] CAPPING events from decorations provider vscode.git 3502
2024-02-26 13:27:40.400 [warning] [Decorations] CAPPING events from decorations provider vscode.git 3502
2024-02-26 13:27:45.507 [warning] [Decorations] CAPPING events from decorations provider vscode.git 3502
2024-02-26 13:27:50.661 [warning] [Decorations] CAPPING events from decorations provider vscode.git 3502
2024-02-26 13:27:55.784 [warning] [Decorations] CAPPING events from decorations provider vscode.git 3502
2024-02-26 13:28:00.938 [warning] [Decorations] CAPPING events from decorations provider vscode.git 3502
2024-02-26 13:28:06.046 [warning] [Decorations] CAPPING events from decorations provider vscode.git 3502
2024-02-26 13:28:11.170 [warning] [Decorations] CAPPING events from decorations provider vscode.git 3502
2024-02-26 13:28:16.277 [warning] [Decorations] CAPPING events from decorations provider vscode.git 3502
2024-02-26 13:28:21.397 [warning] [Decorations] CAPPING events from decorations provider vscode.git 3502
2024-02-26 13:28:26.515 [warning] [Decorations] CAPPING events from decorations provider vscode.git 3502
2024-02-26 13:28:31.634 [warning] [Decorations] CAPPING events from decorations provider vscode.git 3502
2024-02-26 13:28:36.767 [warning] [Decorations] CAPPING events from decorations provider vscode.git 3502
2024-02-26 13:28:41.880 [warning] [Decorations] CAPPING events from decorations provider vscode.git 3502
2024-02-26 13:28:46.990 [warning] [Decorations] CAPPING events from decorations provider vscode.git 3502
2024-02-26 13:28:52.095 [warning] [Decorations] CAPPING events from decorations provider vscode.git 3502
2024-02-26 13:28:57.202 [warning] [Decorations] CAPPING events from decorations provider vscode.git 3502
2024-02-26 13:29:02.303 [warning] [Decorations] CAPPING events from decorations provider vscode.git 3502
2024-02-26 13:29:07.433 [warning] [Decorations] CAPPING events from decorations provider vscode.git 3502
2024-02-26 13:29:12.879 [warning] [Decorations] CAPPING events from decorations provider vscode.git 3502
2024-02-26 13:29:17.988 [warning] [Decorations] CAPPING events from decorations provider vscode.git 3502
2024-02-26 13:29:23.099 [warning] [Decorations] CAPPING events from decorations provider vscode.git 3502
2024-02-26 13:29:28.215 [warning] [Decorations] CAPPING events from decorations provider vscode.git 3502
2024-02-26 13:29:33.322 [warning] [Decorations] CAPPING events from decorations provider vscode.git 3502
2024-02-26 13:29:38.431 [warning] [Decorations] CAPPING events from decorations provider vscode.git 3502
2024-02-26 13:29:43.557 [warning] [Decorations] CAPPING events from decorations provider vscode.git 3502
2024-02-26 13:29:48.661 [warning] [Decorations] CAPPING events from decorations provider vscode.git 3502
2024-02-26 13:29:53.766 [warning] [Decorations] CAPPING events from decorations provider vscode.git 3502
2024-02-26 13:29:58.935 [warning] [Decorations] CAPPING events from decorations provider vscode.git 3502
2024-02-26 13:30:04.087 [warning] [Decorations] CAPPING events from decorations provider vscode.git 3502
2024-02-26 13:30:09.274 [warning] [Decorations] CAPPING events from decorations provider vscode.git 3502
2024-02-26 13:30:14.432 [warning] [Decorations] CAPPING events from decorations provider vscode.git 3502
2024-02-26 13:30:19.564 [warning] [Decorations] CAPPING events from decorations provider vscode.git 3502
2024-02-26 13:30:24.774 [warning] [Decorations] CAPPING events from decorations provider vscode.git 3502
2024-02-26 13:30:29.930 [warning] [Decorations] CAPPING events from decorations provider vscode.git 3502
2024-02-26 13:30:35.060 [warning] [Decorations] CAPPING events from decorations provider vscode.git 3502
2024-02-26 13:30:40.233 [warning] [Decorations] CAPPING events from decorations provider vscode.git 3502
2024-02-26 13:30:45.351 [warning] [Decorations] CAPPING events from decorations provider vscode.git 3502
2024-02-26 13:30:50.509 [warning] [Decorations] CAPPING events from decorations provider vscode.git 3502
2024-02-26 13:30:55.643 [warning] [Decorations] CAPPING events from decorations provider vscode.git 3502
2024-02-26 13:31:00.893 [warning] [Decorations] CAPPING events from decorations provider vscode.git 3502
2024-02-26 13:31:06.030 [warning] [Decorations] CAPPING events from decorations provider vscode.git 3502
2024-02-26 13:31:11.245 [warning] [Decorations] CAPPING events from decorations provider vscode.git 3502
2024-02-26 13:31:41.651 [warning] [Decorations] CAPPING events from decorations provider vscode.git 3502
2024-02-26 13:32:38.005 [warning] [Decorations] CAPPING events from decorations provider vscode.git 3502
2024-02-26 13:32:43.229 [warning] [Decorations] CAPPING events from decorations provider vscode.git 3502
2024-02-26 13:32:48.481 [warning] [Decorations] CAPPING events from decorations provider vscode.git 3502
2024-02-26 13:32:53.639 [warning] [Decorations] CAPPING events from decorations provider vscode.git 3502
2024-02-26 13:32:58.807 [warning] [Decorations] CAPPING events from decorations provider vscode.git 3502
2024-02-26 13:58:29.801 [warning] [Decorations] CAPPING events from decorations provider vscode.git 3502
2024-02-26 13:58:50.877 [warning] [Decorations] CAPPING events from decorations provider vscode.git 3502
2024-02-26 13:58:56.044 [warning] [Decorations] CAPPING events from decorations provider vscode.git 3502
2024-02-26 13:59:01.274 [warning] [Decorations] CAPPING events from decorations provider vscode.git 3502
2024-02-26 13:59:06.454 [warning] [Decorations] CAPPING events from decorations provider vscode.git 3502
2024-02-26 13:59:11.609 [warning] [Decorations] CAPPING events from decorations provider vscode.git 3502
2024-02-26 13:59:16.805 [warning] [Decorations] CAPPING events from decorations provider vscode.git 3502
2024-02-26 13:59:22.065 [warning] [Decorations] CAPPING events from decorations provider vscode.git 3502
2024-02-26 13:59:27.227 [warning] [Decorations] CAPPING events from decorations provider vscode.git 3502
2024-02-26 13:59:32.372 [warning] [Decorations] CAPPING events from decorations provider vscode.git 3502
2024-02-26 13:59:37.562 [warning] [Decorations] CAPPING events from decorations provider vscode.git 3502
2024-02-26 13:59:42.830 [warning] [Decorations] CAPPING events from decorations provider vscode.git 3502
2024-02-26 13:59:48.000 [warning] [Decorations] CAPPING events from decorations provider vscode.git 3502
2024-02-26 13:59:53.218 [warning] [Decorations] CAPPING events from decorations provider vscode.git 3502
2024-02-26 13:59:59.840 [warning] [Decorations] CAPPING events from decorations provider vscode.git 3502
2024-02-26 14:00:05.033 [warning] [Decorations] CAPPING events from decorations provider vscode.git 3502
2024-02-26 14:00:10.275 [warning] [Decorations] CAPPING events from decorations provider vscode.git 3502
2024-02-26 14:00:15.461 [warning] [Decorations] CAPPING events from decorations provider vscode.git 3502
2024-02-26 14:00:20.637 [warning] [Decorations] CAPPING events from decorations provider vscode.git 3502
2024-02-26 14:00:25.803 [warning] [Decorations] CAPPING events from decorations provider vscode.git 3502
2024-02-26 14:00:32.434 [warning] [Decorations] CAPPING events from decorations provider vscode.git 3502
2024-02-26 14:00:37.658 [warning] [Decorations] CAPPING events from decorations provider vscode.git 3502
2024-02-26 14:00:42.878 [warning] [Decorations] CAPPING events from decorations provider vscode.git 3502
2024-02-26 14:00:48.073 [warning] [Decorations] CAPPING events from decorations provider vscode.git 3502
2024-02-26 14:00:53.199 [warning] [Decorations] CAPPING events from decorations provider vscode.git 3502
2024-02-26 14:00:58.378 [warning] [Decorations] CAPPING events from decorations provider vscode.git 3502
2024-02-26 14:01:03.559 [warning] [Decorations] CAPPING events from decorations provider vscode.git 3502
2024-02-26 14:01:08.786 [warning] [Decorations] CAPPING events from decorations provider vscode.git 3502
2024-02-26 14:01:13.965 [warning] [Decorations] CAPPING events from decorations provider vscode.git 3502
2024-02-26 14:01:19.128 [warning] [Decorations] CAPPING events from decorations provider vscode.git 3502
2024-02-26 14:01:24.368 [warning] [Decorations] CAPPING events from decorations provider vscode.git 3502
2024-02-26 14:01:29.576 [warning] [Decorations] CAPPING events from decorations provider vscode.git 3502
2024-02-26 14:01:34.717 [warning] [Decorations] CAPPING events from decorations provider vscode.git 3502
2024-02-26 14:01:39.874 [warning] [Decorations] CAPPING events from decorations provider vscode.git 3502
2024-02-26 14:01:45.093 [warning] [Decorations] CAPPING events from decorations provider vscode.git 3502
2024-02-26 14:01:50.319 [warning] [Decorations] CAPPING events from decorations provider vscode.git 3502
2024-02-26 14:01:55.475 [warning] [Decorations] CAPPING events from decorations provider vscode.git 3502
2024-02-26 14:02:00.662 [warning] [Decorations] CAPPING events from decorations provider vscode.git 3502
2024-02-26 14:02:05.830 [warning] [Decorations] CAPPING events from decorations provider vscode.git 3502
2024-02-26 14:02:11.047 [warning] [Decorations] CAPPING events from decorations provider vscode.git 3502
2024-02-26 14:02:16.756 [warning] [Decorations] CAPPING events from decorations provider vscode.git 3502
2024-02-26 14:02:21.916 [warning] [Decorations] CAPPING events from decorations provider vscode.git 3502
2024-02-26 14:02:27.791 [warning] [Decorations] CAPPING events from decorations provider vscode.git 3504
2024-02-26 14:02:32.966 [warning] [Decorations] CAPPING events from decorations provider vscode.git 3504
2024-02-26 14:02:38.125 [warning] [Decorations] CAPPING events from decorations provider vscode.git 3504
2024-02-26 14:02:43.307 [warning] [Decorations] CAPPING events from decorations provider vscode.git 3505
2024-02-26 14:02:48.513 [warning] [Decorations] CAPPING events from decorations provider vscode.git 3504
2024-02-26 14:02:56.114 [warning] [Decorations] CAPPING events from decorations provider vscode.git 3504
2024-02-26 14:03:01.334 [warning] [Decorations] CAPPING events from decorations provider vscode.git 3504
2024-02-26 14:03:06.469 [warning] [Decorations] CAPPING events from decorations provider vscode.git 3504
2024-02-26 14:03:12.211 [warning] [Decorations] CAPPING events from decorations provider vscode.git 3504
2024-02-26 14:03:17.485 [warning] [Decorations] CAPPING events from decorations provider vscode.git 3504
2024-02-26 14:03:22.710 [warning] [Decorations] CAPPING events from decorations provider vscode.git 3504
2024-02-26 14:03:27.902 [warning] [Decorations] CAPPING events from decorations provider vscode.git 3504
2024-02-26 14:03:33.114 [warning] [Decorations] CAPPING events from decorations provider vscode.git 3504
2024-02-26 14:03:38.344 [warning] [Decorations] CAPPING events from decorations provider vscode.git 3504
2024-02-26 14:03:43.537 [warning] [Decorations] CAPPING events from decorations provider vscode.git 3504
2024-02-26 14:03:49.021 [warning] [Decorations] CAPPING events from decorations provider vscode.git 3504
2024-02-26 14:03:54.174 [warning] [Decorations] CAPPING events from decorations provider vscode.git 3504
2024-02-26 14:03:59.390 [warning] [Decorations] CAPPING events from decorations provider vscode.git 3504
2024-02-26 14:04:04.567 [warning] [Decorations] CAPPING events from decorations provider vscode.git 3504
2024-02-26 14:04:09.758 [warning] [Decorations] CAPPING events from decorations provider vscode.git 3504
2024-02-26 14:04:14.965 [warning] [Decorations] CAPPING events from decorations provider vscode.git 3504
2024-02-26 14:04:20.163 [warning] [Decorations] CAPPING events from decorations provider vscode.git 3504
2024-02-26 14:04:25.352 [warning] [Decorations] CAPPING events from decorations provider vscode.git 3504
2024-02-26 14:04:32.087 [warning] [Decorations] CAPPING events from decorations provider vscode.git 3504
2024-02-26 14:04:37.306 [warning] [Decorations] CAPPING events from decorations provider vscode.git 3504
2024-02-26 14:04:42.439 [warning] [Decorations] CAPPING events from decorations provider vscode.git 3504
2024-02-26 14:04:47.624 [warning] [Decorations] CAPPING events from decorations provider vscode.git 3504
2024-02-26 14:04:52.834 [warning] [Decorations] CAPPING events from decorations provider vscode.git 3504
2024-02-26 14:04:58.022 [warning] [Decorations] CAPPING events from decorations provider vscode.git 3504
2024-02-26 14:05:03.283 [warning] [Decorations] CAPPING events from decorations provider vscode.git 3504
2024-02-26 14:05:08.810 [warning] [Decorations] CAPPING events from decorations provider vscode.git 3504
2024-02-26 14:05:13.960 [warning] [Decorations] CAPPING events from decorations provider vscode.git 3504
2024-02-26 14:05:19.141 [warning] [Decorations] CAPPING events from decorations provider vscode.git 3504
2024-02-26 14:05:24.337 [warning] [Decorations] CAPPING events from decorations provider vscode.git 3504
2024-02-26 14:05:29.494 [warning] [Decorations] CAPPING events from decorations provider vscode.git 3504
2024-02-26 14:05:34.674 [warning] [Decorations] CAPPING events from decorations provider vscode.git 3504
2024-02-26 14:05:39.870 [warning] [Decorations] CAPPING events from decorations provider vscode.git 3504
2024-02-26 14:05:45.025 [warning] [Decorations] CAPPING events from decorations provider vscode.git 3504
2024-02-26 14:05:50.211 [warning] [Decorations] CAPPING events from decorations provider vscode.git 3504
2024-02-26 14:05:55.393 [warning] [Decorations] CAPPING events from decorations provider vscode.git 3504
2024-02-26 14:06:00.556 [warning] [Decorations] CAPPING events from decorations provider vscode.git 3504
2024-02-26 14:06:05.736 [warning] [Decorations] CAPPING events from decorations provider vscode.git 3504
2024-02-26 14:06:10.973 [warning] [Decorations] CAPPING events from decorations provider vscode.git 3504
2024-02-26 14:06:16.149 [warning] [Decorations] CAPPING events from decorations provider vscode.git 3504
2024-02-26 14:06:21.352 [warning] [Decorations] CAPPING events from decorations provider vscode.git 3504
2024-02-26 14:06:26.535 [warning] [Decorations] CAPPING events from decorations provider vscode.git 3504
2024-02-26 14:06:31.662 [warning] [Decorations] CAPPING events from decorations provider vscode.git 3504
2024-02-26 14:06:36.864 [warning] [Decorations] CAPPING events from decorations provider vscode.git 3504
2024-02-26 14:06:42.050 [warning] [Decorations] CAPPING events from decorations provider vscode.git 3504
2024-02-26 14:06:47.300 [warning] [Decorations] CAPPING events from decorations provider vscode.git 3504
2024-02-26 14:06:52.467 [warning] [Decorations] CAPPING events from decorations provider vscode.git 3504
2024-02-26 14:06:57.701 [warning] [Decorations] CAPPING events from decorations provider vscode.git 3504
2024-02-26 14:07:02.931 [warning] [Decorations] CAPPING events from decorations provider vscode.git 3504
2024-02-26 14:07:08.062 [warning] [Decorations] CAPPING events from decorations provider vscode.git 3504
2024-02-26 14:07:13.249 [warning] [Decorations] CAPPING events from decorations provider vscode.git 3504
2024-02-26 14:07:18.492 [warning] [Decorations] CAPPING events from decorations provider vscode.git 3504
2024-02-26 14:07:23.972 [warning] [Decorations] CAPPING events from decorations provider vscode.git 3504
2024-02-26 14:07:29.163 [warning] [Decorations] CAPPING events from decorations provider vscode.git 3504
2024-02-26 14:07:34.401 [warning] [Decorations] CAPPING events from decorations provider vscode.git 3504
2024-02-26 14:07:39.619 [warning] [Decorations] CAPPING events from decorations provider vscode.git 3504
2024-02-26 14:07:44.793 [warning] [Decorations] CAPPING events from decorations provider vscode.git 3504
2024-02-26 14:07:49.949 [warning] [Decorations] CAPPING events from decorations provider vscode.git 3504
2024-02-26 14:07:55.129 [warning] [Decorations] CAPPING events from decorations provider vscode.git 3504
2024-02-26 14:08:00.358 [warning] [Decorations] CAPPING events from decorations provider vscode.git 3504
2024-02-26 14:08:05.547 [warning] [Decorations] CAPPING events from decorations provider vscode.git 3504
2024-02-26 14:08:10.738 [warning] [Decorations] CAPPING events from decorations provider vscode.git 3504
2024-02-26 14:08:17.368 [warning] [Decorations] CAPPING events from decorations provider vscode.git 3504
2024-02-26 14:08:22.623 [warning] [Decorations] CAPPING events from decorations provider vscode.git 3504
2024-02-26 14:08:27.840 [warning] [Decorations] CAPPING events from decorations provider vscode.git 3504
2024-02-26 14:08:32.996 [warning] [Decorations] CAPPING events from decorations provider vscode.git 3504
2024-02-26 14:08:38.187 [warning] [Decorations] CAPPING events from decorations provider vscode.git 3504
2024-02-26 14:08:43.376 [warning] [Decorations] CAPPING events from decorations provider vscode.git 3504
2024-02-26 14:08:48.603 [warning] [Decorations] CAPPING events from decorations provider vscode.git 3504
2024-02-26 14:08:53.805 [warning] [Decorations] CAPPING events from decorations provider vscode.git 3504
2024-02-26 14:08:59.044 [warning] [Decorations] CAPPING events from decorations provider vscode.git 3504
2024-02-26 14:09:04.321 [warning] [Decorations] CAPPING events from decorations provider vscode.git 3504
2024-02-26 14:09:09.497 [warning] [Decorations] CAPPING events from decorations provider vscode.git 3504
2024-02-26 14:09:14.637 [warning] [Decorations] CAPPING events from decorations provider vscode.git 3504
2024-02-26 14:09:20.190 [warning] [Decorations] CAPPING events from decorations provider vscode.git 3504
2024-02-26 14:09:25.406 [warning] [Decorations] CAPPING events from decorations provider vscode.git 3504
2024-02-26 14:09:30.616 [warning] [Decorations] CAPPING events from decorations provider vscode.git 3504
2024-02-26 14:09:35.840 [warning] [Decorations] CAPPING events from decorations provider vscode.git 3504
2024-02-26 14:09:41.013 [warning] [Decorations] CAPPING events from decorations provider vscode.git 3504
2024-02-26 14:09:46.186 [warning] [Decorations] CAPPING events from decorations provider vscode.git 3504
2024-02-26 14:09:51.329 [warning] [Decorations] CAPPING events from decorations provider vscode.git 3504
2024-02-26 14:09:56.457 [warning] [Decorations] CAPPING events from decorations provider vscode.git 3504
2024-02-26 14:10:01.636 [warning] [Decorations] CAPPING events from decorations provider vscode.git 3504
2024-02-26 14:10:06.822 [warning] [Decorations] CAPPING events from decorations provider vscode.git 3504
2024-02-26 14:10:12.023 [warning] [Decorations] CAPPING events from decorations provider vscode.git 3504
2024-02-26 14:10:17.191 [warning] [Decorations] CAPPING events from decorations provider vscode.git 3504
2024-02-26 14:10:22.309 [warning] [Decorations] CAPPING events from decorations provider vscode.git 3504
2024-02-26 14:10:27.456 [warning] [Decorations] CAPPING events from decorations provider vscode.git 3504
2024-02-26 14:10:32.619 [warning] [Decorations] CAPPING events from decorations provider vscode.git 3504
2024-02-26 14:13:17.395 [warning] [Decorations] CAPPING events from decorations provider vscode.git 3504
2024-02-26 14:13:22.557 [warning] [Decorations] CAPPING events from decorations provider vscode.git 3504
2024-02-26 14:54:13.848 [warning] [Decorations] CAPPING events from decorations provider vscode.git 3504
