2024-03-05 16:03:13.979 [info] Log level: Info
2024-03-05 16:03:13.980 [info] Validating found git in: "git"
2024-03-05 16:03:13.980 [info] Using git "2.34.1" from "git"
2024-03-05 16:03:13.980 [info] > git rev-parse --show-toplevel [3ms]
2024-03-05 16:03:13.980 [info] > git rev-parse --git-dir --git-common-dir [1ms]
2024-03-05 16:03:13.980 [info] Open repository: /home/akraaam_kh
2024-03-05 16:03:13.980 [info] > git rev-parse --show-toplevel [2ms]
2024-03-05 16:03:13.980 [info] > git config --get commit.template [10ms]
2024-03-05 16:03:13.980 [info] > git rev-parse --show-toplevel [6ms]
2024-03-05 16:03:13.980 [info] > git for-each-ref --format=%(refname)%00%(upstream:short)%00%(objectname)%00%(upstream:track)%00%(upstream:remotename)%00%(upstream:remoteref) refs/heads/master refs/remotes/master [3ms]
2024-03-05 16:03:13.980 [info] > git rev-parse --show-toplevel [1ms]
2024-03-05 16:03:13.980 [info] > git rev-parse --show-toplevel [16ms]
2024-03-05 16:03:13.980 [info] > git status -z -uall [19ms]
2024-03-05 16:03:13.980 [info] > git rev-parse --show-toplevel [403ms]
2024-03-05 16:03:13.980 [info] > git config --get commit.template [161ms]
2024-03-05 16:03:13.980 [info] > git rev-parse --show-toplevel [4ms]
2024-03-05 16:03:13.982 [info] > git for-each-ref --format=%(refname)%00%(upstream:short)%00%(objectname)%00%(upstream:track)%00%(upstream:remotename)%00%(upstream:remoteref) refs/heads/master refs/remotes/master [20ms]
2024-03-05 16:03:13.984 [info] > git rev-parse --show-toplevel [11ms]
2024-03-05 16:03:14.001 [info] > git rev-parse --git-dir --git-common-dir [11ms]
2024-03-05 16:03:14.006 [info] Open repository: /home/akraaam_kh/Projet-DevWeb
2024-03-05 16:03:14.018 [info] > git status -z -uall [18ms]
2024-03-05 16:03:14.035 [info] > git config --get commit.template [17ms]
2024-03-05 16:03:14.046 [info] > git for-each-ref --format=%(refname)%00%(upstream:short)%00%(objectname)%00%(upstream:track)%00%(upstream:remotename)%00%(upstream:remoteref) refs/heads/master refs/remotes/master [3ms]
2024-03-05 16:03:14.052 [warning] ENOENT: no such file or directory, open '/home/akraaam_kh/Projet-DevWeb/.git/refs/remotes/origin/master'
2024-03-05 16:03:14.055 [info] > git rev-parse refs/remotes/origin/master [2ms]
2024-03-05 16:03:14.446 [info] > git check-ignore -v -z --stdin [7ms]
2024-03-05 16:03:14.678 [info] > git show --textconv :Paris-B2-DevWeb-main/app/templates/profile.html.twig [17ms]
2024-03-05 16:03:14.681 [info] > git ls-files --stage -- /home/akraaam_kh/Paris-B2-DevWeb-main/app/templates/profile.html.twig [5ms]
2024-03-05 16:03:14.792 [info] > git cat-file -s 496fe1d495397c61e1831c2f3b8f39a1de59ad9c [95ms]
2024-03-05 16:03:15.195 [info] > git status -z -uall [1134ms]
2024-03-05 16:03:15.216 [info] > git config --get commit.template [6ms]
2024-03-05 16:03:15.223 [info] > git for-each-ref --format=%(refname)%00%(upstream:short)%00%(objectname)%00%(upstream:track)%00%(upstream:remotename)%00%(upstream:remoteref) refs/heads/master refs/remotes/master [1ms]
2024-03-05 16:03:15.230 [warning] ENOENT: no such file or directory, open '/home/akraaam_kh/Projet-DevWeb/.git/refs/remotes/origin/master'
2024-03-05 16:03:15.231 [info] > git rev-parse refs/remotes/origin/master [2ms]
2024-03-05 16:03:15.840 [info] > git status -z -uall [602ms]
2024-03-05 16:03:19.990 [info] > git ls-files --stage -- /home/akraaam_kh/Paris-B2-DevWeb-main/app/templates/profile.html.twig [2ms]
2024-03-05 16:03:19.995 [info] > git cat-file -s 496fe1d495397c61e1831c2f3b8f39a1de59ad9c [0ms]
2024-03-05 16:03:20.006 [info] > git show --textconv :Paris-B2-DevWeb-main/app/templates/profile.html.twig [2ms]
2024-03-05 16:03:22.600 [info] > git ls-files --stage -- /home/akraaam_kh/Paris-B2-DevWeb-main/app/templates/profile.html.twig [3ms]
2024-03-05 16:03:22.610 [info] > git cat-file -s e2b6ec7714b12e998cf1a5363f6d8c8b4a2c74bc [2ms]
2024-03-05 16:03:22.622 [info] > git show --textconv :Paris-B2-DevWeb-main/app/templates/profile.html.twig [2ms]
2024-03-05 16:03:23.166 [info] > git config --get commit.template [2ms]
2024-03-05 16:03:23.176 [info] > git for-each-ref --format=%(refname)%00%(upstream:short)%00%(objectname)%00%(upstream:track)%00%(upstream:remotename)%00%(upstream:remoteref) refs/heads/master refs/remotes/master [2ms]
2024-03-05 16:03:23.796 [info] > git status -z -uall [610ms]
2024-03-05 16:03:28.812 [info] > git config --get commit.template [1ms]
2024-03-05 16:03:28.818 [info] > git for-each-ref --format=%(refname)%00%(upstream:short)%00%(objectname)%00%(upstream:track)%00%(upstream:remotename)%00%(upstream:remoteref) refs/heads/master refs/remotes/master [1ms]
2024-03-05 16:03:29.379 [info] > git status -z -uall [555ms]
2024-03-05 16:03:34.407 [info] > git config --get commit.template [11ms]
2024-03-05 16:03:34.408 [info] > git for-each-ref --format=%(refname)%00%(upstream:short)%00%(objectname)%00%(upstream:track)%00%(upstream:remotename)%00%(upstream:remoteref) refs/heads/master refs/remotes/master [2ms]
2024-03-05 16:03:34.976 [info] > git status -z -uall [557ms]
2024-03-05 16:03:39.998 [info] > git config --get commit.template [7ms]
2024-03-05 16:03:39.999 [info] > git for-each-ref --format=%(refname)%00%(upstream:short)%00%(objectname)%00%(upstream:track)%00%(upstream:remotename)%00%(upstream:remoteref) refs/heads/master refs/remotes/master [1ms]
2024-03-05 16:03:40.518 [info] > git status -z -uall [512ms]
2024-03-05 16:03:45.536 [info] > git config --get commit.template [1ms]
2024-03-05 16:03:45.543 [info] > git for-each-ref --format=%(refname)%00%(upstream:short)%00%(objectname)%00%(upstream:track)%00%(upstream:remotename)%00%(upstream:remoteref) refs/heads/master refs/remotes/master [1ms]
2024-03-05 16:03:46.104 [info] > git status -z -uall [555ms]
2024-03-05 16:03:51.119 [info] > git config --get commit.template [1ms]
2024-03-05 16:03:51.125 [info] > git for-each-ref --format=%(refname)%00%(upstream:short)%00%(objectname)%00%(upstream:track)%00%(upstream:remotename)%00%(upstream:remoteref) refs/heads/master refs/remotes/master [1ms]
2024-03-05 16:03:51.627 [info] > git status -z -uall [497ms]
2024-03-05 16:04:00.913 [info] > git config --get commit.template [2ms]
2024-03-05 16:04:00.952 [info] > git for-each-ref --format=%(refname)%00%(upstream:short)%00%(objectname)%00%(upstream:track)%00%(upstream:remotename)%00%(upstream:remoteref) refs/heads/master refs/remotes/master [11ms]
2024-03-05 16:04:01.655 [info] > git status -z -uall [686ms]
2024-03-05 16:04:11.746 [info] > git config --get commit.template [3ms]
2024-03-05 16:04:11.768 [info] > git for-each-ref --format=%(refname)%00%(upstream:short)%00%(objectname)%00%(upstream:track)%00%(upstream:remotename)%00%(upstream:remoteref) refs/heads/master refs/remotes/master [1ms]
2024-03-05 16:04:12.499 [info] > git status -z -uall [719ms]
2024-03-05 16:04:17.516 [info] > git config --get commit.template [0ms]
2024-03-05 16:04:17.523 [info] > git for-each-ref --format=%(refname)%00%(upstream:short)%00%(objectname)%00%(upstream:track)%00%(upstream:remotename)%00%(upstream:remoteref) refs/heads/master refs/remotes/master [2ms]
2024-03-05 16:04:18.212 [info] > git status -z -uall [680ms]
2024-03-05 16:04:23.224 [info] > git config --get commit.template [1ms]
2024-03-05 16:04:23.231 [info] > git for-each-ref --format=%(refname)%00%(upstream:short)%00%(objectname)%00%(upstream:track)%00%(upstream:remotename)%00%(upstream:remoteref) refs/heads/master refs/remotes/master [0ms]
2024-03-05 16:04:23.851 [info] > git status -z -uall [614ms]
2024-03-05 16:04:28.866 [info] > git config --get commit.template [3ms]
2024-03-05 16:04:28.873 [info] > git for-each-ref --format=%(refname)%00%(upstream:short)%00%(objectname)%00%(upstream:track)%00%(upstream:remotename)%00%(upstream:remoteref) refs/heads/master refs/remotes/master [1ms]
2024-03-05 16:04:29.517 [info] > git status -z -uall [639ms]
2024-03-05 16:04:31.900 [info] > git ls-files --stage -- /home/akraaam_kh/Paris-B2-DevWeb-main/app/templates/profile.html.twig [1ms]
2024-03-05 16:04:31.905 [info] > git cat-file -s e2b6ec7714b12e998cf1a5363f6d8c8b4a2c74bc [1ms]
2024-03-05 16:04:31.919 [info] > git show --textconv :Paris-B2-DevWeb-main/app/templates/profile.html.twig [2ms]
