2024-03-06 12:11:47.655 [info] Log level: Info
2024-03-06 12:11:47.655 [info] Validating found git in: "git"
2024-03-06 12:11:47.655 [info] Using git "2.34.1" from "git"
2024-03-06 12:11:47.710 [info] > git rev-parse --show-toplevel [62ms]
2024-03-06 12:11:47.873 [info] > git rev-parse --git-dir --git-common-dir [47ms]
2024-03-06 12:11:47.922 [info] Open repository: /home/akraaam_kh
2024-03-06 12:11:47.961 [info] > git rev-parse --show-toplevel [5ms]
2024-03-06 12:11:47.963 [info] > git config --get commit.template [19ms]
2024-03-06 12:11:48.007 [info] > git rev-parse --show-toplevel [26ms]
2024-03-06 12:11:48.028 [info] > git rev-parse --show-toplevel [3ms]
2024-03-06 12:11:48.043 [info] > git rev-parse --show-toplevel [2ms]
2024-03-06 12:11:48.044 [info] > git for-each-ref --format=%(refname)%00%(upstream:short)%00%(objectname)%00%(upstream:track)%00%(upstream:remotename)%00%(upstream:remoteref) refs/heads/master refs/remotes/master [46ms]
2024-03-06 12:11:48.067 [info] > git rev-parse --show-toplevel [8ms]
2024-03-06 12:11:48.220 [info] > git rev-parse --show-toplevel [129ms]
2024-03-06 12:11:48.246 [info] > git rev-parse --show-toplevel [6ms]
2024-03-06 12:11:48.264 [info] > git rev-parse --git-dir --git-common-dir [5ms]
2024-03-06 12:11:48.326 [info] Open repository: /home/akraaam_kh/Projet-DevWeb
2024-03-06 12:11:48.416 [info] > git config --get commit.template [23ms]
2024-03-06 12:11:48.465 [info] > git for-each-ref --format=%(refname)%00%(upstream:short)%00%(objectname)%00%(upstream:track)%00%(upstream:remotename)%00%(upstream:remoteref) refs/heads/master refs/remotes/master [30ms]
2024-03-06 12:11:48.489 [warning] ENOENT: no such file or directory, open '/home/akraaam_kh/Projet-DevWeb/.git/refs/remotes/origin/master'
2024-03-06 12:11:48.501 [info] > git rev-parse refs/remotes/origin/master [9ms]
2024-03-06 12:11:48.602 [info] > git status -z -uall [491ms]
2024-03-06 12:11:48.602 [info] > git status -z -uall [84ms]
2024-03-06 12:11:48.603 [info] > git show --textconv :Paris-B2-DevWeb-main/app/templates/profile.html.twig [23ms]
2024-03-06 12:11:48.718 [info] > git ls-files --stage -- /home/akraaam_kh/Paris-B2-DevWeb-main/app/templates/profile.html.twig [125ms]
2024-03-06 12:11:48.833 [info] > git cat-file -s e2b6ec7714b12e998cf1a5363f6d8c8b4a2c74bc [104ms]
2024-03-06 12:11:48.834 [info] > git config --get commit.template [119ms]
2024-03-06 12:11:48.835 [info] > git config --get commit.template [135ms]
2024-03-06 12:11:49.118 [info] > git for-each-ref --format=%(refname)%00%(upstream:short)%00%(objectname)%00%(upstream:track)%00%(upstream:remotename)%00%(upstream:remoteref) refs/heads/master refs/remotes/master [261ms]
2024-03-06 12:11:49.119 [info] > git for-each-ref --format=%(refname)%00%(upstream:short)%00%(objectname)%00%(upstream:track)%00%(upstream:remotename)%00%(upstream:remoteref) refs/heads/master refs/remotes/master [272ms]
2024-03-06 12:11:49.177 [warning] ENOENT: no such file or directory, open '/home/akraaam_kh/Projet-DevWeb/.git/refs/remotes/origin/master'
2024-03-06 12:11:49.228 [info] > git check-ignore -v -z --stdin [70ms]
2024-03-06 12:11:49.233 [info] > git rev-parse refs/remotes/origin/master [57ms]
2024-03-06 12:11:49.295 [info] > git status -z -uall [43ms]
2024-03-06 12:11:49.324 [info] > git status -z -uall [49ms]
2024-03-06 12:11:49.736 [info] > git check-ignore -v -z --stdin [10ms]
2024-03-06 12:11:51.786 [info] > git config --get commit.template [10ms]
2024-03-06 12:11:51.796 [info] > git for-each-ref --format=%(refname)%00%(upstream:short)%00%(objectname)%00%(upstream:track)%00%(upstream:remotename)%00%(upstream:remoteref) refs/heads/master refs/remotes/master [2ms]
2024-03-06 12:11:51.836 [info] > git status -z -uall [33ms]
2024-03-06 12:11:55.324 [info] > git show --textconv :Paris-B2-DevWeb-main/app/public/profile.php [25ms]
2024-03-06 12:11:55.330 [info] > git ls-files --stage -- /home/akraaam_kh/Paris-B2-DevWeb-main/app/public/profile.php [9ms]
2024-03-06 12:11:55.341 [info] > git cat-file -s 3112d504ff8fe2cbcd606e050a7dc9a493c8c206 [2ms]
2024-03-06 12:11:56.849 [info] > git config --get commit.template [1ms]
2024-03-06 12:11:56.858 [info] > git for-each-ref --format=%(refname)%00%(upstream:short)%00%(objectname)%00%(upstream:track)%00%(upstream:remotename)%00%(upstream:remoteref) refs/heads/master refs/remotes/master [2ms]
2024-03-06 12:11:56.889 [info] > git status -z -uall [21ms]
2024-03-06 12:12:01.911 [info] > git config --get commit.template [14ms]
2024-03-06 12:12:01.914 [info] > git for-each-ref --format=%(refname)%00%(upstream:short)%00%(objectname)%00%(upstream:track)%00%(upstream:remotename)%00%(upstream:remoteref) refs/heads/master refs/remotes/master [6ms]
2024-03-06 12:12:01.949 [info] > git status -z -uall [26ms]
2024-03-06 12:12:06.972 [info] > git config --get commit.template [3ms]
2024-03-06 12:12:06.983 [info] > git for-each-ref --format=%(refname)%00%(upstream:short)%00%(objectname)%00%(upstream:track)%00%(upstream:remotename)%00%(upstream:remoteref) refs/heads/master refs/remotes/master [2ms]
2024-03-06 12:12:07.009 [info] > git status -z -uall [20ms]
2024-03-06 12:12:12.043 [info] > git config --get commit.template [13ms]
2024-03-06 12:12:12.045 [info] > git for-each-ref --format=%(refname)%00%(upstream:short)%00%(objectname)%00%(upstream:track)%00%(upstream:remotename)%00%(upstream:remoteref) refs/heads/master refs/remotes/master [3ms]
2024-03-06 12:12:12.101 [info] > git status -z -uall [44ms]
2024-03-06 12:12:17.136 [info] > git config --get commit.template [1ms]
2024-03-06 12:12:17.148 [info] > git for-each-ref --format=%(refname)%00%(upstream:short)%00%(objectname)%00%(upstream:track)%00%(upstream:remotename)%00%(upstream:remoteref) refs/heads/master refs/remotes/master [4ms]
2024-03-06 12:12:17.191 [info] > git status -z -uall [34ms]
2024-03-06 12:12:22.207 [info] > git config --get commit.template [1ms]
2024-03-06 12:12:22.216 [info] > git for-each-ref --format=%(refname)%00%(upstream:short)%00%(objectname)%00%(upstream:track)%00%(upstream:remotename)%00%(upstream:remoteref) refs/heads/master refs/remotes/master [1ms]
2024-03-06 12:12:22.250 [info] > git status -z -uall [27ms]
2024-03-06 12:12:27.293 [info] > git config --get commit.template [14ms]
2024-03-06 12:12:27.294 [info] > git for-each-ref --format=%(refname)%00%(upstream:short)%00%(objectname)%00%(upstream:track)%00%(upstream:remotename)%00%(upstream:remoteref) refs/heads/master refs/remotes/master [4ms]
2024-03-06 12:12:27.342 [info] > git status -z -uall [37ms]
2024-03-06 12:12:32.376 [info] > git config --get commit.template [16ms]
2024-03-06 12:12:32.377 [info] > git for-each-ref --format=%(refname)%00%(upstream:short)%00%(objectname)%00%(upstream:track)%00%(upstream:remotename)%00%(upstream:remoteref) refs/heads/master refs/remotes/master [4ms]
2024-03-06 12:12:32.445 [info] > git status -z -uall [57ms]
2024-03-06 12:12:33.978 [info] > git check-ignore -v -z --stdin [1ms]
2024-03-06 12:12:36.474 [info] > git check-ignore -v -z --stdin [3ms]
2024-03-06 12:12:37.466 [info] > git config --get commit.template [10ms]
2024-03-06 12:12:37.467 [info] > git for-each-ref --format=%(refname)%00%(upstream:short)%00%(objectname)%00%(upstream:track)%00%(upstream:remotename)%00%(upstream:remoteref) refs/heads/master refs/remotes/master [2ms]
2024-03-06 12:12:37.497 [info] > git status -z -uall [24ms]
2024-03-06 12:12:42.531 [info] > git config --get commit.template [11ms]
2024-03-06 12:12:42.532 [info] > git for-each-ref --format=%(refname)%00%(upstream:short)%00%(objectname)%00%(upstream:track)%00%(upstream:remotename)%00%(upstream:remoteref) refs/heads/master refs/remotes/master [3ms]
2024-03-06 12:12:42.555 [info] > git status -z -uall [18ms]
2024-03-06 12:12:45.531 [info] > git show --textconv :Paris-B2-DevWeb-main/app/classes/Page.php [15ms]
2024-03-06 12:12:45.534 [info] > git ls-files --stage -- /home/akraaam_kh/Paris-B2-DevWeb-main/app/classes/Page.php [5ms]
2024-03-06 12:12:45.548 [info] > git cat-file -s 30da19da8aec2ef37c39de2caaa5d4d167a745f1 [4ms]
2024-03-06 12:12:47.581 [info] > git config --get commit.template [7ms]
2024-03-06 12:12:47.581 [info] > git for-each-ref --format=%(refname)%00%(upstream:short)%00%(objectname)%00%(upstream:track)%00%(upstream:remotename)%00%(upstream:remoteref) refs/heads/master refs/remotes/master [1ms]
2024-03-06 12:12:47.609 [info] > git status -z -uall [19ms]
2024-03-06 12:12:51.223 [info] > git show --textconv :Paris-B2-DevWeb-main/app/classes/Repo.php [11ms]
2024-03-06 12:12:51.225 [info] > git ls-files --stage -- /home/akraaam_kh/Paris-B2-DevWeb-main/app/classes/Repo.php [4ms]
2024-03-06 12:12:51.234 [info] > git cat-file -s d64dfbb16c69e2fdf063f634118954f8c2f5ce52 [2ms]
2024-03-06 12:12:52.629 [info] > git config --get commit.template [8ms]
2024-03-06 12:12:52.630 [info] > git for-each-ref --format=%(refname)%00%(upstream:short)%00%(objectname)%00%(upstream:track)%00%(upstream:remotename)%00%(upstream:remoteref) refs/heads/master refs/remotes/master [2ms]
2024-03-06 12:12:52.657 [info] > git status -z -uall [20ms]
2024-03-06 12:12:56.473 [info] > git show --textconv :Paris-B2-DevWeb-main/app/classes/RepoUser.php [7ms]
2024-03-06 12:12:56.476 [info] > git ls-files --stage -- /home/akraaam_kh/Paris-B2-DevWeb-main/app/classes/RepoUser.php [3ms]
2024-03-06 12:12:56.483 [info] > git cat-file -s 51acf946a3c4fba74cb53dc3280e9710f7d67764 [2ms]
2024-03-06 12:12:57.670 [info] > git config --get commit.template [2ms]
2024-03-06 12:12:57.679 [info] > git for-each-ref --format=%(refname)%00%(upstream:short)%00%(objectname)%00%(upstream:track)%00%(upstream:remotename)%00%(upstream:remoteref) refs/heads/master refs/remotes/master [2ms]
2024-03-06 12:12:57.716 [info] > git status -z -uall [28ms]
2024-03-06 12:13:02.744 [info] > git config --get commit.template [11ms]
2024-03-06 12:13:02.745 [info] > git for-each-ref --format=%(refname)%00%(upstream:short)%00%(objectname)%00%(upstream:track)%00%(upstream:remotename)%00%(upstream:remoteref) refs/heads/master refs/remotes/master [3ms]
2024-03-06 12:13:02.796 [info] > git status -z -uall [41ms]
2024-03-06 12:13:07.823 [info] > git config --get commit.template [2ms]
2024-03-06 12:13:07.834 [info] > git for-each-ref --format=%(refname)%00%(upstream:short)%00%(objectname)%00%(upstream:track)%00%(upstream:remotename)%00%(upstream:remoteref) refs/heads/master refs/remotes/master [3ms]
2024-03-06 12:13:07.882 [info] > git status -z -uall [38ms]
2024-03-06 12:13:12.896 [info] > git config --get commit.template [1ms]
2024-03-06 12:13:12.904 [info] > git for-each-ref --format=%(refname)%00%(upstream:short)%00%(objectname)%00%(upstream:track)%00%(upstream:remotename)%00%(upstream:remoteref) refs/heads/master refs/remotes/master [1ms]
2024-03-06 12:13:12.926 [info] > git status -z -uall [17ms]
2024-03-06 12:13:17.937 [info] > git config --get commit.template [1ms]
2024-03-06 12:13:17.943 [info] > git for-each-ref --format=%(refname)%00%(upstream:short)%00%(objectname)%00%(upstream:track)%00%(upstream:remotename)%00%(upstream:remoteref) refs/heads/master refs/remotes/master [1ms]
2024-03-06 12:13:17.970 [info] > git status -z -uall [21ms]
2024-03-06 12:13:23.003 [info] > git config --get commit.template [15ms]
2024-03-06 12:13:23.004 [info] > git for-each-ref --format=%(refname)%00%(upstream:short)%00%(objectname)%00%(upstream:track)%00%(upstream:remotename)%00%(upstream:remoteref) refs/heads/master refs/remotes/master [7ms]
2024-03-06 12:13:23.062 [info] > git status -z -uall [45ms]
2024-03-06 12:13:28.098 [info] > git config --get commit.template [11ms]
2024-03-06 12:13:28.099 [info] > git for-each-ref --format=%(refname)%00%(upstream:short)%00%(objectname)%00%(upstream:track)%00%(upstream:remotename)%00%(upstream:remoteref) refs/heads/master refs/remotes/master [3ms]
2024-03-06 12:13:28.153 [info] > git status -z -uall [44ms]
2024-03-06 12:13:33.173 [info] > git config --get commit.template [4ms]
2024-03-06 12:13:33.187 [info] > git for-each-ref --format=%(refname)%00%(upstream:short)%00%(objectname)%00%(upstream:track)%00%(upstream:remotename)%00%(upstream:remoteref) refs/heads/master refs/remotes/master [4ms]
2024-03-06 12:13:33.236 [info] > git status -z -uall [38ms]
2024-03-06 12:13:38.265 [info] > git config --get commit.template [11ms]
2024-03-06 12:13:38.266 [info] > git for-each-ref --format=%(refname)%00%(upstream:short)%00%(objectname)%00%(upstream:track)%00%(upstream:remotename)%00%(upstream:remoteref) refs/heads/master refs/remotes/master [3ms]
2024-03-06 12:13:38.292 [info] > git status -z -uall [16ms]
2024-03-06 12:13:43.324 [info] > git config --get commit.template [14ms]
2024-03-06 12:13:43.325 [info] > git for-each-ref --format=%(refname)%00%(upstream:short)%00%(objectname)%00%(upstream:track)%00%(upstream:remotename)%00%(upstream:remoteref) refs/heads/master refs/remotes/master [3ms]
2024-03-06 12:13:43.372 [info] > git status -z -uall [37ms]
2024-03-06 12:13:48.399 [info] > git config --get commit.template [5ms]
2024-03-06 12:13:48.411 [info] > git for-each-ref --format=%(refname)%00%(upstream:short)%00%(objectname)%00%(upstream:track)%00%(upstream:remotename)%00%(upstream:remoteref) refs/heads/master refs/remotes/master [4ms]
2024-03-06 12:13:48.458 [info] > git status -z -uall [37ms]
2024-03-06 12:13:53.482 [info] > git config --get commit.template [13ms]
2024-03-06 12:13:53.490 [info] > git for-each-ref --format=%(refname)%00%(upstream:short)%00%(objectname)%00%(upstream:track)%00%(upstream:remotename)%00%(upstream:remoteref) refs/heads/master refs/remotes/master [3ms]
2024-03-06 12:13:53.528 [info] > git status -z -uall [32ms]
2024-03-06 12:13:58.560 [info] > git config --get commit.template [10ms]
2024-03-06 12:13:58.561 [info] > git for-each-ref --format=%(refname)%00%(upstream:short)%00%(objectname)%00%(upstream:track)%00%(upstream:remotename)%00%(upstream:remoteref) refs/heads/master refs/remotes/master [3ms]
2024-03-06 12:13:58.617 [info] > git status -z -uall [46ms]
2024-03-06 12:14:03.650 [info] > git config --get commit.template [14ms]
2024-03-06 12:14:03.652 [info] > git for-each-ref --format=%(refname)%00%(upstream:short)%00%(objectname)%00%(upstream:track)%00%(upstream:remotename)%00%(upstream:remoteref) refs/heads/master refs/remotes/master [3ms]
2024-03-06 12:14:03.702 [info] > git status -z -uall [41ms]
2024-03-06 12:14:08.725 [info] > git config --get commit.template [3ms]
2024-03-06 12:14:08.739 [info] > git for-each-ref --format=%(refname)%00%(upstream:short)%00%(objectname)%00%(upstream:track)%00%(upstream:remotename)%00%(upstream:remoteref) refs/heads/master refs/remotes/master [5ms]
2024-03-06 12:14:08.802 [info] > git status -z -uall [50ms]
2024-03-06 12:14:13.829 [info] > git config --get commit.template [3ms]
2024-03-06 12:14:13.836 [info] > git for-each-ref --format=%(refname)%00%(upstream:short)%00%(objectname)%00%(upstream:track)%00%(upstream:remotename)%00%(upstream:remoteref) refs/heads/master refs/remotes/master [2ms]
2024-03-06 12:14:13.868 [info] > git status -z -uall [25ms]
2024-03-06 12:14:18.897 [info] > git config --get commit.template [12ms]
2024-03-06 12:14:18.898 [info] > git for-each-ref --format=%(refname)%00%(upstream:short)%00%(objectname)%00%(upstream:track)%00%(upstream:remotename)%00%(upstream:remoteref) refs/heads/master refs/remotes/master [2ms]
2024-03-06 12:14:18.927 [info] > git status -z -uall [22ms]
2024-03-06 12:14:23.948 [info] > git config --get commit.template [3ms]
2024-03-06 12:14:23.961 [info] > git for-each-ref --format=%(refname)%00%(upstream:short)%00%(objectname)%00%(upstream:track)%00%(upstream:remotename)%00%(upstream:remoteref) refs/heads/master refs/remotes/master [3ms]
2024-03-06 12:14:24.012 [info] > git status -z -uall [41ms]
2024-03-06 12:14:29.043 [info] > git config --get commit.template [11ms]
2024-03-06 12:14:29.044 [info] > git for-each-ref --format=%(refname)%00%(upstream:short)%00%(objectname)%00%(upstream:track)%00%(upstream:remotename)%00%(upstream:remoteref) refs/heads/master refs/remotes/master [3ms]
2024-03-06 12:14:29.100 [info] > git status -z -uall [47ms]
2024-03-06 12:14:34.135 [info] > git config --get commit.template [13ms]
2024-03-06 12:14:34.136 [info] > git for-each-ref --format=%(refname)%00%(upstream:short)%00%(objectname)%00%(upstream:track)%00%(upstream:remotename)%00%(upstream:remoteref) refs/heads/master refs/remotes/master [3ms]
2024-03-06 12:14:34.178 [info] > git status -z -uall [31ms]
2024-03-06 12:14:39.208 [info] > git config --get commit.template [11ms]
2024-03-06 12:14:39.209 [info] > git for-each-ref --format=%(refname)%00%(upstream:short)%00%(objectname)%00%(upstream:track)%00%(upstream:remotename)%00%(upstream:remoteref) refs/heads/master refs/remotes/master [3ms]
2024-03-06 12:14:39.260 [info] > git status -z -uall [41ms]
2024-03-06 12:14:44.288 [info] > git config --get commit.template [8ms]
2024-03-06 12:14:44.289 [info] > git for-each-ref --format=%(refname)%00%(upstream:short)%00%(objectname)%00%(upstream:track)%00%(upstream:remotename)%00%(upstream:remoteref) refs/heads/master refs/remotes/master [1ms]
2024-03-06 12:14:44.322 [info] > git status -z -uall [23ms]
2024-03-06 12:14:49.343 [info] > git config --get commit.template [4ms]
2024-03-06 12:14:49.355 [info] > git for-each-ref --format=%(refname)%00%(upstream:short)%00%(objectname)%00%(upstream:track)%00%(upstream:remotename)%00%(upstream:remoteref) refs/heads/master refs/remotes/master [3ms]
2024-03-06 12:14:49.407 [info] > git status -z -uall [41ms]
2024-03-06 12:14:54.429 [info] > git config --get commit.template [4ms]
2024-03-06 12:14:54.440 [info] > git for-each-ref --format=%(refname)%00%(upstream:short)%00%(objectname)%00%(upstream:track)%00%(upstream:remotename)%00%(upstream:remoteref) refs/heads/master refs/remotes/master [3ms]
2024-03-06 12:14:54.488 [info] > git status -z -uall [39ms]
2024-03-06 12:14:59.513 [info] > git config --get commit.template [5ms]
2024-03-06 12:14:59.519 [info] > git for-each-ref --format=%(refname)%00%(upstream:short)%00%(objectname)%00%(upstream:track)%00%(upstream:remotename)%00%(upstream:remoteref) refs/heads/master refs/remotes/master [1ms]
2024-03-06 12:14:59.543 [info] > git status -z -uall [18ms]
2024-03-06 12:15:04.569 [info] > git config --get commit.template [10ms]
2024-03-06 12:15:04.571 [info] > git for-each-ref --format=%(refname)%00%(upstream:short)%00%(objectname)%00%(upstream:track)%00%(upstream:remotename)%00%(upstream:remoteref) refs/heads/master refs/remotes/master [3ms]
2024-03-06 12:15:04.614 [info] > git status -z -uall [34ms]
2024-03-06 12:15:09.648 [info] > git config --get commit.template [11ms]
2024-03-06 12:15:09.650 [info] > git for-each-ref --format=%(refname)%00%(upstream:short)%00%(objectname)%00%(upstream:track)%00%(upstream:remotename)%00%(upstream:remoteref) refs/heads/master refs/remotes/master [2ms]
2024-03-06 12:15:09.699 [info] > git status -z -uall [41ms]
2024-03-06 12:15:14.729 [info] > git config --get commit.template [12ms]
2024-03-06 12:15:14.731 [info] > git for-each-ref --format=%(refname)%00%(upstream:short)%00%(objectname)%00%(upstream:track)%00%(upstream:remotename)%00%(upstream:remoteref) refs/heads/master refs/remotes/master [4ms]
2024-03-06 12:15:14.782 [info] > git status -z -uall [42ms]
2024-03-06 12:15:19.816 [info] > git config --get commit.template [12ms]
2024-03-06 12:15:19.817 [info] > git for-each-ref --format=%(refname)%00%(upstream:short)%00%(objectname)%00%(upstream:track)%00%(upstream:remotename)%00%(upstream:remoteref) refs/heads/master refs/remotes/master [3ms]
2024-03-06 12:15:19.866 [info] > git status -z -uall [40ms]
2024-03-06 12:15:24.900 [info] > git config --get commit.template [10ms]
2024-03-06 12:15:24.902 [info] > git for-each-ref --format=%(refname)%00%(upstream:short)%00%(objectname)%00%(upstream:track)%00%(upstream:remotename)%00%(upstream:remoteref) refs/heads/master refs/remotes/master [4ms]
2024-03-06 12:15:24.954 [info] > git status -z -uall [41ms]
2024-03-06 12:15:29.982 [info] > git config --get commit.template [11ms]
2024-03-06 12:15:29.984 [info] > git for-each-ref --format=%(refname)%00%(upstream:short)%00%(objectname)%00%(upstream:track)%00%(upstream:remotename)%00%(upstream:remoteref) refs/heads/master refs/remotes/master [4ms]
2024-03-06 12:15:30.022 [info] > git status -z -uall [22ms]
2024-03-06 12:15:35.042 [info] > git config --get commit.template [5ms]
2024-03-06 12:15:35.054 [info] > git for-each-ref --format=%(refname)%00%(upstream:short)%00%(objectname)%00%(upstream:track)%00%(upstream:remotename)%00%(upstream:remoteref) refs/heads/master refs/remotes/master [4ms]
2024-03-06 12:15:35.102 [info] > git status -z -uall [27ms]
2024-03-06 12:15:40.135 [info] > git config --get commit.template [15ms]
2024-03-06 12:15:40.135 [info] > git for-each-ref --format=%(refname)%00%(upstream:short)%00%(objectname)%00%(upstream:track)%00%(upstream:remotename)%00%(upstream:remoteref) refs/heads/master refs/remotes/master [2ms]
2024-03-06 12:15:40.188 [info] > git status -z -uall [40ms]
2024-03-06 12:15:45.212 [info] > git config --get commit.template [2ms]
2024-03-06 12:15:45.224 [info] > git for-each-ref --format=%(refname)%00%(upstream:short)%00%(objectname)%00%(upstream:track)%00%(upstream:remotename)%00%(upstream:remoteref) refs/heads/master refs/remotes/master [2ms]
2024-03-06 12:15:45.270 [info] > git status -z -uall [36ms]
2024-03-06 12:15:50.293 [info] > git config --get commit.template [8ms]
2024-03-06 12:15:50.294 [info] > git for-each-ref --format=%(refname)%00%(upstream:short)%00%(objectname)%00%(upstream:track)%00%(upstream:remotename)%00%(upstream:remoteref) refs/heads/master refs/remotes/master [1ms]
2024-03-06 12:15:50.317 [info] > git status -z -uall [18ms]
2024-03-06 12:15:55.331 [info] > git config --get commit.template [2ms]
2024-03-06 12:15:55.338 [info] > git for-each-ref --format=%(refname)%00%(upstream:short)%00%(objectname)%00%(upstream:track)%00%(upstream:remotename)%00%(upstream:remoteref) refs/heads/master refs/remotes/master [1ms]
2024-03-06 12:15:55.366 [info] > git status -z -uall [20ms]
2024-03-06 12:16:00.376 [info] > git config --get commit.template [1ms]
2024-03-06 12:16:00.383 [info] > git for-each-ref --format=%(refname)%00%(upstream:short)%00%(objectname)%00%(upstream:track)%00%(upstream:remotename)%00%(upstream:remoteref) refs/heads/master refs/remotes/master [0ms]
2024-03-06 12:16:00.406 [info] > git status -z -uall [19ms]
2024-03-06 12:16:05.430 [info] > git config --get commit.template [9ms]
2024-03-06 12:16:05.431 [info] > git for-each-ref --format=%(refname)%00%(upstream:short)%00%(objectname)%00%(upstream:track)%00%(upstream:remotename)%00%(upstream:remoteref) refs/heads/master refs/remotes/master [2ms]
2024-03-06 12:16:05.468 [info] > git status -z -uall [29ms]
2024-03-06 12:16:10.499 [info] > git config --get commit.template [12ms]
2024-03-06 12:16:10.501 [info] > git for-each-ref --format=%(refname)%00%(upstream:short)%00%(objectname)%00%(upstream:track)%00%(upstream:remotename)%00%(upstream:remoteref) refs/heads/master refs/remotes/master [3ms]
2024-03-06 12:16:10.548 [info] > git status -z -uall [38ms]
2024-03-06 12:16:15.576 [info] > git config --get commit.template [10ms]
2024-03-06 12:16:15.580 [info] > git for-each-ref --format=%(refname)%00%(upstream:short)%00%(objectname)%00%(upstream:track)%00%(upstream:remotename)%00%(upstream:remoteref) refs/heads/master refs/remotes/master [3ms]
2024-03-06 12:16:15.627 [info] > git status -z -uall [38ms]
2024-03-06 12:16:20.642 [info] > git config --get commit.template [1ms]
2024-03-06 12:16:20.648 [info] > git for-each-ref --format=%(refname)%00%(upstream:short)%00%(objectname)%00%(upstream:track)%00%(upstream:remotename)%00%(upstream:remoteref) refs/heads/master refs/remotes/master [1ms]
2024-03-06 12:16:20.677 [info] > git status -z -uall [23ms]
2024-03-06 12:16:25.707 [info] > git config --get commit.template [11ms]
2024-03-06 12:16:25.709 [info] > git for-each-ref --format=%(refname)%00%(upstream:short)%00%(objectname)%00%(upstream:track)%00%(upstream:remotename)%00%(upstream:remoteref) refs/heads/master refs/remotes/master [3ms]
2024-03-06 12:16:25.759 [info] > git status -z -uall [41ms]
2024-03-06 12:16:30.794 [info] > git config --get commit.template [13ms]
2024-03-06 12:16:30.796 [info] > git for-each-ref --format=%(refname)%00%(upstream:short)%00%(objectname)%00%(upstream:track)%00%(upstream:remotename)%00%(upstream:remoteref) refs/heads/master refs/remotes/master [3ms]
2024-03-06 12:16:30.819 [info] > git status -z -uall [16ms]
2024-03-06 12:16:35.852 [info] > git config --get commit.template [16ms]
2024-03-06 12:16:35.853 [info] > git for-each-ref --format=%(refname)%00%(upstream:short)%00%(objectname)%00%(upstream:track)%00%(upstream:remotename)%00%(upstream:remoteref) refs/heads/master refs/remotes/master [3ms]
2024-03-06 12:16:35.884 [info] > git status -z -uall [20ms]
2024-03-06 12:16:40.902 [info] > git config --get commit.template [5ms]
2024-03-06 12:16:40.909 [info] > git for-each-ref --format=%(refname)%00%(upstream:short)%00%(objectname)%00%(upstream:track)%00%(upstream:remotename)%00%(upstream:remoteref) refs/heads/master refs/remotes/master [1ms]
2024-03-06 12:16:40.934 [info] > git status -z -uall [20ms]
2024-03-06 12:16:45.963 [info] > git config --get commit.template [11ms]
2024-03-06 12:16:45.965 [info] > git for-each-ref --format=%(refname)%00%(upstream:short)%00%(objectname)%00%(upstream:track)%00%(upstream:remotename)%00%(upstream:remoteref) refs/heads/master refs/remotes/master [2ms]
2024-03-06 12:16:46.016 [info] > git status -z -uall [38ms]
2024-03-06 12:16:51.041 [info] > git config --get commit.template [5ms]
2024-03-06 12:16:51.051 [info] > git for-each-ref --format=%(refname)%00%(upstream:short)%00%(objectname)%00%(upstream:track)%00%(upstream:remotename)%00%(upstream:remoteref) refs/heads/master refs/remotes/master [3ms]
2024-03-06 12:16:51.088 [info] > git status -z -uall [25ms]
2024-03-06 12:16:56.119 [info] > git config --get commit.template [12ms]
2024-03-06 12:16:56.122 [info] > git for-each-ref --format=%(refname)%00%(upstream:short)%00%(objectname)%00%(upstream:track)%00%(upstream:remotename)%00%(upstream:remoteref) refs/heads/master refs/remotes/master [4ms]
2024-03-06 12:16:56.167 [info] > git status -z -uall [32ms]
2024-03-06 12:17:01.188 [info] > git config --get commit.template [3ms]
2024-03-06 12:17:01.202 [info] > git for-each-ref --format=%(refname)%00%(upstream:short)%00%(objectname)%00%(upstream:track)%00%(upstream:remotename)%00%(upstream:remoteref) refs/heads/master refs/remotes/master [4ms]
2024-03-06 12:17:01.228 [info] > git status -z -uall [20ms]
2024-03-06 12:17:06.257 [info] > git config --get commit.template [12ms]
2024-03-06 12:17:06.259 [info] > git for-each-ref --format=%(refname)%00%(upstream:short)%00%(objectname)%00%(upstream:track)%00%(upstream:remotename)%00%(upstream:remoteref) refs/heads/master refs/remotes/master [3ms]
2024-03-06 12:17:06.310 [info] > git status -z -uall [40ms]
2024-03-06 12:17:11.339 [info] > git config --get commit.template [12ms]
2024-03-06 12:17:11.341 [info] > git for-each-ref --format=%(refname)%00%(upstream:short)%00%(objectname)%00%(upstream:track)%00%(upstream:remotename)%00%(upstream:remoteref) refs/heads/master refs/remotes/master [3ms]
2024-03-06 12:17:11.391 [info] > git status -z -uall [40ms]
2024-03-06 12:17:16.419 [info] > git config --get commit.template [8ms]
2024-03-06 12:17:16.420 [info] > git for-each-ref --format=%(refname)%00%(upstream:short)%00%(objectname)%00%(upstream:track)%00%(upstream:remotename)%00%(upstream:remoteref) refs/heads/master refs/remotes/master [2ms]
2024-03-06 12:17:16.450 [info] > git status -z -uall [22ms]
2024-03-06 12:17:21.478 [info] > git config --get commit.template [12ms]
2024-03-06 12:17:21.480 [info] > git for-each-ref --format=%(refname)%00%(upstream:short)%00%(objectname)%00%(upstream:track)%00%(upstream:remotename)%00%(upstream:remoteref) refs/heads/master refs/remotes/master [3ms]
2024-03-06 12:17:21.532 [info] > git status -z -uall [41ms]
2024-03-06 12:17:26.562 [info] > git config --get commit.template [14ms]
2024-03-06 12:17:26.563 [info] > git for-each-ref --format=%(refname)%00%(upstream:short)%00%(objectname)%00%(upstream:track)%00%(upstream:remotename)%00%(upstream:remoteref) refs/heads/master refs/remotes/master [3ms]
2024-03-06 12:17:26.621 [info] > git status -z -uall [49ms]
2024-03-06 12:17:31.643 [info] > git config --get commit.template [8ms]
2024-03-06 12:17:31.644 [info] > git for-each-ref --format=%(refname)%00%(upstream:short)%00%(objectname)%00%(upstream:track)%00%(upstream:remotename)%00%(upstream:remoteref) refs/heads/master refs/remotes/master [2ms]
2024-03-06 12:17:31.671 [info] > git status -z -uall [21ms]
2024-03-06 12:17:36.692 [info] > git config --get commit.template [6ms]
2024-03-06 12:17:36.702 [info] > git for-each-ref --format=%(refname)%00%(upstream:short)%00%(objectname)%00%(upstream:track)%00%(upstream:remotename)%00%(upstream:remoteref) refs/heads/master refs/remotes/master [2ms]
2024-03-06 12:17:36.747 [info] > git status -z -uall [35ms]
2024-03-06 12:17:41.778 [info] > git config --get commit.template [11ms]
2024-03-06 12:17:41.779 [info] > git for-each-ref --format=%(refname)%00%(upstream:short)%00%(objectname)%00%(upstream:track)%00%(upstream:remotename)%00%(upstream:remoteref) refs/heads/master refs/remotes/master [3ms]
2024-03-06 12:17:41.831 [info] > git status -z -uall [42ms]
2024-03-06 12:17:46.861 [info] > git config --get commit.template [9ms]
2024-03-06 12:17:46.861 [info] > git for-each-ref --format=%(refname)%00%(upstream:short)%00%(objectname)%00%(upstream:track)%00%(upstream:remotename)%00%(upstream:remoteref) refs/heads/master refs/remotes/master [2ms]
2024-03-06 12:17:46.909 [info] > git status -z -uall [36ms]
2024-03-06 12:17:51.939 [info] > git config --get commit.template [9ms]
2024-03-06 12:17:51.941 [info] > git for-each-ref --format=%(refname)%00%(upstream:short)%00%(objectname)%00%(upstream:track)%00%(upstream:remotename)%00%(upstream:remoteref) refs/heads/master refs/remotes/master [4ms]
2024-03-06 12:17:51.994 [info] > git status -z -uall [44ms]
2024-03-06 12:17:57.031 [info] > git config --get commit.template [15ms]
2024-03-06 12:17:57.031 [info] > git for-each-ref --format=%(refname)%00%(upstream:short)%00%(objectname)%00%(upstream:track)%00%(upstream:remotename)%00%(upstream:remoteref) refs/heads/master refs/remotes/master [3ms]
2024-03-06 12:17:57.060 [info] > git status -z -uall [20ms]
2024-03-06 12:18:02.076 [info] > git config --get commit.template [4ms]
2024-03-06 12:18:02.091 [info] > git for-each-ref --format=%(refname)%00%(upstream:short)%00%(objectname)%00%(upstream:track)%00%(upstream:remotename)%00%(upstream:remoteref) refs/heads/master refs/remotes/master [4ms]
2024-03-06 12:18:02.132 [info] > git status -z -uall [29ms]
2024-03-06 12:18:07.162 [info] > git config --get commit.template [11ms]
2024-03-06 12:18:07.164 [info] > git for-each-ref --format=%(refname)%00%(upstream:short)%00%(objectname)%00%(upstream:track)%00%(upstream:remotename)%00%(upstream:remoteref) refs/heads/master refs/remotes/master [4ms]
2024-03-06 12:18:07.211 [info] > git status -z -uall [37ms]
2024-03-06 12:18:12.242 [info] > git config --get commit.template [12ms]
2024-03-06 12:18:12.244 [info] > git for-each-ref --format=%(refname)%00%(upstream:short)%00%(objectname)%00%(upstream:track)%00%(upstream:remotename)%00%(upstream:remoteref) refs/heads/master refs/remotes/master [3ms]
2024-03-06 12:18:12.293 [info] > git status -z -uall [40ms]
2024-03-06 12:18:17.326 [info] > git config --get commit.template [12ms]
2024-03-06 12:18:17.328 [info] > git for-each-ref --format=%(refname)%00%(upstream:short)%00%(objectname)%00%(upstream:track)%00%(upstream:remotename)%00%(upstream:remoteref) refs/heads/master refs/remotes/master [4ms]
2024-03-06 12:18:17.381 [info] > git status -z -uall [44ms]
2024-03-06 12:18:22.412 [info] > git config --get commit.template [11ms]
2024-03-06 12:18:22.414 [info] > git for-each-ref --format=%(refname)%00%(upstream:short)%00%(objectname)%00%(upstream:track)%00%(upstream:remotename)%00%(upstream:remoteref) refs/heads/master refs/remotes/master [3ms]
2024-03-06 12:18:22.465 [info] > git status -z -uall [38ms]
2024-03-06 12:18:27.496 [info] > git config --get commit.template [10ms]
2024-03-06 12:18:27.497 [info] > git for-each-ref --format=%(refname)%00%(upstream:short)%00%(objectname)%00%(upstream:track)%00%(upstream:remotename)%00%(upstream:remoteref) refs/heads/master refs/remotes/master [3ms]
2024-03-06 12:18:27.548 [info] > git status -z -uall [41ms]
2024-03-06 12:18:32.571 [info] > git config --get commit.template [2ms]
2024-03-06 12:18:32.583 [info] > git for-each-ref --format=%(refname)%00%(upstream:short)%00%(objectname)%00%(upstream:track)%00%(upstream:remotename)%00%(upstream:remoteref) refs/heads/master refs/remotes/master [4ms]
2024-03-06 12:18:32.633 [info] > git status -z -uall [41ms]
2024-03-06 12:18:37.662 [info] > git config --get commit.template [12ms]
2024-03-06 12:18:37.663 [info] > git for-each-ref --format=%(refname)%00%(upstream:short)%00%(objectname)%00%(upstream:track)%00%(upstream:remotename)%00%(upstream:remoteref) refs/heads/master refs/remotes/master [2ms]
2024-03-06 12:18:37.715 [info] > git status -z -uall [42ms]
2024-03-06 12:18:42.747 [info] > git config --get commit.template [14ms]
2024-03-06 12:18:42.749 [info] > git for-each-ref --format=%(refname)%00%(upstream:short)%00%(objectname)%00%(upstream:track)%00%(upstream:remotename)%00%(upstream:remoteref) refs/heads/master refs/remotes/master [4ms]
2024-03-06 12:18:42.800 [info] > git status -z -uall [40ms]
2024-03-06 12:18:47.823 [info] > git config --get commit.template [9ms]
2024-03-06 12:18:47.823 [info] > git for-each-ref --format=%(refname)%00%(upstream:short)%00%(objectname)%00%(upstream:track)%00%(upstream:remotename)%00%(upstream:remoteref) refs/heads/master refs/remotes/master [1ms]
2024-03-06 12:18:47.852 [info] > git status -z -uall [22ms]
2024-03-06 12:18:52.880 [info] > git config --get commit.template [10ms]
2024-03-06 12:18:52.882 [info] > git for-each-ref --format=%(refname)%00%(upstream:short)%00%(objectname)%00%(upstream:track)%00%(upstream:remotename)%00%(upstream:remoteref) refs/heads/master refs/remotes/master [3ms]
2024-03-06 12:18:52.932 [info] > git status -z -uall [40ms]
2024-03-06 12:18:57.966 [info] > git config --get commit.template [12ms]
2024-03-06 12:18:57.968 [info] > git for-each-ref --format=%(refname)%00%(upstream:short)%00%(objectname)%00%(upstream:track)%00%(upstream:remotename)%00%(upstream:remoteref) refs/heads/master refs/remotes/master [3ms]
2024-03-06 12:18:58.017 [info] > git status -z -uall [39ms]
2024-03-06 12:19:03.054 [info] > git config --get commit.template [11ms]
2024-03-06 12:19:03.056 [info] > git for-each-ref --format=%(refname)%00%(upstream:short)%00%(objectname)%00%(upstream:track)%00%(upstream:remotename)%00%(upstream:remoteref) refs/heads/master refs/remotes/master [3ms]
2024-03-06 12:19:03.103 [info] > git status -z -uall [37ms]
2024-03-06 12:19:08.125 [info] > git config --get commit.template [4ms]
2024-03-06 12:19:08.137 [info] > git for-each-ref --format=%(refname)%00%(upstream:short)%00%(objectname)%00%(upstream:track)%00%(upstream:remotename)%00%(upstream:remoteref) refs/heads/master refs/remotes/master [3ms]
2024-03-06 12:19:08.162 [info] > git status -z -uall [15ms]
2024-03-06 12:19:13.180 [info] > git config --get commit.template [4ms]
2024-03-06 12:19:13.192 [info] > git for-each-ref --format=%(refname)%00%(upstream:short)%00%(objectname)%00%(upstream:track)%00%(upstream:remotename)%00%(upstream:remoteref) refs/heads/master refs/remotes/master [2ms]
2024-03-06 12:19:13.245 [info] > git status -z -uall [43ms]
2024-03-06 12:19:18.277 [info] > git config --get commit.template [11ms]
2024-03-06 12:19:18.278 [info] > git for-each-ref --format=%(refname)%00%(upstream:short)%00%(objectname)%00%(upstream:track)%00%(upstream:remotename)%00%(upstream:remoteref) refs/heads/master refs/remotes/master [3ms]
2024-03-06 12:19:18.326 [info] > git status -z -uall [38ms]
2024-03-06 12:19:25.041 [info] > git config --get commit.template [9ms]
2024-03-06 12:19:25.043 [info] > git for-each-ref --format=%(refname)%00%(upstream:short)%00%(objectname)%00%(upstream:track)%00%(upstream:remotename)%00%(upstream:remoteref) refs/heads/master refs/remotes/master [2ms]
2024-03-06 12:19:25.086 [info] > git status -z -uall [34ms]
2024-03-06 12:19:30.111 [info] > git config --get commit.template [6ms]
2024-03-06 12:19:30.127 [info] > git for-each-ref --format=%(refname)%00%(upstream:short)%00%(objectname)%00%(upstream:track)%00%(upstream:remotename)%00%(upstream:remoteref) refs/heads/master refs/remotes/master [2ms]
2024-03-06 12:19:30.191 [info] > git status -z -uall [50ms]
2024-03-06 12:19:35.222 [info] > git config --get commit.template [9ms]
2024-03-06 12:19:35.224 [info] > git for-each-ref --format=%(refname)%00%(upstream:short)%00%(objectname)%00%(upstream:track)%00%(upstream:remotename)%00%(upstream:remoteref) refs/heads/master refs/remotes/master [3ms]
2024-03-06 12:19:35.252 [info] > git status -z -uall [22ms]
2024-03-06 12:19:40.269 [info] > git config --get commit.template [3ms]
2024-03-06 12:19:40.282 [info] > git for-each-ref --format=%(refname)%00%(upstream:short)%00%(objectname)%00%(upstream:track)%00%(upstream:remotename)%00%(upstream:remoteref) refs/heads/master refs/remotes/master [3ms]
2024-03-06 12:19:40.332 [info] > git status -z -uall [38ms]
2024-03-06 12:19:45.360 [info] > git config --get commit.template [2ms]
2024-03-06 12:19:45.373 [info] > git for-each-ref --format=%(refname)%00%(upstream:short)%00%(objectname)%00%(upstream:track)%00%(upstream:remotename)%00%(upstream:remoteref) refs/heads/master refs/remotes/master [2ms]
2024-03-06 12:19:45.425 [info] > git status -z -uall [42ms]
2024-03-06 12:19:50.448 [info] > git config --get commit.template [7ms]
2024-03-06 12:19:50.449 [info] > git for-each-ref --format=%(refname)%00%(upstream:short)%00%(objectname)%00%(upstream:track)%00%(upstream:remotename)%00%(upstream:remoteref) refs/heads/master refs/remotes/master [2ms]
2024-03-06 12:19:50.483 [info] > git status -z -uall [27ms]
2024-03-06 12:19:55.511 [info] > git config --get commit.template [10ms]
2024-03-06 12:19:55.512 [info] > git for-each-ref --format=%(refname)%00%(upstream:short)%00%(objectname)%00%(upstream:track)%00%(upstream:remotename)%00%(upstream:remoteref) refs/heads/master refs/remotes/master [3ms]
2024-03-06 12:19:55.570 [info] > git status -z -uall [46ms]
2024-03-06 12:20:00.591 [info] > git config --get commit.template [6ms]
2024-03-06 12:20:00.603 [info] > git for-each-ref --format=%(refname)%00%(upstream:short)%00%(objectname)%00%(upstream:track)%00%(upstream:remotename)%00%(upstream:remoteref) refs/heads/master refs/remotes/master [3ms]
2024-03-06 12:20:00.662 [info] > git status -z -uall [48ms]
2024-03-06 12:20:05.692 [info] > git config --get commit.template [12ms]
2024-03-06 12:20:05.693 [info] > git for-each-ref --format=%(refname)%00%(upstream:short)%00%(objectname)%00%(upstream:track)%00%(upstream:remotename)%00%(upstream:remoteref) refs/heads/master refs/remotes/master [3ms]
2024-03-06 12:20:05.739 [info] > git status -z -uall [36ms]
2024-03-06 12:20:10.764 [info] > git config --get commit.template [5ms]
2024-03-06 12:20:10.775 [info] > git for-each-ref --format=%(refname)%00%(upstream:short)%00%(objectname)%00%(upstream:track)%00%(upstream:remotename)%00%(upstream:remoteref) refs/heads/master refs/remotes/master [2ms]
2024-03-06 12:20:10.803 [info] > git status -z -uall [21ms]
2024-03-06 12:20:15.827 [info] > git config --get commit.template [9ms]
2024-03-06 12:20:15.828 [info] > git for-each-ref --format=%(refname)%00%(upstream:short)%00%(objectname)%00%(upstream:track)%00%(upstream:remotename)%00%(upstream:remoteref) refs/heads/master refs/remotes/master [2ms]
2024-03-06 12:20:15.886 [info] > git status -z -uall [49ms]
2024-03-06 12:20:20.901 [info] > git config --get commit.template [6ms]
2024-03-06 12:20:20.902 [info] > git for-each-ref --format=%(refname)%00%(upstream:short)%00%(objectname)%00%(upstream:track)%00%(upstream:remotename)%00%(upstream:remoteref) refs/heads/master refs/remotes/master [1ms]
2024-03-06 12:20:20.927 [info] > git status -z -uall [21ms]
2024-03-06 12:20:25.956 [info] > git config --get commit.template [14ms]
2024-03-06 12:20:25.960 [info] > git for-each-ref --format=%(refname)%00%(upstream:short)%00%(objectname)%00%(upstream:track)%00%(upstream:remotename)%00%(upstream:remoteref) refs/heads/master refs/remotes/master [5ms]
2024-03-06 12:20:25.994 [info] > git status -z -uall [22ms]
2024-03-06 12:20:31.007 [info] > git config --get commit.template [2ms]
2024-03-06 12:20:31.016 [info] > git for-each-ref --format=%(refname)%00%(upstream:short)%00%(objectname)%00%(upstream:track)%00%(upstream:remotename)%00%(upstream:remoteref) refs/heads/master refs/remotes/master [2ms]
2024-03-06 12:20:31.044 [info] > git status -z -uall [21ms]
2024-03-06 12:20:36.075 [info] > git config --get commit.template [12ms]
2024-03-06 12:20:36.077 [info] > git for-each-ref --format=%(refname)%00%(upstream:short)%00%(objectname)%00%(upstream:track)%00%(upstream:remotename)%00%(upstream:remoteref) refs/heads/master refs/remotes/master [3ms]
2024-03-06 12:20:36.128 [info] > git status -z -uall [41ms]
2024-03-06 12:20:41.166 [info] > git config --get commit.template [14ms]
2024-03-06 12:20:41.168 [info] > git for-each-ref --format=%(refname)%00%(upstream:short)%00%(objectname)%00%(upstream:track)%00%(upstream:remotename)%00%(upstream:remoteref) refs/heads/master refs/remotes/master [4ms]
2024-03-06 12:20:41.220 [info] > git status -z -uall [42ms]
2024-03-06 12:20:46.250 [info] > git config --get commit.template [12ms]
2024-03-06 12:20:46.251 [info] > git for-each-ref --format=%(refname)%00%(upstream:short)%00%(objectname)%00%(upstream:track)%00%(upstream:remotename)%00%(upstream:remoteref) refs/heads/master refs/remotes/master [3ms]
2024-03-06 12:20:46.301 [info] > git status -z -uall [39ms]
2024-03-06 12:20:51.315 [info] > git config --get commit.template [2ms]
2024-03-06 12:20:51.322 [info] > git for-each-ref --format=%(refname)%00%(upstream:short)%00%(objectname)%00%(upstream:track)%00%(upstream:remotename)%00%(upstream:remoteref) refs/heads/master refs/remotes/master [1ms]
2024-03-06 12:20:51.353 [info] > git status -z -uall [23ms]
2024-03-06 12:20:56.383 [info] > git config --get commit.template [14ms]
2024-03-06 12:20:56.386 [info] > git for-each-ref --format=%(refname)%00%(upstream:short)%00%(objectname)%00%(upstream:track)%00%(upstream:remotename)%00%(upstream:remoteref) refs/heads/master refs/remotes/master [4ms]
2024-03-06 12:20:56.446 [info] > git status -z -uall [49ms]
2024-03-06 12:21:01.472 [info] > git config --get commit.template [2ms]
2024-03-06 12:21:01.485 [info] > git for-each-ref --format=%(refname)%00%(upstream:short)%00%(objectname)%00%(upstream:track)%00%(upstream:remotename)%00%(upstream:remoteref) refs/heads/master refs/remotes/master [3ms]
2024-03-06 12:21:01.534 [info] > git status -z -uall [40ms]
2024-03-06 12:21:06.569 [info] > git config --get commit.template [13ms]
2024-03-06 12:21:06.571 [info] > git for-each-ref --format=%(refname)%00%(upstream:short)%00%(objectname)%00%(upstream:track)%00%(upstream:remotename)%00%(upstream:remoteref) refs/heads/master refs/remotes/master [3ms]
2024-03-06 12:21:06.634 [info] > git status -z -uall [48ms]
2024-03-06 12:21:11.663 [info] > git config --get commit.template [13ms]
2024-03-06 12:21:11.665 [info] > git for-each-ref --format=%(refname)%00%(upstream:short)%00%(objectname)%00%(upstream:track)%00%(upstream:remotename)%00%(upstream:remoteref) refs/heads/master refs/remotes/master [3ms]
2024-03-06 12:21:11.719 [info] > git status -z -uall [42ms]
2024-03-06 12:21:16.738 [info] > git config --get commit.template [5ms]
2024-03-06 12:21:16.739 [info] > git for-each-ref --format=%(refname)%00%(upstream:short)%00%(objectname)%00%(upstream:track)%00%(upstream:remotename)%00%(upstream:remoteref) refs/heads/master refs/remotes/master [1ms]
2024-03-06 12:21:16.761 [info] > git status -z -uall [18ms]
2024-03-06 12:21:21.788 [info] > git config --get commit.template [10ms]
2024-03-06 12:21:21.789 [info] > git for-each-ref --format=%(refname)%00%(upstream:short)%00%(objectname)%00%(upstream:track)%00%(upstream:remotename)%00%(upstream:remoteref) refs/heads/master refs/remotes/master [3ms]
2024-03-06 12:21:21.838 [info] > git status -z -uall [39ms]
2024-03-06 12:21:26.859 [info] > git config --get commit.template [5ms]
2024-03-06 12:21:26.870 [info] > git for-each-ref --format=%(refname)%00%(upstream:short)%00%(objectname)%00%(upstream:track)%00%(upstream:remotename)%00%(upstream:remoteref) refs/heads/master refs/remotes/master [3ms]
2024-03-06 12:21:26.919 [info] > git status -z -uall [39ms]
2024-03-06 12:21:31.956 [info] > git config --get commit.template [11ms]
2024-03-06 12:21:31.958 [info] > git for-each-ref --format=%(refname)%00%(upstream:short)%00%(objectname)%00%(upstream:track)%00%(upstream:remotename)%00%(upstream:remoteref) refs/heads/master refs/remotes/master [4ms]
2024-03-06 12:21:32.010 [info] > git status -z -uall [43ms]
2024-03-06 12:21:37.040 [info] > git config --get commit.template [11ms]
2024-03-06 12:21:37.042 [info] > git for-each-ref --format=%(refname)%00%(upstream:short)%00%(objectname)%00%(upstream:track)%00%(upstream:remotename)%00%(upstream:remoteref) refs/heads/master refs/remotes/master [4ms]
2024-03-06 12:21:37.095 [info] > git status -z -uall [43ms]
2024-03-06 12:21:42.117 [info] > git config --get commit.template [6ms]
2024-03-06 12:21:42.118 [info] > git for-each-ref --format=%(refname)%00%(upstream:short)%00%(objectname)%00%(upstream:track)%00%(upstream:remotename)%00%(upstream:remoteref) refs/heads/master refs/remotes/master [1ms]
2024-03-06 12:21:42.144 [info] > git status -z -uall [20ms]
2024-03-06 12:21:47.161 [info] > git config --get commit.template [3ms]
2024-03-06 12:21:47.175 [info] > git for-each-ref --format=%(refname)%00%(upstream:short)%00%(objectname)%00%(upstream:track)%00%(upstream:remotename)%00%(upstream:remoteref) refs/heads/master refs/remotes/master [4ms]
2024-03-06 12:21:47.221 [info] > git status -z -uall [37ms]
2024-03-06 12:21:52.248 [info] > git config --get commit.template [11ms]
2024-03-06 12:21:52.250 [info] > git for-each-ref --format=%(refname)%00%(upstream:short)%00%(objectname)%00%(upstream:track)%00%(upstream:remotename)%00%(upstream:remoteref) refs/heads/master refs/remotes/master [4ms]
2024-03-06 12:21:52.299 [info] > git status -z -uall [40ms]
2024-03-06 12:21:57.323 [info] > git config --get commit.template [6ms]
2024-03-06 12:21:57.334 [info] > git for-each-ref --format=%(refname)%00%(upstream:short)%00%(objectname)%00%(upstream:track)%00%(upstream:remotename)%00%(upstream:remoteref) refs/heads/master refs/remotes/master [3ms]
2024-03-06 12:21:57.365 [info] > git status -z -uall [17ms]
2024-03-06 12:22:02.392 [info] > git config --get commit.template [11ms]
2024-03-06 12:22:02.394 [info] > git for-each-ref --format=%(refname)%00%(upstream:short)%00%(objectname)%00%(upstream:track)%00%(upstream:remotename)%00%(upstream:remoteref) refs/heads/master refs/remotes/master [2ms]
2024-03-06 12:22:02.445 [info] > git status -z -uall [43ms]
2024-03-06 12:22:07.475 [info] > git config --get commit.template [11ms]
2024-03-06 12:22:07.477 [info] > git for-each-ref --format=%(refname)%00%(upstream:short)%00%(objectname)%00%(upstream:track)%00%(upstream:remotename)%00%(upstream:remoteref) refs/heads/master refs/remotes/master [3ms]
2024-03-06 12:22:07.525 [info] > git status -z -uall [39ms]
2024-03-06 12:22:12.550 [info] > git config --get commit.template [5ms]
2024-03-06 12:22:12.561 [info] > git for-each-ref --format=%(refname)%00%(upstream:short)%00%(objectname)%00%(upstream:track)%00%(upstream:remotename)%00%(upstream:remoteref) refs/heads/master refs/remotes/master [2ms]
2024-03-06 12:22:12.592 [info] > git status -z -uall [24ms]
2024-03-06 12:22:17.620 [info] > git config --get commit.template [13ms]
2024-03-06 12:22:17.621 [info] > git for-each-ref --format=%(refname)%00%(upstream:short)%00%(objectname)%00%(upstream:track)%00%(upstream:remotename)%00%(upstream:remoteref) refs/heads/master refs/remotes/master [2ms]
2024-03-06 12:22:17.673 [info] > git status -z -uall [43ms]
2024-03-06 12:22:22.704 [info] > git config --get commit.template [13ms]
2024-03-06 12:22:22.705 [info] > git for-each-ref --format=%(refname)%00%(upstream:short)%00%(objectname)%00%(upstream:track)%00%(upstream:remotename)%00%(upstream:remoteref) refs/heads/master refs/remotes/master [4ms]
2024-03-06 12:22:22.756 [info] > git status -z -uall [40ms]
2024-03-06 12:22:27.777 [info] > git config --get commit.template [7ms]
2024-03-06 12:22:27.777 [info] > git for-each-ref --format=%(refname)%00%(upstream:short)%00%(objectname)%00%(upstream:track)%00%(upstream:remotename)%00%(upstream:remoteref) refs/heads/master refs/remotes/master [1ms]
2024-03-06 12:22:27.809 [info] > git status -z -uall [26ms]
2024-03-06 12:22:32.834 [info] > git config --get commit.template [3ms]
2024-03-06 12:22:32.841 [info] > git for-each-ref --format=%(refname)%00%(upstream:short)%00%(objectname)%00%(upstream:track)%00%(upstream:remotename)%00%(upstream:remoteref) refs/heads/master refs/remotes/master [1ms]
2024-03-06 12:22:32.864 [info] > git status -z -uall [17ms]
2024-03-06 12:22:37.892 [info] > git config --get commit.template [11ms]
2024-03-06 12:22:37.893 [info] > git for-each-ref --format=%(refname)%00%(upstream:short)%00%(objectname)%00%(upstream:track)%00%(upstream:remotename)%00%(upstream:remoteref) refs/heads/master refs/remotes/master [3ms]
2024-03-06 12:22:37.940 [info] > git status -z -uall [37ms]
2024-03-06 12:22:42.971 [info] > git config --get commit.template [11ms]
2024-03-06 12:22:42.972 [info] > git for-each-ref --format=%(refname)%00%(upstream:short)%00%(objectname)%00%(upstream:track)%00%(upstream:remotename)%00%(upstream:remoteref) refs/heads/master refs/remotes/master [3ms]
2024-03-06 12:22:43.023 [info] > git status -z -uall [41ms]
2024-03-06 12:22:48.041 [info] > git config --get commit.template [3ms]
2024-03-06 12:22:48.052 [info] > git for-each-ref --format=%(refname)%00%(upstream:short)%00%(objectname)%00%(upstream:track)%00%(upstream:remotename)%00%(upstream:remoteref) refs/heads/master refs/remotes/master [3ms]
2024-03-06 12:22:48.078 [info] > git status -z -uall [21ms]
2024-03-06 12:22:53.092 [info] > git config --get commit.template [1ms]
2024-03-06 12:22:53.098 [info] > git for-each-ref --format=%(refname)%00%(upstream:short)%00%(objectname)%00%(upstream:track)%00%(upstream:remotename)%00%(upstream:remoteref) refs/heads/master refs/remotes/master [2ms]
2024-03-06 12:22:53.125 [info] > git status -z -uall [24ms]
2024-03-06 12:22:58.144 [info] > git config --get commit.template [4ms]
2024-03-06 12:22:58.156 [info] > git for-each-ref --format=%(refname)%00%(upstream:short)%00%(objectname)%00%(upstream:track)%00%(upstream:remotename)%00%(upstream:remoteref) refs/heads/master refs/remotes/master [3ms]
2024-03-06 12:22:58.205 [info] > git status -z -uall [38ms]
2024-03-06 12:23:03.235 [info] > git config --get commit.template [10ms]
2024-03-06 12:23:03.236 [info] > git for-each-ref --format=%(refname)%00%(upstream:short)%00%(objectname)%00%(upstream:track)%00%(upstream:remotename)%00%(upstream:remoteref) refs/heads/master refs/remotes/master [3ms]
2024-03-06 12:23:03.289 [info] > git status -z -uall [44ms]
2024-03-06 12:23:09.172 [info] > git config --get commit.template [1ms]
2024-03-06 12:23:09.179 [info] > git for-each-ref --format=%(refname)%00%(upstream:short)%00%(objectname)%00%(upstream:track)%00%(upstream:remotename)%00%(upstream:remoteref) refs/heads/master refs/remotes/master [2ms]
2024-03-06 12:23:09.203 [info] > git status -z -uall [19ms]
2024-03-06 12:23:14.233 [info] > git config --get commit.template [12ms]
2024-03-06 12:23:14.234 [info] > git for-each-ref --format=%(refname)%00%(upstream:short)%00%(objectname)%00%(upstream:track)%00%(upstream:remotename)%00%(upstream:remoteref) refs/heads/master refs/remotes/master [3ms]
2024-03-06 12:23:14.274 [info] > git status -z -uall [31ms]
2024-03-06 12:23:19.291 [info] > git config --get commit.template [8ms]
2024-03-06 12:23:19.293 [info] > git for-each-ref --format=%(refname)%00%(upstream:short)%00%(objectname)%00%(upstream:track)%00%(upstream:remotename)%00%(upstream:remoteref) refs/heads/master refs/remotes/master [2ms]
2024-03-06 12:23:19.329 [info] > git status -z -uall [29ms]
2024-03-06 12:23:24.362 [info] > git config --get commit.template [13ms]
2024-03-06 12:23:24.363 [info] > git for-each-ref --format=%(refname)%00%(upstream:short)%00%(objectname)%00%(upstream:track)%00%(upstream:remotename)%00%(upstream:remoteref) refs/heads/master refs/remotes/master [4ms]
2024-03-06 12:23:24.412 [info] > git status -z -uall [39ms]
2024-03-06 12:23:29.442 [info] > git config --get commit.template [10ms]
2024-03-06 12:23:29.444 [info] > git for-each-ref --format=%(refname)%00%(upstream:short)%00%(objectname)%00%(upstream:track)%00%(upstream:remotename)%00%(upstream:remoteref) refs/heads/master refs/remotes/master [3ms]
2024-03-06 12:23:29.492 [info] > git status -z -uall [39ms]
2024-03-06 12:23:34.521 [info] > git config --get commit.template [14ms]
2024-03-06 12:23:34.524 [info] > git for-each-ref --format=%(refname)%00%(upstream:short)%00%(objectname)%00%(upstream:track)%00%(upstream:remotename)%00%(upstream:remoteref) refs/heads/master refs/remotes/master [5ms]
2024-03-06 12:23:34.562 [info] > git status -z -uall [25ms]
2024-03-06 12:23:39.597 [info] > git config --get commit.template [10ms]
2024-03-06 12:23:39.598 [info] > git for-each-ref --format=%(refname)%00%(upstream:short)%00%(objectname)%00%(upstream:track)%00%(upstream:remotename)%00%(upstream:remoteref) refs/heads/master refs/remotes/master [3ms]
2024-03-06 12:23:39.632 [info] > git status -z -uall [24ms]
2024-03-06 12:23:44.653 [info] > git config --get commit.template [9ms]
2024-03-06 12:23:44.656 [info] > git for-each-ref --format=%(refname)%00%(upstream:short)%00%(objectname)%00%(upstream:track)%00%(upstream:remotename)%00%(upstream:remoteref) refs/heads/master refs/remotes/master [3ms]
2024-03-06 12:23:44.694 [info] > git status -z -uall [30ms]
2024-03-06 12:23:49.724 [info] > git config --get commit.template [10ms]
2024-03-06 12:23:49.725 [info] > git for-each-ref --format=%(refname)%00%(upstream:short)%00%(objectname)%00%(upstream:track)%00%(upstream:remotename)%00%(upstream:remoteref) refs/heads/master refs/remotes/master [3ms]
2024-03-06 12:23:49.772 [info] > git status -z -uall [37ms]
2024-03-06 12:23:54.792 [info] > git config --get commit.template [6ms]
2024-03-06 12:23:54.792 [info] > git for-each-ref --format=%(refname)%00%(upstream:short)%00%(objectname)%00%(upstream:track)%00%(upstream:remotename)%00%(upstream:remoteref) refs/heads/master refs/remotes/master [1ms]
2024-03-06 12:23:54.814 [info] > git status -z -uall [17ms]
2024-03-06 12:23:59.844 [info] > git config --get commit.template [11ms]
2024-03-06 12:23:59.846 [info] > git for-each-ref --format=%(refname)%00%(upstream:short)%00%(objectname)%00%(upstream:track)%00%(upstream:remotename)%00%(upstream:remoteref) refs/heads/master refs/remotes/master [3ms]
2024-03-06 12:23:59.901 [info] > git status -z -uall [45ms]
2024-03-06 12:24:04.928 [info] > git config --get commit.template [3ms]
2024-03-06 12:24:04.942 [info] > git for-each-ref --format=%(refname)%00%(upstream:short)%00%(objectname)%00%(upstream:track)%00%(upstream:remotename)%00%(upstream:remoteref) refs/heads/master refs/remotes/master [3ms]
2024-03-06 12:24:04.988 [info] > git status -z -uall [37ms]
2024-03-06 12:24:10.017 [info] > git config --get commit.template [9ms]
2024-03-06 12:24:10.018 [info] > git for-each-ref --format=%(refname)%00%(upstream:short)%00%(objectname)%00%(upstream:track)%00%(upstream:remotename)%00%(upstream:remoteref) refs/heads/master refs/remotes/master [3ms]
2024-03-06 12:24:10.066 [info] > git status -z -uall [37ms]
