2024-03-19 19:04:00.945 [info] Log level: Info
2024-03-19 19:04:00.945 [info] Validating found git in: "git"
2024-03-19 19:04:00.945 [info] Using git "2.34.1" from "git"
2024-03-19 19:04:00.945 [info] > git rev-parse --show-toplevel [33ms]
2024-03-19 19:04:00.945 [info] > git rev-parse --git-dir --git-common-dir [94ms]
2024-03-19 19:04:00.945 [info] Open repository: /home/akraaam_kh
2024-03-19 19:04:00.947 [info] > git rev-parse --show-toplevel [16ms]
2024-03-19 19:04:00.950 [info] > git config --get commit.template [33ms]
2024-03-19 19:04:01.055 [info] > git for-each-ref --format=%(refname)%00%(upstream:short)%00%(objectname)%00%(upstream:track)%00%(upstream:remotename)%00%(upstream:remoteref) refs/heads/master refs/remotes/master [56ms]
2024-03-19 19:04:01.057 [info] > git rev-parse --show-toplevel [77ms]
2024-03-19 19:04:01.114 [info] > git rev-parse --show-toplevel [16ms]
2024-03-19 19:04:01.127 [info] > git rev-parse --show-toplevel [2ms]
2024-03-19 19:04:01.157 [info] > git rev-parse --show-toplevel [3ms]
2024-03-19 19:04:01.166 [info] > git rev-parse --show-toplevel [1ms]
2024-03-19 19:04:01.176 [info] > git rev-parse --show-toplevel [1ms]
2024-03-19 19:04:01.205 [info] > git rev-parse --git-dir --git-common-dir [5ms]
2024-03-19 19:04:01.210 [info] Open repository: /home/akraaam_kh/Projet-DevWeb
2024-03-19 19:04:01.298 [info] > git config --get commit.template [33ms]
2024-03-19 19:04:01.328 [info] > git for-each-ref --format=%(refname)%00%(upstream:short)%00%(objectname)%00%(upstream:track)%00%(upstream:remotename)%00%(upstream:remoteref) refs/heads/master refs/remotes/master [17ms]
2024-03-19 19:04:01.350 [warning] ENOENT: no such file or directory, open '/home/akraaam_kh/Projet-DevWeb/.git/refs/remotes/origin/master'
2024-03-19 19:04:01.352 [info] > git rev-parse refs/remotes/origin/master [2ms]
2024-03-19 19:04:01.405 [info] > git status -z -uall [293ms]
2024-03-19 19:04:01.437 [info] > git config --get commit.template [2ms]
2024-03-19 19:04:01.480 [info] > git status -z -uall [79ms]
2024-03-19 19:04:01.480 [info] > git for-each-ref --format=%(refname)%00%(upstream:short)%00%(objectname)%00%(upstream:track)%00%(upstream:remotename)%00%(upstream:remoteref) refs/heads/master refs/remotes/master [25ms]
2024-03-19 19:04:01.656 [info] > git check-ignore -v -z --stdin [177ms]
2024-03-19 19:04:01.662 [info] > git config --get commit.template [167ms]
2024-03-19 19:04:01.921 [info] > git for-each-ref --format=%(refname)%00%(upstream:short)%00%(objectname)%00%(upstream:track)%00%(upstream:remotename)%00%(upstream:remoteref) refs/heads/master refs/remotes/master [28ms]
2024-03-19 19:04:01.935 [warning] ENOENT: no such file or directory, open '/home/akraaam_kh/Projet-DevWeb/.git/refs/remotes/origin/master'
2024-03-19 19:04:01.938 [info] > git show --textconv :Paris-B2-DevWeb-main/app/public/style.css [27ms]
2024-03-19 19:04:01.942 [info] > git status -z -uall [110ms]
2024-03-19 19:04:01.948 [info] > git rev-parse refs/remotes/origin/master [13ms]
2024-03-19 19:04:02.005 [info] > git ls-files --stage -- /home/akraaam_kh/Paris-B2-DevWeb-main/app/public/style.css [84ms]
2024-03-19 19:04:02.020 [info] > git cat-file -s 2abe7bfc997dadfff89f5e71b9646679863ecb63 [5ms]
2024-03-19 19:04:02.152 [info] > git status -z -uall [150ms]
2024-03-19 19:04:07.552 [info] > git show --textconv :Paris-B2-DevWeb-main/app/public/addstd.php [13ms]
2024-03-19 19:04:07.556 [info] > git ls-files --stage -- /home/akraaam_kh/Paris-B2-DevWeb-main/app/public/addstd.php [5ms]
2024-03-19 19:04:07.573 [info] > git cat-file -s 854fefc59c4c88e8c12a1cbfde0b2775607a8029 [2ms]
2024-03-19 19:04:07.854 [info] > git check-ignore -v -z --stdin [4ms]
2024-03-19 19:04:11.533 [info] > git config --get commit.template [3ms]
2024-03-19 19:04:11.544 [info] > git for-each-ref --format=%(refname)%00%(upstream:short)%00%(objectname)%00%(upstream:track)%00%(upstream:remotename)%00%(upstream:remoteref) refs/heads/master refs/remotes/master [2ms]
2024-03-19 19:04:11.590 [info] > git status -z -uall [36ms]
2024-03-19 19:04:11.987 [info] > git show --textconv :Paris-B2-DevWeb-main/app/public/admin.php [15ms]
2024-03-19 19:04:11.990 [info] > git ls-files --stage -- /home/akraaam_kh/Paris-B2-DevWeb-main/app/public/admin.php [4ms]
2024-03-19 19:04:12.019 [info] > git cat-file -s 7c06acdaf62128986a7006c158be7f98e90a26fa [3ms]
2024-03-19 19:04:16.629 [info] > git config --get commit.template [14ms]
2024-03-19 19:04:16.630 [info] > git for-each-ref --format=%(refname)%00%(upstream:short)%00%(objectname)%00%(upstream:track)%00%(upstream:remotename)%00%(upstream:remoteref) refs/heads/master refs/remotes/master [3ms]
2024-03-19 19:04:16.702 [info] > git status -z -uall [60ms]
2024-03-19 19:09:33.668 [info] > git config --get commit.template [3ms]
2024-03-19 19:09:33.678 [info] > git for-each-ref --format=%(refname)%00%(upstream:short)%00%(objectname)%00%(upstream:track)%00%(upstream:remotename)%00%(upstream:remoteref) refs/heads/master refs/remotes/master [2ms]
2024-03-19 19:09:33.734 [info] > git status -z -uall [45ms]
2024-03-19 19:09:36.081 [info] > git show --textconv :Paris-B2-DevWeb-main/app/classes/RepoUser.php [9ms]
2024-03-19 19:09:36.083 [info] > git ls-files --stage -- /home/akraaam_kh/Paris-B2-DevWeb-main/app/classes/RepoUser.php [4ms]
2024-03-19 19:09:36.102 [info] > git cat-file -s 236a565396cd92600a290ff91dc720527f84a702 [5ms]
2024-03-19 19:09:38.758 [info] > git config --get commit.template [1ms]
2024-03-19 19:09:38.765 [info] > git for-each-ref --format=%(refname)%00%(upstream:short)%00%(objectname)%00%(upstream:track)%00%(upstream:remotename)%00%(upstream:remoteref) refs/heads/master refs/remotes/master [1ms]
2024-03-19 19:09:38.789 [info] > git status -z -uall [19ms]
2024-03-19 19:10:23.736 [info] > git config --get commit.template [27ms]
2024-03-19 19:10:23.737 [info] > git for-each-ref --format=%(refname)%00%(upstream:short)%00%(objectname)%00%(upstream:track)%00%(upstream:remotename)%00%(upstream:remoteref) refs/heads/master refs/remotes/master [5ms]
2024-03-19 19:10:23.804 [info] > git status -z -uall [46ms]
2024-03-19 19:10:26.531 [info] > git check-ignore -v -z --stdin [3ms]
2024-03-19 19:10:27.540 [info] > git check-ignore -v -z --stdin [5ms]
2024-03-19 19:10:28.845 [info] > git config --get commit.template [4ms]
2024-03-19 19:10:28.863 [info] > git for-each-ref --format=%(refname)%00%(upstream:short)%00%(objectname)%00%(upstream:track)%00%(upstream:remotename)%00%(upstream:remoteref) refs/heads/master refs/remotes/master [2ms]
2024-03-19 19:10:28.910 [info] > git status -z -uall [36ms]
2024-03-19 19:10:33.927 [info] > git config --get commit.template [2ms]
2024-03-19 19:10:33.935 [info] > git for-each-ref --format=%(refname)%00%(upstream:short)%00%(objectname)%00%(upstream:track)%00%(upstream:remotename)%00%(upstream:remoteref) refs/heads/master refs/remotes/master [2ms]
2024-03-19 19:10:33.990 [info] > git status -z -uall [44ms]
2024-03-19 19:10:35.654 [info] > git show --textconv :Paris-B2-DevWeb-main/app/public/chat.php [11ms]
2024-03-19 19:10:35.657 [info] > git ls-files --stage -- /home/akraaam_kh/Paris-B2-DevWeb-main/app/public/chat.php [5ms]
2024-03-19 19:10:35.904 [info] > git check-ignore -v -z --stdin [7ms]
2024-03-19 19:10:37.969 [info] > git check-ignore -v -z --stdin [6ms]
2024-03-19 19:10:39.023 [info] > git config --get commit.template [12ms]
2024-03-19 19:10:39.025 [info] > git for-each-ref --format=%(refname)%00%(upstream:short)%00%(objectname)%00%(upstream:track)%00%(upstream:remotename)%00%(upstream:remoteref) refs/heads/master refs/remotes/master [3ms]
2024-03-19 19:10:39.077 [info] > git status -z -uall [41ms]
2024-03-19 19:10:39.604 [info] > git check-ignore -v -z --stdin [7ms]
2024-03-19 19:10:44.097 [info] > git config --get commit.template [4ms]
2024-03-19 19:10:44.109 [info] > git for-each-ref --format=%(refname)%00%(upstream:short)%00%(objectname)%00%(upstream:track)%00%(upstream:remotename)%00%(upstream:remoteref) refs/heads/master refs/remotes/master [3ms]
2024-03-19 19:10:44.200 [info] > git status -z -uall [46ms]
2024-03-19 19:10:49.225 [info] > git show --textconv :Paris-B2-DevWeb-main/app/templates/chat.html.twig [20ms]
2024-03-19 19:10:49.225 [info] > git ls-files --stage -- /home/akraaam_kh/Paris-B2-DevWeb-main/app/templates/chat.html.twig [16ms]
2024-03-19 19:10:49.227 [info] > git config --get commit.template [4ms]
2024-03-19 19:10:49.235 [info] > git for-each-ref --format=%(refname)%00%(upstream:short)%00%(objectname)%00%(upstream:track)%00%(upstream:remotename)%00%(upstream:remoteref) refs/heads/master refs/remotes/master [2ms]
2024-03-19 19:10:49.263 [info] > git status -z -uall [21ms]
2024-03-19 19:10:49.412 [info] > git check-ignore -v -z --stdin [3ms]
2024-03-19 19:11:00.449 [info] > git config --get commit.template [2ms]
2024-03-19 19:11:00.460 [info] > git for-each-ref --format=%(refname)%00%(upstream:short)%00%(objectname)%00%(upstream:track)%00%(upstream:remotename)%00%(upstream:remoteref) refs/heads/master refs/remotes/master [3ms]
2024-03-19 19:11:00.526 [info] > git status -z -uall [29ms]
2024-03-19 19:11:02.222 [info] > git show --textconv :Paris-B2-DevWeb-main/app/classes/RepoUser.php [16ms]
2024-03-19 19:11:02.226 [info] > git ls-files --stage -- /home/akraaam_kh/Paris-B2-DevWeb-main/app/classes/RepoUser.php [6ms]
2024-03-19 19:11:02.240 [info] > git cat-file -s 236a565396cd92600a290ff91dc720527f84a702 [3ms]
2024-03-19 19:11:02.615 [info] > git check-ignore -v -z --stdin [3ms]
2024-03-19 19:11:05.559 [info] > git config --get commit.template [13ms]
2024-03-19 19:11:05.561 [info] > git for-each-ref --format=%(refname)%00%(upstream:short)%00%(objectname)%00%(upstream:track)%00%(upstream:remotename)%00%(upstream:remoteref) refs/heads/master refs/remotes/master [3ms]
2024-03-19 19:11:05.589 [info] > git status -z -uall [19ms]
2024-03-19 19:11:14.167 [info] > git config --get commit.template [26ms]
2024-03-19 19:11:14.173 [info] > git for-each-ref --format=%(refname)%00%(upstream:short)%00%(objectname)%00%(upstream:track)%00%(upstream:remotename)%00%(upstream:remoteref) refs/heads/master refs/remotes/master [7ms]
2024-03-19 19:11:14.224 [info] > git status -z -uall [38ms]
2024-03-19 19:11:19.249 [info] > git config --get commit.template [2ms]
2024-03-19 19:11:19.257 [info] > git for-each-ref --format=%(refname)%00%(upstream:short)%00%(objectname)%00%(upstream:track)%00%(upstream:remotename)%00%(upstream:remoteref) refs/heads/master refs/remotes/master [2ms]
2024-03-19 19:11:19.288 [info] > git status -z -uall [24ms]
2024-03-19 19:11:24.310 [info] > git config --get commit.template [2ms]
2024-03-19 19:11:24.323 [info] > git for-each-ref --format=%(refname)%00%(upstream:short)%00%(objectname)%00%(upstream:track)%00%(upstream:remotename)%00%(upstream:remoteref) refs/heads/master refs/remotes/master [3ms]
2024-03-19 19:11:24.369 [info] > git status -z -uall [33ms]
2024-03-19 19:11:29.414 [info] > git config --get commit.template [15ms]
2024-03-19 19:11:29.415 [info] > git for-each-ref --format=%(refname)%00%(upstream:short)%00%(objectname)%00%(upstream:track)%00%(upstream:remotename)%00%(upstream:remoteref) refs/heads/master refs/remotes/master [3ms]
2024-03-19 19:11:29.467 [info] > git status -z -uall [41ms]
2024-03-19 19:11:34.506 [info] > git config --get commit.template [13ms]
2024-03-19 19:11:34.508 [info] > git for-each-ref --format=%(refname)%00%(upstream:short)%00%(objectname)%00%(upstream:track)%00%(upstream:remotename)%00%(upstream:remoteref) refs/heads/master refs/remotes/master [2ms]
2024-03-19 19:11:34.543 [info] > git status -z -uall [24ms]
2024-03-19 19:11:39.562 [info] > git config --get commit.template [2ms]
2024-03-19 19:11:39.572 [info] > git for-each-ref --format=%(refname)%00%(upstream:short)%00%(objectname)%00%(upstream:track)%00%(upstream:remotename)%00%(upstream:remoteref) refs/heads/master refs/remotes/master [1ms]
2024-03-19 19:11:39.619 [info] > git status -z -uall [42ms]
2024-03-19 19:11:49.506 [info] > git config --get commit.template [19ms]
2024-03-19 19:11:49.509 [info] > git for-each-ref --format=%(refname)%00%(upstream:short)%00%(objectname)%00%(upstream:track)%00%(upstream:remotename)%00%(upstream:remoteref) refs/heads/master refs/remotes/master [6ms]
2024-03-19 19:11:49.553 [info] > git status -z -uall [28ms]
2024-03-19 19:11:52.404 [info] > git show --textconv :Paris-B2-DevWeb-main/app/public/add.php [12ms]
2024-03-19 19:11:52.407 [info] > git ls-files --stage -- /home/akraaam_kh/Paris-B2-DevWeb-main/app/public/add.php [4ms]
2024-03-19 19:11:52.419 [info] > git cat-file -s d1cda9676ed2aa52214004a35379fd0901edcd6e [3ms]
2024-03-19 19:11:54.584 [info] > git config --get commit.template [3ms]
2024-03-19 19:11:54.594 [info] > git for-each-ref --format=%(refname)%00%(upstream:short)%00%(objectname)%00%(upstream:track)%00%(upstream:remotename)%00%(upstream:remoteref) refs/heads/master refs/remotes/master [1ms]
2024-03-19 19:11:54.627 [info] > git status -z -uall [25ms]
2024-03-19 19:11:59.354 [info] > git show --textconv :Paris-B2-DevWeb-main/app/public/chat.php [7ms]
2024-03-19 19:11:59.356 [info] > git ls-files --stage -- /home/akraaam_kh/Paris-B2-DevWeb-main/app/public/chat.php [3ms]
2024-03-19 19:11:59.669 [info] > git config --get commit.template [16ms]
2024-03-19 19:11:59.669 [info] > git for-each-ref --format=%(refname)%00%(upstream:short)%00%(objectname)%00%(upstream:track)%00%(upstream:remotename)%00%(upstream:remoteref) refs/heads/master refs/remotes/master [2ms]
2024-03-19 19:11:59.723 [info] > git status -z -uall [37ms]
2024-03-19 19:12:04.752 [info] > git config --get commit.template [10ms]
2024-03-19 19:12:04.753 [info] > git for-each-ref --format=%(refname)%00%(upstream:short)%00%(objectname)%00%(upstream:track)%00%(upstream:remotename)%00%(upstream:remoteref) refs/heads/master refs/remotes/master [2ms]
2024-03-19 19:12:04.814 [info] > git status -z -uall [46ms]
2024-03-19 19:12:09.850 [info] > git config --get commit.template [12ms]
2024-03-19 19:12:09.851 [info] > git for-each-ref --format=%(refname)%00%(upstream:short)%00%(objectname)%00%(upstream:track)%00%(upstream:remotename)%00%(upstream:remoteref) refs/heads/master refs/remotes/master [2ms]
2024-03-19 19:12:09.893 [info] > git status -z -uall [32ms]
2024-03-19 19:12:14.917 [info] > git config --get commit.template [2ms]
2024-03-19 19:12:14.924 [info] > git for-each-ref --format=%(refname)%00%(upstream:short)%00%(objectname)%00%(upstream:track)%00%(upstream:remotename)%00%(upstream:remoteref) refs/heads/master refs/remotes/master [2ms]
2024-03-19 19:12:14.957 [info] > git status -z -uall [25ms]
2024-03-19 19:12:17.137 [info] > git show --textconv :Paris-B2-DevWeb-main/app/public/add.php [14ms]
2024-03-19 19:12:17.140 [info] > git ls-files --stage -- /home/akraaam_kh/Paris-B2-DevWeb-main/app/public/add.php [5ms]
2024-03-19 19:12:17.153 [info] > git cat-file -s d1cda9676ed2aa52214004a35379fd0901edcd6e [1ms]
2024-03-19 19:12:19.976 [info] > git config --get commit.template [3ms]
2024-03-19 19:12:19.982 [info] > git for-each-ref --format=%(refname)%00%(upstream:short)%00%(objectname)%00%(upstream:track)%00%(upstream:remotename)%00%(upstream:remoteref) refs/heads/master refs/remotes/master [1ms]
2024-03-19 19:12:20.004 [info] > git status -z -uall [17ms]
2024-03-19 19:12:24.358 [info] > git show --textconv :Paris-B2-DevWeb-main/app/public/chat.php [8ms]
2024-03-19 19:12:24.360 [info] > git ls-files --stage -- /home/akraaam_kh/Paris-B2-DevWeb-main/app/public/chat.php [3ms]
2024-03-19 19:12:25.016 [info] > git config --get commit.template [2ms]
2024-03-19 19:12:25.024 [info] > git for-each-ref --format=%(refname)%00%(upstream:short)%00%(objectname)%00%(upstream:track)%00%(upstream:remotename)%00%(upstream:remoteref) refs/heads/master refs/remotes/master [1ms]
2024-03-19 19:12:25.052 [info] > git status -z -uall [21ms]
2024-03-19 19:12:27.701 [info] > git show --textconv :Paris-B2-DevWeb-main/app/public/add.php [10ms]
2024-03-19 19:12:27.704 [info] > git ls-files --stage -- /home/akraaam_kh/Paris-B2-DevWeb-main/app/public/add.php [5ms]
2024-03-19 19:12:27.718 [info] > git cat-file -s d1cda9676ed2aa52214004a35379fd0901edcd6e [3ms]
2024-03-19 19:12:30.082 [info] > git config --get commit.template [12ms]
2024-03-19 19:12:30.084 [info] > git for-each-ref --format=%(refname)%00%(upstream:short)%00%(objectname)%00%(upstream:track)%00%(upstream:remotename)%00%(upstream:remoteref) refs/heads/master refs/remotes/master [3ms]
2024-03-19 19:12:30.126 [info] > git status -z -uall [26ms]
2024-03-19 19:12:32.698 [info] > git show --textconv :Paris-B2-DevWeb-main/app/public/chat.php [12ms]
2024-03-19 19:12:32.702 [info] > git ls-files --stage -- /home/akraaam_kh/Paris-B2-DevWeb-main/app/public/chat.php [4ms]
2024-03-19 19:12:35.145 [info] > git config --get commit.template [1ms]
2024-03-19 19:12:35.159 [info] > git for-each-ref --format=%(refname)%00%(upstream:short)%00%(objectname)%00%(upstream:track)%00%(upstream:remotename)%00%(upstream:remoteref) refs/heads/master refs/remotes/master [5ms]
2024-03-19 19:12:35.213 [info] > git status -z -uall [42ms]
2024-03-19 19:12:40.238 [info] > git config --get commit.template [9ms]
2024-03-19 19:12:40.240 [info] > git for-each-ref --format=%(refname)%00%(upstream:short)%00%(objectname)%00%(upstream:track)%00%(upstream:remotename)%00%(upstream:remoteref) refs/heads/master refs/remotes/master [3ms]
2024-03-19 19:12:40.274 [info] > git status -z -uall [23ms]
2024-03-19 19:12:45.819 [info] > git config --get commit.template [2ms]
2024-03-19 19:12:45.828 [info] > git for-each-ref --format=%(refname)%00%(upstream:short)%00%(objectname)%00%(upstream:track)%00%(upstream:remotename)%00%(upstream:remoteref) refs/heads/master refs/remotes/master [2ms]
2024-03-19 19:12:45.858 [info] > git status -z -uall [24ms]
2024-03-19 19:12:52.851 [info] > git config --get commit.template [7ms]
2024-03-19 19:12:52.867 [info] > git for-each-ref --format=%(refname)%00%(upstream:short)%00%(objectname)%00%(upstream:track)%00%(upstream:remotename)%00%(upstream:remoteref) refs/heads/master refs/remotes/master [2ms]
2024-03-19 19:12:52.904 [info] > git status -z -uall [28ms]
2024-03-19 19:12:57.941 [info] > git config --get commit.template [12ms]
2024-03-19 19:12:57.942 [info] > git for-each-ref --format=%(refname)%00%(upstream:short)%00%(objectname)%00%(upstream:track)%00%(upstream:remotename)%00%(upstream:remoteref) refs/heads/master refs/remotes/master [3ms]
2024-03-19 19:12:57.989 [info] > git status -z -uall [36ms]
2024-03-19 19:13:03.021 [info] > git config --get commit.template [12ms]
2024-03-19 19:13:03.023 [info] > git for-each-ref --format=%(refname)%00%(upstream:short)%00%(objectname)%00%(upstream:track)%00%(upstream:remotename)%00%(upstream:remoteref) refs/heads/master refs/remotes/master [3ms]
2024-03-19 19:13:03.073 [info] > git status -z -uall [40ms]
2024-03-19 19:13:08.093 [info] > git config --get commit.template [1ms]
2024-03-19 19:13:08.102 [info] > git for-each-ref --format=%(refname)%00%(upstream:short)%00%(objectname)%00%(upstream:track)%00%(upstream:remotename)%00%(upstream:remoteref) refs/heads/master refs/remotes/master [2ms]
2024-03-19 19:13:08.133 [info] > git status -z -uall [23ms]
2024-03-19 19:13:15.045 [info] > git config --get commit.template [18ms]
2024-03-19 19:13:15.046 [info] > git for-each-ref --format=%(refname)%00%(upstream:short)%00%(objectname)%00%(upstream:track)%00%(upstream:remotename)%00%(upstream:remoteref) refs/heads/master refs/remotes/master [3ms]
2024-03-19 19:13:15.091 [info] > git status -z -uall [32ms]
2024-03-19 19:13:20.107 [info] > git config --get commit.template [3ms]
2024-03-19 19:13:20.120 [info] > git for-each-ref --format=%(refname)%00%(upstream:short)%00%(objectname)%00%(upstream:track)%00%(upstream:remotename)%00%(upstream:remoteref) refs/heads/master refs/remotes/master [3ms]
2024-03-19 19:13:20.159 [info] > git status -z -uall [29ms]
2024-03-19 19:13:21.492 [info] > git check-ignore -v -z --stdin [7ms]
2024-03-19 19:13:22.572 [info] > git check-ignore -v -z --stdin [1ms]
2024-03-19 19:13:25.198 [info] > git config --get commit.template [9ms]
2024-03-19 19:13:25.199 [info] > git for-each-ref --format=%(refname)%00%(upstream:short)%00%(objectname)%00%(upstream:track)%00%(upstream:remotename)%00%(upstream:remoteref) refs/heads/master refs/remotes/master [2ms]
2024-03-19 19:13:25.230 [info] > git status -z -uall [23ms]
2024-03-19 19:13:25.931 [info] > git ls-files --stage -- /home/akraaam_kh/Paris-B2-DevWeb-main/app/templates/admin.html.twig [4ms]
2024-03-19 19:13:25.960 [info] > git show --textconv :Paris-B2-DevWeb-main/app/templates/admin.html.twig [43ms]
2024-03-19 19:13:25.962 [info] > git cat-file -s 71df82bb4c44dc236fde6c0a51b125efaf14f18f [3ms]
2024-03-19 19:13:30.279 [info] > git config --get commit.template [31ms]
2024-03-19 19:13:30.280 [info] > git for-each-ref --format=%(refname)%00%(upstream:short)%00%(objectname)%00%(upstream:track)%00%(upstream:remotename)%00%(upstream:remoteref) refs/heads/master refs/remotes/master [2ms]
2024-03-19 19:13:30.356 [info] > git status -z -uall [29ms]
2024-03-19 19:13:33.514 [info] > git show --textconv :Paris-B2-DevWeb-main/app/templates/chat.html.twig [14ms]
2024-03-19 19:13:33.518 [info] > git ls-files --stage -- /home/akraaam_kh/Paris-B2-DevWeb-main/app/templates/chat.html.twig [7ms]
2024-03-19 19:13:35.387 [info] > git config --get commit.template [13ms]
2024-03-19 19:13:35.389 [info] > git for-each-ref --format=%(refname)%00%(upstream:short)%00%(objectname)%00%(upstream:track)%00%(upstream:remotename)%00%(upstream:remoteref) refs/heads/master refs/remotes/master [3ms]
2024-03-19 19:13:35.451 [info] > git status -z -uall [47ms]
2024-03-19 19:13:39.410 [info] > git show --textconv :Paris-B2-DevWeb-main/app/templates/admin.html.twig [17ms]
2024-03-19 19:13:39.414 [info] > git ls-files --stage -- /home/akraaam_kh/Paris-B2-DevWeb-main/app/templates/admin.html.twig [5ms]
2024-03-19 19:13:39.430 [info] > git cat-file -s 71df82bb4c44dc236fde6c0a51b125efaf14f18f [2ms]
2024-03-19 19:13:40.471 [info] > git config --get commit.template [1ms]
2024-03-19 19:13:40.481 [info] > git for-each-ref --format=%(refname)%00%(upstream:short)%00%(objectname)%00%(upstream:track)%00%(upstream:remotename)%00%(upstream:remoteref) refs/heads/master refs/remotes/master [2ms]
2024-03-19 19:13:40.515 [info] > git status -z -uall [24ms]
2024-03-19 19:13:44.802 [info] > git show --textconv :Paris-B2-DevWeb-main/app/templates/chat.html.twig [16ms]
2024-03-19 19:13:44.803 [info] > git ls-files --stage -- /home/akraaam_kh/Paris-B2-DevWeb-main/app/templates/chat.html.twig [3ms]
2024-03-19 19:13:45.534 [info] > git config --get commit.template [2ms]
2024-03-19 19:13:45.543 [info] > git for-each-ref --format=%(refname)%00%(upstream:short)%00%(objectname)%00%(upstream:track)%00%(upstream:remotename)%00%(upstream:remoteref) refs/heads/master refs/remotes/master [1ms]
2024-03-19 19:13:45.578 [info] > git status -z -uall [26ms]
2024-03-19 19:13:50.612 [info] > git config --get commit.template [17ms]
2024-03-19 19:13:50.614 [info] > git for-each-ref --format=%(refname)%00%(upstream:short)%00%(objectname)%00%(upstream:track)%00%(upstream:remotename)%00%(upstream:remoteref) refs/heads/master refs/remotes/master [5ms]
2024-03-19 19:13:50.675 [info] > git status -z -uall [42ms]
2024-03-19 19:13:57.167 [info] > git config --get commit.template [5ms]
2024-03-19 19:13:57.177 [info] > git for-each-ref --format=%(refname)%00%(upstream:short)%00%(objectname)%00%(upstream:track)%00%(upstream:remotename)%00%(upstream:remoteref) refs/heads/master refs/remotes/master [1ms]
2024-03-19 19:13:57.219 [info] > git status -z -uall [29ms]
2024-03-19 19:14:02.257 [info] > git config --get commit.template [16ms]
2024-03-19 19:14:02.261 [info] > git for-each-ref --format=%(refname)%00%(upstream:short)%00%(objectname)%00%(upstream:track)%00%(upstream:remotename)%00%(upstream:remoteref) refs/heads/master refs/remotes/master [5ms]
2024-03-19 19:14:02.295 [info] > git status -z -uall [23ms]
2024-03-19 19:14:07.324 [info] > git config --get commit.template [11ms]
2024-03-19 19:14:07.324 [info] > git for-each-ref --format=%(refname)%00%(upstream:short)%00%(objectname)%00%(upstream:track)%00%(upstream:remotename)%00%(upstream:remoteref) refs/heads/master refs/remotes/master [1ms]
2024-03-19 19:14:07.375 [info] > git status -z -uall [40ms]
2024-03-19 19:14:09.681 [info] > git show --textconv :Paris-B2-DevWeb-main/app/public/chat.php [9ms]
2024-03-19 19:14:09.683 [info] > git ls-files --stage -- /home/akraaam_kh/Paris-B2-DevWeb-main/app/public/chat.php [2ms]
2024-03-19 19:14:12.405 [info] > git show --textconv :Paris-B2-DevWeb-main/app/templates/chat.html.twig [20ms]
2024-03-19 19:14:12.405 [info] > git ls-files --stage -- /home/akraaam_kh/Paris-B2-DevWeb-main/app/templates/chat.html.twig [14ms]
2024-03-19 19:14:12.411 [info] > git config --get commit.template [8ms]
2024-03-19 19:14:12.424 [info] > git for-each-ref --format=%(refname)%00%(upstream:short)%00%(objectname)%00%(upstream:track)%00%(upstream:remotename)%00%(upstream:remoteref) refs/heads/master refs/remotes/master [2ms]
2024-03-19 19:14:12.466 [info] > git status -z -uall [30ms]
2024-03-19 19:14:17.502 [info] > git config --get commit.template [16ms]
2024-03-19 19:14:17.504 [info] > git for-each-ref --format=%(refname)%00%(upstream:short)%00%(objectname)%00%(upstream:track)%00%(upstream:remotename)%00%(upstream:remoteref) refs/heads/master refs/remotes/master [4ms]
2024-03-19 19:14:17.567 [info] > git status -z -uall [48ms]
2024-03-19 19:14:22.628 [info] > git config --get commit.template [8ms]
2024-03-19 19:14:22.681 [info] > git for-each-ref --format=%(refname)%00%(upstream:short)%00%(objectname)%00%(upstream:track)%00%(upstream:remotename)%00%(upstream:remoteref) refs/heads/master refs/remotes/master [8ms]
2024-03-19 19:14:22.767 [info] > git status -z -uall [48ms]
2024-03-19 19:14:48.337 [info] > git config --get commit.template [26ms]
2024-03-19 19:14:48.338 [info] > git for-each-ref --format=%(refname)%00%(upstream:short)%00%(objectname)%00%(upstream:track)%00%(upstream:remotename)%00%(upstream:remoteref) refs/heads/master refs/remotes/master [3ms]
2024-03-19 19:14:48.385 [info] > git status -z -uall [32ms]
2024-03-19 19:14:50.595 [info] > git show --textconv :Paris-B2-DevWeb-main/app/classes/RepoUser.php [24ms]
2024-03-19 19:14:50.597 [info] > git ls-files --stage -- /home/akraaam_kh/Paris-B2-DevWeb-main/app/classes/RepoUser.php [8ms]
2024-03-19 19:14:50.617 [info] > git cat-file -s 236a565396cd92600a290ff91dc720527f84a702 [3ms]
2024-03-19 19:14:53.408 [info] > git config --get commit.template [8ms]
2024-03-19 19:14:53.409 [info] > git for-each-ref --format=%(refname)%00%(upstream:short)%00%(objectname)%00%(upstream:track)%00%(upstream:remotename)%00%(upstream:remoteref) refs/heads/master refs/remotes/master [1ms]
2024-03-19 19:14:53.441 [info] > git status -z -uall [26ms]
2024-03-19 19:14:58.466 [info] > git config --get commit.template [3ms]
2024-03-19 19:14:58.478 [info] > git for-each-ref --format=%(refname)%00%(upstream:short)%00%(objectname)%00%(upstream:track)%00%(upstream:remotename)%00%(upstream:remoteref) refs/heads/master refs/remotes/master [2ms]
2024-03-19 19:14:58.511 [info] > git status -z -uall [24ms]
2024-03-19 19:15:03.543 [info] > git config --get commit.template [12ms]
2024-03-19 19:15:03.544 [info] > git for-each-ref --format=%(refname)%00%(upstream:short)%00%(objectname)%00%(upstream:track)%00%(upstream:remotename)%00%(upstream:remoteref) refs/heads/master refs/remotes/master [2ms]
2024-03-19 19:15:03.571 [info] > git status -z -uall [20ms]
2024-03-19 19:15:30.151 [info] > git config --get commit.template [19ms]
2024-03-19 19:15:30.153 [info] > git for-each-ref --format=%(refname)%00%(upstream:short)%00%(objectname)%00%(upstream:track)%00%(upstream:remotename)%00%(upstream:remoteref) refs/heads/master refs/remotes/master [4ms]
2024-03-19 19:15:30.219 [info] > git status -z -uall [46ms]
2024-03-19 19:16:12.124 [info] > git config --get commit.template [5ms]
2024-03-19 19:16:12.142 [info] > git for-each-ref --format=%(refname)%00%(upstream:short)%00%(objectname)%00%(upstream:track)%00%(upstream:remotename)%00%(upstream:remoteref) refs/heads/master refs/remotes/master [3ms]
2024-03-19 19:16:12.188 [info] > git status -z -uall [34ms]
2024-03-19 19:16:17.213 [info] > git config --get commit.template [3ms]
2024-03-19 19:16:17.227 [info] > git for-each-ref --format=%(refname)%00%(upstream:short)%00%(objectname)%00%(upstream:track)%00%(upstream:remotename)%00%(upstream:remoteref) refs/heads/master refs/remotes/master [2ms]
2024-03-19 19:16:17.282 [info] > git status -z -uall [42ms]
2024-03-19 19:17:23.010 [info] > git config --get commit.template [5ms]
2024-03-19 19:17:23.025 [info] > git for-each-ref --format=%(refname)%00%(upstream:short)%00%(objectname)%00%(upstream:track)%00%(upstream:remotename)%00%(upstream:remoteref) refs/heads/master refs/remotes/master [4ms]
2024-03-19 19:17:23.062 [info] > git status -z -uall [27ms]
2024-03-19 19:18:00.043 [info] > git config --get commit.template [26ms]
2024-03-19 19:18:00.046 [info] > git for-each-ref --format=%(refname)%00%(upstream:short)%00%(objectname)%00%(upstream:track)%00%(upstream:remotename)%00%(upstream:remoteref) refs/heads/master refs/remotes/master [6ms]
2024-03-19 19:18:00.090 [info] > git status -z -uall [33ms]
2024-03-19 19:18:59.590 [info] > git config --get commit.template [4ms]
2024-03-19 19:18:59.606 [info] > git for-each-ref --format=%(refname)%00%(upstream:short)%00%(objectname)%00%(upstream:track)%00%(upstream:remotename)%00%(upstream:remoteref) refs/heads/master refs/remotes/master [3ms]
2024-03-19 19:18:59.649 [info] > git status -z -uall [32ms]
2024-03-19 19:20:08.615 [info] > git config --get commit.template [13ms]
2024-03-19 19:20:08.616 [info] > git for-each-ref --format=%(refname)%00%(upstream:short)%00%(objectname)%00%(upstream:track)%00%(upstream:remotename)%00%(upstream:remoteref) refs/heads/master refs/remotes/master [3ms]
2024-03-19 19:20:08.659 [info] > git status -z -uall [32ms]
2024-03-19 19:21:46.894 [info] > git config --get commit.template [16ms]
2024-03-19 19:21:46.897 [info] > git for-each-ref --format=%(refname)%00%(upstream:short)%00%(objectname)%00%(upstream:track)%00%(upstream:remotename)%00%(upstream:remoteref) refs/heads/master refs/remotes/master [4ms]
2024-03-19 19:21:46.941 [info] > git status -z -uall [32ms]
2024-03-19 19:31:32.203 [info] > git config --get commit.template [5ms]
2024-03-19 19:31:32.230 [info] > git for-each-ref --format=%(refname)%00%(upstream:short)%00%(objectname)%00%(upstream:track)%00%(upstream:remotename)%00%(upstream:remoteref) refs/heads/master refs/remotes/master [13ms]
2024-03-19 19:31:32.289 [info] > git status -z -uall [39ms]
2024-03-19 19:35:34.346 [info] > git config --get commit.template [2ms]
2024-03-19 19:35:34.364 [info] > git for-each-ref --format=%(refname)%00%(upstream:short)%00%(objectname)%00%(upstream:track)%00%(upstream:remotename)%00%(upstream:remoteref) refs/heads/master refs/remotes/master [2ms]
2024-03-19 19:35:34.418 [info] > git status -z -uall [45ms]
2024-03-19 19:37:32.308 [info] > git for-each-ref --format=%(refname)%00%(upstream:short)%00%(objectname)%00%(upstream:track)%00%(upstream:remotename)%00%(upstream:remoteref) refs/heads/master refs/remotes/master [4ms]
2024-03-19 19:37:32.309 [info] > git config --get commit.template [26ms]
2024-03-19 19:37:32.378 [info] > git status -z -uall [51ms]
2024-03-19 19:41:39.122 [info] > git config --get commit.template [22ms]
2024-03-19 19:41:39.124 [info] > git for-each-ref --format=%(refname)%00%(upstream:short)%00%(objectname)%00%(upstream:track)%00%(upstream:remotename)%00%(upstream:remoteref) refs/heads/master refs/remotes/master [6ms]
2024-03-19 19:41:39.197 [info] > git status -z -uall [61ms]
2024-03-19 19:42:12.029 [info] > git config --get commit.template [18ms]
2024-03-19 19:42:12.030 [info] > git for-each-ref --format=%(refname)%00%(upstream:short)%00%(objectname)%00%(upstream:track)%00%(upstream:remotename)%00%(upstream:remoteref) refs/heads/master refs/remotes/master [2ms]
2024-03-19 19:42:12.100 [info] > git status -z -uall [53ms]
2024-03-19 19:42:15.219 [info] > git show --textconv :Paris-B2-DevWeb-main/app/public/chat.php [11ms]
2024-03-19 19:42:15.221 [info] > git ls-files --stage -- /home/akraaam_kh/Paris-B2-DevWeb-main/app/public/chat.php [3ms]
2024-03-19 19:42:17.139 [info] > git config --get commit.template [16ms]
2024-03-19 19:42:17.140 [info] > git for-each-ref --format=%(refname)%00%(upstream:short)%00%(objectname)%00%(upstream:track)%00%(upstream:remotename)%00%(upstream:remoteref) refs/heads/master refs/remotes/master [3ms]
2024-03-19 19:42:17.188 [info] > git status -z -uall [33ms]
2024-03-19 19:42:20.949 [info] > git show --textconv :Paris-B2-DevWeb-main/app/classes/RepoUser.php [20ms]
2024-03-19 19:42:20.954 [info] > git ls-files --stage -- /home/akraaam_kh/Paris-B2-DevWeb-main/app/classes/RepoUser.php [7ms]
2024-03-19 19:42:20.970 [info] > git cat-file -s 236a565396cd92600a290ff91dc720527f84a702 [2ms]
2024-03-19 19:42:27.100 [info] > git check-ignore -v -z --stdin [4ms]
2024-03-19 19:42:33.567 [info] > git show --textconv :Paris-B2-DevWeb-main/app/templates/chat.html.twig [14ms]
2024-03-19 19:42:33.570 [info] > git ls-files --stage -- /home/akraaam_kh/Paris-B2-DevWeb-main/app/templates/chat.html.twig [5ms]
2024-03-19 19:42:48.249 [info] > git config --get commit.template [18ms]
2024-03-19 19:42:48.251 [info] > git for-each-ref --format=%(refname)%00%(upstream:short)%00%(objectname)%00%(upstream:track)%00%(upstream:remotename)%00%(upstream:remoteref) refs/heads/master refs/remotes/master [3ms]
2024-03-19 19:42:48.301 [info] > git status -z -uall [35ms]
2024-03-19 19:42:48.787 [info] > git show --textconv :Paris-B2-DevWeb-main/app/classes/RepoUser.php [12ms]
2024-03-19 19:42:48.791 [info] > git ls-files --stage -- /home/akraaam_kh/Paris-B2-DevWeb-main/app/classes/RepoUser.php [5ms]
2024-03-19 19:42:48.810 [info] > git cat-file -s 236a565396cd92600a290ff91dc720527f84a702 [9ms]
2024-03-19 19:42:54.772 [info] > git config --get commit.template [4ms]
2024-03-19 19:42:54.783 [info] > git for-each-ref --format=%(refname)%00%(upstream:short)%00%(objectname)%00%(upstream:track)%00%(upstream:remotename)%00%(upstream:remoteref) refs/heads/master refs/remotes/master [2ms]
2024-03-19 19:42:54.826 [info] > git status -z -uall [31ms]
2024-03-19 19:42:59.840 [info] > git config --get commit.template [1ms]
2024-03-19 19:42:59.847 [info] > git for-each-ref --format=%(refname)%00%(upstream:short)%00%(objectname)%00%(upstream:track)%00%(upstream:remotename)%00%(upstream:remoteref) refs/heads/master refs/remotes/master [2ms]
2024-03-19 19:42:59.902 [info] > git status -z -uall [49ms]
2024-03-19 19:43:00.479 [info] > git show --textconv :Paris-B2-DevWeb-main/app/templates/add.html.twig [12ms]
2024-03-19 19:43:00.482 [info] > git ls-files --stage -- /home/akraaam_kh/Paris-B2-DevWeb-main/app/templates/add.html.twig [4ms]
2024-03-19 19:43:00.508 [info] > git cat-file -s 9f15ba9815ceeb341ec4eae1cc459a326ef38716 [3ms]
2024-03-19 19:43:04.917 [info] > git config --get commit.template [2ms]
2024-03-19 19:43:04.927 [info] > git for-each-ref --format=%(refname)%00%(upstream:short)%00%(objectname)%00%(upstream:track)%00%(upstream:remotename)%00%(upstream:remoteref) refs/heads/master refs/remotes/master [2ms]
2024-03-19 19:43:05.005 [info] > git status -z -uall [53ms]
2024-03-19 19:43:09.409 [info] > git show --textconv :Paris-B2-DevWeb-main/app/templates/addstd.html.twig [10ms]
2024-03-19 19:43:09.411 [info] > git ls-files --stage -- /home/akraaam_kh/Paris-B2-DevWeb-main/app/templates/addstd.html.twig [3ms]
2024-03-19 19:43:09.421 [info] > git cat-file -s 12d346b99cb2b58d80551bdc2682c4fb6ce8acb5 [1ms]
2024-03-19 19:43:10.035 [info] > git config --get commit.template [11ms]
2024-03-19 19:43:10.037 [info] > git for-each-ref --format=%(refname)%00%(upstream:short)%00%(objectname)%00%(upstream:track)%00%(upstream:remotename)%00%(upstream:remoteref) refs/heads/master refs/remotes/master [3ms]
2024-03-19 19:43:10.091 [info] > git status -z -uall [42ms]
2024-03-19 19:43:15.114 [info] > git config --get commit.template [7ms]
2024-03-19 19:43:15.115 [info] > git for-each-ref --format=%(refname)%00%(upstream:short)%00%(objectname)%00%(upstream:track)%00%(upstream:remotename)%00%(upstream:remoteref) refs/heads/master refs/remotes/master [2ms]
2024-03-19 19:43:15.145 [info] > git status -z -uall [23ms]
2024-03-19 19:43:17.240 [info] > git show --textconv :Paris-B2-DevWeb-main/app/templates/admin.html.twig [8ms]
2024-03-19 19:43:17.241 [info] > git ls-files --stage -- /home/akraaam_kh/Paris-B2-DevWeb-main/app/templates/admin.html.twig [2ms]
2024-03-19 19:43:17.250 [info] > git cat-file -s 71df82bb4c44dc236fde6c0a51b125efaf14f18f [1ms]
2024-03-19 19:43:20.169 [info] > git config --get commit.template [5ms]
2024-03-19 19:43:20.183 [info] > git for-each-ref --format=%(refname)%00%(upstream:short)%00%(objectname)%00%(upstream:track)%00%(upstream:remotename)%00%(upstream:remoteref) refs/heads/master refs/remotes/master [2ms]
2024-03-19 19:43:20.215 [info] > git status -z -uall [25ms]
2024-03-19 19:43:24.292 [info] > git show --textconv :Paris-B2-DevWeb-main/app/templates/base_auth.html.twig [12ms]
2024-03-19 19:43:24.293 [info] > git ls-files --stage -- /home/akraaam_kh/Paris-B2-DevWeb-main/app/templates/base_auth.html.twig [2ms]
2024-03-19 19:43:24.301 [info] > git cat-file -s 78dea3593d9149d99e9fd17cb3111ac3779e9310 [2ms]
2024-03-19 19:43:25.245 [info] > git config --get commit.template [10ms]
2024-03-19 19:43:25.246 [info] > git for-each-ref --format=%(refname)%00%(upstream:short)%00%(objectname)%00%(upstream:track)%00%(upstream:remotename)%00%(upstream:remoteref) refs/heads/master refs/remotes/master [3ms]
2024-03-19 19:43:25.305 [info] > git status -z -uall [43ms]
2024-03-19 19:43:29.557 [info] > git show --textconv :Paris-B2-DevWeb-main/app/templates/client.html.twig [10ms]
2024-03-19 19:43:29.558 [info] > git ls-files --stage -- /home/akraaam_kh/Paris-B2-DevWeb-main/app/templates/client.html.twig [3ms]
2024-03-19 19:43:29.569 [info] > git cat-file -s 1c9261c950019b97f37aa894181c96359f9f049b [2ms]
2024-03-19 19:43:30.323 [info] > git config --get commit.template [2ms]
2024-03-19 19:43:30.333 [info] > git for-each-ref --format=%(refname)%00%(upstream:short)%00%(objectname)%00%(upstream:track)%00%(upstream:remotename)%00%(upstream:remoteref) refs/heads/master refs/remotes/master [3ms]
2024-03-19 19:43:30.376 [info] > git status -z -uall [35ms]
2024-03-19 19:43:35.409 [info] > git config --get commit.template [16ms]
2024-03-19 19:43:35.412 [info] > git for-each-ref --format=%(refname)%00%(upstream:short)%00%(objectname)%00%(upstream:track)%00%(upstream:remotename)%00%(upstream:remoteref) refs/heads/master refs/remotes/master [2ms]
2024-03-19 19:43:35.470 [info] > git status -z -uall [49ms]
2024-03-19 19:43:35.901 [info] > git show --textconv :Paris-B2-DevWeb-main/app/templates/edit.html.twig [15ms]
2024-03-19 19:43:35.903 [info] > git ls-files --stage -- /home/akraaam_kh/Paris-B2-DevWeb-main/app/templates/edit.html.twig [4ms]
2024-03-19 19:43:35.916 [info] > git cat-file -s 3da3c8d76f5bb2d25722a05fed2ac5344dca34cd [2ms]
2024-03-19 19:43:40.497 [info] > git config --get commit.template [3ms]
2024-03-19 19:43:40.520 [info] > git for-each-ref --format=%(refname)%00%(upstream:short)%00%(objectname)%00%(upstream:track)%00%(upstream:remotename)%00%(upstream:remoteref) refs/heads/master refs/remotes/master [6ms]
2024-03-19 19:43:40.595 [info] > git status -z -uall [57ms]
2024-03-19 19:43:41.292 [info] > git show --textconv :Paris-B2-DevWeb-main/app/templates/editstd.html.twig [15ms]
2024-03-19 19:43:41.293 [info] > git ls-files --stage -- /home/akraaam_kh/Paris-B2-DevWeb-main/app/templates/editstd.html.twig [4ms]
2024-03-19 19:43:41.307 [info] > git cat-file -s 6515ce1434a454c2941b38a21d1cbcace91baf7c [3ms]
2024-03-19 19:43:45.629 [info] > git config --get commit.template [8ms]
2024-03-19 19:43:45.630 [info] > git for-each-ref --format=%(refname)%00%(upstream:short)%00%(objectname)%00%(upstream:track)%00%(upstream:remotename)%00%(upstream:remoteref) refs/heads/master refs/remotes/master [2ms]
2024-03-19 19:43:45.700 [info] > git status -z -uall [53ms]
2024-03-19 19:43:50.050 [info] > git show --textconv :Paris-B2-DevWeb-main/app/templates/encour.html.twig [17ms]
2024-03-19 19:43:50.057 [info] > git ls-files --stage -- /home/akraaam_kh/Paris-B2-DevWeb-main/app/templates/encour.html.twig [8ms]
2024-03-19 19:43:50.069 [info] > git cat-file -s 92db2105fff8e894e24020eee6c1e80c77dc867e [2ms]
2024-03-19 19:43:50.728 [info] > git config --get commit.template [12ms]
2024-03-19 19:43:50.729 [info] > git for-each-ref --format=%(refname)%00%(upstream:short)%00%(objectname)%00%(upstream:track)%00%(upstream:remotename)%00%(upstream:remoteref) refs/heads/master refs/remotes/master [2ms]
2024-03-19 19:43:50.765 [info] > git status -z -uall [27ms]
2024-03-19 19:43:54.807 [info] > git show --textconv :Paris-B2-DevWeb-main/app/templates/historique.html.twig [12ms]
2024-03-19 19:43:54.810 [info] > git ls-files --stage -- /home/akraaam_kh/Paris-B2-DevWeb-main/app/templates/historique.html.twig [4ms]
2024-03-19 19:43:54.821 [info] > git cat-file -s bc3873229c8ae67bfc79ed84e5a4fba080aa6a84 [2ms]
2024-03-19 19:43:55.794 [info] > git config --get commit.template [10ms]
2024-03-19 19:43:55.795 [info] > git for-each-ref --format=%(refname)%00%(upstream:short)%00%(objectname)%00%(upstream:track)%00%(upstream:remotename)%00%(upstream:remoteref) refs/heads/master refs/remotes/master [2ms]
2024-03-19 19:43:55.841 [info] > git status -z -uall [41ms]
2024-03-19 19:43:59.722 [info] > git show --textconv :Paris-B2-DevWeb-main/app/templates/index.html.twig [24ms]
2024-03-19 19:43:59.725 [info] > git ls-files --stage -- /home/akraaam_kh/Paris-B2-DevWeb-main/app/templates/index.html.twig [6ms]
2024-03-19 19:43:59.746 [info] > git cat-file -s ca01dcec85a5017093cba70724871df8a6777a25 [6ms]
2024-03-19 19:44:00.877 [info] > git config --get commit.template [16ms]
2024-03-19 19:44:00.878 [info] > git for-each-ref --format=%(refname)%00%(upstream:short)%00%(objectname)%00%(upstream:track)%00%(upstream:remotename)%00%(upstream:remoteref) refs/heads/master refs/remotes/master [6ms]
2024-03-19 19:44:00.938 [info] > git status -z -uall [48ms]
2024-03-19 19:44:06.011 [info] > git config --get commit.template [37ms]
2024-03-19 19:44:06.012 [info] > git for-each-ref --format=%(refname)%00%(upstream:short)%00%(objectname)%00%(upstream:track)%00%(upstream:remotename)%00%(upstream:remoteref) refs/heads/master refs/remotes/master [3ms]
2024-03-19 19:44:06.083 [info] > git status -z -uall [57ms]
2024-03-19 19:44:07.678 [info] > git show --textconv :Paris-B2-DevWeb-main/app/templates/intervenant.html.twig [8ms]
2024-03-19 19:44:07.681 [info] > git ls-files --stage -- /home/akraaam_kh/Paris-B2-DevWeb-main/app/templates/intervenant.html.twig [3ms]
2024-03-19 19:44:07.689 [info] > git cat-file -s c86d13ccd4749cd0ff0478101604846d3a454704 [2ms]
2024-03-19 19:44:11.130 [info] > git config --get commit.template [22ms]
2024-03-19 19:44:11.133 [info] > git for-each-ref --format=%(refname)%00%(upstream:short)%00%(objectname)%00%(upstream:track)%00%(upstream:remotename)%00%(upstream:remoteref) refs/heads/master refs/remotes/master [3ms]
2024-03-19 19:44:11.208 [info] > git status -z -uall [56ms]
2024-03-19 19:44:15.220 [info] > git show --textconv :Paris-B2-DevWeb-main/app/templates/panier.html.twig [11ms]
2024-03-19 19:44:15.223 [info] > git ls-files --stage -- /home/akraaam_kh/Paris-B2-DevWeb-main/app/templates/panier.html.twig [5ms]
2024-03-19 19:44:15.240 [info] > git cat-file -s d0564e0bf969bbd478cf71036f4d179605e89045 [1ms]
2024-03-19 19:44:16.236 [info] > git config --get commit.template [11ms]
2024-03-19 19:44:16.237 [info] > git for-each-ref --format=%(refname)%00%(upstream:short)%00%(objectname)%00%(upstream:track)%00%(upstream:remotename)%00%(upstream:remoteref) refs/heads/master refs/remotes/master [2ms]
2024-03-19 19:44:16.300 [info] > git status -z -uall [48ms]
2024-03-19 19:44:20.615 [info] > git show --textconv :Paris-B2-DevWeb-main/app/templates/readmore.html.twig [9ms]
2024-03-19 19:44:20.617 [info] > git ls-files --stage -- /home/akraaam_kh/Paris-B2-DevWeb-main/app/templates/readmore.html.twig [3ms]
2024-03-19 19:44:20.626 [info] > git cat-file -s 55496aa976e9c95d98c2c968c85490d742e90bbb [2ms]
2024-03-19 19:44:21.316 [info] > git config --get commit.template [1ms]
2024-03-19 19:44:21.327 [info] > git for-each-ref --format=%(refname)%00%(upstream:short)%00%(objectname)%00%(upstream:track)%00%(upstream:remotename)%00%(upstream:remoteref) refs/heads/master refs/remotes/master [2ms]
2024-03-19 19:44:21.376 [info] > git status -z -uall [42ms]
2024-03-19 19:44:26.402 [info] > git config --get commit.template [10ms]
2024-03-19 19:44:26.403 [info] > git for-each-ref --format=%(refname)%00%(upstream:short)%00%(objectname)%00%(upstream:track)%00%(upstream:remotename)%00%(upstream:remoteref) refs/heads/master refs/remotes/master [2ms]
2024-03-19 19:44:26.435 [info] > git status -z -uall [25ms]
2024-03-19 19:44:30.796 [info] > git show --textconv :Paris-B2-DevWeb-main/app/templates/register.html.twig [11ms]
2024-03-19 19:44:30.799 [info] > git ls-files --stage -- /home/akraaam_kh/Paris-B2-DevWeb-main/app/templates/register.html.twig [4ms]
2024-03-19 19:44:30.810 [info] > git cat-file -s f68573ee9771251bce587a93a1ec21c60d9b6f6f [2ms]
2024-03-19 19:44:31.464 [info] > git config --get commit.template [2ms]
2024-03-19 19:44:31.474 [info] > git for-each-ref --format=%(refname)%00%(upstream:short)%00%(objectname)%00%(upstream:track)%00%(upstream:remotename)%00%(upstream:remoteref) refs/heads/master refs/remotes/master [2ms]
2024-03-19 19:44:31.528 [info] > git status -z -uall [46ms]
2024-03-19 19:44:35.176 [info] > git show --textconv :Paris-B2-DevWeb-main/app/templates/seeclients.html.twig [11ms]
2024-03-19 19:44:35.179 [info] > git ls-files --stage -- /home/akraaam_kh/Paris-B2-DevWeb-main/app/templates/seeclients.html.twig [4ms]
2024-03-19 19:44:35.190 [info] > git cat-file -s a64a2acd4ca13eb5bc908466fa6f1a2e8e0f8456 [2ms]
2024-03-19 19:44:36.559 [info] > git config --get commit.template [11ms]
2024-03-19 19:44:36.559 [info] > git for-each-ref --format=%(refname)%00%(upstream:short)%00%(objectname)%00%(upstream:track)%00%(upstream:remotename)%00%(upstream:remoteref) refs/heads/master refs/remotes/master [2ms]
2024-03-19 19:44:36.599 [info] > git status -z -uall [30ms]
2024-03-19 19:44:41.644 [info] > git config --get commit.template [6ms]
2024-03-19 19:44:41.655 [info] > git for-each-ref --format=%(refname)%00%(upstream:short)%00%(objectname)%00%(upstream:track)%00%(upstream:remotename)%00%(upstream:remoteref) refs/heads/master refs/remotes/master [2ms]
2024-03-19 19:44:41.714 [info] > git status -z -uall [45ms]
2024-03-19 19:44:42.754 [info] > git show --textconv :Paris-B2-DevWeb-main/app/templates/standardiste.html.twig [14ms]
2024-03-19 19:44:42.756 [info] > git ls-files --stage -- /home/akraaam_kh/Paris-B2-DevWeb-main/app/templates/standardiste.html.twig [4ms]
2024-03-19 19:44:42.773 [info] > git cat-file -s 5914761425a590061f2c4f7c157a43df1dd99fa4 [4ms]
2024-03-19 19:44:46.752 [info] > git config --get commit.template [14ms]
2024-03-19 19:44:46.755 [info] > git for-each-ref --format=%(refname)%00%(upstream:short)%00%(objectname)%00%(upstream:track)%00%(upstream:remotename)%00%(upstream:remoteref) refs/heads/master refs/remotes/master [4ms]
2024-03-19 19:44:46.790 [info] > git status -z -uall [25ms]
2024-03-19 19:44:50.669 [info] > git show --textconv :Paris-B2-DevWeb-main/app/templates/suivies.html.twig [12ms]
2024-03-19 19:44:50.673 [info] > git ls-files --stage -- /home/akraaam_kh/Paris-B2-DevWeb-main/app/templates/suivies.html.twig [5ms]
2024-03-19 19:44:50.685 [info] > git cat-file -s a434bd4bf8f2eb7eeee6cd78d10d8d21dc751c72 [3ms]
2024-03-19 19:44:51.811 [info] > git config --get commit.template [2ms]
2024-03-19 19:44:51.828 [info] > git for-each-ref --format=%(refname)%00%(upstream:short)%00%(objectname)%00%(upstream:track)%00%(upstream:remotename)%00%(upstream:remoteref) refs/heads/master refs/remotes/master [4ms]
2024-03-19 19:44:51.874 [info] > git status -z -uall [33ms]
2024-03-19 19:44:56.913 [info] > git config --get commit.template [20ms]
2024-03-19 19:44:56.916 [info] > git for-each-ref --format=%(refname)%00%(upstream:short)%00%(objectname)%00%(upstream:track)%00%(upstream:remotename)%00%(upstream:remoteref) refs/heads/master refs/remotes/master [5ms]
2024-03-19 19:44:56.993 [info] > git status -z -uall [53ms]
2024-03-19 19:44:57.941 [info] > git show --textconv :Paris-B2-DevWeb-main/app/templates/urgences.html.twig [23ms]
2024-03-19 19:44:57.945 [info] > git ls-files --stage -- /home/akraaam_kh/Paris-B2-DevWeb-main/app/templates/urgences.html.twig [6ms]
2024-03-19 19:44:57.959 [info] > git cat-file -s 4412af9d5531d5466d6f8a282d3d6e1fc9acd37c [4ms]
2024-03-19 19:45:02.016 [info] > git config --get commit.template [2ms]
2024-03-19 19:45:02.031 [info] > git for-each-ref --format=%(refname)%00%(upstream:short)%00%(objectname)%00%(upstream:track)%00%(upstream:remotename)%00%(upstream:remoteref) refs/heads/master refs/remotes/master [1ms]
2024-03-19 19:45:02.083 [info] > git status -z -uall [42ms]
2024-03-19 19:45:02.558 [info] > git show --textconv :Paris-B2-DevWeb-main/app/templates/utilisateurs.html.twig [23ms]
2024-03-19 19:45:02.561 [info] > git ls-files --stage -- /home/akraaam_kh/Paris-B2-DevWeb-main/app/templates/utilisateurs.html.twig [5ms]
2024-03-19 19:45:02.577 [info] > git cat-file -s 8d41cfa2984b0161b85d540b8594bc2a1777fb46 [2ms]
2024-03-19 19:45:07.111 [info] > git config --get commit.template [10ms]
2024-03-19 19:45:07.112 [info] > git for-each-ref --format=%(refname)%00%(upstream:short)%00%(objectname)%00%(upstream:track)%00%(upstream:remotename)%00%(upstream:remoteref) refs/heads/master refs/remotes/master [2ms]
2024-03-19 19:45:07.145 [info] > git status -z -uall [27ms]
2024-03-19 19:45:12.178 [info] > git config --get commit.template [13ms]
2024-03-19 19:45:12.180 [info] > git for-each-ref --format=%(refname)%00%(upstream:short)%00%(objectname)%00%(upstream:track)%00%(upstream:remotename)%00%(upstream:remoteref) refs/heads/master refs/remotes/master [3ms]
2024-03-19 19:45:12.235 [info] > git status -z -uall [43ms]
2024-03-19 19:45:17.255 [info] > git config --get commit.template [5ms]
2024-03-19 19:45:17.265 [info] > git for-each-ref --format=%(refname)%00%(upstream:short)%00%(objectname)%00%(upstream:track)%00%(upstream:remotename)%00%(upstream:remoteref) refs/heads/master refs/remotes/master [2ms]
2024-03-19 19:45:17.303 [info] > git status -z -uall [28ms]
2024-03-19 19:45:18.917 [info] > git ls-files --stage -- /home/akraaam_kh/Paris-B2-DevWeb-main/app/templates/utilisateurs.html.twig [3ms]
2024-03-19 19:45:18.924 [info] > git cat-file -s 8d41cfa2984b0161b85d540b8594bc2a1777fb46 [2ms]
2024-03-19 19:45:18.936 [info] > git show --textconv :Paris-B2-DevWeb-main/app/templates/utilisateurs.html.twig [2ms]
2024-03-19 19:45:22.322 [info] > git config --get commit.template [2ms]
2024-03-19 19:45:22.332 [info] > git for-each-ref --format=%(refname)%00%(upstream:short)%00%(objectname)%00%(upstream:track)%00%(upstream:remotename)%00%(upstream:remoteref) refs/heads/master refs/remotes/master [1ms]
2024-03-19 19:45:22.438 [info] > git status -z -uall [97ms]
2024-03-19 19:45:23.646 [info] > git ls-files --stage -- /home/akraaam_kh/Paris-B2-DevWeb-main/app/templates/utilisateurs.html.twig [5ms]
2024-03-19 19:45:23.662 [info] > git cat-file -s 7d7035b431e7fed53c8432a0c00d7737e13c6577 [2ms]
2024-03-19 19:45:23.692 [info] > git show --textconv :Paris-B2-DevWeb-main/app/templates/utilisateurs.html.twig [4ms]
2024-03-19 19:45:27.888 [info] > git config --get commit.template [5ms]
2024-03-19 19:45:27.903 [info] > git for-each-ref --format=%(refname)%00%(upstream:short)%00%(objectname)%00%(upstream:track)%00%(upstream:remotename)%00%(upstream:remoteref) refs/heads/master refs/remotes/master [3ms]
2024-03-19 19:45:27.989 [info] > git status -z -uall [74ms]
2024-03-19 19:45:33.022 [info] > git config --get commit.template [11ms]
2024-03-19 19:45:33.023 [info] > git for-each-ref --format=%(refname)%00%(upstream:short)%00%(objectname)%00%(upstream:track)%00%(upstream:remotename)%00%(upstream:remoteref) refs/heads/master refs/remotes/master [2ms]
2024-03-19 19:45:33.087 [info] > git status -z -uall [53ms]
2024-03-19 19:45:34.694 [info] > git ls-files --stage -- /home/akraaam_kh/Paris-B2-DevWeb-main/app/templates/utilisateurs.html.twig [4ms]
2024-03-19 19:45:34.708 [info] > git cat-file -s 7d7035b431e7fed53c8432a0c00d7737e13c6577 [2ms]
2024-03-19 19:45:34.738 [info] > git show --textconv :Paris-B2-DevWeb-main/app/templates/utilisateurs.html.twig [13ms]
2024-03-19 19:45:38.128 [info] > git config --get commit.template [17ms]
2024-03-19 19:45:38.133 [info] > git for-each-ref --format=%(refname)%00%(upstream:short)%00%(objectname)%00%(upstream:track)%00%(upstream:remotename)%00%(upstream:remoteref) refs/heads/master refs/remotes/master [7ms]
2024-03-19 19:45:38.179 [info] > git status -z -uall [36ms]
2024-03-19 19:45:43.900 [info] > git config --get commit.template [14ms]
2024-03-19 19:45:43.904 [info] > git for-each-ref --format=%(refname)%00%(upstream:short)%00%(objectname)%00%(upstream:track)%00%(upstream:remotename)%00%(upstream:remoteref) refs/heads/master refs/remotes/master [5ms]
2024-03-19 19:45:43.935 [info] > git status -z -uall [21ms]
2024-03-19 19:45:48.952 [info] > git config --get commit.template [6ms]
2024-03-19 19:45:48.961 [info] > git for-each-ref --format=%(refname)%00%(upstream:short)%00%(objectname)%00%(upstream:track)%00%(upstream:remotename)%00%(upstream:remoteref) refs/heads/master refs/remotes/master [2ms]
2024-03-19 19:45:48.996 [info] > git status -z -uall [27ms]
2024-03-19 19:45:50.505 [info] > git ls-files --stage -- /home/akraaam_kh/Paris-B2-DevWeb-main/app/templates/utilisateurs.html.twig [4ms]
2024-03-19 19:45:50.519 [info] > git cat-file -s 7d7035b431e7fed53c8432a0c00d7737e13c6577 [3ms]
2024-03-19 19:45:50.543 [info] > git show --textconv :Paris-B2-DevWeb-main/app/templates/utilisateurs.html.twig [5ms]
2024-03-19 19:45:54.017 [info] > git config --get commit.template [3ms]
2024-03-19 19:45:54.030 [info] > git for-each-ref --format=%(refname)%00%(upstream:short)%00%(objectname)%00%(upstream:track)%00%(upstream:remotename)%00%(upstream:remoteref) refs/heads/master refs/remotes/master [1ms]
2024-03-19 19:45:54.074 [info] > git status -z -uall [33ms]
