2024-03-20 23:05:34.800 [info] Log level: Info
2024-03-20 23:05:34.800 [info] Validating found git in: "git"
2024-03-20 23:05:34.800 [info] Using git "2.34.1" from "git"
2024-03-20 23:05:34.800 [info] > git rev-parse --show-toplevel [298ms]
2024-03-20 23:05:34.800 [info] > git rev-parse --git-dir --git-common-dir [10ms]
2024-03-20 23:05:34.800 [info] Open repository: /home/akraaam_kh
2024-03-20 23:05:34.806 [info] > git rev-parse --show-toplevel [17ms]
2024-03-20 23:05:34.808 [info] > git config --get commit.template [36ms]
2024-03-20 23:05:34.977 [info] > git rev-parse --show-toplevel [146ms]
2024-03-20 23:05:35.055 [info] > git for-each-ref --format=%(refname)%00%(upstream:short)%00%(objectname)%00%(upstream:track)%00%(upstream:remotename)%00%(upstream:remoteref) refs/heads/master refs/remotes/master [149ms]
2024-03-20 23:05:35.063 [info] > git rev-parse --show-toplevel [53ms]
2024-03-20 23:05:35.089 [info] > git rev-parse --show-toplevel [4ms]
2024-03-20 23:05:35.140 [info] > git rev-parse --show-toplevel [6ms]
2024-03-20 23:05:35.165 [info] > git rev-parse --show-toplevel [4ms]
2024-03-20 23:05:35.242 [info] > git rev-parse --show-toplevel [18ms]
2024-03-20 23:05:35.284 [info] > git rev-parse --git-dir --git-common-dir [3ms]
2024-03-20 23:05:35.323 [info] Open repository: /home/akraaam_kh/Projet-DevWeb
2024-03-20 23:05:35.451 [info] > git show --textconv :Paris-B2-DevWeb-main/app/public/addstd.php [60ms]
2024-03-20 23:05:35.485 [info] > git config --get commit.template [35ms]
2024-03-20 23:05:35.485 [info] > git ls-files --stage -- /home/akraaam_kh/Paris-B2-DevWeb-main/app/public/addstd.php [64ms]
2024-03-20 23:05:35.507 [info] > git check-ignore -v -z --stdin [26ms]
2024-03-20 23:05:35.522 [info] > git cat-file -s 854fefc59c4c88e8c12a1cbfde0b2775607a8029 [20ms]
2024-03-20 23:05:35.590 [info] > git for-each-ref --format=%(refname)%00%(upstream:short)%00%(objectname)%00%(upstream:track)%00%(upstream:remotename)%00%(upstream:remoteref) refs/heads/master refs/remotes/master [47ms]
2024-03-20 23:05:35.606 [warning] ENOENT: no such file or directory, open '/home/akraaam_kh/Projet-DevWeb/.git/refs/remotes/origin/master'
2024-03-20 23:05:35.615 [info] > git rev-parse refs/remotes/origin/master [9ms]
2024-03-20 23:05:35.682 [info] > git status -z -uall [60ms]
2024-03-20 23:05:35.748 [info] > git status -z -uall [631ms]
2024-03-20 23:05:35.804 [info] > git config --get commit.template [59ms]
2024-03-20 23:05:35.809 [info] > git config --get commit.template [10ms]
2024-03-20 23:05:35.845 [info] > git for-each-ref --format=%(refname)%00%(upstream:short)%00%(objectname)%00%(upstream:track)%00%(upstream:remotename)%00%(upstream:remoteref) refs/heads/master refs/remotes/master [25ms]
2024-03-20 23:05:35.878 [warning] ENOENT: no such file or directory, open '/home/akraaam_kh/Projet-DevWeb/.git/refs/remotes/origin/master'
2024-03-20 23:05:35.881 [info] > git for-each-ref --format=%(refname)%00%(upstream:short)%00%(objectname)%00%(upstream:track)%00%(upstream:remotename)%00%(upstream:remoteref) refs/heads/master refs/remotes/master [45ms]
2024-03-20 23:05:36.197 [info] > git rev-parse refs/remotes/origin/master [318ms]
2024-03-20 23:05:36.231 [info] > git status -z -uall [27ms]
2024-03-20 23:05:36.232 [info] > git check-ignore -v -z --stdin [17ms]
2024-03-20 23:05:36.260 [info] > git status -z -uall [32ms]
2024-03-20 23:05:37.741 [info] > git config --get commit.template [11ms]
2024-03-20 23:05:37.742 [info] > git for-each-ref --format=%(refname)%00%(upstream:short)%00%(objectname)%00%(upstream:track)%00%(upstream:remotename)%00%(upstream:remoteref) refs/heads/master refs/remotes/master [2ms]
2024-03-20 23:05:37.788 [info] > git status -z -uall [35ms]
2024-03-20 23:05:43.772 [info] > git ls-files --stage -- /home/akraaam_kh/Paris-B2-DevWeb-main/app/public/addstd.php [3ms]
2024-03-20 23:05:43.782 [info] > git cat-file -s 854fefc59c4c88e8c12a1cbfde0b2775607a8029 [2ms]
2024-03-20 23:05:43.804 [info] > git show --textconv :Paris-B2-DevWeb-main/app/public/addstd.php [5ms]
2024-03-20 23:05:45.760 [info] > git config --get commit.template [1ms]
2024-03-20 23:05:45.768 [info] > git for-each-ref --format=%(refname)%00%(upstream:short)%00%(objectname)%00%(upstream:track)%00%(upstream:remotename)%00%(upstream:remoteref) refs/heads/master refs/remotes/master [1ms]
2024-03-20 23:05:45.794 [info] > git status -z -uall [19ms]
