2024-03-11 14:18:36.342 [info] Log level: Info
2024-03-11 14:18:36.342 [info] Validating found git in: "git"
2024-03-11 14:18:36.342 [info] Using git "2.34.1" from "git"
2024-03-11 14:18:36.342 [info] > git rev-parse --show-toplevel [10ms]
2024-03-11 14:18:36.342 [info] > git rev-parse --git-dir --git-common-dir [2ms]
2024-03-11 14:18:36.342 [info] Open repository: /home/akraaam_kh
2024-03-11 14:18:36.342 [info] > git config --get commit.template [33ms]
2024-03-11 14:18:36.342 [info] > git rev-parse --show-toplevel [22ms]
2024-03-11 14:18:36.342 [info] > git rev-parse --show-toplevel [23ms]
2024-03-11 14:18:36.342 [info] > git for-each-ref --format=%(refname)%00%(upstream:short)%00%(objectname)%00%(upstream:track)%00%(upstream:remotename)%00%(upstream:remoteref) refs/heads/master refs/remotes/master [44ms]
2024-03-11 14:18:36.342 [info] > git rev-parse --show-toplevel [123ms]
2024-03-11 14:18:36.404 [info] > git rev-parse --show-toplevel [40ms]
2024-03-11 14:18:36.471 [info] > git rev-parse --show-toplevel [4ms]
2024-03-11 14:18:36.527 [info] > git rev-parse --show-toplevel [26ms]
2024-03-11 14:18:36.547 [info] > git rev-parse --show-toplevel [9ms]
2024-03-11 14:18:36.569 [info] > git rev-parse --git-dir --git-common-dir [3ms]
2024-03-11 14:18:36.611 [info] Open repository: /home/akraaam_kh/Projet-DevWeb
2024-03-11 14:18:36.739 [info] > git config --get commit.template [63ms]
2024-03-11 14:18:36.859 [info] > git for-each-ref --format=%(refname)%00%(upstream:short)%00%(objectname)%00%(upstream:track)%00%(upstream:remotename)%00%(upstream:remoteref) refs/heads/master refs/remotes/master [91ms]
2024-03-11 14:18:36.924 [warning] ENOENT: no such file or directory, open '/home/akraaam_kh/Projet-DevWeb/.git/refs/remotes/origin/master'
2024-03-11 14:18:37.009 [info] > git check-ignore -v -z --stdin [99ms]
2024-03-11 14:18:37.013 [info] > git show --textconv :Paris-B2-DevWeb-main/app/public/historique.php [42ms]
2024-03-11 14:18:37.013 [info] > git ls-files --stage -- /home/akraaam_kh/Paris-B2-DevWeb-main/app/public/historique.php [11ms]
2024-03-11 14:18:37.036 [info] > git rev-parse refs/remotes/origin/master [113ms]
2024-03-11 14:18:37.051 [info] > git cat-file -s d16b1eedc2c2d7f3021bc2aeff6dd3c47f9a6670 [19ms]
2024-03-11 14:18:37.056 [info] > git status -z -uall [668ms]
2024-03-11 14:18:37.087 [info] > git status -z -uall [40ms]
2024-03-11 14:18:37.129 [info] > git config --get commit.template [43ms]
2024-03-11 14:18:37.132 [info] > git config --get commit.template [4ms]
2024-03-11 14:18:37.311 [info] > git for-each-ref --format=%(refname)%00%(upstream:short)%00%(objectname)%00%(upstream:track)%00%(upstream:remotename)%00%(upstream:remoteref) refs/heads/master refs/remotes/master [153ms]
2024-03-11 14:18:37.352 [info] > git for-each-ref --format=%(refname)%00%(upstream:short)%00%(objectname)%00%(upstream:track)%00%(upstream:remotename)%00%(upstream:remoteref) refs/heads/master refs/remotes/master [64ms]
2024-03-11 14:18:37.372 [warning] ENOENT: no such file or directory, open '/home/akraaam_kh/Projet-DevWeb/.git/refs/remotes/origin/master'
2024-03-11 14:18:37.402 [info] > git rev-parse refs/remotes/origin/master [28ms]
2024-03-11 14:18:37.842 [info] > git status -z -uall [447ms]
2024-03-11 14:18:37.843 [info] > git status -z -uall [431ms]
2024-03-11 14:18:44.926 [info] > git config --get commit.template [21ms]
2024-03-11 14:18:44.928 [info] > git for-each-ref --format=%(refname)%00%(upstream:short)%00%(objectname)%00%(upstream:track)%00%(upstream:remotename)%00%(upstream:remoteref) refs/heads/master refs/remotes/master [5ms]
2024-03-11 14:18:44.979 [info] > git status -z -uall [38ms]
2024-03-11 14:18:50.003 [info] > git config --get commit.template [7ms]
2024-03-11 14:18:50.003 [info] > git for-each-ref --format=%(refname)%00%(upstream:short)%00%(objectname)%00%(upstream:track)%00%(upstream:remotename)%00%(upstream:remoteref) refs/heads/master refs/remotes/master [1ms]
2024-03-11 14:18:50.029 [info] > git status -z -uall [20ms]
2024-03-11 14:18:55.080 [info] > git config --get commit.template [31ms]
2024-03-11 14:18:55.096 [info] > git for-each-ref --format=%(refname)%00%(upstream:short)%00%(objectname)%00%(upstream:track)%00%(upstream:remotename)%00%(upstream:remoteref) refs/heads/master refs/remotes/master [2ms]
2024-03-11 14:18:55.131 [info] > git status -z -uall [27ms]
2024-03-11 14:19:00.171 [info] > git config --get commit.template [18ms]
2024-03-11 14:19:00.172 [info] > git for-each-ref --format=%(refname)%00%(upstream:short)%00%(objectname)%00%(upstream:track)%00%(upstream:remotename)%00%(upstream:remoteref) refs/heads/master refs/remotes/master [2ms]
2024-03-11 14:19:00.231 [info] > git status -z -uall [47ms]
2024-03-11 14:19:05.264 [info] > git config --get commit.template [14ms]
2024-03-11 14:19:05.265 [info] > git for-each-ref --format=%(refname)%00%(upstream:short)%00%(objectname)%00%(upstream:track)%00%(upstream:remotename)%00%(upstream:remoteref) refs/heads/master refs/remotes/master [5ms]
2024-03-11 14:19:05.313 [info] > git status -z -uall [37ms]
2024-03-11 14:19:10.339 [info] > git config --get commit.template [4ms]
2024-03-11 14:19:10.350 [info] > git for-each-ref --format=%(refname)%00%(upstream:short)%00%(objectname)%00%(upstream:track)%00%(upstream:remotename)%00%(upstream:remoteref) refs/heads/master refs/remotes/master [2ms]
2024-03-11 14:19:10.388 [info] > git status -z -uall [31ms]
2024-03-11 14:19:15.415 [info] > git config --get commit.template [2ms]
2024-03-11 14:19:15.425 [info] > git for-each-ref --format=%(refname)%00%(upstream:short)%00%(objectname)%00%(upstream:track)%00%(upstream:remotename)%00%(upstream:remoteref) refs/heads/master refs/remotes/master [2ms]
2024-03-11 14:19:15.461 [info] > git status -z -uall [23ms]
2024-03-11 14:19:20.481 [info] > git config --get commit.template [3ms]
2024-03-11 14:19:20.491 [info] > git for-each-ref --format=%(refname)%00%(upstream:short)%00%(objectname)%00%(upstream:track)%00%(upstream:remotename)%00%(upstream:remoteref) refs/heads/master refs/remotes/master [3ms]
2024-03-11 14:19:20.539 [info] > git status -z -uall [34ms]
2024-03-11 14:19:25.570 [info] > git config --get commit.template [14ms]
2024-03-11 14:19:25.571 [info] > git for-each-ref --format=%(refname)%00%(upstream:short)%00%(objectname)%00%(upstream:track)%00%(upstream:remotename)%00%(upstream:remoteref) refs/heads/master refs/remotes/master [5ms]
2024-03-11 14:19:25.619 [info] > git status -z -uall [38ms]
2024-03-11 14:19:30.646 [info] > git config --get commit.template [8ms]
2024-03-11 14:19:30.647 [info] > git for-each-ref --format=%(refname)%00%(upstream:short)%00%(objectname)%00%(upstream:track)%00%(upstream:remotename)%00%(upstream:remoteref) refs/heads/master refs/remotes/master [2ms]
2024-03-11 14:19:30.685 [info] > git status -z -uall [32ms]
2024-03-11 14:19:35.704 [info] > git config --get commit.template [4ms]
2024-03-11 14:19:35.714 [info] > git for-each-ref --format=%(refname)%00%(upstream:short)%00%(objectname)%00%(upstream:track)%00%(upstream:remotename)%00%(upstream:remoteref) refs/heads/master refs/remotes/master [2ms]
2024-03-11 14:19:35.754 [info] > git status -z -uall [32ms]
