2024-02-08 21:54:24.760 [info] Log level: Info
2024-02-08 21:54:24.761 [info] Validating found git in: "git"
2024-02-08 21:54:24.761 [info] Using git "2.34.1" from "git"
2024-02-08 21:54:24.761 [info] > git rev-parse --show-toplevel [18ms]
2024-02-08 21:54:24.761 [info] fatal: not a git repository (or any of the parent directories): .git
2024-02-08 21:54:24.761 [info] > git rev-parse --show-toplevel [143ms]
2024-02-08 21:54:24.761 [info] fatal: not a git repository (or any of the parent directories): .git
2024-02-08 21:54:24.761 [info] > git rev-parse --show-toplevel [4ms]
2024-02-08 21:54:24.761 [info] fatal: not a git repository (or any of the parent directories): .git
2024-02-08 21:54:24.783 [info] > git rev-parse --show-toplevel [12ms]
2024-02-08 21:54:24.783 [info] fatal: not a git repository (or any of the parent directories): .git
2024-02-08 21:54:24.811 [info] > git rev-parse --show-toplevel [3ms]
2024-02-08 21:54:24.812 [info] fatal: not a git repository (or any of the parent directories): .git
2024-02-08 21:54:24.824 [info] > git rev-parse --show-toplevel [4ms]
2024-02-08 21:54:24.824 [info] fatal: not a git repository (or any of the parent directories): .git
2024-02-08 21:54:24.834 [info] > git rev-parse --show-toplevel [2ms]
2024-02-08 21:54:24.834 [info] fatal: not a git repository (or any of the parent directories): .git
2024-02-08 22:01:16.150 [info] > git rev-parse --show-toplevel [14ms]
2024-02-08 22:01:16.152 [info] fatal: not a git repository (or any of the parent directories): .git
2024-02-08 22:12:58.041 [info] > git rev-parse --show-toplevel [2ms]
2024-02-08 22:12:58.041 [info] fatal: not a git repository (or any of the parent directories): .git
2024-02-08 22:21:24.830 [info] > git rev-parse --show-toplevel [1ms]
2024-02-08 22:21:24.830 [info] fatal: not a git repository (or any of the parent directories): .git
2024-02-08 22:22:44.621 [info] > git rev-parse --show-toplevel [40ms]
2024-02-08 22:22:44.622 [info] fatal: not a git repository (or any of the parent directories): .git
