2024-03-05 16:00:26.770 [info] Log level: Info
2024-03-05 16:00:26.770 [info] Validating found git in: "git"
2024-03-05 16:00:26.770 [info] Using git "2.34.1" from "git"
2024-03-05 16:00:26.770 [info] > git rev-parse --show-toplevel [22ms]
2024-03-05 16:00:26.772 [info] > git rev-parse --git-dir --git-common-dir [5ms]
2024-03-05 16:00:26.855 [info] Open repository: /home/akraaam_kh
2024-03-05 16:00:26.916 [info] > git rev-parse --show-toplevel [18ms]
2024-03-05 16:00:26.919 [info] > git config --get commit.template [35ms]
2024-03-05 16:00:26.987 [info] > git rev-parse --show-toplevel [45ms]
2024-03-05 16:00:27.000 [info] > git for-each-ref --format=%(refname)%00%(upstream:short)%00%(objectname)%00%(upstream:track)%00%(upstream:remotename)%00%(upstream:remoteref) refs/heads/master refs/remotes/master [42ms]
2024-03-05 16:00:27.022 [info] > git rev-parse --show-toplevel [4ms]
2024-03-05 16:00:27.082 [info] > git rev-parse --show-toplevel [40ms]
2024-03-05 16:00:27.141 [info] > git rev-parse --show-toplevel [42ms]
2024-03-05 16:00:27.168 [info] > git rev-parse --show-toplevel [4ms]
2024-03-05 16:00:27.201 [info] > git rev-parse --show-toplevel [12ms]
2024-03-05 16:00:27.222 [info] > git rev-parse --git-dir --git-common-dir [4ms]
2024-03-05 16:00:27.263 [info] Open repository: /home/akraaam_kh/Projet-DevWeb
2024-03-05 16:00:27.347 [info] > git status -z -uall [270ms]
2024-03-05 16:00:27.349 [info] > git config --get commit.template [19ms]
2024-03-05 16:00:27.791 [info] > git show --textconv :Paris-B2-DevWeb-main/app/templates/profile.html.twig [315ms]
2024-03-05 16:00:27.791 [info] > git check-ignore -v -z --stdin [54ms]
2024-03-05 16:00:27.798 [info] > git ls-files --stage -- /home/akraaam_kh/Paris-B2-DevWeb-main/app/templates/profile.html.twig [302ms]
2024-03-05 16:00:27.810 [info] > git config --get commit.template [358ms]
2024-03-05 16:00:27.818 [info] > git cat-file -s 496fe1d495397c61e1831c2f3b8f39a1de59ad9c [10ms]
2024-03-05 16:00:27.821 [info] > git for-each-ref --format=%(refname)%00%(upstream:short)%00%(objectname)%00%(upstream:track)%00%(upstream:remotename)%00%(upstream:remoteref) refs/heads/master refs/remotes/master [73ms]
2024-03-05 16:00:27.843 [warning] ENOENT: no such file or directory, open '/home/akraaam_kh/Projet-DevWeb/.git/refs/remotes/origin/master'
2024-03-05 16:00:27.846 [info] > git for-each-ref --format=%(refname)%00%(upstream:short)%00%(objectname)%00%(upstream:track)%00%(upstream:remotename)%00%(upstream:remoteref) refs/heads/master refs/remotes/master [13ms]
2024-03-05 16:00:27.847 [info] > git rev-parse refs/remotes/origin/master [4ms]
2024-03-05 16:00:27.898 [info] > git status -z -uall [19ms]
2024-03-05 16:00:30.110 [info] > git status -z -uall [2245ms]
2024-03-05 16:00:30.133 [info] > git config --get commit.template [5ms]
2024-03-05 16:00:30.147 [info] > git for-each-ref --format=%(refname)%00%(upstream:short)%00%(objectname)%00%(upstream:track)%00%(upstream:remotename)%00%(upstream:remoteref) refs/heads/master refs/remotes/master [2ms]
2024-03-05 16:00:30.154 [warning] ENOENT: no such file or directory, open '/home/akraaam_kh/Projet-DevWeb/.git/refs/remotes/origin/master'
2024-03-05 16:00:30.158 [info] > git rev-parse refs/remotes/origin/master [3ms]
2024-03-05 16:00:30.925 [info] > git status -z -uall [761ms]
2024-03-05 16:00:33.599 [info] > git config --get commit.template [1ms]
2024-03-05 16:00:33.607 [info] > git for-each-ref --format=%(refname)%00%(upstream:short)%00%(objectname)%00%(upstream:track)%00%(upstream:remotename)%00%(upstream:remoteref) refs/heads/master refs/remotes/master [2ms]
2024-03-05 16:00:33.624 [info] > git status -z -uall [11ms]
2024-03-05 16:00:38.645 [info] > git config --get commit.template [1ms]
2024-03-05 16:00:38.651 [info] > git for-each-ref --format=%(refname)%00%(upstream:short)%00%(objectname)%00%(upstream:track)%00%(upstream:remotename)%00%(upstream:remoteref) refs/heads/master refs/remotes/master [1ms]
2024-03-05 16:00:38.666 [info] > git status -z -uall [9ms]
2024-03-05 16:00:43.686 [info] > git config --get commit.template [7ms]
2024-03-05 16:00:43.687 [info] > git for-each-ref --format=%(refname)%00%(upstream:short)%00%(objectname)%00%(upstream:track)%00%(upstream:remotename)%00%(upstream:remoteref) refs/heads/master refs/remotes/master [2ms]
2024-03-05 16:00:43.703 [info] > git status -z -uall [10ms]
2024-03-05 16:00:48.721 [info] > git config --get commit.template [2ms]
2024-03-05 16:00:48.730 [info] > git for-each-ref --format=%(refname)%00%(upstream:short)%00%(objectname)%00%(upstream:track)%00%(upstream:remotename)%00%(upstream:remoteref) refs/heads/master refs/remotes/master [1ms]
2024-03-05 16:00:48.749 [info] > git status -z -uall [11ms]
2024-03-05 16:00:53.778 [info] > git config --get commit.template [6ms]
2024-03-05 16:00:53.778 [info] > git for-each-ref --format=%(refname)%00%(upstream:short)%00%(objectname)%00%(upstream:track)%00%(upstream:remotename)%00%(upstream:remoteref) refs/heads/master refs/remotes/master [1ms]
2024-03-05 16:00:53.793 [info] > git status -z -uall [9ms]
2024-03-05 16:00:58.815 [info] > git config --get commit.template [6ms]
2024-03-05 16:00:58.816 [info] > git for-each-ref --format=%(refname)%00%(upstream:short)%00%(objectname)%00%(upstream:track)%00%(upstream:remotename)%00%(upstream:remoteref) refs/heads/master refs/remotes/master [2ms]
2024-03-05 16:00:58.830 [info] > git status -z -uall [7ms]
2024-03-05 16:01:03.845 [info] > git config --get commit.template [1ms]
2024-03-05 16:01:03.852 [info] > git for-each-ref --format=%(refname)%00%(upstream:short)%00%(objectname)%00%(upstream:track)%00%(upstream:remotename)%00%(upstream:remoteref) refs/heads/master refs/remotes/master [1ms]
2024-03-05 16:01:03.866 [info] > git status -z -uall [9ms]
2024-03-05 16:01:08.879 [info] > git config --get commit.template [1ms]
2024-03-05 16:01:08.884 [info] > git for-each-ref --format=%(refname)%00%(upstream:short)%00%(objectname)%00%(upstream:track)%00%(upstream:remotename)%00%(upstream:remoteref) refs/heads/master refs/remotes/master [1ms]
2024-03-05 16:01:08.898 [info] > git status -z -uall [8ms]
2024-03-05 16:01:13.911 [info] > git config --get commit.template [1ms]
2024-03-05 16:01:13.917 [info] > git for-each-ref --format=%(refname)%00%(upstream:short)%00%(objectname)%00%(upstream:track)%00%(upstream:remotename)%00%(upstream:remoteref) refs/heads/master refs/remotes/master [0ms]
2024-03-05 16:01:13.928 [info] > git status -z -uall [7ms]
2024-03-05 16:01:18.944 [info] > git config --get commit.template [1ms]
2024-03-05 16:01:18.949 [info] > git for-each-ref --format=%(refname)%00%(upstream:short)%00%(objectname)%00%(upstream:track)%00%(upstream:remotename)%00%(upstream:remoteref) refs/heads/master refs/remotes/master [1ms]
2024-03-05 16:01:18.961 [info] > git status -z -uall [7ms]
2024-03-05 16:01:23.975 [info] > git config --get commit.template [1ms]
2024-03-05 16:01:23.980 [info] > git for-each-ref --format=%(refname)%00%(upstream:short)%00%(objectname)%00%(upstream:track)%00%(upstream:remotename)%00%(upstream:remoteref) refs/heads/master refs/remotes/master [1ms]
2024-03-05 16:01:23.992 [info] > git status -z -uall [7ms]
2024-03-05 16:01:29.008 [info] > git config --get commit.template [1ms]
2024-03-05 16:01:29.014 [info] > git for-each-ref --format=%(refname)%00%(upstream:short)%00%(objectname)%00%(upstream:track)%00%(upstream:remotename)%00%(upstream:remoteref) refs/heads/master refs/remotes/master [1ms]
2024-03-05 16:01:29.025 [info] > git status -z -uall [6ms]
2024-03-05 16:01:34.037 [info] > git config --get commit.template [1ms]
2024-03-05 16:01:34.043 [info] > git for-each-ref --format=%(refname)%00%(upstream:short)%00%(objectname)%00%(upstream:track)%00%(upstream:remotename)%00%(upstream:remoteref) refs/heads/master refs/remotes/master [1ms]
2024-03-05 16:01:34.055 [info] > git status -z -uall [7ms]
2024-03-05 16:01:39.072 [info] > git config --get commit.template [1ms]
2024-03-05 16:01:39.077 [info] > git for-each-ref --format=%(refname)%00%(upstream:short)%00%(objectname)%00%(upstream:track)%00%(upstream:remotename)%00%(upstream:remoteref) refs/heads/master refs/remotes/master [1ms]
2024-03-05 16:01:39.087 [info] > git status -z -uall [6ms]
2024-03-05 16:01:44.099 [info] > git config --get commit.template [1ms]
2024-03-05 16:01:44.104 [info] > git for-each-ref --format=%(refname)%00%(upstream:short)%00%(objectname)%00%(upstream:track)%00%(upstream:remotename)%00%(upstream:remoteref) refs/heads/master refs/remotes/master [1ms]
2024-03-05 16:01:44.116 [info] > git status -z -uall [7ms]
2024-03-05 16:01:49.130 [info] > git config --get commit.template [2ms]
2024-03-05 16:01:49.136 [info] > git for-each-ref --format=%(refname)%00%(upstream:short)%00%(objectname)%00%(upstream:track)%00%(upstream:remotename)%00%(upstream:remoteref) refs/heads/master refs/remotes/master [1ms]
2024-03-05 16:01:49.148 [info] > git status -z -uall [6ms]
2024-03-05 16:01:54.162 [info] > git config --get commit.template [1ms]
2024-03-05 16:01:54.167 [info] > git for-each-ref --format=%(refname)%00%(upstream:short)%00%(objectname)%00%(upstream:track)%00%(upstream:remotename)%00%(upstream:remoteref) refs/heads/master refs/remotes/master [1ms]
2024-03-05 16:01:54.181 [info] > git status -z -uall [9ms]
2024-03-05 16:01:59.198 [info] > git config --get commit.template [1ms]
2024-03-05 16:01:59.203 [info] > git for-each-ref --format=%(refname)%00%(upstream:short)%00%(objectname)%00%(upstream:track)%00%(upstream:remotename)%00%(upstream:remoteref) refs/heads/master refs/remotes/master [0ms]
2024-03-05 16:01:59.218 [info] > git status -z -uall [10ms]
2024-03-05 16:02:04.238 [info] > git config --get commit.template [6ms]
2024-03-05 16:02:04.238 [info] > git for-each-ref --format=%(refname)%00%(upstream:short)%00%(objectname)%00%(upstream:track)%00%(upstream:remotename)%00%(upstream:remoteref) refs/heads/master refs/remotes/master [1ms]
2024-03-05 16:02:04.252 [info] > git status -z -uall [8ms]
2024-03-05 16:02:09.269 [info] > git config --get commit.template [4ms]
2024-03-05 16:02:09.269 [info] > git for-each-ref --format=%(refname)%00%(upstream:short)%00%(objectname)%00%(upstream:track)%00%(upstream:remotename)%00%(upstream:remoteref) refs/heads/master refs/remotes/master [1ms]
2024-03-05 16:02:09.281 [info] > git status -z -uall [7ms]
2024-03-05 16:02:14.304 [info] > git config --get commit.template [2ms]
2024-03-05 16:02:14.315 [info] > git for-each-ref --format=%(refname)%00%(upstream:short)%00%(objectname)%00%(upstream:track)%00%(upstream:remotename)%00%(upstream:remoteref) refs/heads/master refs/remotes/master [2ms]
2024-03-05 16:02:14.333 [info] > git status -z -uall [8ms]
2024-03-05 16:02:17.041 [info] > git check-ignore -v -z --stdin [2ms]
2024-03-05 16:02:19.350 [info] > git config --get commit.template [1ms]
2024-03-05 16:02:19.355 [info] > git for-each-ref --format=%(refname)%00%(upstream:short)%00%(objectname)%00%(upstream:track)%00%(upstream:remotename)%00%(upstream:remoteref) refs/heads/master refs/remotes/master [1ms]
2024-03-05 16:02:19.368 [info] > git status -z -uall [8ms]
2024-03-05 16:02:24.387 [info] > git config --get commit.template [5ms]
2024-03-05 16:02:24.387 [info] > git for-each-ref --format=%(refname)%00%(upstream:short)%00%(objectname)%00%(upstream:track)%00%(upstream:remotename)%00%(upstream:remoteref) refs/heads/master refs/remotes/master [1ms]
2024-03-05 16:02:24.400 [info] > git status -z -uall [8ms]
2024-03-05 16:02:29.415 [info] > git config --get commit.template [1ms]
2024-03-05 16:02:29.420 [info] > git for-each-ref --format=%(refname)%00%(upstream:short)%00%(objectname)%00%(upstream:track)%00%(upstream:remotename)%00%(upstream:remoteref) refs/heads/master refs/remotes/master [1ms]
2024-03-05 16:02:29.433 [info] > git status -z -uall [7ms]
2024-03-05 16:02:34.447 [info] > git config --get commit.template [1ms]
2024-03-05 16:02:34.452 [info] > git for-each-ref --format=%(refname)%00%(upstream:short)%00%(objectname)%00%(upstream:track)%00%(upstream:remotename)%00%(upstream:remoteref) refs/heads/master refs/remotes/master [1ms]
2024-03-05 16:02:34.465 [info] > git status -z -uall [8ms]
2024-03-05 16:02:39.479 [info] > git config --get commit.template [1ms]
2024-03-05 16:02:39.485 [info] > git for-each-ref --format=%(refname)%00%(upstream:short)%00%(objectname)%00%(upstream:track)%00%(upstream:remotename)%00%(upstream:remoteref) refs/heads/master refs/remotes/master [1ms]
2024-03-05 16:02:39.497 [info] > git status -z -uall [7ms]
2024-03-05 16:02:44.516 [info] > git config --get commit.template [6ms]
2024-03-05 16:02:44.516 [info] > git for-each-ref --format=%(refname)%00%(upstream:short)%00%(objectname)%00%(upstream:track)%00%(upstream:remotename)%00%(upstream:remoteref) refs/heads/master refs/remotes/master [1ms]
2024-03-05 16:02:44.528 [info] > git status -z -uall [7ms]
2024-03-05 16:02:49.547 [info] > git config --get commit.template [2ms]
2024-03-05 16:02:49.557 [info] > git for-each-ref --format=%(refname)%00%(upstream:short)%00%(objectname)%00%(upstream:track)%00%(upstream:remotename)%00%(upstream:remoteref) refs/heads/master refs/remotes/master [2ms]
2024-03-05 16:02:49.582 [info] > git status -z -uall [16ms]
