2024-03-11 11:48:42.547 [info] Extension host with pid 1097 started
2024-03-11 11:48:42.764 [info] ExtensionService#_doActivateExtension vscode.emmet, startup: false, activationEvent: 'onLanguage'
2024-03-11 11:48:42.839 [info] Lock '/home/akraaam_kh/.vscode-server/data/User/workspaceStorage/aab43a72942d0c30cbbbacde874c7c05/vscode.lock': Lock acquired.
2024-03-11 11:48:43.031 [info] ExtensionService#_doActivateExtension vscode.git-base, startup: true, activationEvent: '*', root cause: vscode.git
2024-03-11 11:48:43.113 [info] ExtensionService#_doActivateExtension vscode.git, startup: true, activationEvent: '*'
2024-03-11 11:48:43.120 [info] ExtensionService#_doActivateExtension vscode.github, startup: true, activationEvent: '*'
2024-03-11 11:48:43.882 [info] Eager extensions activated
2024-03-11 11:48:43.883 [info] ExtensionService#_doActivateExtension vscode.debug-auto-launch, startup: false, activationEvent: 'onStartupFinished'
2024-03-11 11:48:43.886 [info] ExtensionService#_doActivateExtension vscode.merge-conflict, startup: false, activationEvent: 'onStartupFinished'
2024-03-11 11:48:45.824 [warning] [Decorations] CAPPING events from decorations provider vscode.git 3419
2024-03-11 11:48:47.710 [warning] [Decorations] CAPPING events from decorations provider vscode.git 3431
2024-03-11 11:50:10.650 [warning] [Decorations] CAPPING events from decorations provider vscode.git 3431
2024-03-11 11:51:30.720 [warning] [Decorations] CAPPING events from decorations provider vscode.git 3431
2024-03-11 11:51:36.174 [warning] [Decorations] CAPPING events from decorations provider vscode.git 3431
2024-03-11 11:51:39.499 [info] ExtensionService#_doActivateExtension vscode.php-language-features, startup: false, activationEvent: 'onLanguage:php'
2024-03-11 11:51:41.487 [warning] [Decorations] CAPPING events from decorations provider vscode.git 3431
2024-03-11 11:51:46.729 [warning] [Decorations] CAPPING events from decorations provider vscode.git 3431
2024-03-11 11:51:51.909 [warning] [Decorations] CAPPING events from decorations provider vscode.git 3431
2024-03-11 11:51:57.118 [warning] [Decorations] CAPPING events from decorations provider vscode.git 3431
2024-03-11 11:52:02.371 [warning] [Decorations] CAPPING events from decorations provider vscode.git 3431
2024-03-11 11:52:07.617 [warning] [Decorations] CAPPING events from decorations provider vscode.git 3431
2024-03-11 11:52:12.884 [warning] [Decorations] CAPPING events from decorations provider vscode.git 3431
2024-03-11 11:52:18.091 [warning] [Decorations] CAPPING events from decorations provider vscode.git 3431
2024-03-11 11:52:23.335 [warning] [Decorations] CAPPING events from decorations provider vscode.git 3431
2024-03-11 11:52:28.506 [warning] [Decorations] CAPPING events from decorations provider vscode.git 3431
2024-03-11 11:52:33.762 [warning] [Decorations] CAPPING events from decorations provider vscode.git 3431
2024-03-11 11:52:38.930 [warning] [Decorations] CAPPING events from decorations provider vscode.git 3431
2024-03-11 11:52:44.090 [warning] [Decorations] CAPPING events from decorations provider vscode.git 3431
2024-03-11 11:52:49.273 [warning] [Decorations] CAPPING events from decorations provider vscode.git 3431
2024-03-11 11:52:54.458 [warning] [Decorations] CAPPING events from decorations provider vscode.git 3431
2024-03-11 11:55:14.342 [warning] [Decorations] CAPPING events from decorations provider vscode.git 3431
2024-03-11 11:55:19.609 [warning] [Decorations] CAPPING events from decorations provider vscode.git 3431
2024-03-11 11:55:24.872 [warning] [Decorations] CAPPING events from decorations provider vscode.git 3436
2024-03-11 11:57:22.100 [warning] [Decorations] CAPPING events from decorations provider vscode.git 3436
2024-03-11 11:57:27.328 [warning] [Decorations] CAPPING events from decorations provider vscode.git 3436
2024-03-11 11:58:35.506 [warning] [Decorations] CAPPING events from decorations provider vscode.git 3436
2024-03-11 11:58:40.656 [warning] [Decorations] CAPPING events from decorations provider vscode.git 3436
2024-03-11 11:58:51.758 [warning] [Decorations] CAPPING events from decorations provider vscode.git 3436
2024-03-11 11:58:57.010 [warning] [Decorations] CAPPING events from decorations provider vscode.git 3436
2024-03-11 11:59:02.177 [warning] [Decorations] CAPPING events from decorations provider vscode.git 3436
2024-03-11 11:59:07.364 [warning] [Decorations] CAPPING events from decorations provider vscode.git 3436
2024-03-11 12:00:45.043 [warning] [Decorations] CAPPING events from decorations provider vscode.git 3437
2024-03-11 12:00:50.194 [warning] [Decorations] CAPPING events from decorations provider vscode.git 3437
2024-03-11 12:00:55.356 [warning] [Decorations] CAPPING events from decorations provider vscode.git 3437
2024-03-11 12:00:59.147 [info] ExtensionService#_doActivateExtension vscode.html-language-features, startup: false, activationEvent: 'onLanguage:html'
2024-03-11 12:01:00.647 [warning] [Decorations] CAPPING events from decorations provider vscode.git 3439
2024-03-11 12:01:05.802 [warning] [Decorations] CAPPING events from decorations provider vscode.git 3439
2024-03-11 12:01:11.013 [warning] [Decorations] CAPPING events from decorations provider vscode.git 3440
2024-03-11 12:01:16.172 [warning] [Decorations] CAPPING events from decorations provider vscode.git 3439
2024-03-11 12:01:21.418 [warning] [Decorations] CAPPING events from decorations provider vscode.git 3439
2024-03-11 12:01:26.659 [warning] [Decorations] CAPPING events from decorations provider vscode.git 3439
2024-03-11 12:01:31.955 [warning] [Decorations] CAPPING events from decorations provider vscode.git 3439
2024-03-11 12:01:37.175 [warning] [Decorations] CAPPING events from decorations provider vscode.git 3439
2024-03-11 12:01:42.329 [warning] [Decorations] CAPPING events from decorations provider vscode.git 3444
2024-03-11 12:02:20.581 [warning] [Decorations] CAPPING events from decorations provider vscode.git 3444
2024-03-11 12:02:25.778 [warning] [Decorations] CAPPING events from decorations provider vscode.git 3444
2024-03-11 12:02:30.986 [warning] [Decorations] CAPPING events from decorations provider vscode.git 3444
2024-03-11 12:02:36.232 [warning] [Decorations] CAPPING events from decorations provider vscode.git 3447
2024-03-11 12:02:41.526 [warning] [Decorations] CAPPING events from decorations provider vscode.git 3447
2024-03-11 12:02:46.698 [warning] [Decorations] CAPPING events from decorations provider vscode.git 3447
2024-03-11 12:02:57.723 [warning] [Decorations] CAPPING events from decorations provider vscode.git 3447
2024-03-11 12:03:02.908 [warning] [Decorations] CAPPING events from decorations provider vscode.git 3447
2024-03-11 12:03:09.705 [warning] [Decorations] CAPPING events from decorations provider vscode.git 3447
2024-03-11 12:03:14.845 [warning] [Decorations] CAPPING events from decorations provider vscode.git 3447
2024-03-11 12:03:20.117 [warning] [Decorations] CAPPING events from decorations provider vscode.git 3447
2024-03-11 12:03:25.302 [warning] [Decorations] CAPPING events from decorations provider vscode.git 3447
2024-03-11 12:03:30.633 [warning] [Decorations] CAPPING events from decorations provider vscode.git 3447
2024-03-11 12:03:35.899 [warning] [Decorations] CAPPING events from decorations provider vscode.git 3447
2024-03-11 12:03:41.161 [warning] [Decorations] CAPPING events from decorations provider vscode.git 3447
2024-03-11 12:03:46.353 [warning] [Decorations] CAPPING events from decorations provider vscode.git 3447
2024-03-11 12:03:51.585 [warning] [Decorations] CAPPING events from decorations provider vscode.git 3447
2024-03-11 12:03:56.736 [warning] [Decorations] CAPPING events from decorations provider vscode.git 3447
2024-03-11 12:04:02.011 [warning] [Decorations] CAPPING events from decorations provider vscode.git 3447
2024-03-11 12:04:07.221 [warning] [Decorations] CAPPING events from decorations provider vscode.git 3447
2024-03-11 12:04:12.485 [warning] [Decorations] CAPPING events from decorations provider vscode.git 3447
2024-03-11 12:04:21.129 [warning] [Decorations] CAPPING events from decorations provider vscode.git 3447
2024-03-11 12:04:37.459 [warning] [Decorations] CAPPING events from decorations provider vscode.git 3447
2024-03-11 12:04:42.644 [warning] [Decorations] CAPPING events from decorations provider vscode.git 3447
2024-03-11 12:05:21.497 [warning] [Decorations] CAPPING events from decorations provider vscode.git 3447
2024-03-11 12:05:48.921 [warning] [Decorations] CAPPING events from decorations provider vscode.git 3447
2024-03-11 12:05:54.342 [warning] [Decorations] CAPPING events from decorations provider vscode.git 3447
2024-03-11 12:05:59.489 [warning] [Decorations] CAPPING events from decorations provider vscode.git 3447
2024-03-11 12:06:04.649 [warning] [Decorations] CAPPING events from decorations provider vscode.git 3450
2024-03-11 12:06:09.855 [warning] [Decorations] CAPPING events from decorations provider vscode.git 3456
2024-03-11 12:06:14.999 [warning] [Decorations] CAPPING events from decorations provider vscode.git 3456
2024-03-11 12:06:20.199 [warning] [Decorations] CAPPING events from decorations provider vscode.git 3456
2024-03-11 12:06:25.436 [warning] [Decorations] CAPPING events from decorations provider vscode.git 3456
2024-03-11 12:06:30.624 [warning] [Decorations] CAPPING events from decorations provider vscode.git 3456
2024-03-11 12:06:35.844 [warning] [Decorations] CAPPING events from decorations provider vscode.git 3456
2024-03-11 12:06:46.017 [warning] [Decorations] CAPPING events from decorations provider vscode.git 3456
2024-03-11 12:06:51.214 [warning] [Decorations] CAPPING events from decorations provider vscode.git 3456
2024-03-11 12:07:07.705 [warning] [Decorations] CAPPING events from decorations provider vscode.git 3459
2024-03-11 12:07:12.865 [warning] [Decorations] CAPPING events from decorations provider vscode.git 3459
2024-03-11 12:07:18.077 [warning] [Decorations] CAPPING events from decorations provider vscode.git 3459
2024-03-11 12:07:23.305 [warning] [Decorations] CAPPING events from decorations provider vscode.git 3459
2024-03-11 12:07:28.620 [warning] [Decorations] CAPPING events from decorations provider vscode.git 3462
2024-03-11 12:07:33.753 [warning] [Decorations] CAPPING events from decorations provider vscode.git 3465
2024-03-11 12:07:38.924 [warning] [Decorations] CAPPING events from decorations provider vscode.git 3468
2024-03-11 12:07:44.141 [warning] [Decorations] CAPPING events from decorations provider vscode.git 3468
2024-03-11 12:07:49.338 [warning] [Decorations] CAPPING events from decorations provider vscode.git 3468
2024-03-11 12:07:54.524 [warning] [Decorations] CAPPING events from decorations provider vscode.git 3468
2024-03-11 12:07:59.665 [warning] [Decorations] CAPPING events from decorations provider vscode.git 3468
2024-03-11 12:08:04.860 [warning] [Decorations] CAPPING events from decorations provider vscode.git 3468
2024-03-11 12:08:09.988 [warning] [Decorations] CAPPING events from decorations provider vscode.git 3468
2024-03-11 12:08:15.188 [warning] [Decorations] CAPPING events from decorations provider vscode.git 3468
2024-03-11 12:08:20.364 [warning] [Decorations] CAPPING events from decorations provider vscode.git 3468
2024-03-11 12:08:25.526 [warning] [Decorations] CAPPING events from decorations provider vscode.git 3468
2024-03-11 12:08:30.775 [warning] [Decorations] CAPPING events from decorations provider vscode.git 3468
2024-03-11 12:08:35.938 [warning] [Decorations] CAPPING events from decorations provider vscode.git 3468
2024-03-11 12:08:41.145 [warning] [Decorations] CAPPING events from decorations provider vscode.git 3468
2024-03-11 12:08:46.293 [warning] [Decorations] CAPPING events from decorations provider vscode.git 3468
2024-03-11 12:08:51.540 [warning] [Decorations] CAPPING events from decorations provider vscode.git 3468
2024-03-11 12:08:56.748 [warning] [Decorations] CAPPING events from decorations provider vscode.git 3468
2024-03-11 12:09:01.910 [warning] [Decorations] CAPPING events from decorations provider vscode.git 3468
2024-03-11 12:09:07.133 [warning] [Decorations] CAPPING events from decorations provider vscode.git 3468
2024-03-11 12:09:12.330 [warning] [Decorations] CAPPING events from decorations provider vscode.git 3468
2024-03-11 12:09:17.551 [warning] [Decorations] CAPPING events from decorations provider vscode.git 3468
2024-03-11 12:09:22.714 [warning] [Decorations] CAPPING events from decorations provider vscode.git 3468
2024-03-11 12:09:27.839 [warning] [Decorations] CAPPING events from decorations provider vscode.git 3468
2024-03-11 12:09:33.046 [warning] [Decorations] CAPPING events from decorations provider vscode.git 3468
2024-03-11 12:09:38.244 [warning] [Decorations] CAPPING events from decorations provider vscode.git 3468
2024-03-11 12:09:43.418 [warning] [Decorations] CAPPING events from decorations provider vscode.git 3468
2024-03-11 12:09:48.598 [warning] [Decorations] CAPPING events from decorations provider vscode.git 3468
2024-03-11 12:09:53.795 [warning] [Decorations] CAPPING events from decorations provider vscode.git 3468
2024-03-11 12:09:59.051 [warning] [Decorations] CAPPING events from decorations provider vscode.git 3468
2024-03-11 12:10:04.343 [warning] [Decorations] CAPPING events from decorations provider vscode.git 3468
2024-03-11 12:10:09.510 [warning] [Decorations] CAPPING events from decorations provider vscode.git 3468
2024-03-11 12:10:14.702 [warning] [Decorations] CAPPING events from decorations provider vscode.git 3468
2024-03-11 12:10:19.963 [warning] [Decorations] CAPPING events from decorations provider vscode.git 3468
2024-03-11 12:10:25.212 [warning] [Decorations] CAPPING events from decorations provider vscode.git 3468
2024-03-11 12:10:30.520 [warning] [Decorations] CAPPING events from decorations provider vscode.git 3468
2024-03-11 12:11:33.469 [warning] [Decorations] CAPPING events from decorations provider vscode.git 3468
2024-03-11 12:11:38.636 [warning] [Decorations] CAPPING events from decorations provider vscode.git 3471
2024-03-11 12:11:43.902 [warning] [Decorations] CAPPING events from decorations provider vscode.git 3471
2024-03-11 12:11:49.135 [warning] [Decorations] CAPPING events from decorations provider vscode.git 3474
2024-03-11 12:11:54.403 [warning] [Decorations] CAPPING events from decorations provider vscode.git 3474
2024-03-11 12:11:59.656 [warning] [Decorations] CAPPING events from decorations provider vscode.git 3474
2024-03-11 12:12:04.891 [warning] [Decorations] CAPPING events from decorations provider vscode.git 3474
2024-03-11 12:12:10.140 [warning] [Decorations] CAPPING events from decorations provider vscode.git 3474
2024-03-11 12:12:15.324 [warning] [Decorations] CAPPING events from decorations provider vscode.git 3474
2024-03-11 12:12:20.479 [warning] [Decorations] CAPPING events from decorations provider vscode.git 3474
2024-03-11 12:12:25.654 [warning] [Decorations] CAPPING events from decorations provider vscode.git 3474
2024-03-11 12:12:30.871 [warning] [Decorations] CAPPING events from decorations provider vscode.git 3474
2024-03-11 12:12:36.082 [warning] [Decorations] CAPPING events from decorations provider vscode.git 3474
2024-03-11 12:12:41.407 [warning] [Decorations] CAPPING events from decorations provider vscode.git 3474
2024-03-11 12:12:46.589 [warning] [Decorations] CAPPING events from decorations provider vscode.git 3474
2024-03-11 12:12:51.744 [warning] [Decorations] CAPPING events from decorations provider vscode.git 3474
2024-03-11 12:12:56.957 [warning] [Decorations] CAPPING events from decorations provider vscode.git 3477
2024-03-11 12:13:02.145 [warning] [Decorations] CAPPING events from decorations provider vscode.git 3477
2024-03-11 12:13:07.300 [warning] [Decorations] CAPPING events from decorations provider vscode.git 3477
2024-03-11 12:13:12.541 [warning] [Decorations] CAPPING events from decorations provider vscode.git 3477
2024-03-11 12:13:17.787 [warning] [Decorations] CAPPING events from decorations provider vscode.git 3477
2024-03-11 12:13:23.041 [warning] [Decorations] CAPPING events from decorations provider vscode.git 3477
2024-03-11 12:13:28.239 [warning] [Decorations] CAPPING events from decorations provider vscode.git 3477
2024-03-11 12:13:33.385 [warning] [Decorations] CAPPING events from decorations provider vscode.git 3480
2024-03-11 12:13:38.668 [warning] [Decorations] CAPPING events from decorations provider vscode.git 3480
2024-03-11 12:13:43.838 [warning] [Decorations] CAPPING events from decorations provider vscode.git 3480
2024-03-11 12:13:49.033 [warning] [Decorations] CAPPING events from decorations provider vscode.git 3480
2024-03-11 12:13:54.177 [warning] [Decorations] CAPPING events from decorations provider vscode.git 3480
2024-03-11 12:15:12.124 [warning] [Decorations] CAPPING events from decorations provider vscode.git 3483
2024-03-11 12:15:17.360 [warning] [Decorations] CAPPING events from decorations provider vscode.git 3483
2024-03-11 12:15:22.590 [warning] [Decorations] CAPPING events from decorations provider vscode.git 3483
2024-03-11 12:15:27.848 [warning] [Decorations] CAPPING events from decorations provider vscode.git 3483
2024-03-11 12:15:33.000 [warning] [Decorations] CAPPING events from decorations provider vscode.git 3483
2024-03-11 12:15:38.216 [warning] [Decorations] CAPPING events from decorations provider vscode.git 3483
2024-03-11 12:17:14.438 [warning] [Decorations] CAPPING events from decorations provider vscode.git 3486
2024-03-11 12:17:19.662 [warning] [Decorations] CAPPING events from decorations provider vscode.git 3486
2024-03-11 12:17:24.922 [warning] [Decorations] CAPPING events from decorations provider vscode.git 3487
2024-03-11 12:18:14.989 [warning] [Decorations] CAPPING events from decorations provider vscode.git 3487
2024-03-11 12:18:20.258 [warning] [Decorations] CAPPING events from decorations provider vscode.git 3487
2024-03-11 12:18:25.445 [warning] [Decorations] CAPPING events from decorations provider vscode.git 3487
2024-03-11 12:18:30.663 [warning] [Decorations] CAPPING events from decorations provider vscode.git 3487
2024-03-11 12:19:35.056 [warning] [Decorations] CAPPING events from decorations provider vscode.git 3487
2024-03-11 12:19:40.215 [warning] [Decorations] CAPPING events from decorations provider vscode.git 3487
2024-03-11 12:19:45.422 [warning] [Decorations] CAPPING events from decorations provider vscode.git 3488
2024-03-11 12:19:53.432 [warning] [Decorations] CAPPING events from decorations provider vscode.git 3488
2024-03-11 12:22:52.885 [warning] [Decorations] CAPPING events from decorations provider vscode.git 3488
2024-03-11 12:22:58.117 [warning] [Decorations] CAPPING events from decorations provider vscode.git 3488
2024-03-11 12:23:03.381 [warning] [Decorations] CAPPING events from decorations provider vscode.git 3488
2024-03-11 12:23:08.563 [warning] [Decorations] CAPPING events from decorations provider vscode.git 3488
2024-03-11 12:23:13.762 [warning] [Decorations] CAPPING events from decorations provider vscode.git 3491
2024-03-11 12:23:19.039 [warning] [Decorations] CAPPING events from decorations provider vscode.git 3491
2024-03-11 12:23:24.198 [warning] [Decorations] CAPPING events from decorations provider vscode.git 3491
2024-03-11 12:23:29.413 [warning] [Decorations] CAPPING events from decorations provider vscode.git 3491
2024-03-11 12:23:34.583 [warning] [Decorations] CAPPING events from decorations provider vscode.git 3491
2024-03-11 12:23:39.733 [warning] [Decorations] CAPPING events from decorations provider vscode.git 3494
2024-03-11 12:23:44.940 [warning] [Decorations] CAPPING events from decorations provider vscode.git 3494
2024-03-11 12:23:50.101 [warning] [Decorations] CAPPING events from decorations provider vscode.git 3494
2024-03-11 12:23:55.313 [warning] [Decorations] CAPPING events from decorations provider vscode.git 3494
2024-03-11 12:24:00.560 [warning] [Decorations] CAPPING events from decorations provider vscode.git 3494
2024-03-11 12:24:05.712 [warning] [Decorations] CAPPING events from decorations provider vscode.git 3494
2024-03-11 12:24:10.941 [warning] [Decorations] CAPPING events from decorations provider vscode.git 3494
2024-03-11 12:24:16.193 [warning] [Decorations] CAPPING events from decorations provider vscode.git 3494
2024-03-11 12:24:21.353 [warning] [Decorations] CAPPING events from decorations provider vscode.git 3494
2024-03-11 12:24:26.530 [warning] [Decorations] CAPPING events from decorations provider vscode.git 3494
2024-03-11 12:24:31.701 [warning] [Decorations] CAPPING events from decorations provider vscode.git 3494
2024-03-11 12:24:55.306 [warning] [Decorations] CAPPING events from decorations provider vscode.git 3497
2024-03-11 12:25:00.546 [warning] [Decorations] CAPPING events from decorations provider vscode.git 3497
2024-03-11 12:25:05.715 [warning] [Decorations] CAPPING events from decorations provider vscode.git 3497
2024-03-11 12:25:10.952 [warning] [Decorations] CAPPING events from decorations provider vscode.git 3497
2024-03-11 12:25:16.198 [warning] [Decorations] CAPPING events from decorations provider vscode.git 3497
2024-03-11 12:25:21.396 [warning] [Decorations] CAPPING events from decorations provider vscode.git 3500
2024-03-11 12:25:42.759 [warning] [Decorations] CAPPING events from decorations provider vscode.git 3500
2024-03-11 12:25:47.996 [warning] [Decorations] CAPPING events from decorations provider vscode.git 3500
2024-03-11 12:25:53.185 [warning] [Decorations] CAPPING events from decorations provider vscode.git 3500
2024-03-11 12:25:58.377 [warning] [Decorations] CAPPING events from decorations provider vscode.git 3500
2024-03-11 12:26:11.478 [warning] [Decorations] CAPPING events from decorations provider vscode.git 3500
2024-03-11 12:26:16.713 [warning] [Decorations] CAPPING events from decorations provider vscode.git 3500
2024-03-11 12:26:21.934 [warning] [Decorations] CAPPING events from decorations provider vscode.git 3500
2024-03-11 12:26:27.074 [warning] [Decorations] CAPPING events from decorations provider vscode.git 3500
2024-03-11 12:26:32.323 [warning] [Decorations] CAPPING events from decorations provider vscode.git 3500
2024-03-11 12:26:37.524 [warning] [Decorations] CAPPING events from decorations provider vscode.git 3500
2024-03-11 12:26:42.712 [warning] [Decorations] CAPPING events from decorations provider vscode.git 3500
2024-03-11 12:26:47.920 [warning] [Decorations] CAPPING events from decorations provider vscode.git 3500
2024-03-11 12:26:53.096 [warning] [Decorations] CAPPING events from decorations provider vscode.git 3500
2024-03-11 12:26:58.300 [warning] [Decorations] CAPPING events from decorations provider vscode.git 3500
2024-03-11 12:27:03.645 [warning] [Decorations] CAPPING events from decorations provider vscode.git 3500
2024-03-11 12:27:08.793 [warning] [Decorations] CAPPING events from decorations provider vscode.git 3500
2024-03-11 12:27:14.018 [warning] [Decorations] CAPPING events from decorations provider vscode.git 3500
2024-03-11 12:27:19.303 [warning] [Decorations] CAPPING events from decorations provider vscode.git 3500
2024-03-11 12:27:24.464 [warning] [Decorations] CAPPING events from decorations provider vscode.git 3500
2024-03-11 12:27:29.629 [warning] [Decorations] CAPPING events from decorations provider vscode.git 3500
2024-03-11 12:27:34.893 [warning] [Decorations] CAPPING events from decorations provider vscode.git 3500
2024-03-11 12:27:40.097 [warning] [Decorations] CAPPING events from decorations provider vscode.git 3500
2024-03-11 12:28:28.840 [warning] [Decorations] CAPPING events from decorations provider vscode.git 3500
2024-03-11 12:28:34.012 [warning] [Decorations] CAPPING events from decorations provider vscode.git 3500
2024-03-11 12:28:36.739 [info] ExtensionService#_doActivateExtension vscode.css-language-features, startup: false, activationEvent: 'onLanguage:css'
2024-03-11 12:28:39.388 [warning] [Decorations] CAPPING events from decorations provider vscode.git 3500
2024-03-11 12:28:44.633 [warning] [Decorations] CAPPING events from decorations provider vscode.git 3500
2024-03-11 12:28:49.876 [warning] [Decorations] CAPPING events from decorations provider vscode.git 3500
2024-03-11 12:28:55.057 [warning] [Decorations] CAPPING events from decorations provider vscode.git 3500
2024-03-11 12:29:00.259 [warning] [Decorations] CAPPING events from decorations provider vscode.git 3505
2024-03-11 12:29:05.567 [warning] [Decorations] CAPPING events from decorations provider vscode.git 3505
2024-03-11 12:29:16.058 [warning] [Decorations] CAPPING events from decorations provider vscode.git 3505
2024-03-11 12:29:27.647 [warning] [Decorations] CAPPING events from decorations provider vscode.git 3508
2024-03-11 12:29:32.849 [warning] [Decorations] CAPPING events from decorations provider vscode.git 3507
2024-03-11 12:29:38.032 [warning] [Decorations] CAPPING events from decorations provider vscode.git 3507
2024-03-11 12:29:43.194 [warning] [Decorations] CAPPING events from decorations provider vscode.git 3507
2024-03-11 12:29:48.466 [warning] [Decorations] CAPPING events from decorations provider vscode.git 3507
2024-03-11 12:29:53.595 [warning] [Decorations] CAPPING events from decorations provider vscode.git 3507
2024-03-11 12:29:58.812 [warning] [Decorations] CAPPING events from decorations provider vscode.git 3507
2024-03-11 12:30:04.015 [warning] [Decorations] CAPPING events from decorations provider vscode.git 3507
2024-03-11 12:30:09.220 [warning] [Decorations] CAPPING events from decorations provider vscode.git 3507
2024-03-11 12:30:14.373 [warning] [Decorations] CAPPING events from decorations provider vscode.git 3507
2024-03-11 12:30:19.520 [warning] [Decorations] CAPPING events from decorations provider vscode.git 3507
2024-03-11 12:30:24.691 [warning] [Decorations] CAPPING events from decorations provider vscode.git 3507
2024-03-11 12:30:29.912 [warning] [Decorations] CAPPING events from decorations provider vscode.git 3507
2024-03-11 12:30:35.135 [warning] [Decorations] CAPPING events from decorations provider vscode.git 3507
2024-03-11 12:30:40.304 [warning] [Decorations] CAPPING events from decorations provider vscode.git 3507
2024-03-11 12:30:45.492 [warning] [Decorations] CAPPING events from decorations provider vscode.git 3509
2024-03-11 12:30:50.700 [warning] [Decorations] CAPPING events from decorations provider vscode.git 3509
2024-03-11 12:30:55.883 [warning] [Decorations] CAPPING events from decorations provider vscode.git 3509
2024-03-11 12:31:01.059 [warning] [Decorations] CAPPING events from decorations provider vscode.git 3511
2024-03-11 12:31:06.272 [warning] [Decorations] CAPPING events from decorations provider vscode.git 3511
2024-03-11 12:31:11.425 [warning] [Decorations] CAPPING events from decorations provider vscode.git 3511
2024-03-11 12:31:16.670 [warning] [Decorations] CAPPING events from decorations provider vscode.git 3511
2024-03-11 12:31:21.895 [warning] [Decorations] CAPPING events from decorations provider vscode.git 3511
2024-03-11 12:31:27.111 [warning] [Decorations] CAPPING events from decorations provider vscode.git 3511
2024-03-11 12:31:32.273 [warning] [Decorations] CAPPING events from decorations provider vscode.git 3511
2024-03-11 12:32:10.921 [warning] [Decorations] CAPPING events from decorations provider vscode.git 3512
2024-03-11 12:32:16.172 [warning] [Decorations] CAPPING events from decorations provider vscode.git 3513
2024-03-11 12:32:21.392 [warning] [Decorations] CAPPING events from decorations provider vscode.git 3513
2024-03-11 12:32:26.628 [warning] [Decorations] CAPPING events from decorations provider vscode.git 3513
2024-03-11 12:32:31.819 [warning] [Decorations] CAPPING events from decorations provider vscode.git 3514
2024-03-11 12:32:37.060 [warning] [Decorations] CAPPING events from decorations provider vscode.git 3514
2024-03-11 12:32:42.273 [warning] [Decorations] CAPPING events from decorations provider vscode.git 3514
2024-03-11 12:32:47.485 [warning] [Decorations] CAPPING events from decorations provider vscode.git 3515
2024-03-11 12:32:52.664 [warning] [Decorations] CAPPING events from decorations provider vscode.git 3515
2024-03-11 12:33:02.922 [warning] [Decorations] CAPPING events from decorations provider vscode.git 3515
2024-03-11 12:33:08.202 [warning] [Decorations] CAPPING events from decorations provider vscode.git 3515
2024-03-11 12:33:13.374 [warning] [Decorations] CAPPING events from decorations provider vscode.git 3515
2024-03-11 12:33:18.613 [warning] [Decorations] CAPPING events from decorations provider vscode.git 3515
2024-03-11 12:33:23.884 [warning] [Decorations] CAPPING events from decorations provider vscode.git 3515
2024-03-11 12:33:29.108 [warning] [Decorations] CAPPING events from decorations provider vscode.git 3515
2024-03-11 12:33:34.353 [warning] [Decorations] CAPPING events from decorations provider vscode.git 3517
2024-03-11 12:33:39.514 [warning] [Decorations] CAPPING events from decorations provider vscode.git 3517
2024-03-11 12:33:44.776 [warning] [Decorations] CAPPING events from decorations provider vscode.git 3517
2024-03-11 12:33:49.994 [warning] [Decorations] CAPPING events from decorations provider vscode.git 3517
2024-03-11 12:33:55.145 [warning] [Decorations] CAPPING events from decorations provider vscode.git 3518
2024-03-11 12:34:00.356 [warning] [Decorations] CAPPING events from decorations provider vscode.git 3518
2024-03-11 12:34:05.499 [warning] [Decorations] CAPPING events from decorations provider vscode.git 3518
2024-03-11 12:34:10.756 [warning] [Decorations] CAPPING events from decorations provider vscode.git 3518
2024-03-11 12:34:15.959 [warning] [Decorations] CAPPING events from decorations provider vscode.git 3518
2024-03-11 12:34:21.573 [warning] [Decorations] CAPPING events from decorations provider vscode.git 3518
2024-03-11 12:34:26.767 [warning] [Decorations] CAPPING events from decorations provider vscode.git 3518
2024-03-11 12:34:31.940 [warning] [Decorations] CAPPING events from decorations provider vscode.git 3519
2024-03-11 12:34:37.160 [warning] [Decorations] CAPPING events from decorations provider vscode.git 3519
2024-03-11 12:34:42.419 [warning] [Decorations] CAPPING events from decorations provider vscode.git 3519
2024-03-11 12:34:47.655 [warning] [Decorations] CAPPING events from decorations provider vscode.git 3519
2024-03-11 12:34:52.841 [warning] [Decorations] CAPPING events from decorations provider vscode.git 3519
2024-03-11 12:34:58.061 [warning] [Decorations] CAPPING events from decorations provider vscode.git 3519
2024-03-11 12:35:03.290 [warning] [Decorations] CAPPING events from decorations provider vscode.git 3519
2024-03-11 12:35:08.434 [warning] [Decorations] CAPPING events from decorations provider vscode.git 3519
2024-03-11 12:35:13.649 [warning] [Decorations] CAPPING events from decorations provider vscode.git 3519
2024-03-11 12:35:18.853 [warning] [Decorations] CAPPING events from decorations provider vscode.git 3519
2024-03-11 12:35:24.075 [warning] [Decorations] CAPPING events from decorations provider vscode.git 3519
2024-03-11 12:35:29.213 [warning] [Decorations] CAPPING events from decorations provider vscode.git 3519
2024-03-11 12:35:34.481 [warning] [Decorations] CAPPING events from decorations provider vscode.git 3519
2024-03-11 12:35:39.667 [warning] [Decorations] CAPPING events from decorations provider vscode.git 3519
2024-03-11 12:35:44.820 [warning] [Decorations] CAPPING events from decorations provider vscode.git 3519
2024-03-11 12:35:49.976 [warning] [Decorations] CAPPING events from decorations provider vscode.git 3519
2024-03-11 12:35:55.174 [warning] [Decorations] CAPPING events from decorations provider vscode.git 3519
2024-03-11 12:36:00.341 [warning] [Decorations] CAPPING events from decorations provider vscode.git 3519
2024-03-11 12:36:05.573 [warning] [Decorations] CAPPING events from decorations provider vscode.git 3519
2024-03-11 12:36:10.779 [warning] [Decorations] CAPPING events from decorations provider vscode.git 3519
2024-03-11 12:36:15.992 [warning] [Decorations] CAPPING events from decorations provider vscode.git 3519
2024-03-11 12:36:21.229 [warning] [Decorations] CAPPING events from decorations provider vscode.git 3519
2024-03-11 12:36:26.440 [warning] [Decorations] CAPPING events from decorations provider vscode.git 3519
2024-03-11 12:36:31.635 [warning] [Decorations] CAPPING events from decorations provider vscode.git 3519
2024-03-11 12:36:36.847 [warning] [Decorations] CAPPING events from decorations provider vscode.git 3519
2024-03-11 12:36:41.994 [warning] [Decorations] CAPPING events from decorations provider vscode.git 3519
2024-03-11 12:36:47.197 [warning] [Decorations] CAPPING events from decorations provider vscode.git 3519
2024-03-11 12:36:52.391 [warning] [Decorations] CAPPING events from decorations provider vscode.git 3519
2024-03-11 12:36:57.556 [warning] [Decorations] CAPPING events from decorations provider vscode.git 3519
2024-03-11 12:37:02.726 [warning] [Decorations] CAPPING events from decorations provider vscode.git 3519
2024-03-11 12:37:07.944 [warning] [Decorations] CAPPING events from decorations provider vscode.git 3519
2024-03-11 12:37:13.133 [warning] [Decorations] CAPPING events from decorations provider vscode.git 3520
2024-03-11 12:37:18.293 [warning] [Decorations] CAPPING events from decorations provider vscode.git 3520
2024-03-11 12:37:23.496 [warning] [Decorations] CAPPING events from decorations provider vscode.git 3520
2024-03-11 12:37:28.660 [warning] [Decorations] CAPPING events from decorations provider vscode.git 3520
2024-03-11 12:37:33.888 [warning] [Decorations] CAPPING events from decorations provider vscode.git 3520
2024-03-11 12:37:39.195 [warning] [Decorations] CAPPING events from decorations provider vscode.git 3520
2024-03-11 12:37:44.377 [warning] [Decorations] CAPPING events from decorations provider vscode.git 3520
2024-03-11 12:37:49.513 [warning] [Decorations] CAPPING events from decorations provider vscode.git 3521
2024-03-11 12:37:54.666 [warning] [Decorations] CAPPING events from decorations provider vscode.git 3521
2024-03-11 12:37:59.842 [warning] [Decorations] CAPPING events from decorations provider vscode.git 3521
2024-03-11 12:38:05.099 [warning] [Decorations] CAPPING events from decorations provider vscode.git 3521
2024-03-11 12:38:10.250 [warning] [Decorations] CAPPING events from decorations provider vscode.git 3521
2024-03-11 12:38:15.497 [warning] [Decorations] CAPPING events from decorations provider vscode.git 3521
2024-03-11 12:38:20.674 [warning] [Decorations] CAPPING events from decorations provider vscode.git 3521
2024-03-11 12:38:25.851 [warning] [Decorations] CAPPING events from decorations provider vscode.git 3522
2024-03-11 12:38:31.053 [warning] [Decorations] CAPPING events from decorations provider vscode.git 3522
2024-03-11 12:38:36.204 [warning] [Decorations] CAPPING events from decorations provider vscode.git 3522
2024-03-11 12:38:51.279 [warning] [Decorations] CAPPING events from decorations provider vscode.git 3522
2024-03-11 12:38:56.454 [warning] [Decorations] CAPPING events from decorations provider vscode.git 3523
2024-03-11 12:39:01.642 [warning] [Decorations] CAPPING events from decorations provider vscode.git 3523
2024-03-11 12:39:06.843 [warning] [Decorations] CAPPING events from decorations provider vscode.git 3523
2024-03-11 12:39:12.139 [warning] [Decorations] CAPPING events from decorations provider vscode.git 3523
2024-03-11 12:39:17.396 [warning] [Decorations] CAPPING events from decorations provider vscode.git 3523
2024-03-11 12:39:22.624 [warning] [Decorations] CAPPING events from decorations provider vscode.git 3523
2024-03-11 12:39:27.858 [warning] [Decorations] CAPPING events from decorations provider vscode.git 3523
2024-03-11 12:39:33.104 [warning] [Decorations] CAPPING events from decorations provider vscode.git 3523
2024-03-11 12:39:38.310 [warning] [Decorations] CAPPING events from decorations provider vscode.git 3523
2024-03-11 12:39:43.537 [warning] [Decorations] CAPPING events from decorations provider vscode.git 3523
2024-03-11 12:39:48.737 [warning] [Decorations] CAPPING events from decorations provider vscode.git 3523
2024-03-11 12:39:53.872 [warning] [Decorations] CAPPING events from decorations provider vscode.git 3523
2024-03-11 12:39:59.157 [warning] [Decorations] CAPPING events from decorations provider vscode.git 3523
2024-03-11 12:40:04.332 [warning] [Decorations] CAPPING events from decorations provider vscode.git 3523
2024-03-11 12:40:09.571 [warning] [Decorations] CAPPING events from decorations provider vscode.git 3523
2024-03-11 12:40:14.770 [warning] [Decorations] CAPPING events from decorations provider vscode.git 3523
2024-03-11 12:40:19.934 [warning] [Decorations] CAPPING events from decorations provider vscode.git 3523
2024-03-11 12:40:25.159 [warning] [Decorations] CAPPING events from decorations provider vscode.git 3523
2024-03-11 12:40:30.307 [warning] [Decorations] CAPPING events from decorations provider vscode.git 3523
2024-03-11 12:40:35.520 [warning] [Decorations] CAPPING events from decorations provider vscode.git 3524
2024-03-11 12:40:40.721 [warning] [Decorations] CAPPING events from decorations provider vscode.git 3524
2024-03-11 12:40:45.878 [warning] [Decorations] CAPPING events from decorations provider vscode.git 3524
2024-03-11 12:40:51.034 [warning] [Decorations] CAPPING events from decorations provider vscode.git 3524
2024-03-11 12:40:56.203 [warning] [Decorations] CAPPING events from decorations provider vscode.git 3524
2024-03-11 12:41:01.396 [warning] [Decorations] CAPPING events from decorations provider vscode.git 3525
2024-03-11 12:41:06.992 [warning] [Decorations] CAPPING events from decorations provider vscode.git 3525
2024-03-11 12:41:18.168 [warning] [Decorations] CAPPING events from decorations provider vscode.git 3525
2024-03-11 12:41:23.410 [warning] [Decorations] CAPPING events from decorations provider vscode.git 3525
2024-03-11 12:41:28.649 [warning] [Decorations] CAPPING events from decorations provider vscode.git 3525
2024-03-11 12:41:33.838 [warning] [Decorations] CAPPING events from decorations provider vscode.git 3526
2024-03-11 12:41:39.061 [warning] [Decorations] CAPPING events from decorations provider vscode.git 3526
2024-03-11 12:41:44.264 [warning] [Decorations] CAPPING events from decorations provider vscode.git 3526
2024-03-11 12:41:49.425 [warning] [Decorations] CAPPING events from decorations provider vscode.git 3526
2024-03-11 12:41:54.722 [warning] [Decorations] CAPPING events from decorations provider vscode.git 3526
2024-03-11 12:41:59.986 [warning] [Decorations] CAPPING events from decorations provider vscode.git 3527
2024-03-11 12:42:05.211 [warning] [Decorations] CAPPING events from decorations provider vscode.git 3527
2024-03-11 12:42:10.389 [warning] [Decorations] CAPPING events from decorations provider vscode.git 3527
2024-03-11 12:42:15.655 [warning] [Decorations] CAPPING events from decorations provider vscode.git 3527
2024-03-11 12:42:20.856 [warning] [Decorations] CAPPING events from decorations provider vscode.git 3527
2024-03-11 12:42:26.094 [warning] [Decorations] CAPPING events from decorations provider vscode.git 3527
2024-03-11 12:42:31.289 [warning] [Decorations] CAPPING events from decorations provider vscode.git 3527
2024-03-11 12:42:36.466 [warning] [Decorations] CAPPING events from decorations provider vscode.git 3527
2024-03-11 12:42:41.637 [warning] [Decorations] CAPPING events from decorations provider vscode.git 3527
2024-03-11 12:42:46.795 [warning] [Decorations] CAPPING events from decorations provider vscode.git 3527
2024-03-11 12:42:51.964 [warning] [Decorations] CAPPING events from decorations provider vscode.git 3527
2024-03-11 12:42:57.167 [warning] [Decorations] CAPPING events from decorations provider vscode.git 3527
2024-03-11 12:43:02.449 [warning] [Decorations] CAPPING events from decorations provider vscode.git 3527
2024-03-11 12:43:07.629 [warning] [Decorations] CAPPING events from decorations provider vscode.git 3527
2024-03-11 12:43:12.807 [warning] [Decorations] CAPPING events from decorations provider vscode.git 3527
2024-03-11 12:43:18.039 [warning] [Decorations] CAPPING events from decorations provider vscode.git 3527
2024-03-11 12:43:23.319 [warning] [Decorations] CAPPING events from decorations provider vscode.git 3527
2024-03-11 12:43:28.454 [warning] [Decorations] CAPPING events from decorations provider vscode.git 3527
2024-03-11 12:43:33.713 [warning] [Decorations] CAPPING events from decorations provider vscode.git 3527
2024-03-11 12:43:38.931 [warning] [Decorations] CAPPING events from decorations provider vscode.git 3527
2024-03-11 12:43:44.184 [warning] [Decorations] CAPPING events from decorations provider vscode.git 3527
2024-03-11 12:43:49.323 [warning] [Decorations] CAPPING events from decorations provider vscode.git 3527
2024-03-11 12:43:54.475 [warning] [Decorations] CAPPING events from decorations provider vscode.git 3527
2024-03-11 12:43:59.730 [warning] [Decorations] CAPPING events from decorations provider vscode.git 3527
2024-03-11 12:44:04.906 [warning] [Decorations] CAPPING events from decorations provider vscode.git 3527
2024-03-11 12:44:10.138 [warning] [Decorations] CAPPING events from decorations provider vscode.git 3527
2024-03-11 12:44:15.337 [warning] [Decorations] CAPPING events from decorations provider vscode.git 3527
2024-03-11 12:44:20.483 [warning] [Decorations] CAPPING events from decorations provider vscode.git 3527
2024-03-11 12:44:25.645 [warning] [Decorations] CAPPING events from decorations provider vscode.git 3527
2024-03-11 12:44:30.825 [warning] [Decorations] CAPPING events from decorations provider vscode.git 3527
2024-03-11 12:44:36.030 [warning] [Decorations] CAPPING events from decorations provider vscode.git 3527
2024-03-11 12:44:41.233 [warning] [Decorations] CAPPING events from decorations provider vscode.git 3527
2024-03-11 12:44:46.449 [warning] [Decorations] CAPPING events from decorations provider vscode.git 3527
2024-03-11 12:44:51.605 [warning] [Decorations] CAPPING events from decorations provider vscode.git 3527
2024-03-11 12:44:56.793 [warning] [Decorations] CAPPING events from decorations provider vscode.git 3527
2024-03-11 12:45:02.017 [warning] [Decorations] CAPPING events from decorations provider vscode.git 3527
2024-03-11 12:45:19.464 [warning] [Decorations] CAPPING events from decorations provider vscode.git 3527
2024-03-11 12:45:45.350 [warning] [Decorations] CAPPING events from decorations provider vscode.git 3527
2024-03-11 12:45:50.536 [warning] [Decorations] CAPPING events from decorations provider vscode.git 3528
2024-03-11 12:46:01.118 [warning] [Decorations] CAPPING events from decorations provider vscode.git 3528
2024-03-11 12:46:07.600 [warning] [Decorations] CAPPING events from decorations provider vscode.git 3528
2024-03-11 12:46:12.772 [warning] [Decorations] CAPPING events from decorations provider vscode.git 3528
2024-03-11 12:46:18.025 [warning] [Decorations] CAPPING events from decorations provider vscode.git 3528
2024-03-11 12:46:23.270 [warning] [Decorations] CAPPING events from decorations provider vscode.git 3529
2024-03-11 12:46:28.410 [warning] [Decorations] CAPPING events from decorations provider vscode.git 3529
2024-03-11 12:46:37.623 [warning] [Decorations] CAPPING events from decorations provider vscode.git 3529
2024-03-11 12:46:42.769 [warning] [Decorations] CAPPING events from decorations provider vscode.git 3529
2024-03-11 12:46:47.975 [warning] [Decorations] CAPPING events from decorations provider vscode.git 3529
2024-03-11 12:46:59.986 [warning] [Decorations] CAPPING events from decorations provider vscode.git 3529
2024-03-11 12:47:05.133 [warning] [Decorations] CAPPING events from decorations provider vscode.git 3529
2024-03-11 12:47:10.373 [warning] [Decorations] CAPPING events from decorations provider vscode.git 3529
2024-03-11 12:47:15.538 [warning] [Decorations] CAPPING events from decorations provider vscode.git 3529
2024-03-11 12:47:55.415 [warning] [Decorations] CAPPING events from decorations provider vscode.git 3529
2024-03-11 12:48:07.381 [warning] [Decorations] CAPPING events from decorations provider vscode.git 3529
2024-03-11 12:48:12.539 [warning] [Decorations] CAPPING events from decorations provider vscode.git 3530
2024-03-11 12:48:17.716 [warning] [Decorations] CAPPING events from decorations provider vscode.git 3530
2024-03-11 12:48:22.873 [warning] [Decorations] CAPPING events from decorations provider vscode.git 3530
2024-03-11 12:48:28.042 [warning] [Decorations] CAPPING events from decorations provider vscode.git 3531
2024-03-11 12:51:40.745 [warning] [Decorations] CAPPING events from decorations provider vscode.git 3531
2024-03-11 12:57:19.483 [warning] [Decorations] CAPPING events from decorations provider vscode.git 3532
2024-03-11 12:57:24.661 [warning] [Decorations] CAPPING events from decorations provider vscode.git 3532
2024-03-11 12:57:29.899 [warning] [Decorations] CAPPING events from decorations provider vscode.git 3533
2024-03-11 12:57:35.092 [warning] [Decorations] CAPPING events from decorations provider vscode.git 3533
2024-03-11 12:57:40.338 [warning] [Decorations] CAPPING events from decorations provider vscode.git 3533
2024-03-11 12:57:45.518 [warning] [Decorations] CAPPING events from decorations provider vscode.git 3533
2024-03-11 12:57:50.866 [warning] [Decorations] CAPPING events from decorations provider vscode.git 3533
2024-03-11 12:57:56.026 [warning] [Decorations] CAPPING events from decorations provider vscode.git 3533
2024-03-11 12:58:01.239 [warning] [Decorations] CAPPING events from decorations provider vscode.git 3533
2024-03-11 12:58:06.387 [warning] [Decorations] CAPPING events from decorations provider vscode.git 3536
2024-03-11 12:58:11.586 [warning] [Decorations] CAPPING events from decorations provider vscode.git 3536
2024-03-11 12:58:16.709 [warning] [Decorations] CAPPING events from decorations provider vscode.git 3536
2024-03-11 12:58:21.960 [warning] [Decorations] CAPPING events from decorations provider vscode.git 3536
2024-03-11 12:58:27.139 [warning] [Decorations] CAPPING events from decorations provider vscode.git 3536
2024-03-11 12:58:32.334 [warning] [Decorations] CAPPING events from decorations provider vscode.git 3536
2024-03-11 12:58:37.542 [warning] [Decorations] CAPPING events from decorations provider vscode.git 3536
2024-03-11 12:58:42.791 [warning] [Decorations] CAPPING events from decorations provider vscode.git 3539
2024-03-11 12:58:47.990 [warning] [Decorations] CAPPING events from decorations provider vscode.git 3539
2024-03-11 12:58:58.183 [warning] [Decorations] CAPPING events from decorations provider vscode.git 3539
2024-03-11 12:59:03.383 [warning] [Decorations] CAPPING events from decorations provider vscode.git 3539
2024-03-11 12:59:08.593 [warning] [Decorations] CAPPING events from decorations provider vscode.git 3539
2024-03-11 12:59:13.812 [warning] [Decorations] CAPPING events from decorations provider vscode.git 3539
2024-03-11 12:59:19.067 [warning] [Decorations] CAPPING events from decorations provider vscode.git 3539
2024-03-11 12:59:24.268 [warning] [Decorations] CAPPING events from decorations provider vscode.git 3539
2024-03-11 12:59:29.433 [warning] [Decorations] CAPPING events from decorations provider vscode.git 3539
2024-03-11 12:59:34.625 [warning] [Decorations] CAPPING events from decorations provider vscode.git 3539
2024-03-11 12:59:39.856 [warning] [Decorations] CAPPING events from decorations provider vscode.git 3539
2024-03-11 12:59:45.099 [warning] [Decorations] CAPPING events from decorations provider vscode.git 3539
2024-03-11 12:59:50.301 [warning] [Decorations] CAPPING events from decorations provider vscode.git 3539
2024-03-11 12:59:55.452 [warning] [Decorations] CAPPING events from decorations provider vscode.git 3542
2024-03-11 13:00:00.618 [warning] [Decorations] CAPPING events from decorations provider vscode.git 3542
2024-03-11 13:00:05.888 [warning] [Decorations] CAPPING events from decorations provider vscode.git 3542
2024-03-11 13:00:11.053 [warning] [Decorations] CAPPING events from decorations provider vscode.git 3542
2024-03-11 13:00:16.190 [warning] [Decorations] CAPPING events from decorations provider vscode.git 3542
2024-03-11 13:00:21.395 [warning] [Decorations] CAPPING events from decorations provider vscode.git 3542
2024-03-11 13:00:26.644 [warning] [Decorations] CAPPING events from decorations provider vscode.git 3542
2024-03-11 13:00:31.821 [warning] [Decorations] CAPPING events from decorations provider vscode.git 3542
2024-03-11 13:00:37.051 [warning] [Decorations] CAPPING events from decorations provider vscode.git 3542
2024-03-11 13:00:42.249 [warning] [Decorations] CAPPING events from decorations provider vscode.git 3542
2024-03-11 13:00:47.435 [warning] [Decorations] CAPPING events from decorations provider vscode.git 3542
2024-03-11 13:00:52.636 [warning] [Decorations] CAPPING events from decorations provider vscode.git 3542
2024-03-11 13:00:57.827 [warning] [Decorations] CAPPING events from decorations provider vscode.git 3542
2024-03-11 13:01:03.007 [warning] [Decorations] CAPPING events from decorations provider vscode.git 3542
2024-03-11 13:01:08.270 [warning] [Decorations] CAPPING events from decorations provider vscode.git 3542
2024-03-11 13:01:13.444 [warning] [Decorations] CAPPING events from decorations provider vscode.git 3542
2024-03-11 13:01:18.681 [warning] [Decorations] CAPPING events from decorations provider vscode.git 3542
2024-03-11 13:01:23.943 [warning] [Decorations] CAPPING events from decorations provider vscode.git 3542
2024-03-11 13:01:29.123 [warning] [Decorations] CAPPING events from decorations provider vscode.git 3542
2024-03-11 13:01:34.353 [warning] [Decorations] CAPPING events from decorations provider vscode.git 3542
2024-03-11 13:01:39.588 [warning] [Decorations] CAPPING events from decorations provider vscode.git 3542
2024-03-11 13:01:44.840 [warning] [Decorations] CAPPING events from decorations provider vscode.git 3542
2024-03-11 13:01:50.082 [warning] [Decorations] CAPPING events from decorations provider vscode.git 3542
2024-03-11 13:01:55.348 [warning] [Decorations] CAPPING events from decorations provider vscode.git 3542
2024-03-11 13:02:00.573 [warning] [Decorations] CAPPING events from decorations provider vscode.git 3542
2024-03-11 13:02:05.810 [warning] [Decorations] CAPPING events from decorations provider vscode.git 3542
2024-03-11 13:02:11.021 [warning] [Decorations] CAPPING events from decorations provider vscode.git 3542
2024-03-11 13:02:16.245 [warning] [Decorations] CAPPING events from decorations provider vscode.git 3542
2024-03-11 13:02:21.427 [warning] [Decorations] CAPPING events from decorations provider vscode.git 3542
2024-03-11 13:02:26.579 [warning] [Decorations] CAPPING events from decorations provider vscode.git 3542
2024-03-11 13:02:31.759 [warning] [Decorations] CAPPING events from decorations provider vscode.git 3542
2024-03-11 13:02:36.910 [warning] [Decorations] CAPPING events from decorations provider vscode.git 3542
2024-03-11 13:02:42.089 [warning] [Decorations] CAPPING events from decorations provider vscode.git 3542
2024-03-11 13:02:47.243 [warning] [Decorations] CAPPING events from decorations provider vscode.git 3542
2024-03-11 13:02:52.375 [warning] [Decorations] CAPPING events from decorations provider vscode.git 3542
2024-03-11 13:02:57.603 [warning] [Decorations] CAPPING events from decorations provider vscode.git 3542
2024-03-11 13:03:02.785 [warning] [Decorations] CAPPING events from decorations provider vscode.git 3542
2024-03-11 13:03:07.943 [warning] [Decorations] CAPPING events from decorations provider vscode.git 3542
2024-03-11 13:03:13.143 [warning] [Decorations] CAPPING events from decorations provider vscode.git 3542
2024-03-11 13:03:18.316 [warning] [Decorations] CAPPING events from decorations provider vscode.git 3542
2024-03-11 13:03:23.523 [warning] [Decorations] CAPPING events from decorations provider vscode.git 3542
2024-03-11 13:03:28.756 [warning] [Decorations] CAPPING events from decorations provider vscode.git 3543
2024-03-11 13:03:33.949 [warning] [Decorations] CAPPING events from decorations provider vscode.git 3543
2024-03-11 13:03:39.225 [warning] [Decorations] CAPPING events from decorations provider vscode.git 3544
2024-03-11 13:03:44.442 [warning] [Decorations] CAPPING events from decorations provider vscode.git 3545
2024-03-11 13:03:49.602 [warning] [Decorations] CAPPING events from decorations provider vscode.git 3545
2024-03-11 13:03:54.835 [warning] [Decorations] CAPPING events from decorations provider vscode.git 3546
2024-03-11 13:04:00.076 [warning] [Decorations] CAPPING events from decorations provider vscode.git 3546
2024-03-11 13:04:13.011 [warning] [Decorations] CAPPING events from decorations provider vscode.git 3546
2024-03-11 13:04:18.189 [warning] [Decorations] CAPPING events from decorations provider vscode.git 3546
2024-03-11 13:04:23.321 [warning] [Decorations] CAPPING events from decorations provider vscode.git 3546
2024-03-11 13:04:28.527 [warning] [Decorations] CAPPING events from decorations provider vscode.git 3546
2024-03-11 13:04:33.703 [warning] [Decorations] CAPPING events from decorations provider vscode.git 3546
2024-03-11 13:04:38.991 [warning] [Decorations] CAPPING events from decorations provider vscode.git 3546
2024-03-11 13:04:44.142 [warning] [Decorations] CAPPING events from decorations provider vscode.git 3546
2024-03-11 13:06:15.420 [warning] [Decorations] CAPPING events from decorations provider vscode.git 3547
2024-03-11 13:07:19.343 [warning] [Decorations] CAPPING events from decorations provider vscode.git 3547
2024-03-11 13:07:24.590 [warning] [Decorations] CAPPING events from decorations provider vscode.git 3547
2024-03-11 13:07:29.768 [warning] [Decorations] CAPPING events from decorations provider vscode.git 3547
2024-03-11 13:07:35.005 [warning] [Decorations] CAPPING events from decorations provider vscode.git 3547
2024-03-11 13:07:40.213 [warning] [Decorations] CAPPING events from decorations provider vscode.git 3547
2024-03-11 13:07:45.425 [warning] [Decorations] CAPPING events from decorations provider vscode.git 3547
2024-03-11 13:07:50.612 [warning] [Decorations] CAPPING events from decorations provider vscode.git 3547
2024-03-11 13:07:55.802 [warning] [Decorations] CAPPING events from decorations provider vscode.git 3547
2024-03-11 13:08:15.643 [warning] [Decorations] CAPPING events from decorations provider vscode.git 3547
2024-03-11 13:08:20.837 [warning] [Decorations] CAPPING events from decorations provider vscode.git 3547
2024-03-11 13:08:26.030 [warning] [Decorations] CAPPING events from decorations provider vscode.git 3547
2024-03-11 13:08:31.224 [warning] [Decorations] CAPPING events from decorations provider vscode.git 3547
2024-03-11 13:08:36.388 [warning] [Decorations] CAPPING events from decorations provider vscode.git 3547
2024-03-11 13:08:41.608 [warning] [Decorations] CAPPING events from decorations provider vscode.git 3548
2024-03-11 13:08:46.761 [warning] [Decorations] CAPPING events from decorations provider vscode.git 3548
2024-03-11 13:08:52.029 [warning] [Decorations] CAPPING events from decorations provider vscode.git 3549
2024-03-11 13:09:23.991 [warning] [Decorations] CAPPING events from decorations provider vscode.git 3549
2024-03-11 13:09:29.168 [warning] [Decorations] CAPPING events from decorations provider vscode.git 3549
2024-03-11 13:09:34.366 [warning] [Decorations] CAPPING events from decorations provider vscode.git 3550
2024-03-11 13:09:39.523 [warning] [Decorations] CAPPING events from decorations provider vscode.git 3550
2024-03-11 13:10:15.717 [warning] [Decorations] CAPPING events from decorations provider vscode.git 3551
2024-03-11 13:13:46.725 [warning] [Decorations] CAPPING events from decorations provider vscode.git 3551
2024-03-11 13:13:51.954 [warning] [Decorations] CAPPING events from decorations provider vscode.git 3551
2024-03-11 13:13:57.165 [warning] [Decorations] CAPPING events from decorations provider vscode.git 3551
