2024-02-14 12:09:03.896 [info] Log level: Info
2024-02-14 12:09:03.896 [info] Validating found git in: "git"
2024-02-14 12:09:03.896 [info] Using git "2.34.1" from "git"
2024-02-14 12:09:03.896 [info] > git rev-parse --show-toplevel [7ms]
2024-02-14 12:09:03.896 [info] fatal: not a git repository (or any of the parent directories): .git
2024-02-14 12:09:03.896 [info] > git rev-parse --show-toplevel [30ms]
2024-02-14 12:09:03.896 [info] fatal: not a git repository (or any of the parent directories): .git
2024-02-14 12:09:03.896 [info] > git rev-parse --show-toplevel [3ms]
2024-02-14 12:09:03.896 [info] fatal: not a git repository (or any of the parent directories): .git
2024-02-14 12:09:03.911 [info] > git rev-parse --show-toplevel [4ms]
2024-02-14 12:09:03.912 [info] fatal: not a git repository (or any of the parent directories): .git
2024-02-14 12:09:03.929 [info] > git rev-parse --show-toplevel [2ms]
2024-02-14 12:09:03.929 [info] fatal: not a git repository (or any of the parent directories): .git
2024-02-14 12:09:03.961 [info] > git rev-parse --show-toplevel [3ms]
2024-02-14 12:09:03.961 [info] fatal: not a git repository (or any of the parent directories): .git
2024-02-14 12:09:03.975 [info] > git rev-parse --show-toplevel [3ms]
2024-02-14 12:09:03.975 [info] fatal: not a git repository (or any of the parent directories): .git
2024-02-14 12:10:13.615 [info] > git rev-parse --show-toplevel [3ms]
2024-02-14 12:10:13.616 [info] fatal: not a git repository (or any of the parent directories): .git
2024-02-14 12:11:07.867 [info] > git rev-parse --show-toplevel [2ms]
2024-02-14 12:11:07.881 [info] > git rev-parse --git-dir --git-common-dir [3ms]
2024-02-14 12:11:07.898 [info] Open repository: /home/akraaam_kh
2024-02-14 12:11:07.918 [info] No remotes found in the git config file.
2024-02-14 12:11:07.919 [info] > git config --get commit.template [9ms]
2024-02-14 12:11:07.920 [info] > git for-each-ref --format=%(refname)%00%(upstream:short)%00%(objectname)%00%(upstream:track)%00%(upstream:remotename)%00%(upstream:remoteref) refs/heads/master refs/remotes/master [3ms]
2024-02-14 12:11:07.921 [warning] No such branch: master.
2024-02-14 12:11:08.009 [info] > git status -z -uall [73ms]
2024-02-14 12:11:08.062 [info] > git config --get commit.template [3ms]
2024-02-14 12:11:08.069 [info] No remotes found in the git config file.
2024-02-14 12:11:08.070 [info] > git for-each-ref --format=%(refname)%00%(upstream:short)%00%(objectname)%00%(upstream:track)%00%(upstream:remotename)%00%(upstream:remoteref) refs/heads/master refs/remotes/master [2ms]
2024-02-14 12:11:08.070 [warning] No such branch: master.
2024-02-14 12:11:08.093 [info] > git status -z -uall [13ms]
2024-02-14 12:11:08.517 [info] > git check-ignore -v -z --stdin [13ms]
2024-02-14 12:11:08.601 [info] > git show --textconv :Paris-B2-DevWeb-main/.gitignore [10ms]
2024-02-14 12:11:08.607 [info] > git ls-files --stage -- /home/akraaam_kh/Paris-B2-DevWeb-main/.gitignore [8ms]
2024-02-14 12:11:10.726 [info] > git config --get commit.template [2ms]
2024-02-14 12:11:10.732 [info] No remotes found in the git config file.
2024-02-14 12:11:10.733 [info] > git for-each-ref --format=%(refname)%00%(upstream:short)%00%(objectname)%00%(upstream:track)%00%(upstream:remotename)%00%(upstream:remoteref) refs/heads/master refs/remotes/master [1ms]
2024-02-14 12:11:10.733 [warning] No such branch: master.
2024-02-14 12:11:10.749 [info] > git status -z -uall [10ms]
2024-02-14 12:11:13.366 [info] > git show --textconv :Paris-B2-DevWeb-main/app/templates/profile.html.twig [13ms]
2024-02-14 12:11:13.367 [info] > git ls-files --stage -- /home/akraaam_kh/Paris-B2-DevWeb-main/app/templates/profile.html.twig [3ms]
2024-02-14 12:11:13.703 [info] > git check-ignore -v -z --stdin [2ms]
2024-02-14 12:11:15.785 [info] > git config --get commit.template [3ms]
2024-02-14 12:11:15.785 [info] No remotes found in the git config file.
2024-02-14 12:11:15.795 [info] > git for-each-ref --format=%(refname)%00%(upstream:short)%00%(objectname)%00%(upstream:track)%00%(upstream:remotename)%00%(upstream:remoteref) refs/heads/master refs/remotes/master [2ms]
2024-02-14 12:11:15.796 [warning] No such branch: master.
2024-02-14 12:11:15.815 [info] > git status -z -uall [12ms]
2024-02-14 12:11:20.857 [info] No remotes found in the git config file.
2024-02-14 12:11:20.859 [info] > git config --get commit.template [11ms]
2024-02-14 12:11:20.860 [info] > git for-each-ref --format=%(refname)%00%(upstream:short)%00%(objectname)%00%(upstream:track)%00%(upstream:remotename)%00%(upstream:remoteref) refs/heads/master refs/remotes/master [4ms]
2024-02-14 12:11:20.860 [warning] No such branch: master.
2024-02-14 12:11:20.883 [info] > git status -z -uall [14ms]
2024-02-14 12:11:25.916 [info] > git config --get commit.template [3ms]
2024-02-14 12:11:25.925 [info] No remotes found in the git config file.
2024-02-14 12:11:25.926 [info] > git for-each-ref --format=%(refname)%00%(upstream:short)%00%(objectname)%00%(upstream:track)%00%(upstream:remotename)%00%(upstream:remoteref) refs/heads/master refs/remotes/master [2ms]
2024-02-14 12:11:25.926 [warning] No such branch: master.
2024-02-14 12:11:25.950 [info] > git status -z -uall [15ms]
2024-02-14 12:11:30.989 [info] > git config --get commit.template [2ms]
2024-02-14 12:11:30.998 [info] No remotes found in the git config file.
2024-02-14 12:11:31.000 [info] > git for-each-ref --format=%(refname)%00%(upstream:short)%00%(objectname)%00%(upstream:track)%00%(upstream:remotename)%00%(upstream:remoteref) refs/heads/master refs/remotes/master [1ms]
2024-02-14 12:11:31.000 [warning] No such branch: master.
2024-02-14 12:11:31.025 [info] > git status -z -uall [17ms]
2024-02-14 12:11:36.059 [info] > git config --get commit.template [2ms]
2024-02-14 12:11:36.070 [info] No remotes found in the git config file.
2024-02-14 12:11:36.071 [info] > git for-each-ref --format=%(refname)%00%(upstream:short)%00%(objectname)%00%(upstream:track)%00%(upstream:remotename)%00%(upstream:remoteref) refs/heads/master refs/remotes/master [2ms]
2024-02-14 12:11:36.071 [warning] No such branch: master.
2024-02-14 12:11:36.082 [info] > git status -z -uall [7ms]
2024-02-14 12:11:43.740 [info] > git config --get commit.template [2ms]
2024-02-14 12:11:43.747 [info] No remotes found in the git config file.
2024-02-14 12:11:43.748 [info] > git for-each-ref --format=%(refname)%00%(upstream:short)%00%(objectname)%00%(upstream:track)%00%(upstream:remotename)%00%(upstream:remoteref) refs/heads/master refs/remotes/master [1ms]
2024-02-14 12:11:43.748 [warning] No such branch: master.
2024-02-14 12:11:43.763 [info] > git status -z -uall [9ms]
2024-02-14 12:11:48.803 [info] > git config --get commit.template [2ms]
2024-02-14 12:11:48.812 [info] No remotes found in the git config file.
2024-02-14 12:11:48.813 [info] > git for-each-ref --format=%(refname)%00%(upstream:short)%00%(objectname)%00%(upstream:track)%00%(upstream:remotename)%00%(upstream:remoteref) refs/heads/master refs/remotes/master [2ms]
2024-02-14 12:11:48.813 [warning] No such branch: master.
2024-02-14 12:11:48.837 [info] > git status -z -uall [17ms]
2024-02-14 12:11:53.882 [info] > git config --get commit.template [2ms]
2024-02-14 12:11:53.889 [info] No remotes found in the git config file.
2024-02-14 12:11:53.889 [info] > git for-each-ref --format=%(refname)%00%(upstream:short)%00%(objectname)%00%(upstream:track)%00%(upstream:remotename)%00%(upstream:remoteref) refs/heads/master refs/remotes/master [1ms]
2024-02-14 12:11:53.890 [warning] No such branch: master.
2024-02-14 12:11:53.902 [info] > git status -z -uall [7ms]
2024-02-14 12:11:58.929 [info] > git config --get commit.template [1ms]
2024-02-14 12:11:58.936 [info] No remotes found in the git config file.
2024-02-14 12:11:58.937 [info] > git for-each-ref --format=%(refname)%00%(upstream:short)%00%(objectname)%00%(upstream:track)%00%(upstream:remotename)%00%(upstream:remoteref) refs/heads/master refs/remotes/master [2ms]
2024-02-14 12:11:58.937 [warning] No such branch: master.
2024-02-14 12:11:58.953 [info] > git status -z -uall [9ms]
