2024-03-20 14:31:11.829 [info] Log level: Info
2024-03-20 14:31:11.829 [info] Validating found git in: "git"
2024-03-20 14:31:11.829 [info] Using git "2.34.1" from "git"
2024-03-20 14:31:11.829 [info] > git rev-parse --show-toplevel [119ms]
2024-03-20 14:31:11.829 [info] > git rev-parse --git-dir --git-common-dir [15ms]
2024-03-20 14:31:11.829 [info] Open repository: /home/akraaam_kh
2024-03-20 14:31:11.832 [info] > git rev-parse --show-toplevel [10ms]
2024-03-20 14:31:11.833 [info] > git config --get commit.template [23ms]
2024-03-20 14:31:11.861 [info] > git rev-parse --show-toplevel [17ms]
2024-03-20 14:31:11.894 [info] > git rev-parse --show-toplevel [4ms]
2024-03-20 14:31:11.895 [info] > git for-each-ref --format=%(refname)%00%(upstream:short)%00%(objectname)%00%(upstream:track)%00%(upstream:remotename)%00%(upstream:remoteref) refs/heads/master refs/remotes/master [39ms]
2024-03-20 14:31:11.995 [info] > git rev-parse --show-toplevel [86ms]
2024-03-20 14:31:12.053 [info] > git rev-parse --show-toplevel [36ms]
2024-03-20 14:31:12.073 [info] > git rev-parse --show-toplevel [4ms]
2024-03-20 14:31:12.081 [info] > git rev-parse --show-toplevel [3ms]
2024-03-20 14:31:12.099 [info] > git rev-parse --git-dir --git-common-dir [3ms]
2024-03-20 14:31:12.118 [info] Open repository: /home/akraaam_kh/Projet-DevWeb
2024-03-20 14:31:12.146 [info] > git config --get commit.template [4ms]
2024-03-20 14:31:12.163 [info] > git for-each-ref --format=%(refname)%00%(upstream:short)%00%(objectname)%00%(upstream:track)%00%(upstream:remotename)%00%(upstream:remoteref) refs/heads/master refs/remotes/master [7ms]
2024-03-20 14:31:12.174 [warning] ENOENT: no such file or directory, open '/home/akraaam_kh/Projet-DevWeb/.git/refs/remotes/origin/master'
2024-03-20 14:31:12.178 [info] > git rev-parse refs/remotes/origin/master [4ms]
2024-03-20 14:31:12.406 [info] > git status -z -uall [219ms]
2024-03-20 14:31:12.449 [info] > git status -z -uall [398ms]
2024-03-20 14:31:12.493 [info] > git check-ignore -v -z --stdin [55ms]
2024-03-20 14:31:12.499 [info] > git config --get commit.template [51ms]
2024-03-20 14:31:12.507 [info] > git config --get commit.template [28ms]
2024-03-20 14:31:12.959 [info] > git show --textconv :Paris-B2-DevWeb-main/app/templates/utilisateurs.html.twig [418ms]
2024-03-20 14:31:12.961 [info] > git ls-files --stage -- /home/akraaam_kh/Paris-B2-DevWeb-main/app/templates/utilisateurs.html.twig [409ms]
2024-03-20 14:31:12.991 [info] > git for-each-ref --format=%(refname)%00%(upstream:short)%00%(objectname)%00%(upstream:track)%00%(upstream:remotename)%00%(upstream:remoteref) refs/heads/master refs/remotes/master [470ms]
2024-03-20 14:31:12.993 [info] > git for-each-ref --format=%(refname)%00%(upstream:short)%00%(objectname)%00%(upstream:track)%00%(upstream:remotename)%00%(upstream:remoteref) refs/heads/master refs/remotes/master [478ms]
2024-03-20 14:31:13.052 [warning] ENOENT: no such file or directory, open '/home/akraaam_kh/Projet-DevWeb/.git/refs/remotes/origin/master'
2024-03-20 14:31:13.080 [info] > git cat-file -s 7d7035b431e7fed53c8432a0c00d7737e13c6577 [80ms]
2024-03-20 14:31:13.151 [info] > git rev-parse refs/remotes/origin/master [99ms]
2024-03-20 14:31:13.243 [info] > git status -z -uall [55ms]
2024-03-20 14:31:13.401 [info] > git status -z -uall [159ms]
2024-03-20 14:31:14.214 [info] > git check-ignore -v -z --stdin [23ms]
2024-03-20 14:31:15.086 [info] > git show --textconv :Paris-B2-DevWeb-main/app/templates/add.html.twig [14ms]
2024-03-20 14:31:15.091 [info] > git ls-files --stage -- /home/akraaam_kh/Paris-B2-DevWeb-main/app/templates/add.html.twig [8ms]
2024-03-20 14:31:15.101 [info] > git cat-file -s 4332c04345bb4d5c8ab00481bbc07c324ece4670 [1ms]
2024-03-20 14:31:15.354 [info] > git config --get commit.template [5ms]
2024-03-20 14:31:15.383 [info] > git for-each-ref --format=%(refname)%00%(upstream:short)%00%(objectname)%00%(upstream:track)%00%(upstream:remotename)%00%(upstream:remoteref) refs/heads/master refs/remotes/master [2ms]
2024-03-20 14:31:15.453 [info] > git status -z -uall [54ms]
2024-03-20 14:31:19.427 [info] > git show --textconv :Paris-B2-DevWeb-main/app/templates/addstd.html.twig [11ms]
2024-03-20 14:31:19.430 [info] > git ls-files --stage -- /home/akraaam_kh/Paris-B2-DevWeb-main/app/templates/addstd.html.twig [5ms]
2024-03-20 14:31:19.439 [info] > git cat-file -s 4cfff6c55ceb25301c4d52803442213ce9837e71 [1ms]
2024-03-20 14:31:20.481 [info] > git config --get commit.template [2ms]
2024-03-20 14:31:20.494 [info] > git for-each-ref --format=%(refname)%00%(upstream:short)%00%(objectname)%00%(upstream:track)%00%(upstream:remotename)%00%(upstream:remoteref) refs/heads/master refs/remotes/master [2ms]
2024-03-20 14:31:20.526 [info] > git status -z -uall [24ms]
2024-03-20 14:31:20.909 [info] > git ls-files --stage -- /home/akraaam_kh/Paris-B2-DevWeb-main/app/templates/admin.html.twig [2ms]
2024-03-20 14:31:20.919 [info] > git show --textconv :Paris-B2-DevWeb-main/app/templates/admin.html.twig [21ms]
2024-03-20 14:31:20.921 [info] > git cat-file -s 5f56a7747d04df7505a660406a803543530106a9 [4ms]
2024-03-20 14:31:22.001 [info] > git ls-files --stage -- /home/akraaam_kh/Paris-B2-DevWeb-main/app/templates/base_auth.html.twig [3ms]
2024-03-20 14:31:22.009 [info] > git show --textconv :Paris-B2-DevWeb-main/app/templates/base_auth.html.twig [20ms]
2024-03-20 14:31:22.011 [info] > git cat-file -s 78dea3593d9149d99e9fd17cb3111ac3779e9310 [2ms]
2024-03-20 14:31:23.214 [info] > git ls-files --stage -- /home/akraaam_kh/Paris-B2-DevWeb-main/app/templates/edit.html.twig [2ms]
2024-03-20 14:31:23.225 [info] > git show --textconv :Paris-B2-DevWeb-main/app/templates/edit.html.twig [21ms]
2024-03-20 14:31:23.225 [info] > git cat-file -s f5ff281a57639daf451daf47f77cbcdb857265ef [2ms]
2024-03-20 14:31:24.379 [info] > git show --textconv :Paris-B2-DevWeb-main/app/templates/client.html.twig [14ms]
2024-03-20 14:31:24.381 [info] > git ls-files --stage -- /home/akraaam_kh/Paris-B2-DevWeb-main/app/templates/client.html.twig [9ms]
2024-03-20 14:31:24.387 [info] > git cat-file -s 3acf0285194db9dd3a45057ad4e98c8fbdaa39c2 [1ms]
2024-03-20 14:31:25.543 [info] > git config --get commit.template [2ms]
2024-03-20 14:31:25.552 [info] > git for-each-ref --format=%(refname)%00%(upstream:short)%00%(objectname)%00%(upstream:track)%00%(upstream:remotename)%00%(upstream:remoteref) refs/heads/master refs/remotes/master [1ms]
2024-03-20 14:31:25.592 [info] > git status -z -uall [32ms]
2024-03-20 14:31:25.997 [info] > git show --textconv :Paris-B2-DevWeb-main/app/templates/edit.html.twig [12ms]
2024-03-20 14:31:25.999 [info] > git ls-files --stage -- /home/akraaam_kh/Paris-B2-DevWeb-main/app/templates/edit.html.twig [4ms]
2024-03-20 14:31:26.010 [info] > git cat-file -s f5ff281a57639daf451daf47f77cbcdb857265ef [2ms]
2024-03-20 14:31:27.914 [info] > git ls-files --stage -- /home/akraaam_kh/Paris-B2-DevWeb-main/app/templates/editstd.html.twig [2ms]
2024-03-20 14:31:27.925 [info] > git show --textconv :Paris-B2-DevWeb-main/app/templates/editstd.html.twig [23ms]
2024-03-20 14:31:27.926 [info] > git cat-file -s 172c67d6cc4e8d23b4699bca943672f4d12159b1 [5ms]
2024-03-20 14:31:29.172 [info] > git show --textconv :Paris-B2-DevWeb-main/app/templates/encour.html.twig [12ms]
2024-03-20 14:31:29.173 [info] > git ls-files --stage -- /home/akraaam_kh/Paris-B2-DevWeb-main/app/templates/encour.html.twig [4ms]
2024-03-20 14:31:29.180 [info] > git cat-file -s 1351745df6e3abdfffe97ceb7d070c0d8c084582 [2ms]
2024-03-20 14:31:30.481 [info] > git show --textconv :Paris-B2-DevWeb-main/app/templates/index.html.twig [12ms]
2024-03-20 14:31:30.483 [info] > git ls-files --stage -- /home/akraaam_kh/Paris-B2-DevWeb-main/app/templates/index.html.twig [4ms]
2024-03-20 14:31:30.496 [info] > git cat-file -s ca01dcec85a5017093cba70724871df8a6777a25 [3ms]
2024-03-20 14:31:30.646 [info] > git config --get commit.template [7ms]
2024-03-20 14:31:30.664 [info] > git for-each-ref --format=%(refname)%00%(upstream:short)%00%(objectname)%00%(upstream:track)%00%(upstream:remotename)%00%(upstream:remoteref) refs/heads/master refs/remotes/master [4ms]
2024-03-20 14:31:30.706 [info] > git status -z -uall [29ms]
2024-03-20 14:31:31.668 [info] > git ls-files --stage -- /home/akraaam_kh/Paris-B2-DevWeb-main/app/templates/historique.html.twig [7ms]
2024-03-20 14:31:31.677 [info] > git show --textconv :Paris-B2-DevWeb-main/app/templates/historique.html.twig [26ms]
2024-03-20 14:31:31.680 [info] > git cat-file -s dbfc978bd56308128b64fffe8f268ae3998b91a7 [4ms]
2024-03-20 14:31:33.596 [info] > git show --textconv :Paris-B2-DevWeb-main/app/templates/index.html.twig [11ms]
2024-03-20 14:31:33.598 [info] > git ls-files --stage -- /home/akraaam_kh/Paris-B2-DevWeb-main/app/templates/index.html.twig [4ms]
2024-03-20 14:31:33.609 [info] > git cat-file -s ca01dcec85a5017093cba70724871df8a6777a25 [2ms]
2024-03-20 14:31:34.894 [info] > git ls-files --stage -- /home/akraaam_kh/Paris-B2-DevWeb-main/app/templates/intervenant.html.twig [3ms]
2024-03-20 14:31:34.906 [info] > git show --textconv :Paris-B2-DevWeb-main/app/templates/intervenant.html.twig [24ms]
2024-03-20 14:31:34.908 [info] > git cat-file -s 87ec349007dd58a8c7bbfd5cb634627b8faf82ad [5ms]
2024-03-20 14:31:35.729 [info] > git config --get commit.template [2ms]
2024-03-20 14:31:35.743 [info] > git for-each-ref --format=%(refname)%00%(upstream:short)%00%(objectname)%00%(upstream:track)%00%(upstream:remotename)%00%(upstream:remoteref) refs/heads/master refs/remotes/master [2ms]
2024-03-20 14:31:35.803 [info] > git status -z -uall [41ms]
2024-03-20 14:31:36.385 [info] > git ls-files --stage -- /home/akraaam_kh/Paris-B2-DevWeb-main/app/templates/panier.html.twig [2ms]
2024-03-20 14:31:36.400 [info] > git show --textconv :Paris-B2-DevWeb-main/app/templates/panier.html.twig [28ms]
2024-03-20 14:31:36.405 [info] > git cat-file -s 74fa2dd9b18843eaad1c5d3a6e0087b1f9e19d13 [6ms]
2024-03-20 14:31:37.988 [info] > git show --textconv :Paris-B2-DevWeb-main/app/templates/register.html.twig [9ms]
2024-03-20 14:31:37.989 [info] > git ls-files --stage -- /home/akraaam_kh/Paris-B2-DevWeb-main/app/templates/register.html.twig [3ms]
2024-03-20 14:31:37.996 [info] > git cat-file -s f68573ee9771251bce587a93a1ec21c60d9b6f6f [1ms]
2024-03-20 14:31:40.822 [info] > git config --get commit.template [2ms]
2024-03-20 14:31:40.831 [info] > git for-each-ref --format=%(refname)%00%(upstream:short)%00%(objectname)%00%(upstream:track)%00%(upstream:remotename)%00%(upstream:remoteref) refs/heads/master refs/remotes/master [2ms]
2024-03-20 14:31:40.861 [info] > git status -z -uall [23ms]
2024-03-20 14:31:45.888 [info] > git config --get commit.template [12ms]
2024-03-20 14:31:45.888 [info] > git for-each-ref --format=%(refname)%00%(upstream:short)%00%(objectname)%00%(upstream:track)%00%(upstream:remotename)%00%(upstream:remoteref) refs/heads/master refs/remotes/master [2ms]
2024-03-20 14:31:45.930 [info] > git status -z -uall [26ms]
2024-03-20 14:31:50.959 [info] > git config --get commit.template [11ms]
2024-03-20 14:31:50.961 [info] > git for-each-ref --format=%(refname)%00%(upstream:short)%00%(objectname)%00%(upstream:track)%00%(upstream:remotename)%00%(upstream:remoteref) refs/heads/master refs/remotes/master [2ms]
2024-03-20 14:31:51.001 [info] > git status -z -uall [31ms]
2024-03-20 14:31:51.024 [info] > git ls-files --stage -- /home/akraaam_kh/Paris-B2-DevWeb-main/app/templates/seeclients.html.twig [2ms]
2024-03-20 14:31:51.032 [info] > git show --textconv :Paris-B2-DevWeb-main/app/templates/seeclients.html.twig [19ms]
2024-03-20 14:31:51.034 [info] > git cat-file -s a3ee154d59597888ca80fb23de19556399c965a0 [4ms]
2024-03-20 14:31:55.254 [info] > git show --textconv :Paris-B2-DevWeb-main/app/templates/index.html.twig [11ms]
2024-03-20 14:31:55.257 [info] > git ls-files --stage -- /home/akraaam_kh/Paris-B2-DevWeb-main/app/templates/index.html.twig [4ms]
2024-03-20 14:31:55.267 [info] > git cat-file -s ca01dcec85a5017093cba70724871df8a6777a25 [2ms]
2024-03-20 14:31:56.035 [info] > git config --get commit.template [12ms]
2024-03-20 14:31:56.037 [info] > git for-each-ref --format=%(refname)%00%(upstream:short)%00%(objectname)%00%(upstream:track)%00%(upstream:remotename)%00%(upstream:remoteref) refs/heads/master refs/remotes/master [4ms]
2024-03-20 14:31:56.086 [info] > git status -z -uall [37ms]
2024-03-20 14:32:01.131 [info] > git show --textconv :Paris-B2-DevWeb-main/app/templates/seeclients.html.twig [9ms]
2024-03-20 14:32:01.134 [info] > git config --get commit.template [26ms]
2024-03-20 14:32:01.136 [info] > git ls-files --stage -- /home/akraaam_kh/Paris-B2-DevWeb-main/app/templates/seeclients.html.twig [7ms]
2024-03-20 14:32:01.158 [info] > git cat-file -s a3ee154d59597888ca80fb23de19556399c965a0 [16ms]
2024-03-20 14:32:01.159 [info] > git for-each-ref --format=%(refname)%00%(upstream:short)%00%(objectname)%00%(upstream:track)%00%(upstream:remotename)%00%(upstream:remoteref) refs/heads/master refs/remotes/master [2ms]
2024-03-20 14:32:01.201 [info] > git status -z -uall [29ms]
2024-03-20 14:32:02.329 [info] > git show --textconv :Paris-B2-DevWeb-main/app/templates/standardiste.html.twig [12ms]
2024-03-20 14:32:02.331 [info] > git ls-files --stage -- /home/akraaam_kh/Paris-B2-DevWeb-main/app/templates/standardiste.html.twig [4ms]
2024-03-20 14:32:02.343 [info] > git cat-file -s 1623f7f43ab111ab3d42d47c3321a85d87c957d4 [2ms]
2024-03-20 14:32:03.451 [info] > git show --textconv :Paris-B2-DevWeb-main/app/templates/suivies.html.twig [11ms]
2024-03-20 14:32:03.453 [info] > git ls-files --stage -- /home/akraaam_kh/Paris-B2-DevWeb-main/app/templates/suivies.html.twig [3ms]
2024-03-20 14:32:03.464 [info] > git cat-file -s e47c74f8cc51547ef0a7045a8ddae1eca9a1265f [2ms]
2024-03-20 14:32:06.232 [info] > git config --get commit.template [11ms]
2024-03-20 14:32:06.233 [info] > git for-each-ref --format=%(refname)%00%(upstream:short)%00%(objectname)%00%(upstream:track)%00%(upstream:remotename)%00%(upstream:remoteref) refs/heads/master refs/remotes/master [2ms]
2024-03-20 14:32:06.266 [info] > git status -z -uall [23ms]
2024-03-20 14:32:06.662 [info] > git show --textconv :Paris-B2-DevWeb-main/app/templates/encour.html.twig [8ms]
2024-03-20 14:32:06.665 [info] > git ls-files --stage -- /home/akraaam_kh/Paris-B2-DevWeb-main/app/templates/encour.html.twig [4ms]
2024-03-20 14:32:06.673 [info] > git cat-file -s 1351745df6e3abdfffe97ceb7d070c0d8c084582 [1ms]
2024-03-20 14:32:11.298 [info] > git config --get commit.template [13ms]
2024-03-20 14:32:11.299 [info] > git for-each-ref --format=%(refname)%00%(upstream:short)%00%(objectname)%00%(upstream:track)%00%(upstream:remotename)%00%(upstream:remoteref) refs/heads/master refs/remotes/master [3ms]
2024-03-20 14:32:11.329 [info] > git status -z -uall [20ms]
2024-03-20 14:32:16.342 [info] > git config --get commit.template [1ms]
2024-03-20 14:32:16.355 [info] > git for-each-ref --format=%(refname)%00%(upstream:short)%00%(objectname)%00%(upstream:track)%00%(upstream:remotename)%00%(upstream:remoteref) refs/heads/master refs/remotes/master [2ms]
2024-03-20 14:32:16.392 [info] > git status -z -uall [27ms]
2024-03-20 14:33:05.797 [info] > git for-each-ref --format=%(refname)%00%(upstream:short)%00%(objectname)%00%(upstream:track)%00%(upstream:remotename)%00%(upstream:remoteref) refs/heads/master refs/remotes/master [4ms]
2024-03-20 14:33:05.798 [info] > git config --get commit.template [28ms]
2024-03-20 14:33:05.830 [info] > git status -z -uall [22ms]
2024-03-20 14:33:09.159 [info] > git check-ignore -v -z --stdin [2ms]
2024-03-20 14:33:10.525 [info] > git check-ignore -v -z --stdin [3ms]
2024-03-20 14:33:10.850 [info] > git config --get commit.template [1ms]
2024-03-20 14:33:10.862 [info] > git for-each-ref --format=%(refname)%00%(upstream:short)%00%(objectname)%00%(upstream:track)%00%(upstream:remotename)%00%(upstream:remoteref) refs/heads/master refs/remotes/master [2ms]
2024-03-20 14:33:10.896 [info] > git status -z -uall [24ms]
2024-03-20 14:33:14.281 [info] > git show --textconv :Paris-B2-DevWeb-main/app/templates/add.html.twig [14ms]
2024-03-20 14:33:14.283 [info] > git ls-files --stage -- /home/akraaam_kh/Paris-B2-DevWeb-main/app/templates/add.html.twig [4ms]
2024-03-20 14:33:14.296 [info] > git cat-file -s 4332c04345bb4d5c8ab00481bbc07c324ece4670 [1ms]
2024-03-20 14:33:15.916 [info] > git config --get commit.template [2ms]
2024-03-20 14:33:15.925 [info] > git for-each-ref --format=%(refname)%00%(upstream:short)%00%(objectname)%00%(upstream:track)%00%(upstream:remotename)%00%(upstream:remoteref) refs/heads/master refs/remotes/master [2ms]
2024-03-20 14:33:15.959 [info] > git status -z -uall [27ms]
2024-03-20 14:33:18.177 [info] > git check-ignore -v -z --stdin [3ms]
2024-03-20 14:33:19.209 [info] > git show --textconv :Paris-B2-DevWeb-main/app/public/add.php [11ms]
2024-03-20 14:33:19.214 [info] > git ls-files --stage -- /home/akraaam_kh/Paris-B2-DevWeb-main/app/public/add.php [7ms]
2024-03-20 14:33:19.225 [info] > git cat-file -s d1cda9676ed2aa52214004a35379fd0901edcd6e [3ms]
2024-03-20 14:33:20.988 [info] > git config --get commit.template [9ms]
2024-03-20 14:33:20.988 [info] > git for-each-ref --format=%(refname)%00%(upstream:short)%00%(objectname)%00%(upstream:track)%00%(upstream:remotename)%00%(upstream:remoteref) refs/heads/master refs/remotes/master [2ms]
2024-03-20 14:33:21.032 [info] > git status -z -uall [35ms]
2024-03-20 14:33:26.049 [info] > git config --get commit.template [2ms]
2024-03-20 14:33:26.061 [info] > git for-each-ref --format=%(refname)%00%(upstream:short)%00%(objectname)%00%(upstream:track)%00%(upstream:remotename)%00%(upstream:remoteref) refs/heads/master refs/remotes/master [2ms]
2024-03-20 14:33:26.094 [info] > git status -z -uall [22ms]
2024-03-20 14:33:27.999 [info] > git show --textconv :Paris-B2-DevWeb-main/app/public/addstd.php [12ms]
2024-03-20 14:33:28.001 [info] > git ls-files --stage -- /home/akraaam_kh/Paris-B2-DevWeb-main/app/public/addstd.php [3ms]
2024-03-20 14:33:28.010 [info] > git cat-file -s 854fefc59c4c88e8c12a1cbfde0b2775607a8029 [1ms]
2024-03-20 14:41:37.263 [info] > git config --get commit.template [15ms]
2024-03-20 14:41:37.264 [info] > git for-each-ref --format=%(refname)%00%(upstream:short)%00%(objectname)%00%(upstream:track)%00%(upstream:remotename)%00%(upstream:remoteref) refs/heads/master refs/remotes/master [4ms]
2024-03-20 14:41:37.314 [info] > git status -z -uall [39ms]
2024-03-20 14:50:49.562 [info] > git config --get commit.template [13ms]
2024-03-20 14:50:49.563 [info] > git for-each-ref --format=%(refname)%00%(upstream:short)%00%(objectname)%00%(upstream:track)%00%(upstream:remotename)%00%(upstream:remoteref) refs/heads/master refs/remotes/master [3ms]
2024-03-20 14:50:49.601 [info] > git status -z -uall [29ms]
2024-03-20 14:50:54.644 [info] > git for-each-ref --format=%(refname)%00%(upstream:short)%00%(objectname)%00%(upstream:track)%00%(upstream:remotename)%00%(upstream:remoteref) refs/heads/master refs/remotes/master [6ms]
2024-03-20 14:50:54.645 [info] > git config --get commit.template [28ms]
2024-03-20 14:50:54.736 [info] > git status -z -uall [72ms]
2024-03-20 14:57:01.376 [info] > git config --get commit.template [12ms]
2024-03-20 14:57:01.376 [info] > git for-each-ref --format=%(refname)%00%(upstream:short)%00%(objectname)%00%(upstream:track)%00%(upstream:remotename)%00%(upstream:remoteref) refs/heads/master refs/remotes/master [2ms]
2024-03-20 14:57:01.442 [info] > git status -z -uall [56ms]
