2024-02-16 23:38:41.682 [info] Log level: Info
2024-02-16 23:38:41.682 [info] Validating found git in: "git"
2024-02-16 23:38:41.682 [info] Using git "2.34.1" from "git"
2024-02-16 23:38:41.682 [info] > git rev-parse --show-toplevel [468ms]
2024-02-16 23:38:41.682 [info] > git rev-parse --git-dir --git-common-dir [176ms]
2024-02-16 23:38:41.682 [info] Open repository: /home/akraaam_kh
2024-02-16 23:38:41.765 [info] > git rev-parse --show-toplevel [28ms]
2024-02-16 23:38:41.768 [info] > git config --get commit.template [58ms]
2024-02-16 23:38:41.905 [info] > git rev-parse --show-toplevel [105ms]
2024-02-16 23:38:41.970 [info] > git rev-parse --show-toplevel [13ms]
2024-02-16 23:38:42.025 [info] > git rev-parse --show-toplevel [17ms]
2024-02-16 23:38:42.064 [info] > git for-each-ref --format=%(refname)%00%(upstream:short)%00%(objectname)%00%(upstream:track)%00%(upstream:remotename)%00%(upstream:remoteref) refs/heads/master refs/remotes/master [171ms]
2024-02-16 23:38:42.078 [info] > git rev-parse --show-toplevel [26ms]
2024-02-16 23:38:42.139 [info] > git rev-parse --show-toplevel [42ms]
2024-02-16 23:38:42.379 [info] > git show --textconv :Paris-B2-DevWeb-main/app/public/style.css [178ms]
2024-02-16 23:38:42.380 [info] > git ls-files --stage -- /home/akraaam_kh/Paris-B2-DevWeb-main/app/public/style.css [131ms]
2024-02-16 23:38:42.395 [info] > git cat-file -s 6c8c148616feb18931ba451a0829f44d419115e9 [4ms]
2024-02-16 23:38:42.425 [info] > git status -z -uall [289ms]
2024-02-16 23:38:48.781 [info] > git check-ignore -v -z --stdin [90ms]
2024-02-16 23:38:48.793 [info] > git config --get commit.template [89ms]
2024-02-16 23:38:48.812 [info] > git for-each-ref --format=%(refname)%00%(upstream:short)%00%(objectname)%00%(upstream:track)%00%(upstream:remotename)%00%(upstream:remoteref) refs/heads/master refs/remotes/master [3ms]
2024-02-16 23:38:48.978 [info] > git status -z -uall [146ms]
2024-02-16 23:38:49.884 [info] > git check-ignore -v -z --stdin [59ms]
2024-02-16 23:38:51.124 [info] > git config --get commit.template [85ms]
2024-02-16 23:38:51.128 [info] > git for-each-ref --format=%(refname)%00%(upstream:short)%00%(objectname)%00%(upstream:track)%00%(upstream:remotename)%00%(upstream:remoteref) refs/heads/master refs/remotes/master [21ms]
2024-02-16 23:38:51.241 [info] > git status -z -uall [85ms]
2024-02-16 23:38:56.643 [info] > git config --get commit.template [63ms]
2024-02-16 23:38:56.645 [info] > git for-each-ref --format=%(refname)%00%(upstream:short)%00%(objectname)%00%(upstream:track)%00%(upstream:remotename)%00%(upstream:remoteref) refs/heads/master refs/remotes/master [6ms]
2024-02-16 23:38:56.733 [info] > git status -z -uall [48ms]
2024-02-16 23:38:57.823 [info] > git check-ignore -v -z --stdin [98ms]
2024-02-16 23:38:58.245 [info] > git check-ignore -v -z --stdin [1ms]
2024-02-16 23:39:02.049 [info] > git config --get commit.template [2ms]
2024-02-16 23:39:02.062 [info] > git for-each-ref --format=%(refname)%00%(upstream:short)%00%(objectname)%00%(upstream:track)%00%(upstream:remotename)%00%(upstream:remoteref) refs/heads/master refs/remotes/master [3ms]
2024-02-16 23:39:02.105 [info] > git status -z -uall [31ms]
2024-02-16 23:39:04.909 [info] > git check-ignore -v -z --stdin [2ms]
2024-02-16 23:39:07.220 [info] > git config --get commit.template [3ms]
2024-02-16 23:39:07.240 [info] > git for-each-ref --format=%(refname)%00%(upstream:short)%00%(objectname)%00%(upstream:track)%00%(upstream:remotename)%00%(upstream:remoteref) refs/heads/master refs/remotes/master [5ms]
2024-02-16 23:39:07.435 [info] > git status -z -uall [163ms]
2024-02-16 23:39:08.586 [info] > git check-ignore -v -z --stdin [18ms]
2024-02-16 23:39:12.618 [info] > git config --get commit.template [16ms]
2024-02-16 23:39:12.619 [info] > git for-each-ref --format=%(refname)%00%(upstream:short)%00%(objectname)%00%(upstream:track)%00%(upstream:remotename)%00%(upstream:remoteref) refs/heads/master refs/remotes/master [4ms]
2024-02-16 23:39:12.671 [info] > git status -z -uall [29ms]
2024-02-16 23:39:14.337 [info] > git show --textconv :Paris-B2-DevWeb-main/app/templates/base_auth.html.twig [15ms]
2024-02-16 23:39:14.342 [info] > git ls-files --stage -- /home/akraaam_kh/Paris-B2-DevWeb-main/app/templates/base_auth.html.twig [6ms]
2024-02-16 23:39:14.362 [info] > git cat-file -s 78dea3593d9149d99e9fd17cb3111ac3779e9310 [3ms]
2024-02-16 23:39:18.174 [info] > git config --get commit.template [3ms]
2024-02-16 23:39:18.187 [info] > git for-each-ref --format=%(refname)%00%(upstream:short)%00%(objectname)%00%(upstream:track)%00%(upstream:remotename)%00%(upstream:remoteref) refs/heads/master refs/remotes/master [2ms]
2024-02-16 23:39:18.276 [info] > git status -z -uall [42ms]
2024-02-16 23:39:19.323 [info] > git check-ignore -v -z --stdin [5ms]
2024-02-16 23:39:22.952 [info] > git show --textconv :Paris-B2-DevWeb-main/app/classes/Page.php [19ms]
2024-02-16 23:39:22.955 [info] > git ls-files --stage -- /home/akraaam_kh/Paris-B2-DevWeb-main/app/classes/Page.php [4ms]
2024-02-16 23:39:22.971 [info] > git cat-file -s 30da19da8aec2ef37c39de2caaa5d4d167a745f1 [4ms]
2024-02-16 23:39:23.444 [info] > git config --get commit.template [18ms]
2024-02-16 23:39:23.445 [info] > git for-each-ref --format=%(refname)%00%(upstream:short)%00%(objectname)%00%(upstream:track)%00%(upstream:remotename)%00%(upstream:remoteref) refs/heads/master refs/remotes/master [4ms]
2024-02-16 23:39:23.474 [info] > git status -z -uall [18ms]
2024-02-16 23:39:28.575 [info] > git config --get commit.template [1ms]
2024-02-16 23:39:28.588 [info] > git for-each-ref --format=%(refname)%00%(upstream:short)%00%(objectname)%00%(upstream:track)%00%(upstream:remotename)%00%(upstream:remoteref) refs/heads/master refs/remotes/master [2ms]
2024-02-16 23:39:28.631 [info] > git status -z -uall [31ms]
2024-02-16 23:39:33.752 [info] > git config --get commit.template [3ms]
2024-02-16 23:39:33.768 [info] > git for-each-ref --format=%(refname)%00%(upstream:short)%00%(objectname)%00%(upstream:track)%00%(upstream:remotename)%00%(upstream:remoteref) refs/heads/master refs/remotes/master [2ms]
2024-02-16 23:39:33.811 [info] > git status -z -uall [32ms]
2024-02-16 23:39:38.918 [info] > git config --get commit.template [12ms]
2024-02-16 23:39:38.919 [info] > git for-each-ref --format=%(refname)%00%(upstream:short)%00%(objectname)%00%(upstream:track)%00%(upstream:remotename)%00%(upstream:remoteref) refs/heads/master refs/remotes/master [3ms]
2024-02-16 23:39:38.960 [info] > git status -z -uall [29ms]
2024-02-16 23:39:39.824 [info] > git show --textconv :Paris-B2-DevWeb-main/app/classes/Repo.php [20ms]
2024-02-16 23:39:39.831 [info] > git ls-files --stage -- /home/akraaam_kh/Paris-B2-DevWeb-main/app/classes/Repo.php [8ms]
2024-02-16 23:39:39.850 [info] > git cat-file -s d64dfbb16c69e2fdf063f634118954f8c2f5ce52 [3ms]
2024-02-16 23:39:40.775 [info] > git show --textconv :Paris-B2-DevWeb-main/app/classes/RepoUser.php [12ms]
2024-02-16 23:39:40.779 [info] > git ls-files --stage -- /home/akraaam_kh/Paris-B2-DevWeb-main/app/classes/RepoUser.php [6ms]
2024-02-16 23:39:40.792 [info] > git cat-file -s 17ad86c1880bf54955d0caadfecb6717b0547136 [2ms]
2024-02-16 23:39:44.110 [info] > git config --get commit.template [2ms]
2024-02-16 23:39:44.119 [info] > git for-each-ref --format=%(refname)%00%(upstream:short)%00%(objectname)%00%(upstream:track)%00%(upstream:remotename)%00%(upstream:remoteref) refs/heads/master refs/remotes/master [1ms]
2024-02-16 23:39:44.146 [info] > git status -z -uall [18ms]
2024-02-16 23:39:49.260 [info] > git config --get commit.template [11ms]
2024-02-16 23:39:49.261 [info] > git for-each-ref --format=%(refname)%00%(upstream:short)%00%(objectname)%00%(upstream:track)%00%(upstream:remotename)%00%(upstream:remoteref) refs/heads/master refs/remotes/master [2ms]
2024-02-16 23:39:49.286 [info] > git status -z -uall [17ms]
2024-02-16 23:39:54.450 [info] > git config --get commit.template [13ms]
2024-02-16 23:39:54.452 [info] > git for-each-ref --format=%(refname)%00%(upstream:short)%00%(objectname)%00%(upstream:track)%00%(upstream:remotename)%00%(upstream:remoteref) refs/heads/master refs/remotes/master [3ms]
2024-02-16 23:39:54.492 [info] > git status -z -uall [30ms]
2024-02-16 23:39:59.613 [info] > git config --get commit.template [2ms]
2024-02-16 23:39:59.631 [info] > git for-each-ref --format=%(refname)%00%(upstream:short)%00%(objectname)%00%(upstream:track)%00%(upstream:remotename)%00%(upstream:remoteref) refs/heads/master refs/remotes/master [4ms]
2024-02-16 23:39:59.694 [info] > git status -z -uall [44ms]
2024-02-16 23:40:04.926 [info] > git config --get commit.template [13ms]
2024-02-16 23:40:04.927 [info] > git for-each-ref --format=%(refname)%00%(upstream:short)%00%(objectname)%00%(upstream:track)%00%(upstream:remotename)%00%(upstream:remoteref) refs/heads/master refs/remotes/master [2ms]
2024-02-16 23:40:04.953 [info] > git status -z -uall [17ms]
2024-02-16 23:40:10.054 [info] > git config --get commit.template [2ms]
2024-02-16 23:40:10.067 [info] > git for-each-ref --format=%(refname)%00%(upstream:short)%00%(objectname)%00%(upstream:track)%00%(upstream:remotename)%00%(upstream:remoteref) refs/heads/master refs/remotes/master [2ms]
2024-02-16 23:40:10.107 [info] > git status -z -uall [28ms]
2024-02-16 23:40:10.803 [info] > git show --textconv :Paris-B2-DevWeb-main/app/public/register.php [11ms]
2024-02-16 23:40:10.806 [info] > git ls-files --stage -- /home/akraaam_kh/Paris-B2-DevWeb-main/app/public/register.php [5ms]
2024-02-16 23:40:10.817 [info] > git cat-file -s f1e7b5c3f6c694cde31087af5ce6e1a1425145c9 [1ms]
2024-02-16 23:40:15.277 [info] > git config --get commit.template [16ms]
2024-02-16 23:40:15.278 [info] > git for-each-ref --format=%(refname)%00%(upstream:short)%00%(objectname)%00%(upstream:track)%00%(upstream:remotename)%00%(upstream:remoteref) refs/heads/master refs/remotes/master [3ms]
2024-02-16 23:40:15.323 [info] > git status -z -uall [31ms]
2024-02-16 23:40:20.508 [info] > git config --get commit.template [17ms]
2024-02-16 23:40:20.511 [info] > git for-each-ref --format=%(refname)%00%(upstream:short)%00%(objectname)%00%(upstream:track)%00%(upstream:remotename)%00%(upstream:remoteref) refs/heads/master refs/remotes/master [4ms]
2024-02-16 23:40:20.568 [info] > git status -z -uall [41ms]
2024-02-16 23:40:25.708 [info] > git config --get commit.template [2ms]
2024-02-16 23:40:25.724 [info] > git for-each-ref --format=%(refname)%00%(upstream:short)%00%(objectname)%00%(upstream:track)%00%(upstream:remotename)%00%(upstream:remoteref) refs/heads/master refs/remotes/master [3ms]
2024-02-16 23:40:25.770 [info] > git status -z -uall [30ms]
2024-02-16 23:40:31.354 [info] > git config --get commit.template [12ms]
2024-02-16 23:40:31.356 [info] > git for-each-ref --format=%(refname)%00%(upstream:short)%00%(objectname)%00%(upstream:track)%00%(upstream:remotename)%00%(upstream:remoteref) refs/heads/master refs/remotes/master [5ms]
2024-02-16 23:40:31.389 [info] > git status -z -uall [23ms]
2024-02-16 23:40:43.361 [info] > git config --get commit.template [4ms]
2024-02-16 23:40:43.371 [info] > git for-each-ref --format=%(refname)%00%(upstream:short)%00%(objectname)%00%(upstream:track)%00%(upstream:remotename)%00%(upstream:remoteref) refs/heads/master refs/remotes/master [1ms]
2024-02-16 23:40:43.398 [info] > git status -z -uall [19ms]
2024-02-16 23:40:48.507 [info] > git config --get commit.template [18ms]
2024-02-16 23:40:48.509 [info] > git for-each-ref --format=%(refname)%00%(upstream:short)%00%(objectname)%00%(upstream:track)%00%(upstream:remotename)%00%(upstream:remoteref) refs/heads/master refs/remotes/master [4ms]
2024-02-16 23:40:48.567 [info] > git status -z -uall [42ms]
2024-02-16 23:40:54.494 [info] > git config --get commit.template [17ms]
2024-02-16 23:40:54.495 [info] > git for-each-ref --format=%(refname)%00%(upstream:short)%00%(objectname)%00%(upstream:track)%00%(upstream:remotename)%00%(upstream:remoteref) refs/heads/master refs/remotes/master [2ms]
2024-02-16 23:40:54.525 [info] > git status -z -uall [21ms]
2024-02-16 23:40:59.662 [info] > git config --get commit.template [3ms]
2024-02-16 23:40:59.686 [info] > git for-each-ref --format=%(refname)%00%(upstream:short)%00%(objectname)%00%(upstream:track)%00%(upstream:remotename)%00%(upstream:remoteref) refs/heads/master refs/remotes/master [6ms]
2024-02-16 23:40:59.739 [info] > git status -z -uall [38ms]
2024-02-16 23:41:04.872 [info] > git config --get commit.template [20ms]
2024-02-16 23:41:04.875 [info] > git for-each-ref --format=%(refname)%00%(upstream:short)%00%(objectname)%00%(upstream:track)%00%(upstream:remotename)%00%(upstream:remoteref) refs/heads/master refs/remotes/master [5ms]
2024-02-16 23:41:04.936 [info] > git status -z -uall [46ms]
2024-02-16 23:41:10.052 [info] > git config --get commit.template [19ms]
2024-02-16 23:41:10.056 [info] > git for-each-ref --format=%(refname)%00%(upstream:short)%00%(objectname)%00%(upstream:track)%00%(upstream:remotename)%00%(upstream:remoteref) refs/heads/master refs/remotes/master [6ms]
2024-02-16 23:41:10.101 [info] > git status -z -uall [29ms]
2024-02-16 23:41:15.253 [info] > git config --get commit.template [28ms]
2024-02-16 23:41:15.255 [info] > git for-each-ref --format=%(refname)%00%(upstream:short)%00%(objectname)%00%(upstream:track)%00%(upstream:remotename)%00%(upstream:remoteref) refs/heads/master refs/remotes/master [3ms]
2024-02-16 23:41:15.313 [info] > git status -z -uall [43ms]
2024-02-16 23:41:20.518 [info] > git config --get commit.template [13ms]
2024-02-16 23:41:20.518 [info] > git for-each-ref --format=%(refname)%00%(upstream:short)%00%(objectname)%00%(upstream:track)%00%(upstream:remotename)%00%(upstream:remoteref) refs/heads/master refs/remotes/master [3ms]
2024-02-16 23:41:20.549 [info] > git status -z -uall [20ms]
2024-02-16 23:41:25.644 [info] > git config --get commit.template [10ms]
2024-02-16 23:41:25.645 [info] > git for-each-ref --format=%(refname)%00%(upstream:short)%00%(objectname)%00%(upstream:track)%00%(upstream:remotename)%00%(upstream:remoteref) refs/heads/master refs/remotes/master [2ms]
2024-02-16 23:41:25.668 [info] > git status -z -uall [15ms]
2024-02-16 23:41:30.765 [info] > git config --get commit.template [2ms]
2024-02-16 23:41:30.777 [info] > git for-each-ref --format=%(refname)%00%(upstream:short)%00%(objectname)%00%(upstream:track)%00%(upstream:remotename)%00%(upstream:remoteref) refs/heads/master refs/remotes/master [2ms]
2024-02-16 23:41:30.808 [info] > git status -z -uall [23ms]
2024-02-16 23:41:35.907 [info] > git config --get commit.template [2ms]
2024-02-16 23:41:35.923 [info] > git for-each-ref --format=%(refname)%00%(upstream:short)%00%(objectname)%00%(upstream:track)%00%(upstream:remotename)%00%(upstream:remoteref) refs/heads/master refs/remotes/master [2ms]
2024-02-16 23:41:35.970 [info] > git status -z -uall [30ms]
2024-02-16 23:41:45.454 [info] > git config --get commit.template [2ms]
2024-02-16 23:41:45.468 [info] > git for-each-ref --format=%(refname)%00%(upstream:short)%00%(objectname)%00%(upstream:track)%00%(upstream:remotename)%00%(upstream:remoteref) refs/heads/master refs/remotes/master [2ms]
2024-02-16 23:41:45.501 [info] > git status -z -uall [23ms]
2024-02-16 23:41:50.620 [info] > git config --get commit.template [15ms]
2024-02-16 23:41:50.621 [info] > git for-each-ref --format=%(refname)%00%(upstream:short)%00%(objectname)%00%(upstream:track)%00%(upstream:remotename)%00%(upstream:remoteref) refs/heads/master refs/remotes/master [2ms]
2024-02-16 23:41:50.649 [info] > git status -z -uall [17ms]
2024-02-16 23:41:55.764 [info] > git config --get commit.template [15ms]
2024-02-16 23:41:55.766 [info] > git for-each-ref --format=%(refname)%00%(upstream:short)%00%(objectname)%00%(upstream:track)%00%(upstream:remotename)%00%(upstream:remoteref) refs/heads/master refs/remotes/master [2ms]
2024-02-16 23:41:55.805 [info] > git status -z -uall [26ms]
2024-02-16 23:42:00.952 [info] > git config --get commit.template [16ms]
2024-02-16 23:42:00.954 [info] > git for-each-ref --format=%(refname)%00%(upstream:short)%00%(objectname)%00%(upstream:track)%00%(upstream:remotename)%00%(upstream:remoteref) refs/heads/master refs/remotes/master [4ms]
2024-02-16 23:42:01.006 [info] > git status -z -uall [36ms]
2024-02-16 23:42:03.731 [info] > git show --textconv :Paris-B2-DevWeb-main/app/classes/RepoUser.php [16ms]
2024-02-16 23:42:03.734 [info] > git ls-files --stage -- /home/akraaam_kh/Paris-B2-DevWeb-main/app/classes/RepoUser.php [5ms]
2024-02-16 23:42:03.752 [info] > git cat-file -s 17ad86c1880bf54955d0caadfecb6717b0547136 [2ms]
2024-02-16 23:42:06.167 [info] > git config --get commit.template [2ms]
2024-02-16 23:42:06.182 [info] > git for-each-ref --format=%(refname)%00%(upstream:short)%00%(objectname)%00%(upstream:track)%00%(upstream:remotename)%00%(upstream:remoteref) refs/heads/master refs/remotes/master [2ms]
2024-02-16 23:42:06.216 [info] > git status -z -uall [23ms]
2024-02-16 23:42:06.931 [info] > git show --textconv :Paris-B2-DevWeb-main/app/public/register.php [12ms]
2024-02-16 23:42:06.932 [info] > git ls-files --stage -- /home/akraaam_kh/Paris-B2-DevWeb-main/app/public/register.php [3ms]
2024-02-16 23:42:06.942 [info] > git cat-file -s f1e7b5c3f6c694cde31087af5ce6e1a1425145c9 [2ms]
2024-02-16 23:42:11.366 [info] > git config --get commit.template [16ms]
2024-02-16 23:42:11.368 [info] > git for-each-ref --format=%(refname)%00%(upstream:short)%00%(objectname)%00%(upstream:track)%00%(upstream:remotename)%00%(upstream:remoteref) refs/heads/master refs/remotes/master [2ms]
2024-02-16 23:42:11.416 [info] > git status -z -uall [35ms]
2024-02-16 23:42:16.576 [info] > git config --get commit.template [16ms]
2024-02-16 23:42:16.578 [info] > git for-each-ref --format=%(refname)%00%(upstream:short)%00%(objectname)%00%(upstream:track)%00%(upstream:remotename)%00%(upstream:remoteref) refs/heads/master refs/remotes/master [3ms]
2024-02-16 23:42:16.617 [info] > git status -z -uall [26ms]
2024-02-16 23:42:30.197 [info] > git config --get commit.template [18ms]
2024-02-16 23:42:30.198 [info] > git for-each-ref --format=%(refname)%00%(upstream:short)%00%(objectname)%00%(upstream:track)%00%(upstream:remotename)%00%(upstream:remoteref) refs/heads/master refs/remotes/master [4ms]
2024-02-16 23:42:30.253 [info] > git status -z -uall [39ms]
2024-02-16 23:42:38.198 [info] > git config --get commit.template [11ms]
2024-02-16 23:42:38.198 [info] > git for-each-ref --format=%(refname)%00%(upstream:short)%00%(objectname)%00%(upstream:track)%00%(upstream:remotename)%00%(upstream:remoteref) refs/heads/master refs/remotes/master [1ms]
2024-02-16 23:42:38.221 [info] > git status -z -uall [15ms]
2024-02-16 23:42:45.206 [info] > git config --get commit.template [18ms]
2024-02-16 23:42:45.208 [info] > git for-each-ref --format=%(refname)%00%(upstream:short)%00%(objectname)%00%(upstream:track)%00%(upstream:remotename)%00%(upstream:remoteref) refs/heads/master refs/remotes/master [7ms]
2024-02-16 23:42:45.272 [info] > git status -z -uall [33ms]
2024-02-16 23:42:50.404 [info] > git config --get commit.template [2ms]
2024-02-16 23:42:50.416 [info] > git for-each-ref --format=%(refname)%00%(upstream:short)%00%(objectname)%00%(upstream:track)%00%(upstream:remotename)%00%(upstream:remoteref) refs/heads/master refs/remotes/master [2ms]
2024-02-16 23:42:50.455 [info] > git status -z -uall [26ms]
2024-02-16 23:42:55.581 [info] > git config --get commit.template [2ms]
2024-02-16 23:42:55.594 [info] > git for-each-ref --format=%(refname)%00%(upstream:short)%00%(objectname)%00%(upstream:track)%00%(upstream:remotename)%00%(upstream:remoteref) refs/heads/master refs/remotes/master [2ms]
2024-02-16 23:42:55.621 [info] > git status -z -uall [19ms]
2024-02-16 23:43:00.729 [info] > git config --get commit.template [1ms]
2024-02-16 23:43:00.740 [info] > git for-each-ref --format=%(refname)%00%(upstream:short)%00%(objectname)%00%(upstream:track)%00%(upstream:remotename)%00%(upstream:remoteref) refs/heads/master refs/remotes/master [2ms]
2024-02-16 23:43:00.764 [info] > git status -z -uall [17ms]
2024-02-16 23:43:10.315 [info] > git config --get commit.template [4ms]
2024-02-16 23:43:10.334 [info] > git for-each-ref --format=%(refname)%00%(upstream:short)%00%(objectname)%00%(upstream:track)%00%(upstream:remotename)%00%(upstream:remoteref) refs/heads/master refs/remotes/master [4ms]
2024-02-16 23:43:10.394 [info] > git status -z -uall [43ms]
2024-02-16 23:43:15.527 [info] > git config --get commit.template [8ms]
2024-02-16 23:43:15.527 [info] > git for-each-ref --format=%(refname)%00%(upstream:short)%00%(objectname)%00%(upstream:track)%00%(upstream:remotename)%00%(upstream:remoteref) refs/heads/master refs/remotes/master [1ms]
2024-02-16 23:43:15.555 [info] > git status -z -uall [18ms]
2024-02-16 23:43:20.691 [info] > git config --get commit.template [15ms]
2024-02-16 23:43:20.693 [info] > git for-each-ref --format=%(refname)%00%(upstream:short)%00%(objectname)%00%(upstream:track)%00%(upstream:remotename)%00%(upstream:remoteref) refs/heads/master refs/remotes/master [3ms]
2024-02-16 23:43:20.720 [info] > git status -z -uall [19ms]
2024-02-16 23:43:25.806 [info] > git config --get commit.template [14ms]
2024-02-16 23:43:25.808 [info] > git for-each-ref --format=%(refname)%00%(upstream:short)%00%(objectname)%00%(upstream:track)%00%(upstream:remotename)%00%(upstream:remoteref) refs/heads/master refs/remotes/master [3ms]
2024-02-16 23:43:25.839 [info] > git status -z -uall [20ms]
2024-02-16 23:43:31.007 [info] > git config --get commit.template [15ms]
2024-02-16 23:43:31.008 [info] > git for-each-ref --format=%(refname)%00%(upstream:short)%00%(objectname)%00%(upstream:track)%00%(upstream:remotename)%00%(upstream:remoteref) refs/heads/master refs/remotes/master [2ms]
2024-02-16 23:43:31.047 [info] > git status -z -uall [25ms]
2024-02-16 23:43:36.622 [info] > git config --get commit.template [20ms]
2024-02-16 23:43:36.623 [info] > git for-each-ref --format=%(refname)%00%(upstream:short)%00%(objectname)%00%(upstream:track)%00%(upstream:remotename)%00%(upstream:remoteref) refs/heads/master refs/remotes/master [8ms]
2024-02-16 23:43:36.667 [info] > git status -z -uall [30ms]
2024-02-16 23:43:41.813 [info] > git config --get commit.template [13ms]
2024-02-16 23:43:41.814 [info] > git for-each-ref --format=%(refname)%00%(upstream:short)%00%(objectname)%00%(upstream:track)%00%(upstream:remotename)%00%(upstream:remoteref) refs/heads/master refs/remotes/master [3ms]
2024-02-16 23:43:41.850 [info] > git status -z -uall [20ms]
2024-02-16 23:43:46.957 [info] > git config --get commit.template [13ms]
2024-02-16 23:43:46.958 [info] > git for-each-ref --format=%(refname)%00%(upstream:short)%00%(objectname)%00%(upstream:track)%00%(upstream:remotename)%00%(upstream:remoteref) refs/heads/master refs/remotes/master [2ms]
2024-02-16 23:43:46.987 [info] > git status -z -uall [19ms]
2024-02-16 23:43:52.111 [info] > git config --get commit.template [9ms]
2024-02-16 23:43:52.112 [info] > git for-each-ref --format=%(refname)%00%(upstream:short)%00%(objectname)%00%(upstream:track)%00%(upstream:remotename)%00%(upstream:remoteref) refs/heads/master refs/remotes/master [1ms]
2024-02-16 23:43:52.136 [info] > git status -z -uall [17ms]
2024-02-16 23:44:24.032 [info] > git config --get commit.template [29ms]
2024-02-16 23:44:24.034 [info] > git for-each-ref --format=%(refname)%00%(upstream:short)%00%(objectname)%00%(upstream:track)%00%(upstream:remotename)%00%(upstream:remoteref) refs/heads/master refs/remotes/master [3ms]
2024-02-16 23:44:24.094 [info] > git status -z -uall [45ms]
2024-02-16 23:44:29.426 [info] > git config --get commit.template [18ms]
2024-02-16 23:44:29.427 [info] > git for-each-ref --format=%(refname)%00%(upstream:short)%00%(objectname)%00%(upstream:track)%00%(upstream:remotename)%00%(upstream:remoteref) refs/heads/master refs/remotes/master [4ms]
2024-02-16 23:44:29.493 [info] > git status -z -uall [37ms]
2024-02-16 23:44:34.612 [info] > git config --get commit.template [15ms]
2024-02-16 23:44:34.615 [info] > git for-each-ref --format=%(refname)%00%(upstream:short)%00%(objectname)%00%(upstream:track)%00%(upstream:remotename)%00%(upstream:remoteref) refs/heads/master refs/remotes/master [5ms]
2024-02-16 23:44:34.680 [info] > git status -z -uall [50ms]
2024-02-16 23:44:38.233 [info] > git show --textconv :Paris-B2-DevWeb-main/app/public/register.php [22ms]
2024-02-16 23:44:38.242 [info] > git ls-files --stage -- /home/akraaam_kh/Paris-B2-DevWeb-main/app/public/register.php [6ms]
2024-02-16 23:44:38.265 [info] > git cat-file -s f1e7b5c3f6c694cde31087af5ce6e1a1425145c9 [2ms]
2024-02-16 23:44:39.849 [info] > git config --get commit.template [10ms]
2024-02-16 23:44:39.850 [info] > git for-each-ref --format=%(refname)%00%(upstream:short)%00%(objectname)%00%(upstream:track)%00%(upstream:remotename)%00%(upstream:remoteref) refs/heads/master refs/remotes/master [2ms]
2024-02-16 23:44:39.957 [info] > git status -z -uall [95ms]
2024-02-16 23:44:44.216 [info] > git show --textconv :Paris-B2-DevWeb-main/app/public/register.php [21ms]
2024-02-16 23:44:44.222 [info] > git ls-files --stage -- /home/akraaam_kh/Paris-B2-DevWeb-main/app/public/register.php [7ms]
2024-02-16 23:44:44.241 [info] > git cat-file -s f1e7b5c3f6c694cde31087af5ce6e1a1425145c9 [3ms]
2024-02-16 23:44:45.080 [info] > git config --get commit.template [10ms]
2024-02-16 23:44:45.081 [info] > git for-each-ref --format=%(refname)%00%(upstream:short)%00%(objectname)%00%(upstream:track)%00%(upstream:remotename)%00%(upstream:remoteref) refs/heads/master refs/remotes/master [1ms]
2024-02-16 23:44:45.144 [info] > git status -z -uall [46ms]
2024-02-16 23:44:49.705 [info] > git show --textconv :Paris-B2-DevWeb-main/app/public/register.php [21ms]
2024-02-16 23:44:49.708 [info] > git ls-files --stage -- /home/akraaam_kh/Paris-B2-DevWeb-main/app/public/register.php [7ms]
2024-02-16 23:44:49.725 [info] > git cat-file -s f1e7b5c3f6c694cde31087af5ce6e1a1425145c9 [3ms]
2024-02-16 23:44:50.306 [info] > git config --get commit.template [1ms]
2024-02-16 23:44:50.315 [info] > git for-each-ref --format=%(refname)%00%(upstream:short)%00%(objectname)%00%(upstream:track)%00%(upstream:remotename)%00%(upstream:remoteref) refs/heads/master refs/remotes/master [2ms]
2024-02-16 23:44:50.355 [info] > git status -z -uall [26ms]
2024-02-16 23:44:55.481 [info] > git config --get commit.template [15ms]
2024-02-16 23:44:55.483 [info] > git for-each-ref --format=%(refname)%00%(upstream:short)%00%(objectname)%00%(upstream:track)%00%(upstream:remotename)%00%(upstream:remoteref) refs/heads/master refs/remotes/master [3ms]
2024-02-16 23:44:55.574 [info] > git status -z -uall [75ms]
2024-02-16 23:44:55.574 [info] > git show --textconv :Paris-B2-DevWeb-main/app/public/register.php [19ms]
2024-02-16 23:44:56.217 [info] > git ls-files --stage -- /home/akraaam_kh/Paris-B2-DevWeb-main/app/public/register.php [645ms]
2024-02-16 23:44:56.231 [info] > git cat-file -s f1e7b5c3f6c694cde31087af5ce6e1a1425145c9 [4ms]
2024-02-16 23:45:00.811 [info] > git config --get commit.template [14ms]
2024-02-16 23:45:00.811 [info] > git for-each-ref --format=%(refname)%00%(upstream:short)%00%(objectname)%00%(upstream:track)%00%(upstream:remotename)%00%(upstream:remoteref) refs/heads/master refs/remotes/master [2ms]
2024-02-16 23:45:00.867 [info] > git status -z -uall [44ms]
2024-02-16 23:46:20.852 [info] > git config --get commit.template [17ms]
2024-02-16 23:46:20.852 [info] > git for-each-ref --format=%(refname)%00%(upstream:short)%00%(objectname)%00%(upstream:track)%00%(upstream:remotename)%00%(upstream:remoteref) refs/heads/master refs/remotes/master [2ms]
2024-02-16 23:46:20.897 [info] > git status -z -uall [33ms]
2024-02-16 23:46:26.184 [info] > git config --get commit.template [2ms]
2024-02-16 23:46:26.197 [info] > git for-each-ref --format=%(refname)%00%(upstream:short)%00%(objectname)%00%(upstream:track)%00%(upstream:remotename)%00%(upstream:remoteref) refs/heads/master refs/remotes/master [2ms]
2024-02-16 23:46:26.234 [info] > git status -z -uall [28ms]
2024-02-16 23:46:31.386 [info] > git config --get commit.template [15ms]
2024-02-16 23:46:31.386 [info] > git for-each-ref --format=%(refname)%00%(upstream:short)%00%(objectname)%00%(upstream:track)%00%(upstream:remotename)%00%(upstream:remoteref) refs/heads/master refs/remotes/master [2ms]
2024-02-16 23:46:31.420 [info] > git status -z -uall [20ms]
2024-02-16 23:47:27.118 [info] > git config --get commit.template [7ms]
2024-02-16 23:47:27.140 [info] > git for-each-ref --format=%(refname)%00%(upstream:short)%00%(objectname)%00%(upstream:track)%00%(upstream:remotename)%00%(upstream:remoteref) refs/heads/master refs/remotes/master [6ms]
2024-02-16 23:47:27.186 [info] > git status -z -uall [30ms]
2024-02-16 23:47:32.460 [info] > git config --get commit.template [19ms]
2024-02-16 23:47:32.462 [info] > git for-each-ref --format=%(refname)%00%(upstream:short)%00%(objectname)%00%(upstream:track)%00%(upstream:remotename)%00%(upstream:remoteref) refs/heads/master refs/remotes/master [2ms]
2024-02-16 23:47:32.497 [info] > git status -z -uall [24ms]
2024-02-16 23:47:37.619 [info] > git config --get commit.template [17ms]
2024-02-16 23:47:37.621 [info] > git for-each-ref --format=%(refname)%00%(upstream:short)%00%(objectname)%00%(upstream:track)%00%(upstream:remotename)%00%(upstream:remoteref) refs/heads/master refs/remotes/master [3ms]
2024-02-16 23:47:37.707 [info] > git status -z -uall [69ms]
2024-02-16 23:47:42.844 [info] > git config --get commit.template [16ms]
2024-02-16 23:47:42.845 [info] > git for-each-ref --format=%(refname)%00%(upstream:short)%00%(objectname)%00%(upstream:track)%00%(upstream:remotename)%00%(upstream:remoteref) refs/heads/master refs/remotes/master [2ms]
2024-02-16 23:47:42.948 [info] > git status -z -uall [91ms]
2024-02-16 23:48:43.552 [info] > git config --get commit.template [3ms]
2024-02-16 23:48:43.574 [info] > git for-each-ref --format=%(refname)%00%(upstream:short)%00%(objectname)%00%(upstream:track)%00%(upstream:remotename)%00%(upstream:remoteref) refs/heads/master refs/remotes/master [3ms]
2024-02-16 23:48:43.629 [info] > git status -z -uall [42ms]
2024-02-16 23:48:48.839 [info] > git config --get commit.template [10ms]
2024-02-16 23:48:48.840 [info] > git for-each-ref --format=%(refname)%00%(upstream:short)%00%(objectname)%00%(upstream:track)%00%(upstream:remotename)%00%(upstream:remoteref) refs/heads/master refs/remotes/master [2ms]
2024-02-16 23:48:48.875 [info] > git status -z -uall [27ms]
2024-02-16 23:48:53.987 [info] > git config --get commit.template [12ms]
2024-02-16 23:48:53.989 [info] > git for-each-ref --format=%(refname)%00%(upstream:short)%00%(objectname)%00%(upstream:track)%00%(upstream:remotename)%00%(upstream:remoteref) refs/heads/master refs/remotes/master [3ms]
2024-02-16 23:48:54.022 [info] > git status -z -uall [23ms]
2024-02-16 23:48:59.163 [info] > git config --get commit.template [4ms]
2024-02-16 23:48:59.193 [info] > git for-each-ref --format=%(refname)%00%(upstream:short)%00%(objectname)%00%(upstream:track)%00%(upstream:remotename)%00%(upstream:remoteref) refs/heads/master refs/remotes/master [8ms]
2024-02-16 23:48:59.246 [info] > git status -z -uall [34ms]
2024-02-16 23:49:04.360 [info] > git config --get commit.template [1ms]
2024-02-16 23:49:04.372 [info] > git for-each-ref --format=%(refname)%00%(upstream:short)%00%(objectname)%00%(upstream:track)%00%(upstream:remotename)%00%(upstream:remoteref) refs/heads/master refs/remotes/master [2ms]
2024-02-16 23:49:04.413 [info] > git status -z -uall [30ms]
2024-02-16 23:49:09.627 [info] > git config --get commit.template [18ms]
2024-02-16 23:49:09.628 [info] > git for-each-ref --format=%(refname)%00%(upstream:short)%00%(objectname)%00%(upstream:track)%00%(upstream:remotename)%00%(upstream:remoteref) refs/heads/master refs/remotes/master [4ms]
2024-02-16 23:49:09.679 [info] > git status -z -uall [35ms]
2024-02-16 23:49:15.290 [info] > git config --get commit.template [4ms]
2024-02-16 23:49:15.305 [info] > git for-each-ref --format=%(refname)%00%(upstream:short)%00%(objectname)%00%(upstream:track)%00%(upstream:remotename)%00%(upstream:remoteref) refs/heads/master refs/remotes/master [4ms]
2024-02-16 23:49:15.337 [info] > git status -z -uall [23ms]
2024-02-16 23:50:29.618 [info] > git config --get commit.template [22ms]
2024-02-16 23:50:29.619 [info] > git for-each-ref --format=%(refname)%00%(upstream:short)%00%(objectname)%00%(upstream:track)%00%(upstream:remotename)%00%(upstream:remoteref) refs/heads/master refs/remotes/master [3ms]
2024-02-16 23:50:29.682 [info] > git status -z -uall [43ms]
2024-02-17 00:20:34.026 [info] > git config --get commit.template [19ms]
2024-02-17 00:20:34.036 [info] > git for-each-ref --format=%(refname)%00%(upstream:short)%00%(objectname)%00%(upstream:track)%00%(upstream:remotename)%00%(upstream:remoteref) refs/heads/master refs/remotes/master [14ms]
2024-02-17 00:20:34.192 [info] > git status -z -uall [136ms]
2024-02-17 00:20:39.420 [info] > git config --get commit.template [20ms]
2024-02-17 00:20:39.422 [info] > git for-each-ref --format=%(refname)%00%(upstream:short)%00%(objectname)%00%(upstream:track)%00%(upstream:remotename)%00%(upstream:remoteref) refs/heads/master refs/remotes/master [3ms]
2024-02-17 00:20:39.475 [info] > git status -z -uall [27ms]
2024-02-17 00:20:44.598 [info] > git config --get commit.template [10ms]
2024-02-17 00:20:44.599 [info] > git for-each-ref --format=%(refname)%00%(upstream:short)%00%(objectname)%00%(upstream:track)%00%(upstream:remotename)%00%(upstream:remoteref) refs/heads/master refs/remotes/master [1ms]
2024-02-17 00:20:44.625 [info] > git status -z -uall [18ms]
2024-02-17 00:20:49.708 [info] > git config --get commit.template [1ms]
2024-02-17 00:20:49.728 [info] > git for-each-ref --format=%(refname)%00%(upstream:short)%00%(objectname)%00%(upstream:track)%00%(upstream:remotename)%00%(upstream:remoteref) refs/heads/master refs/remotes/master [4ms]
2024-02-17 00:20:49.776 [info] > git status -z -uall [35ms]
2024-02-17 00:20:54.885 [info] > git config --get commit.template [1ms]
2024-02-17 00:20:54.898 [info] > git for-each-ref --format=%(refname)%00%(upstream:short)%00%(objectname)%00%(upstream:track)%00%(upstream:remotename)%00%(upstream:remoteref) refs/heads/master refs/remotes/master [1ms]
2024-02-17 00:20:54.931 [info] > git status -z -uall [15ms]
2024-02-17 00:21:00.377 [info] > git config --get commit.template [1ms]
2024-02-17 00:21:00.387 [info] > git for-each-ref --format=%(refname)%00%(upstream:short)%00%(objectname)%00%(upstream:track)%00%(upstream:remotename)%00%(upstream:remoteref) refs/heads/master refs/remotes/master [1ms]
2024-02-17 00:21:00.423 [info] > git status -z -uall [27ms]
2024-02-17 00:21:00.926 [info] > git show --textconv :Paris-B2-DevWeb-main/app/classes/RepoUser.php [24ms]
2024-02-17 00:21:00.929 [info] > git ls-files --stage -- /home/akraaam_kh/Paris-B2-DevWeb-main/app/classes/RepoUser.php [7ms]
2024-02-17 00:21:00.942 [info] > git cat-file -s 17ad86c1880bf54955d0caadfecb6717b0547136 [3ms]
2024-02-17 00:21:05.565 [info] > git config --get commit.template [15ms]
2024-02-17 00:21:05.566 [info] > git for-each-ref --format=%(refname)%00%(upstream:short)%00%(objectname)%00%(upstream:track)%00%(upstream:remotename)%00%(upstream:remoteref) refs/heads/master refs/remotes/master [2ms]
2024-02-17 00:21:05.631 [info] > git status -z -uall [36ms]
2024-02-17 00:21:10.779 [info] > git config --get commit.template [2ms]
2024-02-17 00:21:10.792 [info] > git for-each-ref --format=%(refname)%00%(upstream:short)%00%(objectname)%00%(upstream:track)%00%(upstream:remotename)%00%(upstream:remoteref) refs/heads/master refs/remotes/master [2ms]
2024-02-17 00:21:10.820 [info] > git status -z -uall [18ms]
