2024-03-11 01:27:13.715 [info] Log level: Info
2024-03-11 01:27:13.715 [info] Validating found git in: "git"
2024-03-11 01:27:13.715 [info] Using git "2.34.1" from "git"
2024-03-11 01:27:13.715 [info] > git rev-parse --show-toplevel [12ms]
2024-03-11 01:27:13.715 [info] > git rev-parse --git-dir --git-common-dir [10ms]
2024-03-11 01:27:13.715 [info] Open repository: /home/akraaam_kh
2024-03-11 01:27:13.715 [info] > git rev-parse --show-toplevel [11ms]
2024-03-11 01:27:13.715 [info] > git config --get commit.template [33ms]
2024-03-11 01:27:13.768 [info] > git for-each-ref --format=%(refname)%00%(upstream:short)%00%(objectname)%00%(upstream:track)%00%(upstream:remotename)%00%(upstream:remoteref) refs/heads/master refs/remotes/master [22ms]
2024-03-11 01:27:13.770 [info] > git rev-parse --show-toplevel [43ms]
2024-03-11 01:27:13.790 [info] > git rev-parse --show-toplevel [5ms]
2024-03-11 01:27:13.850 [info] > git rev-parse --show-toplevel [46ms]
2024-03-11 01:27:13.876 [info] > git rev-parse --show-toplevel [9ms]
2024-03-11 01:27:13.942 [info] > git rev-parse --show-toplevel [4ms]
2024-03-11 01:27:13.961 [info] > git rev-parse --show-toplevel [7ms]
2024-03-11 01:27:13.990 [info] > git rev-parse --git-dir --git-common-dir [8ms]
2024-03-11 01:27:14.019 [info] Open repository: /home/akraaam_kh/Projet-DevWeb
2024-03-11 01:27:14.075 [info] > git status -z -uall [248ms]
2024-03-11 01:27:14.089 [info] > git config --get commit.template [21ms]
2024-03-11 01:27:15.671 [info] > git check-ignore -v -z --stdin [137ms]
2024-03-11 01:27:15.675 [info] > git config --get commit.template [130ms]
2024-03-11 01:27:15.680 [info] > git for-each-ref --format=%(refname)%00%(upstream:short)%00%(objectname)%00%(upstream:track)%00%(upstream:remotename)%00%(upstream:remoteref) refs/heads/master refs/remotes/master [13ms]
2024-03-11 01:27:15.729 [warning] ENOENT: no such file or directory, open '/home/akraaam_kh/Projet-DevWeb/.git/refs/remotes/origin/master'
2024-03-11 01:27:15.734 [info] > git for-each-ref --format=%(refname)%00%(upstream:short)%00%(objectname)%00%(upstream:track)%00%(upstream:remotename)%00%(upstream:remoteref) refs/heads/master refs/remotes/master [37ms]
2024-03-11 01:27:15.737 [info] > git rev-parse refs/remotes/origin/master [8ms]
2024-03-11 01:27:15.795 [info] > git status -z -uall [44ms]
2024-03-11 01:27:15.816 [info] > git config --get commit.template [3ms]
2024-03-11 01:27:15.863 [info] > git status -z -uall [94ms]
2024-03-11 01:27:15.863 [info] > git show --textconv :Paris-B2-DevWeb-main/app/templates/readmore.html.twig [8ms]
2024-03-11 01:27:15.863 [info] > git for-each-ref --format=%(refname)%00%(upstream:short)%00%(objectname)%00%(upstream:track)%00%(upstream:remotename)%00%(upstream:remoteref) refs/heads/master refs/remotes/master [33ms]
2024-03-11 01:27:15.940 [warning] ENOENT: no such file or directory, open '/home/akraaam_kh/Projet-DevWeb/.git/refs/remotes/origin/master'
2024-03-11 01:27:16.024 [info] > git ls-files --stage -- /home/akraaam_kh/Paris-B2-DevWeb-main/app/templates/readmore.html.twig [162ms]
2024-03-11 01:27:16.546 [info] > git cat-file -s 6d06e75e767e6c9f6850a02dcda80403a91930b2 [516ms]
2024-03-11 01:27:16.547 [info] > git rev-parse refs/remotes/origin/master [607ms]
2024-03-11 01:27:16.587 [info] > git status -z -uall [33ms]
2024-03-11 01:27:16.589 [info] > git check-ignore -v -z --stdin [24ms]
2024-03-11 01:27:22.762 [info] > git config --get commit.template [4ms]
2024-03-11 01:27:22.774 [info] > git for-each-ref --format=%(refname)%00%(upstream:short)%00%(objectname)%00%(upstream:track)%00%(upstream:remotename)%00%(upstream:remoteref) refs/heads/master refs/remotes/master [2ms]
2024-03-11 01:27:22.815 [info] > git status -z -uall [33ms]
2024-03-11 01:27:27.919 [info] > git config --get commit.template [11ms]
2024-03-11 01:27:27.919 [info] > git for-each-ref --format=%(refname)%00%(upstream:short)%00%(objectname)%00%(upstream:track)%00%(upstream:remotename)%00%(upstream:remoteref) refs/heads/master refs/remotes/master [2ms]
2024-03-11 01:27:27.964 [info] > git status -z -uall [37ms]
2024-03-11 01:27:33.071 [info] > git config --get commit.template [1ms]
2024-03-11 01:27:33.080 [info] > git for-each-ref --format=%(refname)%00%(upstream:short)%00%(objectname)%00%(upstream:track)%00%(upstream:remotename)%00%(upstream:remoteref) refs/heads/master refs/remotes/master [1ms]
2024-03-11 01:27:33.119 [info] > git status -z -uall [31ms]
2024-03-11 01:27:37.537 [info] > git ls-files --stage -- /home/akraaam_kh/Paris-B2-DevWeb-main/app/templates/readmore.html.twig [2ms]
2024-03-11 01:27:37.547 [info] > git cat-file -s 6d06e75e767e6c9f6850a02dcda80403a91930b2 [1ms]
2024-03-11 01:27:37.560 [info] > git show --textconv :Paris-B2-DevWeb-main/app/templates/readmore.html.twig [1ms]
2024-03-11 01:27:38.234 [info] > git config --get commit.template [13ms]
2024-03-11 01:27:38.235 [info] > git for-each-ref --format=%(refname)%00%(upstream:short)%00%(objectname)%00%(upstream:track)%00%(upstream:remotename)%00%(upstream:remoteref) refs/heads/master refs/remotes/master [4ms]
2024-03-11 01:27:38.277 [info] > git status -z -uall [33ms]
2024-03-11 01:28:33.504 [info] > git config --get commit.template [44ms]
2024-03-11 01:28:33.518 [info] > git for-each-ref --format=%(refname)%00%(upstream:short)%00%(objectname)%00%(upstream:track)%00%(upstream:remotename)%00%(upstream:remoteref) refs/heads/master refs/remotes/master [18ms]
2024-03-11 01:28:33.611 [info] > git status -z -uall [54ms]
