2024-03-11 14:22:15.554 [info] Log level: Info
2024-03-11 14:22:15.554 [info] Validating found git in: "git"
2024-03-11 14:22:15.554 [info] Using git "2.34.1" from "git"
2024-03-11 14:22:15.554 [info] > git rev-parse --show-toplevel [6ms]
2024-03-11 14:22:15.554 [info] > git rev-parse --git-dir --git-common-dir [14ms]
2024-03-11 14:22:15.554 [info] Open repository: /home/akraaam_kh
2024-03-11 14:22:15.723 [info] > git rev-parse --show-toplevel [136ms]
2024-03-11 14:22:15.729 [info] > git config --get commit.template [154ms]
2024-03-11 14:22:15.762 [info] > git rev-parse --show-toplevel [16ms]
2024-03-11 14:22:15.763 [info] > git for-each-ref --format=%(refname)%00%(upstream:short)%00%(objectname)%00%(upstream:track)%00%(upstream:remotename)%00%(upstream:remoteref) refs/heads/master refs/remotes/master [3ms]
2024-03-11 14:22:15.793 [info] > git rev-parse --show-toplevel [20ms]
2024-03-11 14:22:15.812 [info] > git rev-parse --show-toplevel [2ms]
2024-03-11 14:22:15.829 [info] > git rev-parse --show-toplevel [2ms]
2024-03-11 14:22:15.842 [info] > git rev-parse --show-toplevel [3ms]
2024-03-11 14:22:15.858 [info] > git status -z -uall [70ms]
2024-03-11 14:22:15.927 [info] > git rev-parse --show-toplevel [71ms]
2024-03-11 14:22:15.951 [info] > git config --get commit.template [51ms]
2024-03-11 14:22:15.960 [info] > git rev-parse --git-dir --git-common-dir [18ms]
2024-03-11 14:22:15.987 [info] Open repository: /home/akraaam_kh/Projet-DevWeb
2024-03-11 14:22:16.175 [info] > git check-ignore -v -z --stdin [25ms]
2024-03-11 14:22:16.182 [info] > git config --get commit.template [56ms]
2024-03-11 14:22:16.186 [info] > git for-each-ref --format=%(refname)%00%(upstream:short)%00%(objectname)%00%(upstream:track)%00%(upstream:remotename)%00%(upstream:remoteref) refs/heads/master refs/remotes/master [82ms]
2024-03-11 14:22:16.430 [info] > git for-each-ref --format=%(refname)%00%(upstream:short)%00%(objectname)%00%(upstream:track)%00%(upstream:remotename)%00%(upstream:remoteref) refs/heads/master refs/remotes/master [43ms]
2024-03-11 14:22:16.450 [warning] ENOENT: no such file or directory, open '/home/akraaam_kh/Projet-DevWeb/.git/refs/remotes/origin/master'
2024-03-11 14:22:16.553 [info] > git status -z -uall [130ms]
2024-03-11 14:22:16.553 [info] > git show --textconv :Paris-B2-DevWeb-main/app/public/historique.php [74ms]
2024-03-11 14:22:16.572 [info] > git rev-parse refs/remotes/origin/master [125ms]
2024-03-11 14:22:16.590 [info] > git ls-files --stage -- /home/akraaam_kh/Paris-B2-DevWeb-main/app/public/historique.php [93ms]
2024-03-11 14:22:16.607 [info] > git cat-file -s d16b1eedc2c2d7f3021bc2aeff6dd3c47f9a6670 [2ms]
2024-03-11 14:22:16.610 [info] > git status -z -uall [30ms]
2024-03-11 14:22:16.664 [info] > git config --get commit.template [11ms]
2024-03-11 14:22:16.702 [info] > git for-each-ref --format=%(refname)%00%(upstream:short)%00%(objectname)%00%(upstream:track)%00%(upstream:remotename)%00%(upstream:remoteref) refs/heads/master refs/remotes/master [12ms]
2024-03-11 14:22:16.714 [warning] ENOENT: no such file or directory, open '/home/akraaam_kh/Projet-DevWeb/.git/refs/remotes/origin/master'
2024-03-11 14:22:16.749 [info] > git check-ignore -v -z --stdin [50ms]
2024-03-11 14:22:16.754 [info] > git rev-parse refs/remotes/origin/master [40ms]
2024-03-11 14:22:16.785 [info] > git status -z -uall [20ms]
2024-03-11 14:22:20.004 [info] > git config --get commit.template [4ms]
2024-03-11 14:22:20.014 [info] > git for-each-ref --format=%(refname)%00%(upstream:short)%00%(objectname)%00%(upstream:track)%00%(upstream:remotename)%00%(upstream:remoteref) refs/heads/master refs/remotes/master [3ms]
2024-03-11 14:22:20.049 [info] > git status -z -uall [27ms]
2024-03-11 14:22:25.072 [info] > git config --get commit.template [3ms]
2024-03-11 14:22:25.086 [info] > git for-each-ref --format=%(refname)%00%(upstream:short)%00%(objectname)%00%(upstream:track)%00%(upstream:remotename)%00%(upstream:remoteref) refs/heads/master refs/remotes/master [4ms]
2024-03-11 14:22:25.141 [info] > git status -z -uall [41ms]
2024-03-11 14:22:30.168 [info] > git config --get commit.template [9ms]
2024-03-11 14:22:30.169 [info] > git for-each-ref --format=%(refname)%00%(upstream:short)%00%(objectname)%00%(upstream:track)%00%(upstream:remotename)%00%(upstream:remoteref) refs/heads/master refs/remotes/master [2ms]
2024-03-11 14:22:30.204 [info] > git status -z -uall [27ms]
2024-03-11 14:22:35.257 [info] > git config --get commit.template [2ms]
2024-03-11 14:22:35.277 [info] > git for-each-ref --format=%(refname)%00%(upstream:short)%00%(objectname)%00%(upstream:track)%00%(upstream:remotename)%00%(upstream:remoteref) refs/heads/master refs/remotes/master [5ms]
2024-03-11 14:22:35.314 [info] > git status -z -uall [26ms]
2024-03-11 14:22:42.499 [info] > git config --get commit.template [3ms]
2024-03-11 14:22:42.564 [info] > git for-each-ref --format=%(refname)%00%(upstream:short)%00%(objectname)%00%(upstream:track)%00%(upstream:remotename)%00%(upstream:remoteref) refs/heads/master refs/remotes/master [36ms]
2024-03-11 14:22:42.672 [info] > git status -z -uall [79ms]
