2024-03-03 19:59:48.984 [info] Extension host with pid 1633 started
2024-03-03 19:59:49.102 [info] ExtensionService#_doActivateExtension vscode.emmet, startup: false, activationEvent: 'onLanguage'
2024-03-03 19:59:49.107 [info] ExtensionService#_doActivateExtension vscode.php-language-features, startup: false, activationEvent: 'onLanguage:php'
2024-03-03 19:59:49.308 [info] Lock '/home/akraaam_kh/.vscode-server/data/User/workspaceStorage/aab43a72942d0c30cbbbacde874c7c05/vscode.lock': Lock acquired.
2024-03-03 19:59:49.434 [info] ExtensionService#_doActivateExtension vscode.git-base, startup: true, activationEvent: '*', root cause: vscode.git
2024-03-03 19:59:49.467 [info] ExtensionService#_doActivateExtension vscode.git, startup: true, activationEvent: '*'
2024-03-03 19:59:49.468 [info] ExtensionService#_doActivateExtension vscode.github, startup: true, activationEvent: '*'
2024-03-03 19:59:50.306 [info] Eager extensions activated
2024-03-03 19:59:50.307 [info] ExtensionService#_doActivateExtension vscode.debug-auto-launch, startup: false, activationEvent: 'onStartupFinished'
2024-03-03 19:59:50.309 [info] ExtensionService#_doActivateExtension vscode.merge-conflict, startup: false, activationEvent: 'onStartupFinished'
2024-03-03 19:59:52.057 [warning] [Decorations] CAPPING events from decorations provider vscode.git 3390
2024-03-03 19:59:54.458 [warning] [Decorations] CAPPING events from decorations provider vscode.git 3402
2024-03-03 19:59:57.762 [warning] [Decorations] CAPPING events from decorations provider vscode.git 3402
2024-03-03 20:00:02.645 [warning] [Decorations] CAPPING events from decorations provider vscode.git 3402
2024-03-03 20:00:07.787 [warning] [Decorations] CAPPING events from decorations provider vscode.git 3402
2024-03-03 20:00:13.257 [warning] [Decorations] CAPPING events from decorations provider vscode.git 3402
2024-03-03 20:00:27.121 [warning] [Decorations] CAPPING events from decorations provider vscode.git 3402
2024-03-03 20:01:30.263 [warning] [Decorations] CAPPING events from decorations provider vscode.git 3402
2024-03-03 20:01:40.416 [warning] [Decorations] CAPPING events from decorations provider vscode.git 3402
2024-03-03 20:01:50.470 [warning] [Decorations] CAPPING events from decorations provider vscode.git 3402
2024-03-03 20:01:55.605 [warning] [Decorations] CAPPING events from decorations provider vscode.git 3402
2024-03-03 20:02:00.706 [warning] [Decorations] CAPPING events from decorations provider vscode.git 3402
2024-03-03 20:02:05.808 [warning] [Decorations] CAPPING events from decorations provider vscode.git 3402
2024-03-03 20:02:10.923 [warning] [Decorations] CAPPING events from decorations provider vscode.git 3402
2024-03-03 20:02:16.045 [warning] [Decorations] CAPPING events from decorations provider vscode.git 3402
2024-03-03 20:02:21.173 [warning] [Decorations] CAPPING events from decorations provider vscode.git 3405
2024-03-03 20:02:26.631 [warning] [Decorations] CAPPING events from decorations provider vscode.git 3405
2024-03-03 20:02:38.627 [warning] [Decorations] CAPPING events from decorations provider vscode.git 3405
2024-03-03 20:02:43.781 [warning] [Decorations] CAPPING events from decorations provider vscode.git 3405
2024-03-03 20:02:48.919 [warning] [Decorations] CAPPING events from decorations provider vscode.git 3405
2024-03-03 20:03:38.755 [warning] [Decorations] CAPPING events from decorations provider vscode.git 3405
2024-03-03 20:03:44.126 [warning] [Decorations] CAPPING events from decorations provider vscode.git 3405
2024-03-03 20:03:51.144 [warning] [Decorations] CAPPING events from decorations provider vscode.git 3406
2024-03-03 20:03:56.368 [warning] [Decorations] CAPPING events from decorations provider vscode.git 3406
2024-03-03 20:04:01.629 [warning] [Decorations] CAPPING events from decorations provider vscode.git 3411
2024-03-03 20:04:06.766 [warning] [Decorations] CAPPING events from decorations provider vscode.git 3411
2024-03-03 20:04:11.883 [warning] [Decorations] CAPPING events from decorations provider vscode.git 3414
2024-03-03 20:04:16.995 [warning] [Decorations] CAPPING events from decorations provider vscode.git 3413
2024-03-03 20:04:46.593 [warning] [Decorations] CAPPING events from decorations provider vscode.git 3417
2024-03-03 20:05:29.700 [warning] [Decorations] CAPPING events from decorations provider vscode.git 3420
2024-03-03 20:05:34.837 [warning] [Decorations] CAPPING events from decorations provider vscode.git 3420
2024-03-03 20:05:39.943 [warning] [Decorations] CAPPING events from decorations provider vscode.git 3420
2024-03-03 20:05:45.053 [warning] [Decorations] CAPPING events from decorations provider vscode.git 3420
2024-03-03 20:05:51.554 [warning] [Decorations] CAPPING events from decorations provider vscode.git 3423
2024-03-03 20:05:57.715 [warning] [Decorations] CAPPING events from decorations provider vscode.git 3423
2024-03-03 20:06:07.268 [warning] [Decorations] CAPPING events from decorations provider vscode.git 3423
2024-03-03 20:06:12.413 [warning] [Decorations] CAPPING events from decorations provider vscode.git 3423
2024-03-03 20:06:17.568 [warning] [Decorations] CAPPING events from decorations provider vscode.git 3426
2024-03-03 20:06:22.725 [warning] [Decorations] CAPPING events from decorations provider vscode.git 3426
2024-03-03 20:06:27.854 [warning] [Decorations] CAPPING events from decorations provider vscode.git 3426
2024-03-03 20:06:32.961 [warning] [Decorations] CAPPING events from decorations provider vscode.git 3426
2024-03-03 20:06:38.123 [warning] [Decorations] CAPPING events from decorations provider vscode.git 3426
2024-03-03 20:06:41.108 [info] ExtensionService#_doActivateExtension vscode.css-language-features, startup: false, activationEvent: 'onLanguage:css'
2024-03-03 20:06:45.597 [warning] [Decorations] CAPPING events from decorations provider vscode.git 3426
2024-03-03 20:06:50.729 [warning] [Decorations] CAPPING events from decorations provider vscode.git 3426
2024-03-03 20:08:07.444 [warning] [Decorations] CAPPING events from decorations provider vscode.git 3426
2024-03-03 20:08:12.558 [warning] [Decorations] CAPPING events from decorations provider vscode.git 3431
2024-03-03 20:08:17.675 [warning] [Decorations] CAPPING events from decorations provider vscode.git 3431
2024-03-03 20:08:34.456 [warning] [Decorations] CAPPING events from decorations provider vscode.git 3431
2024-03-03 20:08:39.576 [warning] [Decorations] CAPPING events from decorations provider vscode.git 3431
2024-03-03 20:08:44.748 [warning] [Decorations] CAPPING events from decorations provider vscode.git 3431
2024-03-03 20:08:50.419 [warning] [Decorations] CAPPING events from decorations provider vscode.git 3431
2024-03-03 20:08:55.568 [warning] [Decorations] CAPPING events from decorations provider vscode.git 3431
2024-03-03 20:09:02.355 [warning] [Decorations] CAPPING events from decorations provider vscode.git 3431
2024-03-03 20:09:23.364 [warning] [Decorations] CAPPING events from decorations provider vscode.git 3431
2024-03-03 20:09:28.512 [warning] [Decorations] CAPPING events from decorations provider vscode.git 3431
2024-03-03 20:09:44.687 [warning] [Decorations] CAPPING events from decorations provider vscode.git 3434
2024-03-03 20:10:10.519 [warning] [Decorations] CAPPING events from decorations provider vscode.git 3434
2024-03-03 20:10:15.784 [warning] [Decorations] CAPPING events from decorations provider vscode.git 3440
2024-03-03 20:10:46.896 [warning] [Decorations] CAPPING events from decorations provider vscode.git 3440
2024-03-03 20:10:52.049 [warning] [Decorations] CAPPING events from decorations provider vscode.git 3440
2024-03-03 20:10:57.152 [warning] [Decorations] CAPPING events from decorations provider vscode.git 3440
2024-03-03 20:11:02.261 [warning] [Decorations] CAPPING events from decorations provider vscode.git 3443
2024-03-03 20:11:21.650 [warning] [Decorations] CAPPING events from decorations provider vscode.git 3443
2024-03-03 20:11:26.815 [warning] [Decorations] CAPPING events from decorations provider vscode.git 3446
2024-03-03 20:11:38.079 [warning] [Decorations] CAPPING events from decorations provider vscode.git 3446
2024-03-03 20:11:43.223 [warning] [Decorations] CAPPING events from decorations provider vscode.git 3446
2024-03-03 20:12:06.174 [warning] [Decorations] CAPPING events from decorations provider vscode.git 3449
2024-03-03 20:13:50.459 [warning] [Decorations] CAPPING events from decorations provider vscode.git 3452
2024-03-03 20:13:55.577 [warning] [Decorations] CAPPING events from decorations provider vscode.git 3452
2024-03-03 20:14:00.704 [warning] [Decorations] CAPPING events from decorations provider vscode.git 3452
2024-03-03 20:16:32.511 [warning] [Decorations] CAPPING events from decorations provider vscode.git 3452
2024-03-03 20:16:37.650 [warning] [Decorations] CAPPING events from decorations provider vscode.git 3452
2024-03-03 20:16:42.757 [warning] [Decorations] CAPPING events from decorations provider vscode.git 3452
2024-03-03 20:16:47.923 [warning] [Decorations] CAPPING events from decorations provider vscode.git 3452
2024-03-03 20:16:53.042 [warning] [Decorations] CAPPING events from decorations provider vscode.git 3452
2024-03-03 20:16:58.169 [warning] [Decorations] CAPPING events from decorations provider vscode.git 3452
2024-03-03 20:31:06.913 [warning] [Decorations] CAPPING events from decorations provider vscode.git 3452
2024-03-03 20:31:12.058 [warning] [Decorations] CAPPING events from decorations provider vscode.git 3452
2024-03-03 20:31:17.201 [warning] [Decorations] CAPPING events from decorations provider vscode.git 3452
2024-03-03 20:31:22.344 [warning] [Decorations] CAPPING events from decorations provider vscode.git 3453
2024-03-03 20:31:27.471 [warning] [Decorations] CAPPING events from decorations provider vscode.git 3453
2024-03-03 20:31:32.598 [warning] [Decorations] CAPPING events from decorations provider vscode.git 3453
2024-03-03 20:31:37.709 [warning] [Decorations] CAPPING events from decorations provider vscode.git 3453
2024-03-03 20:31:42.812 [warning] [Decorations] CAPPING events from decorations provider vscode.git 3453
2024-03-03 20:31:47.938 [warning] [Decorations] CAPPING events from decorations provider vscode.git 3453
2024-03-03 20:31:53.070 [warning] [Decorations] CAPPING events from decorations provider vscode.git 3454
2024-03-03 20:31:58.186 [warning] [Decorations] CAPPING events from decorations provider vscode.git 3454
2024-03-03 20:32:03.346 [warning] [Decorations] CAPPING events from decorations provider vscode.git 3454
2024-03-03 20:32:08.473 [warning] [Decorations] CAPPING events from decorations provider vscode.git 3454
2024-03-03 20:32:13.582 [warning] [Decorations] CAPPING events from decorations provider vscode.git 3454
2024-03-03 20:32:18.703 [warning] [Decorations] CAPPING events from decorations provider vscode.git 3454
2024-03-03 20:32:26.155 [warning] [Decorations] CAPPING events from decorations provider vscode.git 3456
2024-03-03 20:32:31.315 [warning] [Decorations] CAPPING events from decorations provider vscode.git 3456
2024-03-03 20:32:36.425 [warning] [Decorations] CAPPING events from decorations provider vscode.git 3456
2024-03-03 20:32:41.617 [warning] [Decorations] CAPPING events from decorations provider vscode.git 3456
2024-03-03 20:32:46.771 [warning] [Decorations] CAPPING events from decorations provider vscode.git 3457
2024-03-03 20:32:51.885 [warning] [Decorations] CAPPING events from decorations provider vscode.git 3457
2024-03-03 20:32:57.010 [warning] [Decorations] CAPPING events from decorations provider vscode.git 3457
2024-03-03 20:33:02.134 [warning] [Decorations] CAPPING events from decorations provider vscode.git 3457
2024-03-03 20:33:07.264 [warning] [Decorations] CAPPING events from decorations provider vscode.git 3457
2024-03-03 20:33:12.385 [warning] [Decorations] CAPPING events from decorations provider vscode.git 3457
2024-03-03 20:33:17.499 [warning] [Decorations] CAPPING events from decorations provider vscode.git 3457
2024-03-03 20:33:23.001 [warning] [Decorations] CAPPING events from decorations provider vscode.git 3457
2024-03-03 20:33:28.120 [warning] [Decorations] CAPPING events from decorations provider vscode.git 3457
2024-03-03 20:33:33.232 [warning] [Decorations] CAPPING events from decorations provider vscode.git 3459
2024-03-03 20:33:38.389 [warning] [Decorations] CAPPING events from decorations provider vscode.git 3459
2024-03-03 20:33:43.511 [warning] [Decorations] CAPPING events from decorations provider vscode.git 3459
2024-03-03 20:33:48.660 [warning] [Decorations] CAPPING events from decorations provider vscode.git 3460
2024-03-03 20:33:53.797 [warning] [Decorations] CAPPING events from decorations provider vscode.git 3460
2024-03-03 20:33:58.923 [warning] [Decorations] CAPPING events from decorations provider vscode.git 3460
2024-03-03 20:34:04.031 [warning] [Decorations] CAPPING events from decorations provider vscode.git 3460
2024-03-03 20:34:09.180 [warning] [Decorations] CAPPING events from decorations provider vscode.git 3460
2024-03-03 20:34:14.297 [warning] [Decorations] CAPPING events from decorations provider vscode.git 3460
2024-03-03 20:34:19.415 [warning] [Decorations] CAPPING events from decorations provider vscode.git 3460
2024-03-03 20:34:24.869 [warning] [Decorations] CAPPING events from decorations provider vscode.git 3460
2024-03-03 20:34:39.149 [warning] [Decorations] CAPPING events from decorations provider vscode.git 3460
2024-03-03 20:34:44.277 [warning] [Decorations] CAPPING events from decorations provider vscode.git 3460
2024-03-03 20:34:49.405 [warning] [Decorations] CAPPING events from decorations provider vscode.git 3460
2024-03-03 20:34:54.958 [warning] [Decorations] CAPPING events from decorations provider vscode.git 3462
2024-03-03 20:35:00.105 [warning] [Decorations] CAPPING events from decorations provider vscode.git 3462
2024-03-03 20:35:05.216 [warning] [Decorations] CAPPING events from decorations provider vscode.git 3462
2024-03-03 20:35:10.381 [warning] [Decorations] CAPPING events from decorations provider vscode.git 3462
2024-03-03 20:35:18.908 [warning] [Decorations] CAPPING events from decorations provider vscode.git 3463
2024-03-03 20:35:24.875 [warning] [Decorations] CAPPING events from decorations provider vscode.git 3469
2024-03-03 20:35:29.980 [warning] [Decorations] CAPPING events from decorations provider vscode.git 3469
2024-03-03 20:35:35.102 [warning] [Decorations] CAPPING events from decorations provider vscode.git 3469
2024-03-03 20:35:40.235 [warning] [Decorations] CAPPING events from decorations provider vscode.git 3469
2024-03-03 20:35:45.359 [warning] [Decorations] CAPPING events from decorations provider vscode.git 3469
2024-03-03 20:35:50.483 [warning] [Decorations] CAPPING events from decorations provider vscode.git 3470
2024-03-03 20:35:55.592 [warning] [Decorations] CAPPING events from decorations provider vscode.git 3472
2024-03-03 20:36:00.739 [warning] [Decorations] CAPPING events from decorations provider vscode.git 3472
2024-03-03 20:36:05.872 [warning] [Decorations] CAPPING events from decorations provider vscode.git 3472
2024-03-03 20:36:12.329 [warning] [Decorations] CAPPING events from decorations provider vscode.git 3472
2024-03-03 20:36:23.334 [warning] [Decorations] CAPPING events from decorations provider vscode.git 3472
2024-03-03 20:36:28.434 [warning] [Decorations] CAPPING events from decorations provider vscode.git 3473
2024-03-03 20:36:33.554 [warning] [Decorations] CAPPING events from decorations provider vscode.git 3473
2024-03-03 20:36:39.390 [warning] [Decorations] CAPPING events from decorations provider vscode.git 3473
2024-03-03 20:36:48.399 [warning] [Decorations] CAPPING events from decorations provider vscode.git 3473
2024-03-03 20:36:53.547 [warning] [Decorations] CAPPING events from decorations provider vscode.git 3473
2024-03-03 20:36:58.682 [warning] [Decorations] CAPPING events from decorations provider vscode.git 3473
2024-03-03 20:37:03.795 [warning] [Decorations] CAPPING events from decorations provider vscode.git 3473
2024-03-03 20:37:08.924 [warning] [Decorations] CAPPING events from decorations provider vscode.git 3473
2024-03-03 20:37:14.080 [warning] [Decorations] CAPPING events from decorations provider vscode.git 3474
2024-03-03 20:37:19.209 [warning] [Decorations] CAPPING events from decorations provider vscode.git 3474
2024-03-03 20:37:24.653 [warning] [Decorations] CAPPING events from decorations provider vscode.git 3474
2024-03-03 20:37:29.758 [warning] [Decorations] CAPPING events from decorations provider vscode.git 3474
2024-03-03 20:37:34.889 [warning] [Decorations] CAPPING events from decorations provider vscode.git 3474
2024-03-03 20:37:40.015 [warning] [Decorations] CAPPING events from decorations provider vscode.git 3474
2024-03-03 20:37:45.147 [warning] [Decorations] CAPPING events from decorations provider vscode.git 3474
2024-03-03 20:37:50.250 [warning] [Decorations] CAPPING events from decorations provider vscode.git 3474
2024-03-03 20:37:55.354 [warning] [Decorations] CAPPING events from decorations provider vscode.git 3474
2024-03-03 20:38:02.872 [warning] [Decorations] CAPPING events from decorations provider vscode.git 3475
2024-03-03 20:38:08.006 [warning] [Decorations] CAPPING events from decorations provider vscode.git 3475
2024-03-03 20:38:13.115 [warning] [Decorations] CAPPING events from decorations provider vscode.git 3475
2024-03-03 20:38:18.220 [warning] [Decorations] CAPPING events from decorations provider vscode.git 3475
2024-03-03 20:38:23.324 [warning] [Decorations] CAPPING events from decorations provider vscode.git 3476
2024-03-03 20:38:28.439 [warning] [Decorations] CAPPING events from decorations provider vscode.git 3476
2024-03-03 20:38:33.571 [warning] [Decorations] CAPPING events from decorations provider vscode.git 3476
2024-03-03 20:38:38.685 [warning] [Decorations] CAPPING events from decorations provider vscode.git 3476
2024-03-03 20:38:43.803 [warning] [Decorations] CAPPING events from decorations provider vscode.git 3476
2024-03-03 20:38:48.913 [warning] [Decorations] CAPPING events from decorations provider vscode.git 3476
2024-03-03 20:38:54.060 [warning] [Decorations] CAPPING events from decorations provider vscode.git 3476
2024-03-03 20:38:59.173 [warning] [Decorations] CAPPING events from decorations provider vscode.git 3476
2024-03-03 20:39:04.292 [warning] [Decorations] CAPPING events from decorations provider vscode.git 3476
2024-03-03 20:39:09.451 [warning] [Decorations] CAPPING events from decorations provider vscode.git 3477
2024-03-03 20:39:14.636 [warning] [Decorations] CAPPING events from decorations provider vscode.git 3477
2024-03-03 20:39:19.765 [warning] [Decorations] CAPPING events from decorations provider vscode.git 3477
2024-03-03 20:39:24.943 [warning] [Decorations] CAPPING events from decorations provider vscode.git 3477
2024-03-03 20:39:30.070 [warning] [Decorations] CAPPING events from decorations provider vscode.git 3477
2024-03-03 20:39:35.205 [warning] [Decorations] CAPPING events from decorations provider vscode.git 3477
2024-03-03 20:39:40.660 [warning] [Decorations] CAPPING events from decorations provider vscode.git 3477
2024-03-03 20:39:45.766 [warning] [Decorations] CAPPING events from decorations provider vscode.git 3477
2024-03-03 20:39:50.893 [warning] [Decorations] CAPPING events from decorations provider vscode.git 3477
2024-03-03 20:39:58.726 [warning] [Decorations] CAPPING events from decorations provider vscode.git 3479
2024-03-03 20:40:04.699 [warning] [Decorations] CAPPING events from decorations provider vscode.git 3480
2024-03-03 20:40:09.828 [warning] [Decorations] CAPPING events from decorations provider vscode.git 3480
2024-03-03 20:40:14.961 [warning] [Decorations] CAPPING events from decorations provider vscode.git 3480
2024-03-03 20:40:20.088 [warning] [Decorations] CAPPING events from decorations provider vscode.git 3480
2024-03-03 20:40:25.214 [warning] [Decorations] CAPPING events from decorations provider vscode.git 3480
2024-03-03 20:40:31.724 [warning] [Decorations] CAPPING events from decorations provider vscode.git 3480
2024-03-03 20:41:49.704 [warning] [Decorations] CAPPING events from decorations provider vscode.git 3480
2024-03-03 20:41:54.826 [warning] [Decorations] CAPPING events from decorations provider vscode.git 3480
2024-03-03 20:41:59.940 [warning] [Decorations] CAPPING events from decorations provider vscode.git 3480
2024-03-03 20:42:32.981 [warning] [Decorations] CAPPING events from decorations provider vscode.git 3480
2024-03-03 20:42:38.126 [warning] [Decorations] CAPPING events from decorations provider vscode.git 3480
2024-03-03 20:42:47.832 [warning] [Decorations] CAPPING events from decorations provider vscode.git 3481
2024-03-03 20:42:57.982 [warning] [Decorations] CAPPING events from decorations provider vscode.git 3481
2024-03-03 20:43:03.091 [warning] [Decorations] CAPPING events from decorations provider vscode.git 3481
2024-03-03 20:43:08.201 [warning] [Decorations] CAPPING events from decorations provider vscode.git 3481
2024-03-03 20:43:13.321 [warning] [Decorations] CAPPING events from decorations provider vscode.git 3481
2024-03-03 20:43:18.451 [warning] [Decorations] CAPPING events from decorations provider vscode.git 3481
2024-03-03 20:43:23.571 [warning] [Decorations] CAPPING events from decorations provider vscode.git 3482
2024-03-03 20:43:28.697 [warning] [Decorations] CAPPING events from decorations provider vscode.git 3482
2024-03-03 20:43:35.166 [warning] [Decorations] CAPPING events from decorations provider vscode.git 3482
2024-03-03 20:43:40.315 [warning] [Decorations] CAPPING events from decorations provider vscode.git 3482
2024-03-03 20:43:46.171 [warning] [Decorations] CAPPING events from decorations provider vscode.git 3482
2024-03-03 20:43:51.287 [warning] [Decorations] CAPPING events from decorations provider vscode.git 3482
2024-03-03 20:43:57.149 [warning] [Decorations] CAPPING events from decorations provider vscode.git 3482
2024-03-03 20:44:02.265 [warning] [Decorations] CAPPING events from decorations provider vscode.git 3482
2024-03-03 20:44:07.381 [warning] [Decorations] CAPPING events from decorations provider vscode.git 3482
2024-03-03 20:44:12.498 [warning] [Decorations] CAPPING events from decorations provider vscode.git 3482
2024-03-03 20:44:17.629 [warning] [Decorations] CAPPING events from decorations provider vscode.git 3482
2024-03-03 20:44:22.749 [warning] [Decorations] CAPPING events from decorations provider vscode.git 3482
2024-03-03 20:44:27.854 [warning] [Decorations] CAPPING events from decorations provider vscode.git 3482
2024-03-03 20:44:32.973 [warning] [Decorations] CAPPING events from decorations provider vscode.git 3483
2024-03-03 20:44:38.517 [warning] [Decorations] CAPPING events from decorations provider vscode.git 3483
2024-03-03 20:44:43.657 [warning] [Decorations] CAPPING events from decorations provider vscode.git 3483
2024-03-03 20:44:48.779 [warning] [Decorations] CAPPING events from decorations provider vscode.git 3483
2024-03-03 20:44:53.923 [warning] [Decorations] CAPPING events from decorations provider vscode.git 3483
2024-03-03 20:45:02.625 [warning] [Decorations] CAPPING events from decorations provider vscode.git 3483
2024-03-03 20:45:07.764 [warning] [Decorations] CAPPING events from decorations provider vscode.git 3483
2024-03-03 20:45:12.884 [warning] [Decorations] CAPPING events from decorations provider vscode.git 3483
2024-03-03 20:45:20.541 [warning] [Decorations] CAPPING events from decorations provider vscode.git 3484
2024-03-03 20:45:25.664 [warning] [Decorations] CAPPING events from decorations provider vscode.git 3484
2024-03-03 20:45:31.554 [warning] [Decorations] CAPPING events from decorations provider vscode.git 3484
2024-03-03 20:45:36.663 [warning] [Decorations] CAPPING events from decorations provider vscode.git 3484
2024-03-03 20:45:41.764 [warning] [Decorations] CAPPING events from decorations provider vscode.git 3484
2024-03-03 20:46:51.792 [warning] [Decorations] CAPPING events from decorations provider vscode.git 3484
2024-03-03 20:46:56.894 [warning] [Decorations] CAPPING events from decorations provider vscode.git 3484
2024-03-03 20:47:48.115 [warning] [Decorations] CAPPING events from decorations provider vscode.git 3484
2024-03-03 20:47:54.794 [warning] [Decorations] CAPPING events from decorations provider vscode.git 3484
2024-03-03 20:47:59.943 [warning] [Decorations] CAPPING events from decorations provider vscode.git 3484
2024-03-03 20:48:05.076 [warning] [Decorations] CAPPING events from decorations provider vscode.git 3485
2024-03-03 20:48:16.376 [warning] [Decorations] CAPPING events from decorations provider vscode.git 3485
2024-03-03 20:48:21.500 [warning] [Decorations] CAPPING events from decorations provider vscode.git 3485
2024-03-03 20:48:28.958 [warning] [Decorations] CAPPING events from decorations provider vscode.git 3485
2024-03-03 20:48:47.063 [warning] [Decorations] CAPPING events from decorations provider vscode.git 3486
2024-03-03 20:48:52.164 [warning] [Decorations] CAPPING events from decorations provider vscode.git 3486
2024-03-03 20:48:57.269 [warning] [Decorations] CAPPING events from decorations provider vscode.git 3486
2024-03-03 20:49:19.829 [warning] [Decorations] CAPPING events from decorations provider vscode.git 3487
2024-03-03 20:49:25.006 [warning] [Decorations] CAPPING events from decorations provider vscode.git 3487
2024-03-03 20:49:30.110 [warning] [Decorations] CAPPING events from decorations provider vscode.git 3488
2024-03-03 20:49:35.263 [warning] [Decorations] CAPPING events from decorations provider vscode.git 3489
2024-03-03 20:50:04.470 [warning] [Decorations] CAPPING events from decorations provider vscode.git 3489
2024-03-03 20:50:09.573 [warning] [Decorations] CAPPING events from decorations provider vscode.git 3489
2024-03-03 20:50:50.692 [warning] [Decorations] CAPPING events from decorations provider vscode.git 3490
2024-03-03 20:50:55.818 [warning] [Decorations] CAPPING events from decorations provider vscode.git 3490
2024-03-03 20:51:03.463 [warning] [Decorations] CAPPING events from decorations provider vscode.git 3491
2024-03-03 20:51:11.437 [warning] [Decorations] CAPPING events from decorations provider vscode.git 3491
2024-03-03 20:51:16.540 [warning] [Decorations] CAPPING events from decorations provider vscode.git 3492
2024-03-03 20:51:21.656 [warning] [Decorations] CAPPING events from decorations provider vscode.git 3492
2024-03-03 20:51:27.378 [warning] [Decorations] CAPPING events from decorations provider vscode.git 3493
2024-03-03 20:51:32.535 [warning] [Decorations] CAPPING events from decorations provider vscode.git 3493
2024-03-03 20:51:37.652 [warning] [Decorations] CAPPING events from decorations provider vscode.git 3494
2024-03-03 20:51:42.770 [warning] [Decorations] CAPPING events from decorations provider vscode.git 3494
2024-03-03 20:51:47.907 [warning] [Decorations] CAPPING events from decorations provider vscode.git 3494
2024-03-03 20:51:53.029 [warning] [Decorations] CAPPING events from decorations provider vscode.git 3494
2024-03-03 20:52:03.492 [warning] [Decorations] CAPPING events from decorations provider vscode.git 3495
2024-03-03 20:52:08.662 [warning] [Decorations] CAPPING events from decorations provider vscode.git 3496
2024-03-03 20:52:13.777 [warning] [Decorations] CAPPING events from decorations provider vscode.git 3496
2024-03-03 20:52:18.892 [warning] [Decorations] CAPPING events from decorations provider vscode.git 3497
2024-03-03 20:52:24.012 [warning] [Decorations] CAPPING events from decorations provider vscode.git 3497
2024-03-03 20:52:37.023 [warning] [Decorations] CAPPING events from decorations provider vscode.git 3497
2024-03-03 20:52:42.142 [warning] [Decorations] CAPPING events from decorations provider vscode.git 3497
2024-03-03 20:52:47.258 [warning] [Decorations] CAPPING events from decorations provider vscode.git 3497
2024-03-03 20:52:52.377 [warning] [Decorations] CAPPING events from decorations provider vscode.git 3497
2024-03-03 20:52:57.514 [warning] [Decorations] CAPPING events from decorations provider vscode.git 3497
2024-03-03 20:53:02.627 [warning] [Decorations] CAPPING events from decorations provider vscode.git 3497
2024-03-03 20:53:07.762 [warning] [Decorations] CAPPING events from decorations provider vscode.git 3497
2024-03-03 20:53:12.877 [warning] [Decorations] CAPPING events from decorations provider vscode.git 3497
2024-03-03 20:53:18.021 [warning] [Decorations] CAPPING events from decorations provider vscode.git 3497
2024-03-03 20:53:35.277 [warning] [Decorations] CAPPING events from decorations provider vscode.git 3497
2024-03-03 20:53:40.399 [warning] [Decorations] CAPPING events from decorations provider vscode.git 3497
2024-03-03 20:53:45.508 [warning] [Decorations] CAPPING events from decorations provider vscode.git 3497
2024-03-03 20:53:50.634 [warning] [Decorations] CAPPING events from decorations provider vscode.git 3497
2024-03-03 20:57:07.015 [warning] [Decorations] CAPPING events from decorations provider vscode.git 3497
2024-03-03 20:57:12.131 [warning] [Decorations] CAPPING events from decorations provider vscode.git 3497
2024-03-03 20:57:17.281 [warning] [Decorations] CAPPING events from decorations provider vscode.git 3498
2024-03-03 20:57:22.502 [warning] [Decorations] CAPPING events from decorations provider vscode.git 3498
2024-03-03 20:57:28.154 [warning] [Decorations] CAPPING events from decorations provider vscode.git 3499
2024-03-03 20:57:33.274 [warning] [Decorations] CAPPING events from decorations provider vscode.git 3499
2024-03-03 20:57:38.399 [warning] [Decorations] CAPPING events from decorations provider vscode.git 3499
2024-03-03 20:57:43.527 [warning] [Decorations] CAPPING events from decorations provider vscode.git 3499
2024-03-03 20:57:48.651 [warning] [Decorations] CAPPING events from decorations provider vscode.git 3499
2024-03-03 20:57:53.780 [warning] [Decorations] CAPPING events from decorations provider vscode.git 3499
2024-03-03 20:58:19.572 [warning] [Decorations] CAPPING events from decorations provider vscode.git 3499
2024-03-03 20:58:24.690 [warning] [Decorations] CAPPING events from decorations provider vscode.git 3499
2024-03-03 20:58:29.796 [warning] [Decorations] CAPPING events from decorations provider vscode.git 3500
2024-03-03 20:58:39.405 [warning] [Decorations] CAPPING events from decorations provider vscode.git 3500
2024-03-03 20:59:05.192 [warning] [Decorations] CAPPING events from decorations provider vscode.git 3500
2024-03-03 20:59:10.293 [warning] [Decorations] CAPPING events from decorations provider vscode.git 3501
2024-03-03 20:59:15.429 [warning] [Decorations] CAPPING events from decorations provider vscode.git 3501
2024-03-03 20:59:20.547 [warning] [Decorations] CAPPING events from decorations provider vscode.git 3501
2024-03-03 20:59:25.667 [warning] [Decorations] CAPPING events from decorations provider vscode.git 3501
2024-03-03 20:59:30.780 [warning] [Decorations] CAPPING events from decorations provider vscode.git 3501
2024-03-03 20:59:35.887 [warning] [Decorations] CAPPING events from decorations provider vscode.git 3501
2024-03-03 20:59:41.011 [warning] [Decorations] CAPPING events from decorations provider vscode.git 3501
2024-03-03 20:59:46.141 [warning] [Decorations] CAPPING events from decorations provider vscode.git 3502
2024-03-03 20:59:51.294 [warning] [Decorations] CAPPING events from decorations provider vscode.git 3502
2024-03-03 20:59:57.779 [warning] [Decorations] CAPPING events from decorations provider vscode.git 3502
2024-03-03 21:00:02.910 [warning] [Decorations] CAPPING events from decorations provider vscode.git 3502
2024-03-03 21:00:08.030 [warning] [Decorations] CAPPING events from decorations provider vscode.git 3502
2024-03-03 21:00:13.135 [warning] [Decorations] CAPPING events from decorations provider vscode.git 3502
2024-03-03 21:00:18.261 [warning] [Decorations] CAPPING events from decorations provider vscode.git 3502
2024-03-03 21:00:23.373 [warning] [Decorations] CAPPING events from decorations provider vscode.git 3502
2024-03-03 21:00:28.487 [warning] [Decorations] CAPPING events from decorations provider vscode.git 3503
2024-03-03 21:00:33.601 [warning] [Decorations] CAPPING events from decorations provider vscode.git 3503
2024-03-03 21:00:38.720 [warning] [Decorations] CAPPING events from decorations provider vscode.git 3503
2024-03-03 21:00:43.855 [warning] [Decorations] CAPPING events from decorations provider vscode.git 3503
2024-03-03 21:00:48.980 [warning] [Decorations] CAPPING events from decorations provider vscode.git 3503
2024-03-03 21:00:54.133 [warning] [Decorations] CAPPING events from decorations provider vscode.git 3506
2024-03-03 21:01:01.571 [warning] [Decorations] CAPPING events from decorations provider vscode.git 3509
2024-03-03 21:01:06.679 [warning] [Decorations] CAPPING events from decorations provider vscode.git 3509
2024-03-03 21:02:26.078 [warning] [Decorations] CAPPING events from decorations provider vscode.git 3509
2024-03-03 21:02:31.186 [warning] [Decorations] CAPPING events from decorations provider vscode.git 3509
2024-03-03 21:02:36.305 [warning] [Decorations] CAPPING events from decorations provider vscode.git 3509
2024-03-03 21:02:41.435 [warning] [Decorations] CAPPING events from decorations provider vscode.git 3509
2024-03-03 21:02:46.552 [warning] [Decorations] CAPPING events from decorations provider vscode.git 3509
2024-03-03 21:02:51.658 [warning] [Decorations] CAPPING events from decorations provider vscode.git 3509
2024-03-03 21:02:56.761 [warning] [Decorations] CAPPING events from decorations provider vscode.git 3509
2024-03-03 21:03:03.217 [warning] [Decorations] CAPPING events from decorations provider vscode.git 3509
2024-03-03 21:03:08.329 [warning] [Decorations] CAPPING events from decorations provider vscode.git 3509
2024-03-03 21:03:13.448 [warning] [Decorations] CAPPING events from decorations provider vscode.git 3509
2024-03-03 21:03:27.233 [warning] [Decorations] CAPPING events from decorations provider vscode.git 3510
2024-03-03 21:03:32.357 [warning] [Decorations] CAPPING events from decorations provider vscode.git 3510
2024-03-03 21:03:37.479 [warning] [Decorations] CAPPING events from decorations provider vscode.git 3510
2024-03-03 21:03:42.613 [warning] [Decorations] CAPPING events from decorations provider vscode.git 3510
2024-03-03 21:03:47.747 [warning] [Decorations] CAPPING events from decorations provider vscode.git 3510
2024-03-03 21:03:52.851 [warning] [Decorations] CAPPING events from decorations provider vscode.git 3510
2024-03-03 21:03:57.977 [warning] [Decorations] CAPPING events from decorations provider vscode.git 3511
2024-03-03 21:04:03.096 [warning] [Decorations] CAPPING events from decorations provider vscode.git 3511
2024-03-03 21:04:10.558 [warning] [Decorations] CAPPING events from decorations provider vscode.git 3512
2024-03-03 21:04:15.686 [warning] [Decorations] CAPPING events from decorations provider vscode.git 3513
2024-03-03 21:04:20.791 [warning] [Decorations] CAPPING events from decorations provider vscode.git 3513
2024-03-03 21:04:25.918 [warning] [Decorations] CAPPING events from decorations provider vscode.git 3513
2024-03-03 21:04:31.036 [warning] [Decorations] CAPPING events from decorations provider vscode.git 3513
2024-03-03 21:04:36.159 [warning] [Decorations] CAPPING events from decorations provider vscode.git 3513
2024-03-03 21:04:41.277 [warning] [Decorations] CAPPING events from decorations provider vscode.git 3513
2024-03-03 21:04:46.609 [warning] [Decorations] CAPPING events from decorations provider vscode.git 3513
2024-03-03 21:04:51.781 [warning] [Decorations] CAPPING events from decorations provider vscode.git 3513
2024-03-03 21:04:56.907 [warning] [Decorations] CAPPING events from decorations provider vscode.git 3514
2024-03-03 21:05:02.019 [warning] [Decorations] CAPPING events from decorations provider vscode.git 3514
2024-03-03 21:05:07.500 [warning] [Decorations] CAPPING events from decorations provider vscode.git 3514
2024-03-03 21:05:12.604 [warning] [Decorations] CAPPING events from decorations provider vscode.git 3514
2024-03-03 21:05:18.492 [warning] [Decorations] CAPPING events from decorations provider vscode.git 3514
2024-03-03 21:05:23.592 [warning] [Decorations] CAPPING events from decorations provider vscode.git 3514
2024-03-03 21:05:28.696 [warning] [Decorations] CAPPING events from decorations provider vscode.git 3514
2024-03-03 21:05:33.815 [warning] [Decorations] CAPPING events from decorations provider vscode.git 3514
2024-03-03 21:05:38.940 [warning] [Decorations] CAPPING events from decorations provider vscode.git 3514
2024-03-03 21:05:44.046 [warning] [Decorations] CAPPING events from decorations provider vscode.git 3514
2024-03-03 21:05:49.174 [warning] [Decorations] CAPPING events from decorations provider vscode.git 3514
2024-03-03 21:05:54.647 [warning] [Decorations] CAPPING events from decorations provider vscode.git 3515
2024-03-03 21:05:59.767 [warning] [Decorations] CAPPING events from decorations provider vscode.git 3515
2024-03-03 21:06:04.901 [warning] [Decorations] CAPPING events from decorations provider vscode.git 3515
2024-03-03 21:06:10.013 [warning] [Decorations] CAPPING events from decorations provider vscode.git 3515
2024-03-03 21:06:15.130 [warning] [Decorations] CAPPING events from decorations provider vscode.git 3516
2024-03-03 21:06:20.261 [warning] [Decorations] CAPPING events from decorations provider vscode.git 3516
2024-03-03 21:06:25.381 [warning] [Decorations] CAPPING events from decorations provider vscode.git 3516
2024-03-03 21:06:30.520 [warning] [Decorations] CAPPING events from decorations provider vscode.git 3517
2024-03-03 21:06:35.622 [warning] [Decorations] CAPPING events from decorations provider vscode.git 3517
2024-03-03 21:06:42.119 [warning] [Decorations] CAPPING events from decorations provider vscode.git 3517
2024-03-03 21:06:47.242 [warning] [Decorations] CAPPING events from decorations provider vscode.git 3517
2024-03-03 21:06:54.081 [warning] [Decorations] CAPPING events from decorations provider vscode.git 3518
2024-03-03 21:06:59.187 [warning] [Decorations] CAPPING events from decorations provider vscode.git 3518
2024-03-03 21:07:04.303 [warning] [Decorations] CAPPING events from decorations provider vscode.git 3518
2024-03-03 21:07:09.417 [warning] [Decorations] CAPPING events from decorations provider vscode.git 3518
2024-03-03 21:07:14.561 [warning] [Decorations] CAPPING events from decorations provider vscode.git 3518
2024-03-03 21:07:19.663 [warning] [Decorations] CAPPING events from decorations provider vscode.git 3518
2024-03-03 21:07:28.145 [warning] [Decorations] CAPPING events from decorations provider vscode.git 3518
2024-03-03 21:07:33.315 [warning] [Decorations] CAPPING events from decorations provider vscode.git 3518
2024-03-03 21:07:38.460 [warning] [Decorations] CAPPING events from decorations provider vscode.git 3518
2024-03-03 21:07:43.581 [warning] [Decorations] CAPPING events from decorations provider vscode.git 3519
2024-03-03 21:07:48.699 [warning] [Decorations] CAPPING events from decorations provider vscode.git 3519
2024-03-03 21:07:53.801 [warning] [Decorations] CAPPING events from decorations provider vscode.git 3519
2024-03-03 21:07:58.911 [warning] [Decorations] CAPPING events from decorations provider vscode.git 3519
2024-03-03 21:08:04.034 [warning] [Decorations] CAPPING events from decorations provider vscode.git 3519
2024-03-03 21:08:09.171 [warning] [Decorations] CAPPING events from decorations provider vscode.git 3519
2024-03-03 21:08:14.293 [warning] [Decorations] CAPPING events from decorations provider vscode.git 3519
2024-03-03 21:08:19.412 [warning] [Decorations] CAPPING events from decorations provider vscode.git 3519
2024-03-03 21:08:24.515 [warning] [Decorations] CAPPING events from decorations provider vscode.git 3519
2024-03-03 21:08:29.624 [warning] [Decorations] CAPPING events from decorations provider vscode.git 3519
2024-03-03 21:08:34.744 [warning] [Decorations] CAPPING events from decorations provider vscode.git 3519
2024-03-03 21:08:39.862 [warning] [Decorations] CAPPING events from decorations provider vscode.git 3519
2024-03-03 21:08:44.981 [warning] [Decorations] CAPPING events from decorations provider vscode.git 3519
2024-03-03 21:08:50.114 [warning] [Decorations] CAPPING events from decorations provider vscode.git 3519
2024-03-03 21:08:55.237 [warning] [Decorations] CAPPING events from decorations provider vscode.git 3519
2024-03-03 21:09:00.346 [warning] [Decorations] CAPPING events from decorations provider vscode.git 3519
2024-03-03 21:09:06.719 [warning] [Decorations] CAPPING events from decorations provider vscode.git 3519
2024-03-03 21:09:11.836 [warning] [Decorations] CAPPING events from decorations provider vscode.git 3519
2024-03-03 21:09:16.959 [warning] [Decorations] CAPPING events from decorations provider vscode.git 3519
2024-03-03 21:09:22.063 [warning] [Decorations] CAPPING events from decorations provider vscode.git 3519
2024-03-03 21:09:27.176 [warning] [Decorations] CAPPING events from decorations provider vscode.git 3519
2024-03-03 21:09:32.285 [warning] [Decorations] CAPPING events from decorations provider vscode.git 3519
2024-03-03 21:09:37.516 [warning] [Decorations] CAPPING events from decorations provider vscode.git 3519
2024-03-03 21:09:42.639 [warning] [Decorations] CAPPING events from decorations provider vscode.git 3519
2024-03-03 21:09:47.853 [warning] [Decorations] CAPPING events from decorations provider vscode.git 3519
2024-03-03 21:09:52.962 [warning] [Decorations] CAPPING events from decorations provider vscode.git 3519
2024-03-03 21:09:58.088 [warning] [Decorations] CAPPING events from decorations provider vscode.git 3520
2024-03-03 21:10:03.216 [warning] [Decorations] CAPPING events from decorations provider vscode.git 3520
2024-03-03 21:11:52.399 [warning] [Decorations] CAPPING events from decorations provider vscode.git 3520
2024-03-03 21:11:57.526 [warning] [Decorations] CAPPING events from decorations provider vscode.git 3520
2024-03-03 21:12:02.642 [warning] [Decorations] CAPPING events from decorations provider vscode.git 3521
2024-03-03 21:12:07.784 [warning] [Decorations] CAPPING events from decorations provider vscode.git 3521
2024-03-03 21:12:12.909 [warning] [Decorations] CAPPING events from decorations provider vscode.git 3521
2024-03-03 21:12:18.043 [warning] [Decorations] CAPPING events from decorations provider vscode.git 3521
2024-03-03 21:12:23.146 [warning] [Decorations] CAPPING events from decorations provider vscode.git 3521
2024-03-03 21:12:28.250 [warning] [Decorations] CAPPING events from decorations provider vscode.git 3521
2024-03-03 21:12:56.376 [warning] [Decorations] CAPPING events from decorations provider vscode.git 3521
2024-03-03 21:13:01.491 [warning] [Decorations] CAPPING events from decorations provider vscode.git 3521
2024-03-03 21:13:20.297 [warning] [Decorations] CAPPING events from decorations provider vscode.git 3521
2024-03-03 21:13:25.435 [warning] [Decorations] CAPPING events from decorations provider vscode.git 3521
2024-03-03 21:13:30.551 [warning] [Decorations] CAPPING events from decorations provider vscode.git 3521
2024-03-03 21:13:35.667 [warning] [Decorations] CAPPING events from decorations provider vscode.git 3521
2024-03-03 21:13:40.785 [warning] [Decorations] CAPPING events from decorations provider vscode.git 3521
2024-03-03 21:13:46.961 [warning] [Decorations] CAPPING events from decorations provider vscode.git 3521
2024-03-03 21:13:52.085 [warning] [Decorations] CAPPING events from decorations provider vscode.git 3522
2024-03-03 21:13:57.186 [warning] [Decorations] CAPPING events from decorations provider vscode.git 3522
2024-03-03 21:14:18.785 [warning] [Decorations] CAPPING events from decorations provider vscode.git 3522
2024-03-03 21:14:23.908 [warning] [Decorations] CAPPING events from decorations provider vscode.git 3522
2024-03-03 21:14:29.045 [warning] [Decorations] CAPPING events from decorations provider vscode.git 3522
2024-03-03 21:14:38.523 [warning] [Decorations] CAPPING events from decorations provider vscode.git 3522
2024-03-03 21:14:43.670 [warning] [Decorations] CAPPING events from decorations provider vscode.git 3522
2024-03-03 21:14:50.108 [warning] [Decorations] CAPPING events from decorations provider vscode.git 3522
2024-03-03 21:14:55.230 [warning] [Decorations] CAPPING events from decorations provider vscode.git 3522
2024-03-03 21:15:00.355 [warning] [Decorations] CAPPING events from decorations provider vscode.git 3522
2024-03-03 21:15:05.478 [warning] [Decorations] CAPPING events from decorations provider vscode.git 3522
2024-03-03 21:15:10.614 [warning] [Decorations] CAPPING events from decorations provider vscode.git 3522
2024-03-03 21:15:15.734 [warning] [Decorations] CAPPING events from decorations provider vscode.git 3522
2024-03-03 21:15:46.954 [warning] [Decorations] CAPPING events from decorations provider vscode.git 3523
2024-03-03 21:15:52.073 [warning] [Decorations] CAPPING events from decorations provider vscode.git 3523
2024-03-03 21:15:57.205 [warning] [Decorations] CAPPING events from decorations provider vscode.git 3523
2024-03-03 21:16:02.311 [warning] [Decorations] CAPPING events from decorations provider vscode.git 3523
2024-03-03 21:16:07.437 [warning] [Decorations] CAPPING events from decorations provider vscode.git 3523
2024-03-03 21:16:12.987 [warning] [Decorations] CAPPING events from decorations provider vscode.git 3523
2024-03-03 21:16:18.101 [warning] [Decorations] CAPPING events from decorations provider vscode.git 3523
2024-03-03 21:16:23.225 [warning] [Decorations] CAPPING events from decorations provider vscode.git 3523
2024-03-03 21:16:28.350 [warning] [Decorations] CAPPING events from decorations provider vscode.git 3523
2024-03-03 21:16:33.475 [warning] [Decorations] CAPPING events from decorations provider vscode.git 3523
2024-03-03 21:16:38.979 [warning] [Decorations] CAPPING events from decorations provider vscode.git 3523
2024-03-03 21:16:44.118 [warning] [Decorations] CAPPING events from decorations provider vscode.git 3523
2024-03-03 21:16:49.220 [warning] [Decorations] CAPPING events from decorations provider vscode.git 3524
2024-03-03 21:17:07.521 [warning] [Decorations] CAPPING events from decorations provider vscode.git 3524
2024-03-03 21:17:16.556 [warning] [Decorations] CAPPING events from decorations provider vscode.git 3524
2024-03-03 21:17:21.691 [warning] [Decorations] CAPPING events from decorations provider vscode.git 3524
2024-03-03 21:17:26.822 [warning] [Decorations] CAPPING events from decorations provider vscode.git 3524
2024-03-03 21:17:32.318 [warning] [Decorations] CAPPING events from decorations provider vscode.git 3524
2024-03-03 21:17:40.974 [warning] [Decorations] CAPPING events from decorations provider vscode.git 3524
2024-03-03 21:17:46.156 [warning] [Decorations] CAPPING events from decorations provider vscode.git 3524
2024-03-03 21:18:57.422 [warning] [Decorations] CAPPING events from decorations provider vscode.git 3524
2024-03-03 21:19:58.251 [warning] [Decorations] CAPPING events from decorations provider vscode.git 3525
2024-03-03 21:20:19.917 [warning] [Decorations] CAPPING events from decorations provider vscode.git 3525
2024-03-03 21:20:28.993 [warning] [Decorations] CAPPING events from decorations provider vscode.git 3525
2024-03-03 21:20:34.096 [warning] [Decorations] CAPPING events from decorations provider vscode.git 3525
2024-03-03 21:20:39.214 [warning] [Decorations] CAPPING events from decorations provider vscode.git 3526
2024-03-03 21:21:13.829 [warning] [Decorations] CAPPING events from decorations provider vscode.git 3527
2024-03-03 21:21:18.989 [warning] [Decorations] CAPPING events from decorations provider vscode.git 3527
2024-03-03 21:21:24.125 [warning] [Decorations] CAPPING events from decorations provider vscode.git 3529
2024-03-03 21:21:29.568 [warning] [Decorations] CAPPING events from decorations provider vscode.git 3529
2024-03-03 21:21:34.679 [warning] [Decorations] CAPPING events from decorations provider vscode.git 3530
2024-03-03 21:21:39.813 [warning] [Decorations] CAPPING events from decorations provider vscode.git 3530
2024-03-03 21:21:44.915 [warning] [Decorations] CAPPING events from decorations provider vscode.git 3530
2024-03-03 21:21:57.833 [warning] [Decorations] CAPPING events from decorations provider vscode.git 3530
2024-03-03 21:22:02.997 [warning] [Decorations] CAPPING events from decorations provider vscode.git 3530
2024-03-03 21:22:08.105 [warning] [Decorations] CAPPING events from decorations provider vscode.git 3531
2024-03-03 21:22:13.209 [warning] [Decorations] CAPPING events from decorations provider vscode.git 3531
2024-03-03 21:22:18.322 [warning] [Decorations] CAPPING events from decorations provider vscode.git 3531
2024-03-03 21:22:23.459 [warning] [Decorations] CAPPING events from decorations provider vscode.git 3531
2024-03-03 21:22:28.563 [warning] [Decorations] CAPPING events from decorations provider vscode.git 3531
2024-03-03 21:22:33.669 [warning] [Decorations] CAPPING events from decorations provider vscode.git 3532
2024-03-03 21:23:47.773 [warning] [Decorations] CAPPING events from decorations provider vscode.git 3532
2024-03-03 21:23:52.887 [warning] [Decorations] CAPPING events from decorations provider vscode.git 3532
2024-03-03 21:23:59.390 [warning] [Decorations] CAPPING events from decorations provider vscode.git 3534
2024-03-03 21:24:04.501 [warning] [Decorations] CAPPING events from decorations provider vscode.git 3535
2024-03-03 21:24:23.548 [warning] [Decorations] CAPPING events from decorations provider vscode.git 3535
2024-03-03 21:24:28.768 [warning] [Decorations] CAPPING events from decorations provider vscode.git 3535
2024-03-03 21:24:46.254 [warning] [Decorations] CAPPING events from decorations provider vscode.git 3536
2024-03-03 21:24:51.372 [warning] [Decorations] CAPPING events from decorations provider vscode.git 3537
2024-03-03 21:24:56.492 [warning] [Decorations] CAPPING events from decorations provider vscode.git 3537
2024-03-03 21:25:01.599 [warning] [Decorations] CAPPING events from decorations provider vscode.git 3537
2024-03-03 21:25:06.740 [warning] [Decorations] CAPPING events from decorations provider vscode.git 3537
2024-03-03 21:25:11.848 [warning] [Decorations] CAPPING events from decorations provider vscode.git 3538
2024-03-03 21:25:16.966 [warning] [Decorations] CAPPING events from decorations provider vscode.git 3538
2024-03-03 21:25:22.069 [warning] [Decorations] CAPPING events from decorations provider vscode.git 3539
2024-03-03 21:25:27.184 [warning] [Decorations] CAPPING events from decorations provider vscode.git 3539
2024-03-03 21:25:32.303 [warning] [Decorations] CAPPING events from decorations provider vscode.git 3539
2024-03-03 21:25:37.416 [warning] [Decorations] CAPPING events from decorations provider vscode.git 3539
2024-03-03 21:25:42.523 [warning] [Decorations] CAPPING events from decorations provider vscode.git 3539
2024-03-03 21:25:48.999 [warning] [Decorations] CAPPING events from decorations provider vscode.git 3539
2024-03-03 21:25:54.125 [warning] [Decorations] CAPPING events from decorations provider vscode.git 3540
2024-03-03 21:26:07.692 [warning] [Decorations] CAPPING events from decorations provider vscode.git 3540
2024-03-03 21:26:12.818 [warning] [Decorations] CAPPING events from decorations provider vscode.git 3540
2024-03-03 21:26:17.923 [warning] [Decorations] CAPPING events from decorations provider vscode.git 3540
2024-03-03 21:26:23.038 [warning] [Decorations] CAPPING events from decorations provider vscode.git 3540
2024-03-03 21:26:28.163 [warning] [Decorations] CAPPING events from decorations provider vscode.git 3540
2024-03-03 21:26:33.272 [warning] [Decorations] CAPPING events from decorations provider vscode.git 3540
2024-03-03 21:26:38.393 [warning] [Decorations] CAPPING events from decorations provider vscode.git 3541
2024-03-03 21:26:43.500 [warning] [Decorations] CAPPING events from decorations provider vscode.git 3541
2024-03-03 21:26:48.600 [warning] [Decorations] CAPPING events from decorations provider vscode.git 3541
2024-03-03 21:26:53.720 [warning] [Decorations] CAPPING events from decorations provider vscode.git 3541
2024-03-03 21:26:59.248 [warning] [Decorations] CAPPING events from decorations provider vscode.git 3541
2024-03-03 21:27:04.387 [warning] [Decorations] CAPPING events from decorations provider vscode.git 3541
2024-03-03 21:27:18.749 [warning] [Decorations] CAPPING events from decorations provider vscode.git 3542
2024-03-03 21:27:28.940 [warning] [Decorations] CAPPING events from decorations provider vscode.git 3542
2024-03-03 21:27:34.050 [warning] [Decorations] CAPPING events from decorations provider vscode.git 3542
2024-03-03 21:27:39.188 [warning] [Decorations] CAPPING events from decorations provider vscode.git 3542
2024-03-03 21:27:44.307 [warning] [Decorations] CAPPING events from decorations provider vscode.git 3542
2024-03-03 21:27:49.464 [warning] [Decorations] CAPPING events from decorations provider vscode.git 3543
2024-03-03 21:27:54.628 [warning] [Decorations] CAPPING events from decorations provider vscode.git 3543
2024-03-03 21:27:59.753 [warning] [Decorations] CAPPING events from decorations provider vscode.git 3544
2024-03-03 21:28:04.892 [warning] [Decorations] CAPPING events from decorations provider vscode.git 3544
2024-03-03 21:28:10.022 [warning] [Decorations] CAPPING events from decorations provider vscode.git 3544
2024-03-03 21:28:15.188 [warning] [Decorations] CAPPING events from decorations provider vscode.git 3544
2024-03-03 21:28:20.283 [warning] [Decorations] CAPPING events from decorations provider vscode.git 3544
2024-03-03 21:28:25.390 [warning] [Decorations] CAPPING events from decorations provider vscode.git 3544
2024-03-03 21:28:30.534 [warning] [Decorations] CAPPING events from decorations provider vscode.git 3544
2024-03-03 21:28:35.680 [warning] [Decorations] CAPPING events from decorations provider vscode.git 3544
2024-03-03 21:28:40.838 [warning] [Decorations] CAPPING events from decorations provider vscode.git 3544
2024-03-03 21:28:45.955 [warning] [Decorations] CAPPING events from decorations provider vscode.git 3544
2024-03-03 21:28:51.074 [warning] [Decorations] CAPPING events from decorations provider vscode.git 3544
2024-03-03 21:28:56.208 [warning] [Decorations] CAPPING events from decorations provider vscode.git 3544
2024-03-03 21:29:01.320 [warning] [Decorations] CAPPING events from decorations provider vscode.git 3544
2024-03-03 21:29:06.434 [warning] [Decorations] CAPPING events from decorations provider vscode.git 3544
2024-03-03 21:29:11.551 [warning] [Decorations] CAPPING events from decorations provider vscode.git 3544
2024-03-03 21:29:18.016 [warning] [Decorations] CAPPING events from decorations provider vscode.git 3545
2024-03-03 21:29:23.125 [warning] [Decorations] CAPPING events from decorations provider vscode.git 3545
2024-03-03 21:29:28.245 [warning] [Decorations] CAPPING events from decorations provider vscode.git 3546
2024-03-03 21:29:33.352 [warning] [Decorations] CAPPING events from decorations provider vscode.git 3546
2024-03-03 21:29:38.467 [warning] [Decorations] CAPPING events from decorations provider vscode.git 3546
2024-03-03 21:29:43.585 [warning] [Decorations] CAPPING events from decorations provider vscode.git 3546
2024-03-03 21:29:50.068 [warning] [Decorations] CAPPING events from decorations provider vscode.git 3547
2024-03-03 21:29:58.986 [warning] [Decorations] CAPPING events from decorations provider vscode.git 3548
2024-03-03 21:30:04.090 [warning] [Decorations] CAPPING events from decorations provider vscode.git 3548
2024-03-03 21:30:09.209 [warning] [Decorations] CAPPING events from decorations provider vscode.git 3549
2024-03-03 21:30:17.837 [warning] [Decorations] CAPPING events from decorations provider vscode.git 3549
2024-03-03 21:30:22.953 [warning] [Decorations] CAPPING events from decorations provider vscode.git 3549
2024-03-03 21:30:28.066 [warning] [Decorations] CAPPING events from decorations provider vscode.git 3549
2024-03-03 21:30:33.223 [warning] [Decorations] CAPPING events from decorations provider vscode.git 3549
2024-03-03 21:30:38.332 [warning] [Decorations] CAPPING events from decorations provider vscode.git 3549
2024-03-03 21:30:43.450 [warning] [Decorations] CAPPING events from decorations provider vscode.git 3549
2024-03-03 21:30:48.684 [warning] [Decorations] CAPPING events from decorations provider vscode.git 3549
2024-03-03 21:30:53.838 [warning] [Decorations] CAPPING events from decorations provider vscode.git 3549
2024-03-03 21:30:58.971 [warning] [Decorations] CAPPING events from decorations provider vscode.git 3549
2024-03-03 21:31:04.088 [warning] [Decorations] CAPPING events from decorations provider vscode.git 3549
2024-03-03 21:31:09.212 [warning] [Decorations] CAPPING events from decorations provider vscode.git 3549
2024-03-03 21:31:14.341 [warning] [Decorations] CAPPING events from decorations provider vscode.git 3549
2024-03-03 21:31:19.455 [warning] [Decorations] CAPPING events from decorations provider vscode.git 3549
2024-03-03 21:31:24.565 [warning] [Decorations] CAPPING events from decorations provider vscode.git 3549
2024-03-03 21:31:29.677 [warning] [Decorations] CAPPING events from decorations provider vscode.git 3549
2024-03-03 21:31:34.793 [warning] [Decorations] CAPPING events from decorations provider vscode.git 3549
2024-03-03 21:31:39.910 [warning] [Decorations] CAPPING events from decorations provider vscode.git 3550
2024-03-03 21:31:45.037 [warning] [Decorations] CAPPING events from decorations provider vscode.git 3550
2024-03-03 21:31:50.148 [warning] [Decorations] CAPPING events from decorations provider vscode.git 3550
2024-03-03 21:31:58.686 [warning] [Decorations] CAPPING events from decorations provider vscode.git 3550
2024-03-03 21:32:03.791 [warning] [Decorations] CAPPING events from decorations provider vscode.git 3550
2024-03-03 21:32:08.905 [warning] [Decorations] CAPPING events from decorations provider vscode.git 3550
2024-03-03 21:32:14.647 [warning] [Decorations] CAPPING events from decorations provider vscode.git 3550
2024-03-03 21:32:19.750 [warning] [Decorations] CAPPING events from decorations provider vscode.git 3551
2024-03-03 21:32:26.649 [warning] [Decorations] CAPPING events from decorations provider vscode.git 3551
2024-03-03 21:32:31.778 [warning] [Decorations] CAPPING events from decorations provider vscode.git 3551
2024-03-03 21:32:36.897 [warning] [Decorations] CAPPING events from decorations provider vscode.git 3551
2024-03-03 21:32:42.030 [warning] [Decorations] CAPPING events from decorations provider vscode.git 3551
2024-03-03 21:32:49.669 [warning] [Decorations] CAPPING events from decorations provider vscode.git 3552
2024-03-03 21:32:54.775 [warning] [Decorations] CAPPING events from decorations provider vscode.git 3552
2024-03-03 21:32:59.888 [warning] [Decorations] CAPPING events from decorations provider vscode.git 3552
2024-03-03 21:33:05.048 [warning] [Decorations] CAPPING events from decorations provider vscode.git 3552
2024-03-03 21:33:11.510 [warning] [Decorations] CAPPING events from decorations provider vscode.git 3552
2024-03-03 21:33:16.626 [warning] [Decorations] CAPPING events from decorations provider vscode.git 3552
2024-03-03 21:33:22.000 [warning] [Decorations] CAPPING events from decorations provider vscode.git 3552
2024-03-03 21:33:27.119 [warning] [Decorations] CAPPING events from decorations provider vscode.git 3552
2024-03-03 21:33:32.240 [warning] [Decorations] CAPPING events from decorations provider vscode.git 3552
2024-03-03 21:33:37.373 [warning] [Decorations] CAPPING events from decorations provider vscode.git 3552
2024-03-03 21:33:42.483 [warning] [Decorations] CAPPING events from decorations provider vscode.git 3552
2024-03-03 21:33:47.619 [warning] [Decorations] CAPPING events from decorations provider vscode.git 3552
2024-03-03 21:33:52.749 [warning] [Decorations] CAPPING events from decorations provider vscode.git 3552
2024-03-03 21:34:03.208 [warning] [Decorations] CAPPING events from decorations provider vscode.git 3553
2024-03-03 21:34:09.182 [warning] [Decorations] CAPPING events from decorations provider vscode.git 3553
2024-03-03 21:34:16.208 [warning] [Decorations] CAPPING events from decorations provider vscode.git 3553
2024-03-03 21:34:21.313 [warning] [Decorations] CAPPING events from decorations provider vscode.git 3553
2024-03-03 21:34:26.416 [warning] [Decorations] CAPPING events from decorations provider vscode.git 3553
2024-03-03 21:34:31.525 [warning] [Decorations] CAPPING events from decorations provider vscode.git 3553
2024-03-03 21:34:36.653 [warning] [Decorations] CAPPING events from decorations provider vscode.git 3553
2024-03-03 21:34:41.760 [warning] [Decorations] CAPPING events from decorations provider vscode.git 3553
2024-03-03 21:34:46.907 [warning] [Decorations] CAPPING events from decorations provider vscode.git 3553
2024-03-03 21:34:52.060 [warning] [Decorations] CAPPING events from decorations provider vscode.git 3553
2024-03-03 21:34:57.220 [warning] [Decorations] CAPPING events from decorations provider vscode.git 3553
2024-03-03 21:35:02.343 [warning] [Decorations] CAPPING events from decorations provider vscode.git 3554
2024-03-03 21:35:07.476 [warning] [Decorations] CAPPING events from decorations provider vscode.git 3554
2024-03-03 21:35:12.580 [warning] [Decorations] CAPPING events from decorations provider vscode.git 3554
2024-03-03 21:35:17.716 [warning] [Decorations] CAPPING events from decorations provider vscode.git 3554
2024-03-03 21:35:22.830 [warning] [Decorations] CAPPING events from decorations provider vscode.git 3554
2024-03-03 21:35:27.997 [warning] [Decorations] CAPPING events from decorations provider vscode.git 3554
2024-03-03 21:35:33.108 [warning] [Decorations] CAPPING events from decorations provider vscode.git 3554
2024-03-03 21:35:38.231 [warning] [Decorations] CAPPING events from decorations provider vscode.git 3554
2024-03-03 21:35:43.365 [warning] [Decorations] CAPPING events from decorations provider vscode.git 3554
2024-03-03 21:35:48.478 [warning] [Decorations] CAPPING events from decorations provider vscode.git 3554
2024-03-03 21:35:53.612 [warning] [Decorations] CAPPING events from decorations provider vscode.git 3555
2024-03-03 21:35:58.763 [warning] [Decorations] CAPPING events from decorations provider vscode.git 3555
2024-03-03 21:36:03.869 [warning] [Decorations] CAPPING events from decorations provider vscode.git 3555
2024-03-03 21:36:08.999 [warning] [Decorations] CAPPING events from decorations provider vscode.git 3555
2024-03-03 21:36:14.477 [warning] [Decorations] CAPPING events from decorations provider vscode.git 3555
2024-03-03 21:36:20.564 [warning] [Decorations] CAPPING events from decorations provider vscode.git 3556
2024-03-03 21:36:25.711 [warning] [Decorations] CAPPING events from decorations provider vscode.git 3556
2024-03-03 21:36:30.824 [warning] [Decorations] CAPPING events from decorations provider vscode.git 3556
2024-03-03 21:36:35.946 [warning] [Decorations] CAPPING events from decorations provider vscode.git 3556
2024-03-03 21:36:41.121 [warning] [Decorations] CAPPING events from decorations provider vscode.git 3556
2024-03-03 21:36:50.116 [warning] [Decorations] CAPPING events from decorations provider vscode.git 3556
2024-03-03 21:36:55.233 [warning] [Decorations] CAPPING events from decorations provider vscode.git 3557
2024-03-03 21:37:08.818 [warning] [Decorations] CAPPING events from decorations provider vscode.git 3557
2024-03-03 21:37:13.931 [warning] [Decorations] CAPPING events from decorations provider vscode.git 3557
2024-03-03 21:37:19.047 [warning] [Decorations] CAPPING events from decorations provider vscode.git 3557
2024-03-03 21:37:24.154 [warning] [Decorations] CAPPING events from decorations provider vscode.git 3557
2024-03-03 21:37:29.283 [warning] [Decorations] CAPPING events from decorations provider vscode.git 3557
2024-03-03 21:37:34.401 [warning] [Decorations] CAPPING events from decorations provider vscode.git 3557
2024-03-03 21:37:39.513 [warning] [Decorations] CAPPING events from decorations provider vscode.git 3557
2024-03-03 21:37:44.655 [warning] [Decorations] CAPPING events from decorations provider vscode.git 3557
2024-03-03 21:37:49.769 [warning] [Decorations] CAPPING events from decorations provider vscode.git 3557
2024-03-03 21:37:54.890 [warning] [Decorations] CAPPING events from decorations provider vscode.git 3557
2024-03-03 21:38:00.020 [warning] [Decorations] CAPPING events from decorations provider vscode.git 3557
2024-03-03 21:38:23.604 [warning] [Decorations] CAPPING events from decorations provider vscode.git 3557
2024-03-03 21:38:28.724 [warning] [Decorations] CAPPING events from decorations provider vscode.git 3557
2024-03-03 21:38:41.355 [warning] [Decorations] CAPPING events from decorations provider vscode.git 3557
2024-03-03 21:38:46.471 [warning] [Decorations] CAPPING events from decorations provider vscode.git 3557
2024-03-03 21:38:58.207 [warning] [Decorations] CAPPING events from decorations provider vscode.git 3557
2024-03-03 21:39:03.336 [warning] [Decorations] CAPPING events from decorations provider vscode.git 3557
2024-03-03 21:39:47.780 [warning] [Decorations] CAPPING events from decorations provider vscode.git 3557
2024-03-03 21:39:52.919 [warning] [Decorations] CAPPING events from decorations provider vscode.git 3557
2024-03-03 21:39:58.033 [warning] [Decorations] CAPPING events from decorations provider vscode.git 3557
2024-03-03 21:40:47.824 [warning] [Decorations] CAPPING events from decorations provider vscode.git 3557
2024-03-03 21:40:52.928 [warning] [Decorations] CAPPING events from decorations provider vscode.git 3558
2024-03-03 21:40:58.132 [warning] [Decorations] CAPPING events from decorations provider vscode.git 3558
2024-03-03 21:41:26.119 [warning] [Decorations] CAPPING events from decorations provider vscode.git 3558
2024-03-03 21:41:31.257 [warning] [Decorations] CAPPING events from decorations provider vscode.git 3558
2024-03-03 21:43:14.749 [warning] [Decorations] CAPPING events from decorations provider vscode.git 3559
2024-03-03 21:43:19.990 [warning] [Decorations] CAPPING events from decorations provider vscode.git 3559
2024-03-03 21:43:25.111 [warning] [Decorations] CAPPING events from decorations provider vscode.git 3559
2024-03-03 21:43:30.248 [warning] [Decorations] CAPPING events from decorations provider vscode.git 3560
2024-03-03 21:44:25.601 [warning] [Decorations] CAPPING events from decorations provider vscode.git 3560
2024-03-03 21:45:41.483 [warning] [Decorations] CAPPING events from decorations provider vscode.git 3560
2024-03-03 21:45:46.600 [warning] [Decorations] CAPPING events from decorations provider vscode.git 3560
2024-03-03 21:45:51.724 [warning] [Decorations] CAPPING events from decorations provider vscode.git 3560
2024-03-03 21:46:06.013 [warning] [Decorations] CAPPING events from decorations provider vscode.git 3560
2024-03-03 21:46:11.138 [warning] [Decorations] CAPPING events from decorations provider vscode.git 3560
2024-03-03 21:46:16.262 [warning] [Decorations] CAPPING events from decorations provider vscode.git 3560
2024-03-03 21:46:21.377 [warning] [Decorations] CAPPING events from decorations provider vscode.git 3560
2024-03-03 21:46:26.477 [warning] [Decorations] CAPPING events from decorations provider vscode.git 3561
2024-03-03 21:46:44.968 [warning] [Decorations] CAPPING events from decorations provider vscode.git 3561
2024-03-03 21:46:50.110 [warning] [Decorations] CAPPING events from decorations provider vscode.git 3561
2024-03-03 21:46:55.231 [warning] [Decorations] CAPPING events from decorations provider vscode.git 3561
2024-03-03 21:47:00.345 [warning] [Decorations] CAPPING events from decorations provider vscode.git 3561
2024-03-03 21:47:05.482 [warning] [Decorations] CAPPING events from decorations provider vscode.git 3561
2024-03-03 21:47:10.613 [warning] [Decorations] CAPPING events from decorations provider vscode.git 3561
2024-03-03 21:47:15.752 [warning] [Decorations] CAPPING events from decorations provider vscode.git 3561
2024-03-03 21:47:20.870 [warning] [Decorations] CAPPING events from decorations provider vscode.git 3561
2024-03-03 21:47:28.602 [warning] [Decorations] CAPPING events from decorations provider vscode.git 3561
2024-03-03 21:47:33.737 [warning] [Decorations] CAPPING events from decorations provider vscode.git 3561
2024-03-03 21:47:38.865 [warning] [Decorations] CAPPING events from decorations provider vscode.git 3561
2024-03-03 21:47:43.976 [warning] [Decorations] CAPPING events from decorations provider vscode.git 3561
2024-03-03 21:47:49.116 [warning] [Decorations] CAPPING events from decorations provider vscode.git 3561
2024-03-03 21:47:54.228 [warning] [Decorations] CAPPING events from decorations provider vscode.git 3561
2024-03-03 21:47:59.388 [warning] [Decorations] CAPPING events from decorations provider vscode.git 3561
2024-03-03 21:48:04.543 [warning] [Decorations] CAPPING events from decorations provider vscode.git 3561
2024-03-03 21:48:09.659 [warning] [Decorations] CAPPING events from decorations provider vscode.git 3561
2024-03-03 21:48:14.776 [warning] [Decorations] CAPPING events from decorations provider vscode.git 3561
2024-03-03 21:48:19.925 [warning] [Decorations] CAPPING events from decorations provider vscode.git 3561
2024-03-03 21:48:25.042 [warning] [Decorations] CAPPING events from decorations provider vscode.git 3561
2024-03-03 21:48:30.194 [warning] [Decorations] CAPPING events from decorations provider vscode.git 3561
2024-03-03 21:49:05.815 [warning] [Decorations] CAPPING events from decorations provider vscode.git 3561
2024-03-03 21:49:10.954 [warning] [Decorations] CAPPING events from decorations provider vscode.git 3561
2024-03-03 21:49:16.097 [warning] [Decorations] CAPPING events from decorations provider vscode.git 3562
2024-03-03 21:49:21.221 [warning] [Decorations] CAPPING events from decorations provider vscode.git 3562
2024-03-03 21:49:27.033 [warning] [Decorations] CAPPING events from decorations provider vscode.git 3562
2024-03-03 21:49:32.155 [warning] [Decorations] CAPPING events from decorations provider vscode.git 3562
2024-03-03 21:49:37.346 [warning] [Decorations] CAPPING events from decorations provider vscode.git 3562
2024-03-03 21:49:44.036 [warning] [Decorations] CAPPING events from decorations provider vscode.git 3563
2024-03-03 21:49:49.152 [warning] [Decorations] CAPPING events from decorations provider vscode.git 3562
2024-03-03 21:49:54.277 [warning] [Decorations] CAPPING events from decorations provider vscode.git 3562
2024-03-03 21:50:00.635 [warning] [Decorations] CAPPING events from decorations provider vscode.git 3562
2024-03-03 21:50:06.167 [warning] [Decorations] CAPPING events from decorations provider vscode.git 3562
2024-03-03 21:50:30.114 [warning] [Decorations] CAPPING events from decorations provider vscode.git 3563
2024-03-03 21:50:35.249 [warning] [Decorations] CAPPING events from decorations provider vscode.git 3563
2024-03-03 21:50:40.367 [warning] [Decorations] CAPPING events from decorations provider vscode.git 3563
2024-03-03 21:50:45.488 [warning] [Decorations] CAPPING events from decorations provider vscode.git 3563
2024-03-03 21:50:50.601 [warning] [Decorations] CAPPING events from decorations provider vscode.git 3563
2024-03-03 21:50:55.789 [warning] [Decorations] CAPPING events from decorations provider vscode.git 3563
2024-03-03 21:51:00.970 [warning] [Decorations] CAPPING events from decorations provider vscode.git 3563
2024-03-03 21:51:06.129 [warning] [Decorations] CAPPING events from decorations provider vscode.git 3563
2024-03-03 21:51:11.322 [warning] [Decorations] CAPPING events from decorations provider vscode.git 3563
2024-03-03 21:51:16.482 [warning] [Decorations] CAPPING events from decorations provider vscode.git 3563
2024-03-03 21:51:21.651 [warning] [Decorations] CAPPING events from decorations provider vscode.git 3563
2024-03-03 21:53:24.224 [warning] [Decorations] CAPPING events from decorations provider vscode.git 3564
2024-03-03 21:53:29.364 [warning] [Decorations] CAPPING events from decorations provider vscode.git 3564
2024-03-03 21:53:34.539 [warning] [Decorations] CAPPING events from decorations provider vscode.git 3565
2024-03-03 21:53:43.517 [warning] [Decorations] CAPPING events from decorations provider vscode.git 3565
2024-03-03 21:53:51.859 [warning] [Decorations] CAPPING events from decorations provider vscode.git 3565
2024-03-03 21:53:57.088 [warning] [Decorations] CAPPING events from decorations provider vscode.git 3565
2024-03-03 21:54:13.107 [warning] [Decorations] CAPPING events from decorations provider vscode.git 3566
2024-03-03 21:54:18.331 [warning] [Decorations] CAPPING events from decorations provider vscode.git 3566
2024-03-03 21:54:23.448 [warning] [Decorations] CAPPING events from decorations provider vscode.git 3566
2024-03-03 21:54:28.609 [warning] [Decorations] CAPPING events from decorations provider vscode.git 3567
2024-03-03 21:54:33.797 [warning] [Decorations] CAPPING events from decorations provider vscode.git 3567
2024-03-03 21:54:38.978 [warning] [Decorations] CAPPING events from decorations provider vscode.git 3567
2024-03-03 21:54:44.150 [warning] [Decorations] CAPPING events from decorations provider vscode.git 3567
2024-03-03 21:54:49.288 [warning] [Decorations] CAPPING events from decorations provider vscode.git 3567
2024-03-03 21:54:54.506 [warning] [Decorations] CAPPING events from decorations provider vscode.git 3567
2024-03-03 21:55:03.176 [warning] [Decorations] CAPPING events from decorations provider vscode.git 3567
2024-03-03 21:55:08.433 [warning] [Decorations] CAPPING events from decorations provider vscode.git 3567
2024-03-03 21:55:46.217 [warning] [Decorations] CAPPING events from decorations provider vscode.git 3567
2024-03-03 21:56:06.996 [warning] [Decorations] CAPPING events from decorations provider vscode.git 3568
2024-03-03 21:56:12.209 [warning] [Decorations] CAPPING events from decorations provider vscode.git 3569
2024-03-03 21:56:17.373 [warning] [Decorations] CAPPING events from decorations provider vscode.git 3569
2024-03-03 21:56:49.368 [warning] [Decorations] CAPPING events from decorations provider vscode.git 3569
2024-03-03 21:56:54.525 [warning] [Decorations] CAPPING events from decorations provider vscode.git 3569
2024-03-03 21:57:16.745 [warning] [Decorations] CAPPING events from decorations provider vscode.git 3570
2024-03-03 21:57:30.404 [warning] [Decorations] CAPPING events from decorations provider vscode.git 3571
2024-03-03 21:57:35.569 [warning] [Decorations] CAPPING events from decorations provider vscode.git 3571
2024-03-03 21:57:40.744 [warning] [Decorations] CAPPING events from decorations provider vscode.git 3572
2024-03-03 21:57:47.352 [warning] [Decorations] CAPPING events from decorations provider vscode.git 3571
2024-03-03 21:57:52.577 [warning] [Decorations] CAPPING events from decorations provider vscode.git 3571
2024-03-03 21:58:21.318 [warning] [Decorations] CAPPING events from decorations provider vscode.git 3571
2024-03-03 21:58:26.456 [warning] [Decorations] CAPPING events from decorations provider vscode.git 3572
2024-03-03 21:59:14.585 [warning] [Decorations] CAPPING events from decorations provider vscode.git 3572
2024-03-03 21:59:19.768 [warning] [Decorations] CAPPING events from decorations provider vscode.git 3572
2024-03-03 21:59:35.907 [warning] [Decorations] CAPPING events from decorations provider vscode.git 3571
2024-03-03 21:59:41.089 [warning] [Decorations] CAPPING events from decorations provider vscode.git 3571
2024-03-03 21:59:46.591 [warning] [Decorations] CAPPING events from decorations provider vscode.git 3571
2024-03-03 22:24:54.745 [warning] [Decorations] CAPPING events from decorations provider vscode.git 3571
2024-03-03 22:24:59.892 [warning] [Decorations] CAPPING events from decorations provider vscode.git 3571
2024-03-03 22:25:43.588 [warning] [Decorations] CAPPING events from decorations provider vscode.git 3571
2024-03-03 22:26:12.380 [warning] [Decorations] CAPPING events from decorations provider vscode.git 3572
2024-03-03 22:26:17.588 [warning] [Decorations] CAPPING events from decorations provider vscode.git 3571
2024-03-03 22:26:22.727 [warning] [Decorations] CAPPING events from decorations provider vscode.git 3571
2024-03-03 22:26:27.907 [warning] [Decorations] CAPPING events from decorations provider vscode.git 3571
2024-03-03 22:26:33.153 [warning] [Decorations] CAPPING events from decorations provider vscode.git 3571
2024-03-03 22:26:38.314 [warning] [Decorations] CAPPING events from decorations provider vscode.git 3571
2024-03-03 22:26:43.458 [warning] [Decorations] CAPPING events from decorations provider vscode.git 3571
2024-03-03 22:26:48.619 [warning] [Decorations] CAPPING events from decorations provider vscode.git 3571
2024-03-03 22:26:53.751 [warning] [Decorations] CAPPING events from decorations provider vscode.git 3571
2024-03-03 22:26:58.915 [warning] [Decorations] CAPPING events from decorations provider vscode.git 3571
2024-03-03 22:27:04.422 [warning] [Decorations] CAPPING events from decorations provider vscode.git 3571
2024-03-03 22:27:09.620 [warning] [Decorations] CAPPING events from decorations provider vscode.git 3571
2024-03-03 22:27:16.452 [warning] [Decorations] CAPPING events from decorations provider vscode.git 3571
2024-03-03 22:27:21.587 [warning] [Decorations] CAPPING events from decorations provider vscode.git 3571
2024-03-03 22:27:26.722 [warning] [Decorations] CAPPING events from decorations provider vscode.git 3571
2024-03-03 22:27:31.915 [warning] [Decorations] CAPPING events from decorations provider vscode.git 3571
2024-03-03 22:27:37.097 [warning] [Decorations] CAPPING events from decorations provider vscode.git 3571
2024-03-03 23:11:11.682 [warning] [Decorations] CAPPING events from decorations provider vscode.git 3571
2024-03-04 14:06:11.158 [info] Extension host terminating: received terminate message from renderer
2024-03-04 14:06:11.170 [info] Lock '/home/akraaam_kh/.vscode-server/data/User/workspaceStorage/aab43a72942d0c30cbbbacde874c7c05/vscode.lock': Marking the lockfile as scheduled to be released in 6000 ms.
2024-03-04 14:06:11.605 [error] Canceled: Canceled
	at new $ (/home/akraaam_kh/.vscode-server/bin/019f4d1419fbc8219a181fab7892ebccf7ee29a2/out/vs/workbench/api/node/extensionHostProcess.js:140:45885)
	at s.U (/home/akraaam_kh/.vscode-server/bin/019f4d1419fbc8219a181fab7892ebccf7ee29a2/out/vs/workbench/api/node/extensionHostProcess.js:147:5556)
	at z.<computed>.T.charCodeAt.z.<computed> (/home/akraaam_kh/.vscode-server/bin/019f4d1419fbc8219a181fab7892ebccf7ee29a2/out/vs/workbench/api/node/extensionHostProcess.js:147:3007)
	at u.g (/home/akraaam_kh/.vscode-server/bin/019f4d1419fbc8219a181fab7892ebccf7ee29a2/out/vs/workbench/api/node/extensionHostProcess.js:150:184415)
	at u.executeCommand (/home/akraaam_kh/.vscode-server/bin/019f4d1419fbc8219a181fab7892ebccf7ee29a2/out/vs/workbench/api/node/extensionHostProcess.js:150:183853)
	at f.registerCommand.description (/home/akraaam_kh/.vscode-server/bin/019f4d1419fbc8219a181fab7892ebccf7ee29a2/out/vs/workbench/api/node/extensionHostProcess.js:150:183177)
	at u.h (/home/akraaam_kh/.vscode-server/bin/019f4d1419fbc8219a181fab7892ebccf7ee29a2/out/vs/workbench/api/node/extensionHostProcess.js:150:184954)
	at u.g (/home/akraaam_kh/.vscode-server/bin/019f4d1419fbc8219a181fab7892ebccf7ee29a2/out/vs/workbench/api/node/extensionHostProcess.js:150:183946)
	at u.executeCommand (/home/akraaam_kh/.vscode-server/bin/019f4d1419fbc8219a181fab7892ebccf7ee29a2/out/vs/workbench/api/node/extensionHostProcess.js:150:183853)
	at Object.executeCommand (/home/akraaam_kh/.vscode-server/bin/019f4d1419fbc8219a181fab7892ebccf7ee29a2/out/vs/workbench/api/node/extensionHostProcess.js:160:21654)
	at p.O [as value] (/home/akraaam_kh/.vscode-server/bin/019f4d1419fbc8219a181fab7892ebccf7ee29a2/extensions/git/dist/main.js:2:943479)
	at n.y (/home/akraaam_kh/.vscode-server/bin/019f4d1419fbc8219a181fab7892ebccf7ee29a2/out/vs/workbench/api/node/extensionHostProcess.js:80:1902)
	at n.z (/home/akraaam_kh/.vscode-server/bin/019f4d1419fbc8219a181fab7892ebccf7ee29a2/out/vs/workbench/api/node/extensionHostProcess.js:80:1972)
	at n.fire (/home/akraaam_kh/.vscode-server/bin/019f4d1419fbc8219a181fab7892ebccf7ee29a2/out/vs/workbench/api/node/extensionHostProcess.js:80:2188)
	at Object.m [as dispose] (/home/akraaam_kh/.vscode-server/bin/019f4d1419fbc8219a181fab7892ebccf7ee29a2/extensions/git/dist/main.js:2:962791)
	at /home/akraaam_kh/.vscode-server/bin/019f4d1419fbc8219a181fab7892ebccf7ee29a2/extensions/git/dist/main.js:2:968825
	at Array.forEach (<anonymous>)
	at f.dispose (/home/akraaam_kh/.vscode-server/bin/019f4d1419fbc8219a181fab7892ebccf7ee29a2/extensions/git/dist/main.js:2:968811)
	at l.<anonymous> (/home/akraaam_kh/.vscode-server/bin/019f4d1419fbc8219a181fab7892ebccf7ee29a2/out/vs/workbench/api/node/extensionHostProcess.js:148:3704)
	at l.dispose (/home/akraaam_kh/.vscode-server/bin/019f4d1419fbc8219a181fab7892ebccf7ee29a2/out/vs/workbench/api/node/extensionHostProcess.js:148:3801)
	at l.<anonymous> (/home/akraaam_kh/.vscode-server/bin/019f4d1419fbc8219a181fab7892ebccf7ee29a2/extensions/git/dist/main.js:2:945736)
	at l.dispose (/home/akraaam_kh/.vscode-server/bin/019f4d1419fbc8219a181fab7892ebccf7ee29a2/out/vs/workbench/api/node/extensionHostProcess.js:148:3801)
	at o (/home/akraaam_kh/.vscode-server/bin/019f4d1419fbc8219a181fab7892ebccf7ee29a2/out/vs/workbench/api/node/extensionHostProcess.js:30:754)
	at p.cb (/home/akraaam_kh/.vscode-server/bin/019f4d1419fbc8219a181fab7892ebccf7ee29a2/out/vs/workbench/api/node/extensionHostProcess.js:156:9882)
	at /home/akraaam_kh/.vscode-server/bin/019f4d1419fbc8219a181fab7892ebccf7ee29a2/out/vs/workbench/api/node/extensionHostProcess.js:156:7816
	at Array.map (<anonymous>)
	at p.Y (/home/akraaam_kh/.vscode-server/bin/019f4d1419fbc8219a181fab7892ebccf7ee29a2/out/vs/workbench/api/node/extensionHostProcess.js:156:7803)
	at p.terminate (/home/akraaam_kh/.vscode-server/bin/019f4d1419fbc8219a181fab7892ebccf7ee29a2/out/vs/workbench/api/node/extensionHostProcess.js:156:8076)
	at o.terminate (/home/akraaam_kh/.vscode-server/bin/019f4d1419fbc8219a181fab7892ebccf7ee29a2/out/vs/workbench/api/node/extensionHostProcess.js:160:1513)
	at t (/home/akraaam_kh/.vscode-server/bin/019f4d1419fbc8219a181fab7892ebccf7ee29a2/out/vs/workbench/api/node/extensionHostProcess.js:173:9949)
	at p.value (/home/akraaam_kh/.vscode-server/bin/019f4d1419fbc8219a181fab7892ebccf7ee29a2/out/vs/workbench/api/node/extensionHostProcess.js:173:7996)
	at n.y (/home/akraaam_kh/.vscode-server/bin/019f4d1419fbc8219a181fab7892ebccf7ee29a2/out/vs/workbench/api/node/extensionHostProcess.js:80:1902)
	at n.fire (/home/akraaam_kh/.vscode-server/bin/019f4d1419fbc8219a181fab7892ebccf7ee29a2/out/vs/workbench/api/node/extensionHostProcess.js:80:2119)
	at r.fire (/home/akraaam_kh/.vscode-server/bin/019f4d1419fbc8219a181fab7892ebccf7ee29a2/out/vs/workbench/api/node/extensionHostProcess.js:105:14091)
	at u.z (/home/akraaam_kh/.vscode-server/bin/019f4d1419fbc8219a181fab7892ebccf7ee29a2/out/vs/workbench/api/node/extensionHostProcess.js:105:17156)
	at p.value (/home/akraaam_kh/.vscode-server/bin/019f4d1419fbc8219a181fab7892ebccf7ee29a2/out/vs/workbench/api/node/extensionHostProcess.js:105:16561)
	at n.y (/home/akraaam_kh/.vscode-server/bin/019f4d1419fbc8219a181fab7892ebccf7ee29a2/out/vs/workbench/api/node/extensionHostProcess.js:80:1902)
	at n.fire (/home/akraaam_kh/.vscode-server/bin/019f4d1419fbc8219a181fab7892ebccf7ee29a2/out/vs/workbench/api/node/extensionHostProcess.js:80:2119)
	at p.acceptChunk (/home/akraaam_kh/.vscode-server/bin/019f4d1419fbc8219a181fab7892ebccf7ee29a2/out/vs/workbench/api/node/extensionHostProcess.js:105:11865)
	at p.value (/home/akraaam_kh/.vscode-server/bin/019f4d1419fbc8219a181fab7892ebccf7ee29a2/out/vs/workbench/api/node/extensionHostProcess.js:105:11152)
	at n.y (/home/akraaam_kh/.vscode-server/bin/019f4d1419fbc8219a181fab7892ebccf7ee29a2/out/vs/workbench/api/node/extensionHostProcess.js:80:1902)
	at n.fire (/home/akraaam_kh/.vscode-server/bin/019f4d1419fbc8219a181fab7892ebccf7ee29a2/out/vs/workbench/api/node/extensionHostProcess.js:80:2119)
	at n.z (/home/akraaam_kh/.vscode-server/bin/019f4d1419fbc8219a181fab7892ebccf7ee29a2/out/vs/workbench/api/node/extensionHostProcess.js:170:19768)
	at n.acceptFrame (/home/akraaam_kh/.vscode-server/bin/019f4d1419fbc8219a181fab7892ebccf7ee29a2/out/vs/workbench/api/node/extensionHostProcess.js:170:19574)
	at i.n (/home/akraaam_kh/.vscode-server/bin/019f4d1419fbc8219a181fab7892ebccf7ee29a2/out/vs/workbench/api/node/extensionHostProcess.js:170:18073)
	at /home/akraaam_kh/.vscode-server/bin/019f4d1419fbc8219a181fab7892ebccf7ee29a2/out/vs/workbench/api/node/extensionHostProcess.js:170:15293
	at Socket.y (/home/akraaam_kh/.vscode-server/bin/019f4d1419fbc8219a181fab7892ebccf7ee29a2/out/vs/workbench/api/node/extensionHostProcess.js:170:13198)
	at Socket.emit (node:events:514:28)
	at addChunk (node:internal/streams/readable:324:12)
	at readableAddChunk (node:internal/streams/readable:297:9)
	at Readable.push (node:internal/streams/readable:234:10)
	at TCP.onStreamRead (node:internal/stream_base_commons:190:23) setContext undefined
2024-03-04 14:06:11.609 [error] Canceled: Canceled
	at new $ (/home/akraaam_kh/.vscode-server/bin/019f4d1419fbc8219a181fab7892ebccf7ee29a2/out/vs/workbench/api/node/extensionHostProcess.js:140:45885)
	at s.U (/home/akraaam_kh/.vscode-server/bin/019f4d1419fbc8219a181fab7892ebccf7ee29a2/out/vs/workbench/api/node/extensionHostProcess.js:147:5556)
	at z.<computed>.T.charCodeAt.z.<computed> (/home/akraaam_kh/.vscode-server/bin/019f4d1419fbc8219a181fab7892ebccf7ee29a2/out/vs/workbench/api/node/extensionHostProcess.js:147:3007)
	at u.g (/home/akraaam_kh/.vscode-server/bin/019f4d1419fbc8219a181fab7892ebccf7ee29a2/out/vs/workbench/api/node/extensionHostProcess.js:150:184415)
	at u.executeCommand (/home/akraaam_kh/.vscode-server/bin/019f4d1419fbc8219a181fab7892ebccf7ee29a2/out/vs/workbench/api/node/extensionHostProcess.js:150:183853)
	at f.registerCommand.description (/home/akraaam_kh/.vscode-server/bin/019f4d1419fbc8219a181fab7892ebccf7ee29a2/out/vs/workbench/api/node/extensionHostProcess.js:150:183177)
	at u.h (/home/akraaam_kh/.vscode-server/bin/019f4d1419fbc8219a181fab7892ebccf7ee29a2/out/vs/workbench/api/node/extensionHostProcess.js:150:184954)
	at u.g (/home/akraaam_kh/.vscode-server/bin/019f4d1419fbc8219a181fab7892ebccf7ee29a2/out/vs/workbench/api/node/extensionHostProcess.js:150:183946)
	at u.executeCommand (/home/akraaam_kh/.vscode-server/bin/019f4d1419fbc8219a181fab7892ebccf7ee29a2/out/vs/workbench/api/node/extensionHostProcess.js:150:183853)
	at Object.executeCommand (/home/akraaam_kh/.vscode-server/bin/019f4d1419fbc8219a181fab7892ebccf7ee29a2/out/vs/workbench/api/node/extensionHostProcess.js:160:21654)
	at set hasGitHubRepositories [as hasGitHubRepositories] (/home/akraaam_kh/.vscode-server/bin/019f4d1419fbc8219a181fab7892ebccf7ee29a2/extensions/github/dist/extension.js:2:325214)
	at /home/akraaam_kh/.vscode-server/bin/019f4d1419fbc8219a181fab7892ebccf7ee29a2/extensions/github/dist/extension.js:2:326173
	at p.value (/home/akraaam_kh/.vscode-server/bin/019f4d1419fbc8219a181fab7892ebccf7ee29a2/extensions/git/dist/main.js:2:1050811)
	at n.y (/home/akraaam_kh/.vscode-server/bin/019f4d1419fbc8219a181fab7892ebccf7ee29a2/out/vs/workbench/api/node/extensionHostProcess.js:80:1902)
	at n.z (/home/akraaam_kh/.vscode-server/bin/019f4d1419fbc8219a181fab7892ebccf7ee29a2/out/vs/workbench/api/node/extensionHostProcess.js:80:1972)
	at n.fire (/home/akraaam_kh/.vscode-server/bin/019f4d1419fbc8219a181fab7892ebccf7ee29a2/out/vs/workbench/api/node/extensionHostProcess.js:80:2188)
	at Object.m [as dispose] (/home/akraaam_kh/.vscode-server/bin/019f4d1419fbc8219a181fab7892ebccf7ee29a2/extensions/git/dist/main.js:2:962791)
	at /home/akraaam_kh/.vscode-server/bin/019f4d1419fbc8219a181fab7892ebccf7ee29a2/extensions/git/dist/main.js:2:968825
	at Array.forEach (<anonymous>)
	at f.dispose (/home/akraaam_kh/.vscode-server/bin/019f4d1419fbc8219a181fab7892ebccf7ee29a2/extensions/git/dist/main.js:2:968811)
	at l.<anonymous> (/home/akraaam_kh/.vscode-server/bin/019f4d1419fbc8219a181fab7892ebccf7ee29a2/out/vs/workbench/api/node/extensionHostProcess.js:148:3704)
	at l.dispose (/home/akraaam_kh/.vscode-server/bin/019f4d1419fbc8219a181fab7892ebccf7ee29a2/out/vs/workbench/api/node/extensionHostProcess.js:148:3801)
	at l.<anonymous> (/home/akraaam_kh/.vscode-server/bin/019f4d1419fbc8219a181fab7892ebccf7ee29a2/extensions/git/dist/main.js:2:945736)
	at l.dispose (/home/akraaam_kh/.vscode-server/bin/019f4d1419fbc8219a181fab7892ebccf7ee29a2/out/vs/workbench/api/node/extensionHostProcess.js:148:3801)
	at o (/home/akraaam_kh/.vscode-server/bin/019f4d1419fbc8219a181fab7892ebccf7ee29a2/out/vs/workbench/api/node/extensionHostProcess.js:30:754)
	at p.cb (/home/akraaam_kh/.vscode-server/bin/019f4d1419fbc8219a181fab7892ebccf7ee29a2/out/vs/workbench/api/node/extensionHostProcess.js:156:9882)
	at /home/akraaam_kh/.vscode-server/bin/019f4d1419fbc8219a181fab7892ebccf7ee29a2/out/vs/workbench/api/node/extensionHostProcess.js:156:7816
	at Array.map (<anonymous>)
	at p.Y (/home/akraaam_kh/.vscode-server/bin/019f4d1419fbc8219a181fab7892ebccf7ee29a2/out/vs/workbench/api/node/extensionHostProcess.js:156:7803)
	at p.terminate (/home/akraaam_kh/.vscode-server/bin/019f4d1419fbc8219a181fab7892ebccf7ee29a2/out/vs/workbench/api/node/extensionHostProcess.js:156:8076)
	at o.terminate (/home/akraaam_kh/.vscode-server/bin/019f4d1419fbc8219a181fab7892ebccf7ee29a2/out/vs/workbench/api/node/extensionHostProcess.js:160:1513)
	at t (/home/akraaam_kh/.vscode-server/bin/019f4d1419fbc8219a181fab7892ebccf7ee29a2/out/vs/workbench/api/node/extensionHostProcess.js:173:9949)
	at p.value (/home/akraaam_kh/.vscode-server/bin/019f4d1419fbc8219a181fab7892ebccf7ee29a2/out/vs/workbench/api/node/extensionHostProcess.js:173:7996)
	at n.y (/home/akraaam_kh/.vscode-server/bin/019f4d1419fbc8219a181fab7892ebccf7ee29a2/out/vs/workbench/api/node/extensionHostProcess.js:80:1902)
	at n.fire (/home/akraaam_kh/.vscode-server/bin/019f4d1419fbc8219a181fab7892ebccf7ee29a2/out/vs/workbench/api/node/extensionHostProcess.js:80:2119)
	at r.fire (/home/akraaam_kh/.vscode-server/bin/019f4d1419fbc8219a181fab7892ebccf7ee29a2/out/vs/workbench/api/node/extensionHostProcess.js:105:14091)
	at u.z (/home/akraaam_kh/.vscode-server/bin/019f4d1419fbc8219a181fab7892ebccf7ee29a2/out/vs/workbench/api/node/extensionHostProcess.js:105:17156)
	at p.value (/home/akraaam_kh/.vscode-server/bin/019f4d1419fbc8219a181fab7892ebccf7ee29a2/out/vs/workbench/api/node/extensionHostProcess.js:105:16561)
	at n.y (/home/akraaam_kh/.vscode-server/bin/019f4d1419fbc8219a181fab7892ebccf7ee29a2/out/vs/workbench/api/node/extensionHostProcess.js:80:1902)
	at n.fire (/home/akraaam_kh/.vscode-server/bin/019f4d1419fbc8219a181fab7892ebccf7ee29a2/out/vs/workbench/api/node/extensionHostProcess.js:80:2119)
	at p.acceptChunk (/home/akraaam_kh/.vscode-server/bin/019f4d1419fbc8219a181fab7892ebccf7ee29a2/out/vs/workbench/api/node/extensionHostProcess.js:105:11865)
	at p.value (/home/akraaam_kh/.vscode-server/bin/019f4d1419fbc8219a181fab7892ebccf7ee29a2/out/vs/workbench/api/node/extensionHostProcess.js:105:11152)
	at n.y (/home/akraaam_kh/.vscode-server/bin/019f4d1419fbc8219a181fab7892ebccf7ee29a2/out/vs/workbench/api/node/extensionHostProcess.js:80:1902)
	at n.fire (/home/akraaam_kh/.vscode-server/bin/019f4d1419fbc8219a181fab7892ebccf7ee29a2/out/vs/workbench/api/node/extensionHostProcess.js:80:2119)
	at n.z (/home/akraaam_kh/.vscode-server/bin/019f4d1419fbc8219a181fab7892ebccf7ee29a2/out/vs/workbench/api/node/extensionHostProcess.js:170:19768)
	at n.acceptFrame (/home/akraaam_kh/.vscode-server/bin/019f4d1419fbc8219a181fab7892ebccf7ee29a2/out/vs/workbench/api/node/extensionHostProcess.js:170:19574)
	at i.n (/home/akraaam_kh/.vscode-server/bin/019f4d1419fbc8219a181fab7892ebccf7ee29a2/out/vs/workbench/api/node/extensionHostProcess.js:170:18073)
	at /home/akraaam_kh/.vscode-server/bin/019f4d1419fbc8219a181fab7892ebccf7ee29a2/out/vs/workbench/api/node/extensionHostProcess.js:170:15293
	at Socket.y (/home/akraaam_kh/.vscode-server/bin/019f4d1419fbc8219a181fab7892ebccf7ee29a2/out/vs/workbench/api/node/extensionHostProcess.js:170:13198)
	at Socket.emit (node:events:514:28)
	at addChunk (node:internal/streams/readable:324:12)
	at readableAddChunk (node:internal/streams/readable:297:9)
	at Readable.push (node:internal/streams/readable:234:10)
	at TCP.onStreamRead (node:internal/stream_base_commons:190:23) setContext undefined
2024-03-04 14:06:11.633 [info] Extension host with pid 1633 exiting with code 0
