2024-03-13 17:56:19.947 [info] Log level: Info
2024-03-13 17:56:19.947 [info] Validating found git in: "git"
2024-03-13 17:56:19.947 [info] Using git "2.34.1" from "git"
2024-03-13 17:56:19.947 [info] > git rev-parse --show-toplevel [94ms]
2024-03-13 17:56:19.947 [info] > git rev-parse --git-dir --git-common-dir [27ms]
2024-03-13 17:56:19.947 [info] Open repository: /home/akraaam_kh
2024-03-13 17:56:19.947 [info] > git rev-parse --show-toplevel [4ms]
2024-03-13 17:56:19.974 [info] > git rev-parse --show-toplevel [16ms]
2024-03-13 17:56:19.977 [info] > git config --get commit.template [43ms]
2024-03-13 17:56:19.995 [info] > git rev-parse --show-toplevel [9ms]
2024-03-13 17:56:19.998 [info] > git for-each-ref --format=%(refname)%00%(upstream:short)%00%(objectname)%00%(upstream:track)%00%(upstream:remotename)%00%(upstream:remoteref) refs/heads/master refs/remotes/master [26ms]
2024-03-13 17:56:20.015 [info] > git rev-parse --show-toplevel [6ms]
2024-03-13 17:56:20.053 [info] > git rev-parse --show-toplevel [24ms]
2024-03-13 17:56:20.064 [info] > git rev-parse --show-toplevel [4ms]
2024-03-13 17:56:20.074 [info] > git rev-parse --git-dir --git-common-dir [2ms]
2024-03-13 17:56:20.088 [info] Open repository: /home/akraaam_kh/Projet-DevWeb
2024-03-13 17:56:20.116 [info] > git config --get commit.template [7ms]
2024-03-13 17:56:20.148 [info] > git for-each-ref --format=%(refname)%00%(upstream:short)%00%(objectname)%00%(upstream:track)%00%(upstream:remotename)%00%(upstream:remoteref) refs/heads/master refs/remotes/master [7ms]
2024-03-13 17:56:20.154 [warning] ENOENT: no such file or directory, open '/home/akraaam_kh/Projet-DevWeb/.git/refs/remotes/origin/master'
2024-03-13 17:56:20.156 [info] > git rev-parse refs/remotes/origin/master [2ms]
2024-03-13 17:56:20.208 [info] > git status -z -uall [45ms]
2024-03-13 17:56:20.231 [info] > git config --get commit.template [6ms]
2024-03-13 17:56:20.231 [info] > git for-each-ref --format=%(refname)%00%(upstream:short)%00%(objectname)%00%(upstream:track)%00%(upstream:remotename)%00%(upstream:remoteref) refs/heads/master refs/remotes/master [2ms]
2024-03-13 17:56:20.236 [warning] ENOENT: no such file or directory, open '/home/akraaam_kh/Projet-DevWeb/.git/refs/remotes/origin/master'
2024-03-13 17:56:20.238 [info] > git rev-parse refs/remotes/origin/master [2ms]
2024-03-13 17:56:20.260 [info] > git status -z -uall [15ms]
2024-03-13 17:56:20.284 [info] > git status -z -uall [243ms]
2024-03-13 17:56:21.139 [info] > git config --get commit.template [113ms]
2024-03-13 17:56:21.178 [info] > git for-each-ref --format=%(refname)%00%(upstream:short)%00%(objectname)%00%(upstream:track)%00%(upstream:remotename)%00%(upstream:remoteref) refs/heads/master refs/remotes/master [7ms]
2024-03-13 17:56:21.266 [info] > git status -z -uall [62ms]
2024-03-13 17:56:21.809 [info] > git check-ignore -v -z --stdin [47ms]
2024-03-13 17:56:21.813 [info] > git check-ignore -v -z --stdin [42ms]
2024-03-13 17:56:23.752 [info] > git check-ignore -v -z --stdin [4ms]
2024-03-13 17:56:24.223 [info] > git config --get commit.template [7ms]
2024-03-13 17:56:24.224 [info] > git for-each-ref --format=%(refname)%00%(upstream:short)%00%(objectname)%00%(upstream:track)%00%(upstream:remotename)%00%(upstream:remoteref) refs/heads/master refs/remotes/master [2ms]
2024-03-13 17:56:24.261 [info] > git status -z -uall [30ms]
2024-03-13 17:56:26.502 [info] > git check-ignore -v -z --stdin [4ms]
2024-03-13 17:56:29.374 [info] > git config --get commit.template [1ms]
2024-03-13 17:56:29.379 [info] > git for-each-ref --format=%(refname)%00%(upstream:short)%00%(objectname)%00%(upstream:track)%00%(upstream:remotename)%00%(upstream:remoteref) refs/heads/master refs/remotes/master [1ms]
2024-03-13 17:56:29.414 [info] > git status -z -uall [29ms]
2024-03-13 17:56:29.815 [info] > git check-ignore -v -z --stdin [5ms]
2024-03-13 17:56:34.307 [info] > git check-ignore -v -z --stdin [5ms]
2024-03-13 17:56:34.514 [info] > git config --get commit.template [1ms]
2024-03-13 17:56:34.522 [info] > git for-each-ref --format=%(refname)%00%(upstream:short)%00%(objectname)%00%(upstream:track)%00%(upstream:remotename)%00%(upstream:remoteref) refs/heads/master refs/remotes/master [1ms]
2024-03-13 17:56:34.562 [info] > git status -z -uall [29ms]
2024-03-13 17:56:35.924 [info] > git check-ignore -v -z --stdin [5ms]
2024-03-13 17:56:39.686 [info] > git config --get commit.template [14ms]
2024-03-13 17:56:39.687 [info] > git for-each-ref --format=%(refname)%00%(upstream:short)%00%(objectname)%00%(upstream:track)%00%(upstream:remotename)%00%(upstream:remoteref) refs/heads/master refs/remotes/master [3ms]
2024-03-13 17:56:39.785 [info] > git status -z -uall [82ms]
2024-03-13 17:56:40.719 [info] > git check-ignore -v -z --stdin [8ms]
2024-03-13 17:56:41.844 [info] > git show --textconv :Paris-B2-DevWeb-main/app/classes/Page.php [12ms]
2024-03-13 17:56:41.848 [info] > git ls-files --stage -- /home/akraaam_kh/Paris-B2-DevWeb-main/app/classes/Page.php [5ms]
2024-03-13 17:56:41.859 [info] > git cat-file -s 30da19da8aec2ef37c39de2caaa5d4d167a745f1 [3ms]
2024-03-13 17:56:44.915 [info] > git config --get commit.template [14ms]
2024-03-13 17:56:44.918 [info] > git for-each-ref --format=%(refname)%00%(upstream:short)%00%(objectname)%00%(upstream:track)%00%(upstream:remotename)%00%(upstream:remoteref) refs/heads/master refs/remotes/master [5ms]
2024-03-13 17:56:44.973 [info] > git status -z -uall [38ms]
2024-03-13 17:56:48.129 [info] > git show --textconv :Paris-B2-DevWeb-main/app/classes/Repo.php [13ms]
2024-03-13 17:56:48.132 [info] > git ls-files --stage -- /home/akraaam_kh/Paris-B2-DevWeb-main/app/classes/Repo.php [5ms]
2024-03-13 17:56:48.144 [info] > git cat-file -s d64dfbb16c69e2fdf063f634118954f8c2f5ce52 [2ms]
2024-03-13 17:56:50.096 [info] > git config --get commit.template [14ms]
2024-03-13 17:56:50.098 [info] > git for-each-ref --format=%(refname)%00%(upstream:short)%00%(objectname)%00%(upstream:track)%00%(upstream:remotename)%00%(upstream:remoteref) refs/heads/master refs/remotes/master [5ms]
2024-03-13 17:56:50.170 [info] > git status -z -uall [60ms]
2024-03-13 17:56:55.299 [info] > git config --get commit.template [5ms]
2024-03-13 17:56:55.312 [info] > git for-each-ref --format=%(refname)%00%(upstream:short)%00%(objectname)%00%(upstream:track)%00%(upstream:remotename)%00%(upstream:remoteref) refs/heads/master refs/remotes/master [3ms]
2024-03-13 17:56:55.382 [info] > git status -z -uall [57ms]
2024-03-13 17:57:00.493 [info] > git config --get commit.template [1ms]
2024-03-13 17:57:00.502 [info] > git for-each-ref --format=%(refname)%00%(upstream:short)%00%(objectname)%00%(upstream:track)%00%(upstream:remotename)%00%(upstream:remoteref) refs/heads/master refs/remotes/master [2ms]
2024-03-13 17:57:00.542 [info] > git status -z -uall [32ms]
2024-03-13 17:57:05.674 [info] > git config --get commit.template [14ms]
2024-03-13 17:57:05.675 [info] > git for-each-ref --format=%(refname)%00%(upstream:short)%00%(objectname)%00%(upstream:track)%00%(upstream:remotename)%00%(upstream:remoteref) refs/heads/master refs/remotes/master [5ms]
2024-03-13 17:57:05.760 [info] > git status -z -uall [73ms]
2024-03-13 17:57:10.853 [info] > git config --get commit.template [2ms]
2024-03-13 17:57:10.866 [info] > git for-each-ref --format=%(refname)%00%(upstream:short)%00%(objectname)%00%(upstream:track)%00%(upstream:remotename)%00%(upstream:remoteref) refs/heads/master refs/remotes/master [2ms]
2024-03-13 17:57:10.932 [info] > git status -z -uall [55ms]
2024-03-13 17:57:16.078 [info] > git config --get commit.template [13ms]
2024-03-13 17:57:16.079 [info] > git for-each-ref --format=%(refname)%00%(upstream:short)%00%(objectname)%00%(upstream:track)%00%(upstream:remotename)%00%(upstream:remoteref) refs/heads/master refs/remotes/master [2ms]
2024-03-13 17:57:16.144 [info] > git status -z -uall [53ms]
2024-03-13 17:57:21.301 [info] > git config --get commit.template [15ms]
2024-03-13 17:57:21.303 [info] > git for-each-ref --format=%(refname)%00%(upstream:short)%00%(objectname)%00%(upstream:track)%00%(upstream:remotename)%00%(upstream:remoteref) refs/heads/master refs/remotes/master [4ms]
2024-03-13 17:57:21.368 [info] > git status -z -uall [54ms]
2024-03-13 17:57:26.478 [info] > git config --get commit.template [4ms]
2024-03-13 17:57:26.498 [info] > git for-each-ref --format=%(refname)%00%(upstream:short)%00%(objectname)%00%(upstream:track)%00%(upstream:remotename)%00%(upstream:remoteref) refs/heads/master refs/remotes/master [4ms]
2024-03-13 17:57:26.537 [info] > git status -z -uall [32ms]
2024-03-13 17:57:27.465 [info] > git show --textconv :Paris-B2-DevWeb-main/app/classes/Page.php [13ms]
2024-03-13 17:57:27.469 [info] > git ls-files --stage -- /home/akraaam_kh/Paris-B2-DevWeb-main/app/classes/Page.php [5ms]
2024-03-13 17:57:27.483 [info] > git cat-file -s 30da19da8aec2ef37c39de2caaa5d4d167a745f1 [3ms]
2024-03-13 17:57:31.331 [info] > git check-ignore -v -z --stdin [3ms]
2024-03-13 17:57:32.020 [info] > git config --get commit.template [3ms]
2024-03-13 17:57:32.032 [info] > git for-each-ref --format=%(refname)%00%(upstream:short)%00%(objectname)%00%(upstream:track)%00%(upstream:remotename)%00%(upstream:remoteref) refs/heads/master refs/remotes/master [1ms]
2024-03-13 17:57:32.080 [info] > git status -z -uall [38ms]
2024-03-13 17:57:33.460 [info] > git show --textconv :Paris-B2-DevWeb-main/app/classes/RepoUser.php [9ms]
2024-03-13 17:57:33.461 [info] > git ls-files --stage -- /home/akraaam_kh/Paris-B2-DevWeb-main/app/classes/RepoUser.php [2ms]
2024-03-13 17:57:33.468 [info] > git cat-file -s 2eb10e2044cf06a6c22ed13254c837308cdae999 [2ms]
2024-03-13 17:57:37.187 [info] > git config --get commit.template [13ms]
2024-03-13 17:57:37.188 [info] > git for-each-ref --format=%(refname)%00%(upstream:short)%00%(objectname)%00%(upstream:track)%00%(upstream:remotename)%00%(upstream:remoteref) refs/heads/master refs/remotes/master [4ms]
2024-03-13 17:57:37.235 [info] > git status -z -uall [37ms]
2024-03-13 17:57:42.361 [info] > git config --get commit.template [8ms]
2024-03-13 17:57:42.362 [info] > git for-each-ref --format=%(refname)%00%(upstream:short)%00%(objectname)%00%(upstream:track)%00%(upstream:remotename)%00%(upstream:remoteref) refs/heads/master refs/remotes/master [1ms]
2024-03-13 17:57:42.401 [info] > git status -z -uall [33ms]
2024-03-13 17:57:42.834 [info] > git check-ignore -v -z --stdin [7ms]
2024-03-13 17:57:47.528 [info] > git config --get commit.template [16ms]
2024-03-13 17:57:47.529 [info] > git for-each-ref --format=%(refname)%00%(upstream:short)%00%(objectname)%00%(upstream:track)%00%(upstream:remotename)%00%(upstream:remoteref) refs/heads/master refs/remotes/master [5ms]
2024-03-13 17:57:47.603 [info] > git status -z -uall [62ms]
2024-03-13 17:57:52.746 [info] > git config --get commit.template [2ms]
2024-03-13 17:57:52.762 [info] > git for-each-ref --format=%(refname)%00%(upstream:short)%00%(objectname)%00%(upstream:track)%00%(upstream:remotename)%00%(upstream:remoteref) refs/heads/master refs/remotes/master [3ms]
2024-03-13 17:57:52.848 [info] > git status -z -uall [71ms]
2024-03-13 17:57:53.982 [info] > git show --textconv :Paris-B2-DevWeb-main/app/public/edit.php [13ms]
2024-03-13 17:57:53.986 [info] > git ls-files --stage -- /home/akraaam_kh/Paris-B2-DevWeb-main/app/public/edit.php [6ms]
2024-03-13 17:57:53.999 [info] > git cat-file -s c0ff82c4f04087e72833c1d2308a475df5b13112 [2ms]
2024-03-13 17:57:57.975 [info] > git config --get commit.template [4ms]
2024-03-13 17:57:57.989 [info] > git for-each-ref --format=%(refname)%00%(upstream:short)%00%(objectname)%00%(upstream:track)%00%(upstream:remotename)%00%(upstream:remoteref) refs/heads/master refs/remotes/master [2ms]
2024-03-13 17:57:58.049 [info] > git status -z -uall [46ms]
2024-03-13 17:58:03.176 [info] > git config --get commit.template [1ms]
2024-03-13 17:58:03.190 [info] > git for-each-ref --format=%(refname)%00%(upstream:short)%00%(objectname)%00%(upstream:track)%00%(upstream:remotename)%00%(upstream:remoteref) refs/heads/master refs/remotes/master [2ms]
2024-03-13 17:58:03.244 [info] > git status -z -uall [42ms]
2024-03-13 17:58:08.391 [info] > git config --get commit.template [3ms]
2024-03-13 17:58:08.405 [info] > git for-each-ref --format=%(refname)%00%(upstream:short)%00%(objectname)%00%(upstream:track)%00%(upstream:remotename)%00%(upstream:remoteref) refs/heads/master refs/remotes/master [3ms]
2024-03-13 17:58:08.485 [info] > git status -z -uall [69ms]
2024-03-13 17:58:13.601 [info] > git config --get commit.template [9ms]
2024-03-13 17:58:13.602 [info] > git for-each-ref --format=%(refname)%00%(upstream:short)%00%(objectname)%00%(upstream:track)%00%(upstream:remotename)%00%(upstream:remoteref) refs/heads/master refs/remotes/master [2ms]
2024-03-13 17:58:13.638 [info] > git status -z -uall [30ms]
2024-03-13 17:58:19.110 [info] > git config --get commit.template [3ms]
2024-03-13 17:58:19.119 [info] > git for-each-ref --format=%(refname)%00%(upstream:short)%00%(objectname)%00%(upstream:track)%00%(upstream:remotename)%00%(upstream:remoteref) refs/heads/master refs/remotes/master [2ms]
2024-03-13 17:58:19.158 [info] > git status -z -uall [33ms]
2024-03-13 17:58:27.113 [info] > git config --get commit.template [1ms]
2024-03-13 17:58:27.125 [info] > git for-each-ref --format=%(refname)%00%(upstream:short)%00%(objectname)%00%(upstream:track)%00%(upstream:remotename)%00%(upstream:remoteref) refs/heads/master refs/remotes/master [1ms]
2024-03-13 17:58:27.163 [info] > git status -z -uall [30ms]
2024-03-13 17:58:32.260 [info] > git config --get commit.template [9ms]
2024-03-13 17:58:32.261 [info] > git for-each-ref --format=%(refname)%00%(upstream:short)%00%(objectname)%00%(upstream:track)%00%(upstream:remotename)%00%(upstream:remoteref) refs/heads/master refs/remotes/master [1ms]
2024-03-13 17:58:32.299 [info] > git status -z -uall [30ms]
2024-03-13 17:58:37.389 [info] > git config --get commit.template [2ms]
2024-03-13 17:58:37.397 [info] > git for-each-ref --format=%(refname)%00%(upstream:short)%00%(objectname)%00%(upstream:track)%00%(upstream:remotename)%00%(upstream:remoteref) refs/heads/master refs/remotes/master [2ms]
2024-03-13 17:58:37.433 [info] > git status -z -uall [28ms]
2024-03-13 17:58:42.551 [info] > git config --get commit.template [13ms]
2024-03-13 17:58:42.552 [info] > git for-each-ref --format=%(refname)%00%(upstream:short)%00%(objectname)%00%(upstream:track)%00%(upstream:remotename)%00%(upstream:remoteref) refs/heads/master refs/remotes/master [2ms]
2024-03-13 17:58:42.602 [info] > git status -z -uall [40ms]
2024-03-13 17:58:46.181 [info] > git show --textconv :Paris-B2-DevWeb-main/app/classes/Page.php [8ms]
2024-03-13 17:58:46.183 [info] > git ls-files --stage -- /home/akraaam_kh/Paris-B2-DevWeb-main/app/classes/Page.php [3ms]
2024-03-13 17:58:46.192 [info] > git cat-file -s 30da19da8aec2ef37c39de2caaa5d4d167a745f1 [2ms]
2024-03-13 17:58:47.726 [info] > git config --get commit.template [1ms]
2024-03-13 17:58:47.734 [info] > git for-each-ref --format=%(refname)%00%(upstream:short)%00%(objectname)%00%(upstream:track)%00%(upstream:remotename)%00%(upstream:remoteref) refs/heads/master refs/remotes/master [2ms]
2024-03-13 17:58:47.771 [info] > git status -z -uall [30ms]
2024-03-13 17:58:49.583 [info] > git show --textconv :Paris-B2-DevWeb-main/app/classes/RepoUser.php [9ms]
2024-03-13 17:58:49.585 [info] > git ls-files --stage -- /home/akraaam_kh/Paris-B2-DevWeb-main/app/classes/RepoUser.php [3ms]
2024-03-13 17:58:49.594 [info] > git cat-file -s 2eb10e2044cf06a6c22ed13254c837308cdae999 [1ms]
2024-03-13 17:58:52.889 [info] > git config --get commit.template [2ms]
2024-03-13 17:58:52.908 [info] > git for-each-ref --format=%(refname)%00%(upstream:short)%00%(objectname)%00%(upstream:track)%00%(upstream:remotename)%00%(upstream:remoteref) refs/heads/master refs/remotes/master [4ms]
2024-03-13 17:58:52.988 [info] > git status -z -uall [63ms]
2024-03-13 17:58:58.584 [info] > git config --get commit.template [16ms]
2024-03-13 17:58:58.585 [info] > git for-each-ref --format=%(refname)%00%(upstream:short)%00%(objectname)%00%(upstream:track)%00%(upstream:remotename)%00%(upstream:remoteref) refs/heads/master refs/remotes/master [2ms]
2024-03-13 17:58:58.646 [info] > git status -z -uall [49ms]
2024-03-13 17:59:03.841 [info] > git config --get commit.template [16ms]
2024-03-13 17:59:03.842 [info] > git for-each-ref --format=%(refname)%00%(upstream:short)%00%(objectname)%00%(upstream:track)%00%(upstream:remotename)%00%(upstream:remoteref) refs/heads/master refs/remotes/master [2ms]
2024-03-13 17:59:03.894 [info] > git status -z -uall [39ms]
2024-03-13 17:59:09.038 [info] > git config --get commit.template [18ms]
2024-03-13 17:59:09.038 [info] > git for-each-ref --format=%(refname)%00%(upstream:short)%00%(objectname)%00%(upstream:track)%00%(upstream:remotename)%00%(upstream:remoteref) refs/heads/master refs/remotes/master [2ms]
2024-03-13 17:59:09.089 [info] > git status -z -uall [40ms]
2024-03-13 17:59:13.538 [info] > git check-ignore -v -z --stdin [3ms]
2024-03-13 17:59:14.223 [info] > git config --get commit.template [8ms]
2024-03-13 17:59:14.224 [info] > git for-each-ref --format=%(refname)%00%(upstream:short)%00%(objectname)%00%(upstream:track)%00%(upstream:remotename)%00%(upstream:remoteref) refs/heads/master refs/remotes/master [2ms]
2024-03-13 17:59:14.284 [info] > git status -z -uall [48ms]
2024-03-13 17:59:19.427 [info] > git config --get commit.template [8ms]
2024-03-13 17:59:19.428 [info] > git for-each-ref --format=%(refname)%00%(upstream:short)%00%(objectname)%00%(upstream:track)%00%(upstream:remotename)%00%(upstream:remoteref) refs/heads/master refs/remotes/master [2ms]
2024-03-13 17:59:19.466 [info] > git status -z -uall [31ms]
2024-03-13 17:59:24.566 [info] > git config --get commit.template [7ms]
2024-03-13 17:59:24.567 [info] > git for-each-ref --format=%(refname)%00%(upstream:short)%00%(objectname)%00%(upstream:track)%00%(upstream:remotename)%00%(upstream:remoteref) refs/heads/master refs/remotes/master [2ms]
2024-03-13 17:59:24.606 [info] > git status -z -uall [31ms]
2024-03-13 17:59:29.705 [info] > git config --get commit.template [1ms]
2024-03-13 17:59:29.712 [info] > git for-each-ref --format=%(refname)%00%(upstream:short)%00%(objectname)%00%(upstream:track)%00%(upstream:remotename)%00%(upstream:remoteref) refs/heads/master refs/remotes/master [1ms]
2024-03-13 17:59:29.758 [info] > git status -z -uall [38ms]
2024-03-13 17:59:34.854 [info] > git config --get commit.template [9ms]
2024-03-13 17:59:34.856 [info] > git for-each-ref --format=%(refname)%00%(upstream:short)%00%(objectname)%00%(upstream:track)%00%(upstream:remotename)%00%(upstream:remoteref) refs/heads/master refs/remotes/master [2ms]
2024-03-13 17:59:34.890 [info] > git status -z -uall [27ms]
2024-03-13 17:59:39.994 [info] > git config --get commit.template [8ms]
2024-03-13 17:59:39.995 [info] > git for-each-ref --format=%(refname)%00%(upstream:short)%00%(objectname)%00%(upstream:track)%00%(upstream:remotename)%00%(upstream:remoteref) refs/heads/master refs/remotes/master [3ms]
2024-03-13 17:59:40.037 [info] > git status -z -uall [36ms]
2024-03-13 17:59:45.162 [info] > git config --get commit.template [1ms]
2024-03-13 17:59:45.170 [info] > git for-each-ref --format=%(refname)%00%(upstream:short)%00%(objectname)%00%(upstream:track)%00%(upstream:remotename)%00%(upstream:remoteref) refs/heads/master refs/remotes/master [2ms]
2024-03-13 17:59:45.206 [info] > git status -z -uall [29ms]
2024-03-13 17:59:50.335 [info] > git config --get commit.template [17ms]
2024-03-13 17:59:50.338 [info] > git for-each-ref --format=%(refname)%00%(upstream:short)%00%(objectname)%00%(upstream:track)%00%(upstream:remotename)%00%(upstream:remoteref) refs/heads/master refs/remotes/master [4ms]
2024-03-13 17:59:50.394 [info] > git status -z -uall [42ms]
2024-03-13 17:59:51.363 [info] > git show --textconv :Paris-B2-DevWeb-main/app/classes/Session.php [9ms]
2024-03-13 17:59:51.368 [info] > git ls-files --stage -- /home/akraaam_kh/Paris-B2-DevWeb-main/app/classes/Session.php [6ms]
2024-03-13 17:59:51.377 [info] > git cat-file -s 9b10f47388b120fb4d59efbc1be525ce6423b178 [1ms]
2024-03-13 17:59:55.941 [info] > git config --get commit.template [2ms]
2024-03-13 17:59:55.950 [info] > git for-each-ref --format=%(refname)%00%(upstream:short)%00%(objectname)%00%(upstream:track)%00%(upstream:remotename)%00%(upstream:remoteref) refs/heads/master refs/remotes/master [1ms]
2024-03-13 17:59:55.990 [info] > git status -z -uall [33ms]
2024-03-13 18:00:01.940 [info] > git config --get commit.template [1ms]
2024-03-13 18:00:01.948 [info] > git for-each-ref --format=%(refname)%00%(upstream:short)%00%(objectname)%00%(upstream:track)%00%(upstream:remotename)%00%(upstream:remoteref) refs/heads/master refs/remotes/master [1ms]
2024-03-13 18:00:01.989 [info] > git status -z -uall [34ms]
2024-03-13 18:00:07.091 [info] > git config --get commit.template [1ms]
2024-03-13 18:00:07.100 [info] > git for-each-ref --format=%(refname)%00%(upstream:short)%00%(objectname)%00%(upstream:track)%00%(upstream:remotename)%00%(upstream:remoteref) refs/heads/master refs/remotes/master [2ms]
2024-03-13 18:00:07.142 [info] > git status -z -uall [33ms]
2024-03-13 18:00:12.250 [info] > git config --get commit.template [8ms]
2024-03-13 18:00:12.251 [info] > git for-each-ref --format=%(refname)%00%(upstream:short)%00%(objectname)%00%(upstream:track)%00%(upstream:remotename)%00%(upstream:remoteref) refs/heads/master refs/remotes/master [1ms]
2024-03-13 18:00:12.290 [info] > git status -z -uall [31ms]
2024-03-13 18:00:17.409 [info] > git config --get commit.template [12ms]
2024-03-13 18:00:17.411 [info] > git for-each-ref --format=%(refname)%00%(upstream:short)%00%(objectname)%00%(upstream:track)%00%(upstream:remotename)%00%(upstream:remoteref) refs/heads/master refs/remotes/master [4ms]
2024-03-13 18:00:17.482 [info] > git status -z -uall [58ms]
2024-03-13 18:00:24.101 [info] > git config --get commit.template [19ms]
2024-03-13 18:00:24.102 [info] > git for-each-ref --format=%(refname)%00%(upstream:short)%00%(objectname)%00%(upstream:track)%00%(upstream:remotename)%00%(upstream:remoteref) refs/heads/master refs/remotes/master [6ms]
2024-03-13 18:00:24.132 [info] > git status -z -uall [23ms]
2024-03-13 18:00:29.223 [info] > git config --get commit.template [3ms]
2024-03-13 18:00:29.236 [info] > git for-each-ref --format=%(refname)%00%(upstream:short)%00%(objectname)%00%(upstream:track)%00%(upstream:remotename)%00%(upstream:remoteref) refs/heads/master refs/remotes/master [3ms]
2024-03-13 18:00:29.320 [info] > git status -z -uall [71ms]
2024-03-13 18:01:51.784 [info] > git config --get commit.template [32ms]
2024-03-13 18:01:51.792 [info] > git for-each-ref --format=%(refname)%00%(upstream:short)%00%(objectname)%00%(upstream:track)%00%(upstream:remotename)%00%(upstream:remoteref) refs/heads/master refs/remotes/master [28ms]
2024-03-13 18:01:52.161 [info] > git status -z -uall [355ms]
2024-03-13 18:01:54.094 [info] > git show --textconv :Paris-B2-DevWeb-main/app/classes/RepoUser.php [11ms]
2024-03-13 18:01:54.098 [info] > git ls-files --stage -- /home/akraaam_kh/Paris-B2-DevWeb-main/app/classes/RepoUser.php [6ms]
2024-03-13 18:01:54.115 [info] > git cat-file -s 2eb10e2044cf06a6c22ed13254c837308cdae999 [4ms]
2024-03-13 18:01:57.496 [info] > git config --get commit.template [13ms]
2024-03-13 18:01:57.497 [info] > git for-each-ref --format=%(refname)%00%(upstream:short)%00%(objectname)%00%(upstream:track)%00%(upstream:remotename)%00%(upstream:remoteref) refs/heads/master refs/remotes/master [3ms]
2024-03-13 18:01:57.571 [info] > git status -z -uall [61ms]
2024-03-13 18:02:06.359 [info] > git config --get commit.template [15ms]
2024-03-13 18:02:06.362 [info] > git for-each-ref --format=%(refname)%00%(upstream:short)%00%(objectname)%00%(upstream:track)%00%(upstream:remotename)%00%(upstream:remoteref) refs/heads/master refs/remotes/master [4ms]
2024-03-13 18:02:06.435 [info] > git status -z -uall [56ms]
2024-03-13 18:02:30.451 [info] > git config --get commit.template [15ms]
2024-03-13 18:02:30.455 [info] > git for-each-ref --format=%(refname)%00%(upstream:short)%00%(objectname)%00%(upstream:track)%00%(upstream:remotename)%00%(upstream:remoteref) refs/heads/master refs/remotes/master [6ms]
2024-03-13 18:02:30.531 [info] > git status -z -uall [67ms]
2024-03-13 18:02:35.715 [info] > git config --get commit.template [2ms]
2024-03-13 18:02:35.732 [info] > git for-each-ref --format=%(refname)%00%(upstream:short)%00%(objectname)%00%(upstream:track)%00%(upstream:remotename)%00%(upstream:remoteref) refs/heads/master refs/remotes/master [3ms]
2024-03-13 18:02:35.814 [info] > git status -z -uall [69ms]
2024-03-13 18:02:40.927 [info] > git config --get commit.template [1ms]
2024-03-13 18:02:40.937 [info] > git for-each-ref --format=%(refname)%00%(upstream:short)%00%(objectname)%00%(upstream:track)%00%(upstream:remotename)%00%(upstream:remoteref) refs/heads/master refs/remotes/master [3ms]
2024-03-13 18:02:40.994 [info] > git status -z -uall [50ms]
2024-03-13 18:02:46.092 [info] > git config --get commit.template [3ms]
2024-03-13 18:02:46.108 [info] > git for-each-ref --format=%(refname)%00%(upstream:short)%00%(objectname)%00%(upstream:track)%00%(upstream:remotename)%00%(upstream:remoteref) refs/heads/master refs/remotes/master [3ms]
2024-03-13 18:02:46.171 [info] > git status -z -uall [49ms]
2024-03-14 01:27:06.471 [info] > git config --get commit.template [39ms]
2024-03-14 01:27:06.474 [info] > git for-each-ref --format=%(refname)%00%(upstream:short)%00%(objectname)%00%(upstream:track)%00%(upstream:remotename)%00%(upstream:remoteref) refs/heads/master refs/remotes/master [14ms]
2024-03-14 01:27:06.695 [info] > git status -z -uall [202ms]
