2024-02-16 13:22:26.367 [info] Log level: Info
2024-02-16 13:22:26.367 [info] Validating found git in: "git"
2024-02-16 13:22:26.367 [info] Using git "2.34.1" from "git"
2024-02-16 13:22:26.367 [info] > git rev-parse --show-toplevel [37ms]
2024-02-16 13:22:26.369 [info] > git rev-parse --git-dir --git-common-dir [4ms]
2024-02-16 13:22:26.500 [info] Open repository: /home/akraaam_kh
2024-02-16 13:22:26.575 [info] > git rev-parse --show-toplevel [6ms]
2024-02-16 13:22:26.585 [info] > git config --get commit.template [36ms]
2024-02-16 13:22:26.635 [info] > git rev-parse --show-toplevel [21ms]
2024-02-16 13:22:26.666 [info] > git for-each-ref --format=%(refname)%00%(upstream:short)%00%(objectname)%00%(upstream:track)%00%(upstream:remotename)%00%(upstream:remoteref) refs/heads/master refs/remotes/master [36ms]
2024-02-16 13:22:26.677 [info] > git rev-parse --show-toplevel [14ms]
2024-02-16 13:22:26.699 [info] > git rev-parse --show-toplevel [3ms]
2024-02-16 13:22:27.051 [info] > git rev-parse --show-toplevel [302ms]
2024-02-16 13:22:27.127 [info] > git status -z -uall [398ms]
2024-02-16 13:22:27.128 [info] > git rev-parse --show-toplevel [58ms]
2024-02-16 13:22:27.632 [info] > git config --get commit.template [299ms]
2024-02-16 13:22:27.750 [info] > git check-ignore -v -z --stdin [83ms]
2024-02-16 13:22:27.761 [info] > git show --textconv :Paris-B2-DevWeb-main/app/templates/profile.html.twig [35ms]
2024-02-16 13:22:28.401 [info] > git ls-files --stage -- /home/akraaam_kh/Paris-B2-DevWeb-main/app/templates/profile.html.twig [653ms]
2024-02-16 13:22:28.503 [info] > git cat-file -s e49bef4b13d5bc75d672b410e2f1ee8b18de101f [84ms]
2024-02-16 13:22:28.506 [info] > git for-each-ref --format=%(refname)%00%(upstream:short)%00%(objectname)%00%(upstream:track)%00%(upstream:remotename)%00%(upstream:remoteref) refs/heads/master refs/remotes/master [717ms]
2024-02-16 13:22:28.593 [info] > git status -z -uall [47ms]
2024-02-16 13:22:30.725 [info] > git config --get commit.template [23ms]
2024-02-16 13:22:30.749 [info] > git for-each-ref --format=%(refname)%00%(upstream:short)%00%(objectname)%00%(upstream:track)%00%(upstream:remotename)%00%(upstream:remoteref) refs/heads/master refs/remotes/master [4ms]
2024-02-16 13:22:30.816 [info] > git status -z -uall [49ms]
2024-02-16 13:22:35.863 [info] > git config --get commit.template [14ms]
2024-02-16 13:22:35.864 [info] > git for-each-ref --format=%(refname)%00%(upstream:short)%00%(objectname)%00%(upstream:track)%00%(upstream:remotename)%00%(upstream:remoteref) refs/heads/master refs/remotes/master [4ms]
2024-02-16 13:22:35.893 [info] > git status -z -uall [17ms]
2024-02-16 13:22:40.185 [info] > git config --get commit.template [5ms]
2024-02-16 13:22:40.238 [info] > git for-each-ref --format=%(refname)%00%(upstream:short)%00%(objectname)%00%(upstream:track)%00%(upstream:remotename)%00%(upstream:remoteref) refs/heads/master refs/remotes/master [9ms]
2024-02-16 13:22:40.473 [info] > git status -z -uall [169ms]
2024-02-16 13:22:46.466 [info] > git config --get commit.template [9ms]
2024-02-16 13:22:46.547 [info] > git for-each-ref --format=%(refname)%00%(upstream:short)%00%(objectname)%00%(upstream:track)%00%(upstream:remotename)%00%(upstream:remoteref) refs/heads/master refs/remotes/master [10ms]
2024-02-16 13:22:46.974 [info] > git status -z -uall [383ms]
2024-02-16 13:24:28.981 [info] > git config --get commit.template [54ms]
2024-02-16 13:24:28.984 [info] > git for-each-ref --format=%(refname)%00%(upstream:short)%00%(objectname)%00%(upstream:track)%00%(upstream:remotename)%00%(upstream:remoteref) refs/heads/master refs/remotes/master [14ms]
2024-02-16 13:24:29.088 [info] > git status -z -uall [85ms]
2024-02-16 13:25:49.925 [info] > git config --get commit.template [5ms]
2024-02-16 13:25:49.946 [info] > git for-each-ref --format=%(refname)%00%(upstream:short)%00%(objectname)%00%(upstream:track)%00%(upstream:remotename)%00%(upstream:remoteref) refs/heads/master refs/remotes/master [4ms]
2024-02-16 13:25:49.981 [info] > git status -z -uall [22ms]
2024-02-16 13:28:35.572 [info] > git config --get commit.template [20ms]
2024-02-16 13:28:35.576 [info] > git for-each-ref --format=%(refname)%00%(upstream:short)%00%(objectname)%00%(upstream:track)%00%(upstream:remotename)%00%(upstream:remoteref) refs/heads/master refs/remotes/master [6ms]
2024-02-16 13:28:35.637 [info] > git status -z -uall [36ms]
2024-02-16 13:28:40.668 [info] > git config --get commit.template [9ms]
2024-02-16 13:28:40.669 [info] > git for-each-ref --format=%(refname)%00%(upstream:short)%00%(objectname)%00%(upstream:track)%00%(upstream:remotename)%00%(upstream:remoteref) refs/heads/master refs/remotes/master [3ms]
2024-02-16 13:28:40.695 [info] > git status -z -uall [15ms]
2024-02-16 13:28:45.719 [info] > git config --get commit.template [2ms]
2024-02-16 13:28:45.734 [info] > git for-each-ref --format=%(refname)%00%(upstream:short)%00%(objectname)%00%(upstream:track)%00%(upstream:remotename)%00%(upstream:remoteref) refs/heads/master refs/remotes/master [4ms]
2024-02-16 13:28:45.767 [info] > git status -z -uall [20ms]
2024-02-16 13:28:50.782 [info] > git config --get commit.template [1ms]
2024-02-16 13:28:50.791 [info] > git for-each-ref --format=%(refname)%00%(upstream:short)%00%(objectname)%00%(upstream:track)%00%(upstream:remotename)%00%(upstream:remoteref) refs/heads/master refs/remotes/master [2ms]
2024-02-16 13:28:50.818 [info] > git status -z -uall [19ms]
2024-02-16 13:28:54.391 [info] > git check-ignore -v -z --stdin [7ms]
2024-02-16 13:28:55.841 [info] > git config --get commit.template [5ms]
2024-02-16 13:28:55.850 [info] > git for-each-ref --format=%(refname)%00%(upstream:short)%00%(objectname)%00%(upstream:track)%00%(upstream:remotename)%00%(upstream:remoteref) refs/heads/master refs/remotes/master [1ms]
2024-02-16 13:28:55.874 [info] > git status -z -uall [14ms]
2024-02-16 13:28:56.773 [info] > git check-ignore -v -z --stdin [4ms]
2024-02-16 13:29:00.894 [info] > git config --get commit.template [2ms]
2024-02-16 13:29:00.904 [info] > git for-each-ref --format=%(refname)%00%(upstream:short)%00%(objectname)%00%(upstream:track)%00%(upstream:remotename)%00%(upstream:remoteref) refs/heads/master refs/remotes/master [2ms]
2024-02-16 13:29:00.926 [info] > git status -z -uall [13ms]
2024-02-16 13:29:05.957 [info] > git config --get commit.template [11ms]
2024-02-16 13:29:05.959 [info] > git for-each-ref --format=%(refname)%00%(upstream:short)%00%(objectname)%00%(upstream:track)%00%(upstream:remotename)%00%(upstream:remoteref) refs/heads/master refs/remotes/master [3ms]
2024-02-16 13:29:05.985 [info] > git status -z -uall [18ms]
2024-02-16 13:29:11.015 [info] > git config --get commit.template [11ms]
2024-02-16 13:29:11.018 [info] > git for-each-ref --format=%(refname)%00%(upstream:short)%00%(objectname)%00%(upstream:track)%00%(upstream:remotename)%00%(upstream:remoteref) refs/heads/master refs/remotes/master [4ms]
2024-02-16 13:29:11.047 [info] > git status -z -uall [19ms]
2024-02-16 13:29:16.083 [info] > git config --get commit.template [13ms]
2024-02-16 13:29:16.084 [info] > git for-each-ref --format=%(refname)%00%(upstream:short)%00%(objectname)%00%(upstream:track)%00%(upstream:remotename)%00%(upstream:remoteref) refs/heads/master refs/remotes/master [2ms]
2024-02-16 13:29:16.108 [info] > git status -z -uall [13ms]
2024-02-16 13:29:21.130 [info] > git config --get commit.template [3ms]
2024-02-16 13:29:21.136 [info] > git for-each-ref --format=%(refname)%00%(upstream:short)%00%(objectname)%00%(upstream:track)%00%(upstream:remotename)%00%(upstream:remoteref) refs/heads/master refs/remotes/master [1ms]
2024-02-16 13:29:21.150 [info] > git status -z -uall [7ms]
2024-02-16 13:29:26.160 [info] > git config --get commit.template [1ms]
2024-02-16 13:29:26.165 [info] > git for-each-ref --format=%(refname)%00%(upstream:short)%00%(objectname)%00%(upstream:track)%00%(upstream:remotename)%00%(upstream:remoteref) refs/heads/master refs/remotes/master [1ms]
2024-02-16 13:29:26.182 [info] > git status -z -uall [11ms]
2024-02-16 13:29:31.197 [info] > git config --get commit.template [1ms]
2024-02-16 13:29:31.206 [info] > git for-each-ref --format=%(refname)%00%(upstream:short)%00%(objectname)%00%(upstream:track)%00%(upstream:remotename)%00%(upstream:remoteref) refs/heads/master refs/remotes/master [2ms]
2024-02-16 13:29:31.230 [info] > git status -z -uall [15ms]
2024-02-16 13:29:45.546 [info] > git config --get commit.template [10ms]
2024-02-16 13:29:45.547 [info] > git for-each-ref --format=%(refname)%00%(upstream:short)%00%(objectname)%00%(upstream:track)%00%(upstream:remotename)%00%(upstream:remoteref) refs/heads/master refs/remotes/master [3ms]
2024-02-16 13:29:45.570 [info] > git status -z -uall [15ms]
2024-02-16 13:29:50.595 [info] > git config --get commit.template [1ms]
2024-02-16 13:29:50.604 [info] > git for-each-ref --format=%(refname)%00%(upstream:short)%00%(objectname)%00%(upstream:track)%00%(upstream:remotename)%00%(upstream:remoteref) refs/heads/master refs/remotes/master [2ms]
2024-02-16 13:29:50.624 [info] > git status -z -uall [13ms]
2024-02-16 13:29:55.640 [info] > git config --get commit.template [1ms]
2024-02-16 13:29:55.646 [info] > git for-each-ref --format=%(refname)%00%(upstream:short)%00%(objectname)%00%(upstream:track)%00%(upstream:remotename)%00%(upstream:remoteref) refs/heads/master refs/remotes/master [2ms]
2024-02-16 13:29:55.669 [info] > git status -z -uall [15ms]
2024-02-16 13:30:00.687 [info] > git config --get commit.template [3ms]
2024-02-16 13:30:00.701 [info] > git for-each-ref --format=%(refname)%00%(upstream:short)%00%(objectname)%00%(upstream:track)%00%(upstream:remotename)%00%(upstream:remoteref) refs/heads/master refs/remotes/master [6ms]
2024-02-16 13:30:00.727 [info] > git status -z -uall [14ms]
2024-02-16 13:33:27.717 [info] > git config --get commit.template [31ms]
2024-02-16 13:33:27.720 [info] > git for-each-ref --format=%(refname)%00%(upstream:short)%00%(objectname)%00%(upstream:track)%00%(upstream:remotename)%00%(upstream:remoteref) refs/heads/master refs/remotes/master [11ms]
2024-02-16 13:33:27.767 [info] > git status -z -uall [27ms]
2024-02-16 13:33:32.807 [info] > git config --get commit.template [15ms]
2024-02-16 13:33:32.809 [info] > git for-each-ref --format=%(refname)%00%(upstream:short)%00%(objectname)%00%(upstream:track)%00%(upstream:remotename)%00%(upstream:remoteref) refs/heads/master refs/remotes/master [2ms]
2024-02-16 13:33:32.826 [info] > git status -z -uall [9ms]
2024-02-16 13:33:37.842 [info] > git config --get commit.template [2ms]
2024-02-16 13:33:37.852 [info] > git for-each-ref --format=%(refname)%00%(upstream:short)%00%(objectname)%00%(upstream:track)%00%(upstream:remotename)%00%(upstream:remoteref) refs/heads/master refs/remotes/master [1ms]
2024-02-16 13:33:37.877 [info] > git status -z -uall [16ms]
2024-02-16 13:33:40.596 [info] > git show --textconv :Paris-B2-DevWeb-main/app/public/style.css [35ms]
2024-02-16 13:33:40.597 [info] > git ls-files --stage -- /home/akraaam_kh/Paris-B2-DevWeb-main/app/public/style.css [26ms]
2024-02-16 13:33:40.608 [info] > git cat-file -s 99b296675b3518a456d644485ecb33bedb0f9bbd [2ms]
2024-02-16 13:33:42.911 [info] > git config --get commit.template [9ms]
2024-02-16 13:33:42.914 [info] > git for-each-ref --format=%(refname)%00%(upstream:short)%00%(objectname)%00%(upstream:track)%00%(upstream:remotename)%00%(upstream:remoteref) refs/heads/master refs/remotes/master [3ms]
2024-02-16 13:33:43.002 [info] > git status -z -uall [74ms]
2024-02-16 13:33:48.042 [info] > git config --get commit.template [2ms]
2024-02-16 13:33:48.066 [info] > git for-each-ref --format=%(refname)%00%(upstream:short)%00%(objectname)%00%(upstream:track)%00%(upstream:remotename)%00%(upstream:remoteref) refs/heads/master refs/remotes/master [3ms]
2024-02-16 13:33:48.106 [info] > git status -z -uall [26ms]
2024-02-16 13:33:53.122 [info] > git config --get commit.template [0ms]
2024-02-16 13:33:53.127 [info] > git for-each-ref --format=%(refname)%00%(upstream:short)%00%(objectname)%00%(upstream:track)%00%(upstream:remotename)%00%(upstream:remoteref) refs/heads/master refs/remotes/master [1ms]
2024-02-16 13:33:53.138 [info] > git status -z -uall [7ms]
2024-02-16 13:33:58.156 [info] > git config --get commit.template [1ms]
2024-02-16 13:33:58.167 [info] > git for-each-ref --format=%(refname)%00%(upstream:short)%00%(objectname)%00%(upstream:track)%00%(upstream:remotename)%00%(upstream:remoteref) refs/heads/master refs/remotes/master [4ms]
2024-02-16 13:33:58.189 [info] > git status -z -uall [11ms]
2024-02-16 13:34:03.207 [info] > git config --get commit.template [2ms]
2024-02-16 13:34:03.216 [info] > git for-each-ref --format=%(refname)%00%(upstream:short)%00%(objectname)%00%(upstream:track)%00%(upstream:remotename)%00%(upstream:remoteref) refs/heads/master refs/remotes/master [2ms]
2024-02-16 13:34:03.244 [info] > git status -z -uall [21ms]
2024-02-16 13:34:08.266 [info] > git config --get commit.template [6ms]
2024-02-16 13:34:08.289 [info] > git for-each-ref --format=%(refname)%00%(upstream:short)%00%(objectname)%00%(upstream:track)%00%(upstream:remotename)%00%(upstream:remoteref) refs/heads/master refs/remotes/master [5ms]
2024-02-16 13:34:08.323 [info] > git status -z -uall [14ms]
2024-02-16 13:34:13.357 [info] > git config --get commit.template [2ms]
2024-02-16 13:34:13.371 [info] > git for-each-ref --format=%(refname)%00%(upstream:short)%00%(objectname)%00%(upstream:track)%00%(upstream:remotename)%00%(upstream:remoteref) refs/heads/master refs/remotes/master [2ms]
2024-02-16 13:34:13.434 [info] > git status -z -uall [55ms]
2024-02-16 13:34:18.452 [info] > git config --get commit.template [6ms]
2024-02-16 13:34:18.452 [info] > git for-each-ref --format=%(refname)%00%(upstream:short)%00%(objectname)%00%(upstream:track)%00%(upstream:remotename)%00%(upstream:remoteref) refs/heads/master refs/remotes/master [1ms]
2024-02-16 13:34:18.495 [info] > git status -z -uall [35ms]
2024-02-16 13:34:23.516 [info] > git config --get commit.template [9ms]
2024-02-16 13:34:23.517 [info] > git for-each-ref --format=%(refname)%00%(upstream:short)%00%(objectname)%00%(upstream:track)%00%(upstream:remotename)%00%(upstream:remoteref) refs/heads/master refs/remotes/master [2ms]
2024-02-16 13:34:23.531 [info] > git status -z -uall [8ms]
2024-02-16 13:34:28.551 [info] > git config --get commit.template [1ms]
2024-02-16 13:34:28.571 [info] > git for-each-ref --format=%(refname)%00%(upstream:short)%00%(objectname)%00%(upstream:track)%00%(upstream:remotename)%00%(upstream:remoteref) refs/heads/master refs/remotes/master [5ms]
2024-02-16 13:34:28.690 [info] > git status -z -uall [107ms]
2024-02-16 13:34:33.730 [info] > git config --get commit.template [6ms]
2024-02-16 13:34:33.749 [info] > git for-each-ref --format=%(refname)%00%(upstream:short)%00%(objectname)%00%(upstream:track)%00%(upstream:remotename)%00%(upstream:remoteref) refs/heads/master refs/remotes/master [4ms]
2024-02-16 13:34:33.775 [info] > git status -z -uall [14ms]
2024-02-16 13:34:38.864 [info] > git config --get commit.template [42ms]
2024-02-16 13:34:38.866 [info] > git for-each-ref --format=%(refname)%00%(upstream:short)%00%(objectname)%00%(upstream:track)%00%(upstream:remotename)%00%(upstream:remoteref) refs/heads/master refs/remotes/master [8ms]
2024-02-16 13:34:38.915 [info] > git status -z -uall [27ms]
2024-02-16 13:34:43.933 [info] > git config --get commit.template [1ms]
2024-02-16 13:34:43.941 [info] > git for-each-ref --format=%(refname)%00%(upstream:short)%00%(objectname)%00%(upstream:track)%00%(upstream:remotename)%00%(upstream:remoteref) refs/heads/master refs/remotes/master [1ms]
2024-02-16 13:34:43.959 [info] > git status -z -uall [11ms]
2024-02-16 13:34:48.998 [info] > git config --get commit.template [13ms]
2024-02-16 13:34:49.001 [info] > git for-each-ref --format=%(refname)%00%(upstream:short)%00%(objectname)%00%(upstream:track)%00%(upstream:remotename)%00%(upstream:remoteref) refs/heads/master refs/remotes/master [4ms]
2024-02-16 13:34:49.037 [info] > git status -z -uall [19ms]
2024-02-16 13:34:54.057 [info] > git config --get commit.template [3ms]
2024-02-16 13:34:54.067 [info] > git for-each-ref --format=%(refname)%00%(upstream:short)%00%(objectname)%00%(upstream:track)%00%(upstream:remotename)%00%(upstream:remoteref) refs/heads/master refs/remotes/master [2ms]
2024-02-16 13:34:54.085 [info] > git status -z -uall [11ms]
2024-02-16 13:35:13.202 [info] > git config --get commit.template [8ms]
2024-02-16 13:35:13.220 [info] > git for-each-ref --format=%(refname)%00%(upstream:short)%00%(objectname)%00%(upstream:track)%00%(upstream:remotename)%00%(upstream:remoteref) refs/heads/master refs/remotes/master [2ms]
2024-02-16 13:35:13.256 [info] > git status -z -uall [23ms]
2024-02-16 13:35:18.298 [info] > git config --get commit.template [15ms]
2024-02-16 13:35:18.301 [info] > git for-each-ref --format=%(refname)%00%(upstream:short)%00%(objectname)%00%(upstream:track)%00%(upstream:remotename)%00%(upstream:remoteref) refs/heads/master refs/remotes/master [4ms]
2024-02-16 13:35:18.335 [info] > git status -z -uall [17ms]
2024-02-16 13:35:23.367 [info] > git config --get commit.template [12ms]
2024-02-16 13:35:23.369 [info] > git for-each-ref --format=%(refname)%00%(upstream:short)%00%(objectname)%00%(upstream:track)%00%(upstream:remotename)%00%(upstream:remoteref) refs/heads/master refs/remotes/master [3ms]
2024-02-16 13:35:23.399 [info] > git status -z -uall [19ms]
2024-02-16 13:35:28.422 [info] > git config --get commit.template [4ms]
2024-02-16 13:35:28.435 [info] > git for-each-ref --format=%(refname)%00%(upstream:short)%00%(objectname)%00%(upstream:track)%00%(upstream:remotename)%00%(upstream:remoteref) refs/heads/master refs/remotes/master [4ms]
2024-02-16 13:35:28.471 [info] > git status -z -uall [25ms]
2024-02-16 13:35:33.503 [info] > git config --get commit.template [14ms]
2024-02-16 13:35:33.505 [info] > git for-each-ref --format=%(refname)%00%(upstream:short)%00%(objectname)%00%(upstream:track)%00%(upstream:remotename)%00%(upstream:remoteref) refs/heads/master refs/remotes/master [4ms]
2024-02-16 13:35:33.535 [info] > git status -z -uall [19ms]
2024-02-16 13:35:38.565 [info] > git config --get commit.template [10ms]
2024-02-16 13:35:38.566 [info] > git for-each-ref --format=%(refname)%00%(upstream:short)%00%(objectname)%00%(upstream:track)%00%(upstream:remotename)%00%(upstream:remoteref) refs/heads/master refs/remotes/master [3ms]
2024-02-16 13:35:38.598 [info] > git status -z -uall [21ms]
2024-02-16 13:35:43.627 [info] > git config --get commit.template [10ms]
2024-02-16 13:35:43.628 [info] > git for-each-ref --format=%(refname)%00%(upstream:short)%00%(objectname)%00%(upstream:track)%00%(upstream:remotename)%00%(upstream:remoteref) refs/heads/master refs/remotes/master [2ms]
2024-02-16 13:35:43.654 [info] > git status -z -uall [18ms]
2024-02-16 13:35:48.678 [info] > git config --get commit.template [6ms]
2024-02-16 13:35:48.689 [info] > git for-each-ref --format=%(refname)%00%(upstream:short)%00%(objectname)%00%(upstream:track)%00%(upstream:remotename)%00%(upstream:remoteref) refs/heads/master refs/remotes/master [2ms]
2024-02-16 13:35:48.713 [info] > git status -z -uall [14ms]
2024-02-16 13:36:02.037 [info] > git config --get commit.template [23ms]
2024-02-16 13:36:02.038 [info] > git for-each-ref --format=%(refname)%00%(upstream:short)%00%(objectname)%00%(upstream:track)%00%(upstream:remotename)%00%(upstream:remoteref) refs/heads/master refs/remotes/master [5ms]
2024-02-16 13:36:02.060 [info] > git status -z -uall [14ms]
2024-02-16 13:36:07.092 [info] > git config --get commit.template [12ms]
2024-02-16 13:36:07.094 [info] > git for-each-ref --format=%(refname)%00%(upstream:short)%00%(objectname)%00%(upstream:track)%00%(upstream:remotename)%00%(upstream:remoteref) refs/heads/master refs/remotes/master [3ms]
2024-02-16 13:36:07.128 [info] > git status -z -uall [24ms]
2024-02-16 13:36:12.147 [info] > git config --get commit.template [1ms]
2024-02-16 13:36:12.156 [info] > git for-each-ref --format=%(refname)%00%(upstream:short)%00%(objectname)%00%(upstream:track)%00%(upstream:remotename)%00%(upstream:remoteref) refs/heads/master refs/remotes/master [1ms]
2024-02-16 13:36:12.179 [info] > git status -z -uall [10ms]
2024-02-16 13:36:33.780 [info] > git config --get commit.template [22ms]
2024-02-16 13:36:33.784 [info] > git for-each-ref --format=%(refname)%00%(upstream:short)%00%(objectname)%00%(upstream:track)%00%(upstream:remotename)%00%(upstream:remoteref) refs/heads/master refs/remotes/master [7ms]
2024-02-16 13:36:33.819 [info] > git status -z -uall [21ms]
2024-02-16 13:36:38.854 [info] > git config --get commit.template [15ms]
2024-02-16 13:36:38.854 [info] > git for-each-ref --format=%(refname)%00%(upstream:short)%00%(objectname)%00%(upstream:track)%00%(upstream:remotename)%00%(upstream:remoteref) refs/heads/master refs/remotes/master [2ms]
2024-02-16 13:36:38.876 [info] > git status -z -uall [14ms]
2024-02-16 13:37:07.516 [info] > git config --get commit.template [6ms]
2024-02-16 13:37:07.542 [info] > git for-each-ref --format=%(refname)%00%(upstream:short)%00%(objectname)%00%(upstream:track)%00%(upstream:remotename)%00%(upstream:remoteref) refs/heads/master refs/remotes/master [4ms]
2024-02-16 13:37:07.579 [info] > git status -z -uall [20ms]
2024-02-16 13:37:12.617 [info] > git config --get commit.template [15ms]
2024-02-16 13:37:12.619 [info] > git for-each-ref --format=%(refname)%00%(upstream:short)%00%(objectname)%00%(upstream:track)%00%(upstream:remotename)%00%(upstream:remoteref) refs/heads/master refs/remotes/master [3ms]
2024-02-16 13:37:12.656 [info] > git status -z -uall [26ms]
2024-02-16 13:38:24.482 [info] > git config --get commit.template [21ms]
2024-02-16 13:38:24.483 [info] > git for-each-ref --format=%(refname)%00%(upstream:short)%00%(objectname)%00%(upstream:track)%00%(upstream:remotename)%00%(upstream:remoteref) refs/heads/master refs/remotes/master [4ms]
2024-02-16 13:38:24.512 [info] > git status -z -uall [16ms]
2024-02-16 13:38:29.537 [info] > git config --get commit.template [1ms]
2024-02-16 13:38:29.553 [info] > git for-each-ref --format=%(refname)%00%(upstream:short)%00%(objectname)%00%(upstream:track)%00%(upstream:remotename)%00%(upstream:remoteref) refs/heads/master refs/remotes/master [9ms]
2024-02-16 13:38:29.591 [info] > git status -z -uall [28ms]
2024-02-16 13:39:16.271 [info] > git config --get commit.template [4ms]
2024-02-16 13:39:16.294 [info] > git for-each-ref --format=%(refname)%00%(upstream:short)%00%(objectname)%00%(upstream:track)%00%(upstream:remotename)%00%(upstream:remoteref) refs/heads/master refs/remotes/master [4ms]
2024-02-16 13:39:16.316 [info] > git status -z -uall [14ms]
2024-02-16 13:39:21.338 [info] > git config --get commit.template [10ms]
2024-02-16 13:39:21.339 [info] > git for-each-ref --format=%(refname)%00%(upstream:short)%00%(objectname)%00%(upstream:track)%00%(upstream:remotename)%00%(upstream:remoteref) refs/heads/master refs/remotes/master [3ms]
2024-02-16 13:39:21.357 [info] > git status -z -uall [10ms]
2024-02-16 13:39:26.388 [info] > git config --get commit.template [11ms]
2024-02-16 13:39:26.390 [info] > git for-each-ref --format=%(refname)%00%(upstream:short)%00%(objectname)%00%(upstream:track)%00%(upstream:remotename)%00%(upstream:remoteref) refs/heads/master refs/remotes/master [3ms]
2024-02-16 13:39:26.418 [info] > git status -z -uall [16ms]
2024-02-16 13:40:29.605 [info] > git config --get commit.template [4ms]
2024-02-16 13:40:29.625 [info] > git for-each-ref --format=%(refname)%00%(upstream:short)%00%(objectname)%00%(upstream:track)%00%(upstream:remotename)%00%(upstream:remoteref) refs/heads/master refs/remotes/master [3ms]
2024-02-16 13:40:29.649 [info] > git status -z -uall [14ms]
2024-02-16 13:40:34.684 [info] > git config --get commit.template [12ms]
2024-02-16 13:40:34.687 [info] > git for-each-ref --format=%(refname)%00%(upstream:short)%00%(objectname)%00%(upstream:track)%00%(upstream:remotename)%00%(upstream:remoteref) refs/heads/master refs/remotes/master [4ms]
2024-02-16 13:40:34.719 [info] > git status -z -uall [21ms]
2024-02-16 13:40:39.746 [info] > git config --get commit.template [3ms]
2024-02-16 13:40:39.759 [info] > git for-each-ref --format=%(refname)%00%(upstream:short)%00%(objectname)%00%(upstream:track)%00%(upstream:remotename)%00%(upstream:remoteref) refs/heads/master refs/remotes/master [3ms]
2024-02-16 13:40:39.796 [info] > git status -z -uall [25ms]
2024-02-16 13:40:44.831 [info] > git config --get commit.template [14ms]
2024-02-16 13:40:44.836 [info] > git for-each-ref --format=%(refname)%00%(upstream:short)%00%(objectname)%00%(upstream:track)%00%(upstream:remotename)%00%(upstream:remoteref) refs/heads/master refs/remotes/master [7ms]
2024-02-16 13:40:44.864 [info] > git status -z -uall [17ms]
2024-02-16 13:42:18.558 [info] > git config --get commit.template [18ms]
2024-02-16 13:42:18.559 [info] > git for-each-ref --format=%(refname)%00%(upstream:short)%00%(objectname)%00%(upstream:track)%00%(upstream:remotename)%00%(upstream:remoteref) refs/heads/master refs/remotes/master [3ms]
2024-02-16 13:42:18.588 [info] > git status -z -uall [16ms]
2024-02-16 13:44:18.216 [info] > git config --get commit.template [1ms]
2024-02-16 13:44:18.229 [info] > git for-each-ref --format=%(refname)%00%(upstream:short)%00%(objectname)%00%(upstream:track)%00%(upstream:remotename)%00%(upstream:remoteref) refs/heads/master refs/remotes/master [2ms]
2024-02-16 13:44:18.254 [info] > git status -z -uall [16ms]
2024-02-16 13:45:31.182 [info] > git config --get commit.template [14ms]
2024-02-16 13:45:31.184 [info] > git for-each-ref --format=%(refname)%00%(upstream:short)%00%(objectname)%00%(upstream:track)%00%(upstream:remotename)%00%(upstream:remoteref) refs/heads/master refs/remotes/master [3ms]
2024-02-16 13:45:31.217 [info] > git status -z -uall [15ms]
2024-02-16 13:45:38.140 [info] > git config --get commit.template [2ms]
2024-02-16 13:45:38.151 [info] > git for-each-ref --format=%(refname)%00%(upstream:short)%00%(objectname)%00%(upstream:track)%00%(upstream:remotename)%00%(upstream:remoteref) refs/heads/master refs/remotes/master [2ms]
2024-02-16 13:45:38.179 [info] > git status -z -uall [14ms]
2024-02-16 13:46:07.720 [info] > git config --get commit.template [24ms]
2024-02-16 13:46:07.722 [info] > git for-each-ref --format=%(refname)%00%(upstream:short)%00%(objectname)%00%(upstream:track)%00%(upstream:remotename)%00%(upstream:remoteref) refs/heads/master refs/remotes/master [5ms]
2024-02-16 13:46:07.770 [info] > git status -z -uall [34ms]
2024-02-16 13:47:47.605 [info] > git for-each-ref --format=%(refname)%00%(upstream:short)%00%(objectname)%00%(upstream:track)%00%(upstream:remotename)%00%(upstream:remoteref) refs/heads/master refs/remotes/master [3ms]
2024-02-16 13:47:47.606 [info] > git config --get commit.template [29ms]
2024-02-16 13:47:47.632 [info] > git status -z -uall [16ms]
2024-02-16 17:17:51.790 [info] > git config --get commit.template [29ms]
2024-02-16 17:17:51.794 [info] > git for-each-ref --format=%(refname)%00%(upstream:short)%00%(objectname)%00%(upstream:track)%00%(upstream:remotename)%00%(upstream:remoteref) refs/heads/master refs/remotes/master [7ms]
2024-02-16 17:17:51.864 [info] > git status -z -uall [57ms]
2024-02-16 17:18:22.370 [info] > git config --get commit.template [32ms]
2024-02-16 17:18:22.372 [info] > git for-each-ref --format=%(refname)%00%(upstream:short)%00%(objectname)%00%(upstream:track)%00%(upstream:remotename)%00%(upstream:remoteref) refs/heads/master refs/remotes/master [4ms]
2024-02-16 17:18:22.407 [info] > git status -z -uall [18ms]
2024-02-16 17:18:27.433 [info] > git config --get commit.template [9ms]
2024-02-16 17:18:27.433 [info] > git for-each-ref --format=%(refname)%00%(upstream:short)%00%(objectname)%00%(upstream:track)%00%(upstream:remotename)%00%(upstream:remoteref) refs/heads/master refs/remotes/master [1ms]
2024-02-16 17:18:27.456 [info] > git status -z -uall [12ms]
2024-02-16 17:18:43.308 [info] > git config --get commit.template [13ms]
2024-02-16 17:18:43.332 [info] > git for-each-ref --format=%(refname)%00%(upstream:short)%00%(objectname)%00%(upstream:track)%00%(upstream:remotename)%00%(upstream:remoteref) refs/heads/master refs/remotes/master [2ms]
2024-02-16 17:18:43.364 [info] > git status -z -uall [21ms]
2024-02-16 17:18:48.379 [info] > git config --get commit.template [2ms]
2024-02-16 17:18:48.387 [info] > git for-each-ref --format=%(refname)%00%(upstream:short)%00%(objectname)%00%(upstream:track)%00%(upstream:remotename)%00%(upstream:remoteref) refs/heads/master refs/remotes/master [3ms]
2024-02-16 17:18:48.416 [info] > git status -z -uall [19ms]
2024-02-16 17:19:05.828 [info] > git config --get commit.template [23ms]
2024-02-16 17:19:05.828 [info] > git for-each-ref --format=%(refname)%00%(upstream:short)%00%(objectname)%00%(upstream:track)%00%(upstream:remotename)%00%(upstream:remoteref) refs/heads/master refs/remotes/master [2ms]
2024-02-16 17:19:05.855 [info] > git status -z -uall [12ms]
2024-02-16 17:19:10.899 [info] > git config --get commit.template [18ms]
2024-02-16 17:19:10.900 [info] > git for-each-ref --format=%(refname)%00%(upstream:short)%00%(objectname)%00%(upstream:track)%00%(upstream:remotename)%00%(upstream:remoteref) refs/heads/master refs/remotes/master [2ms]
2024-02-16 17:19:10.916 [info] > git status -z -uall [8ms]
2024-02-16 17:19:15.929 [info] > git config --get commit.template [2ms]
2024-02-16 17:19:15.937 [info] > git for-each-ref --format=%(refname)%00%(upstream:short)%00%(objectname)%00%(upstream:track)%00%(upstream:remotename)%00%(upstream:remoteref) refs/heads/master refs/remotes/master [2ms]
2024-02-16 17:19:15.953 [info] > git status -z -uall [9ms]
2024-02-16 17:19:20.974 [info] > git config --get commit.template [8ms]
2024-02-16 17:19:20.974 [info] > git for-each-ref --format=%(refname)%00%(upstream:short)%00%(objectname)%00%(upstream:track)%00%(upstream:remotename)%00%(upstream:remoteref) refs/heads/master refs/remotes/master [2ms]
2024-02-16 17:19:20.993 [info] > git status -z -uall [10ms]
2024-02-16 17:19:26.007 [info] > git config --get commit.template [3ms]
2024-02-16 17:19:26.015 [info] > git for-each-ref --format=%(refname)%00%(upstream:short)%00%(objectname)%00%(upstream:track)%00%(upstream:remotename)%00%(upstream:remoteref) refs/heads/master refs/remotes/master [1ms]
2024-02-16 17:19:26.043 [info] > git status -z -uall [20ms]
2024-02-16 17:19:31.073 [info] > git config --get commit.template [14ms]
2024-02-16 17:19:31.082 [info] > git for-each-ref --format=%(refname)%00%(upstream:short)%00%(objectname)%00%(upstream:track)%00%(upstream:remotename)%00%(upstream:remoteref) refs/heads/master refs/remotes/master [11ms]
2024-02-16 17:19:31.111 [info] > git status -z -uall [17ms]
2024-02-16 17:19:41.811 [info] > git config --get commit.template [25ms]
2024-02-16 17:19:41.813 [info] > git for-each-ref --format=%(refname)%00%(upstream:short)%00%(objectname)%00%(upstream:track)%00%(upstream:remotename)%00%(upstream:remoteref) refs/heads/master refs/remotes/master [3ms]
2024-02-16 17:19:41.851 [info] > git status -z -uall [17ms]
2024-02-16 17:19:46.886 [info] > git config --get commit.template [13ms]
2024-02-16 17:19:46.888 [info] > git for-each-ref --format=%(refname)%00%(upstream:short)%00%(objectname)%00%(upstream:track)%00%(upstream:remotename)%00%(upstream:remoteref) refs/heads/master refs/remotes/master [2ms]
2024-02-16 17:19:46.911 [info] > git status -z -uall [14ms]
2024-02-16 17:19:51.934 [info] > git config --get commit.template [10ms]
2024-02-16 17:19:51.941 [info] > git for-each-ref --format=%(refname)%00%(upstream:short)%00%(objectname)%00%(upstream:track)%00%(upstream:remotename)%00%(upstream:remoteref) refs/heads/master refs/remotes/master [7ms]
2024-02-16 17:19:51.956 [info] > git status -z -uall [9ms]
2024-02-16 17:19:56.976 [info] > git config --get commit.template [2ms]
2024-02-16 17:19:56.989 [info] > git for-each-ref --format=%(refname)%00%(upstream:short)%00%(objectname)%00%(upstream:track)%00%(upstream:remotename)%00%(upstream:remoteref) refs/heads/master refs/remotes/master [1ms]
2024-02-16 17:19:57.029 [info] > git status -z -uall [26ms]
2024-02-16 17:20:02.064 [info] > git for-each-ref --format=%(refname)%00%(upstream:short)%00%(objectname)%00%(upstream:track)%00%(upstream:remotename)%00%(upstream:remoteref) refs/heads/master refs/remotes/master [3ms]
2024-02-16 17:20:02.065 [info] > git config --get commit.template [14ms]
2024-02-16 17:20:02.093 [info] > git status -z -uall [21ms]
2024-02-16 17:20:15.127 [info] > git config --get commit.template [21ms]
2024-02-16 17:20:15.128 [info] > git for-each-ref --format=%(refname)%00%(upstream:short)%00%(objectname)%00%(upstream:track)%00%(upstream:remotename)%00%(upstream:remoteref) refs/heads/master refs/remotes/master [3ms]
2024-02-16 17:20:15.169 [info] > git status -z -uall [21ms]
2024-02-16 17:20:20.189 [info] > git config --get commit.template [2ms]
2024-02-16 17:20:20.197 [info] > git for-each-ref --format=%(refname)%00%(upstream:short)%00%(objectname)%00%(upstream:track)%00%(upstream:remotename)%00%(upstream:remoteref) refs/heads/master refs/remotes/master [2ms]
2024-02-16 17:20:20.218 [info] > git status -z -uall [11ms]
2024-02-16 17:20:25.241 [info] > git config --get commit.template [7ms]
2024-02-16 17:20:25.242 [info] > git for-each-ref --format=%(refname)%00%(upstream:short)%00%(objectname)%00%(upstream:track)%00%(upstream:remotename)%00%(upstream:remoteref) refs/heads/master refs/remotes/master [2ms]
2024-02-16 17:20:25.261 [info] > git status -z -uall [9ms]
2024-02-16 17:20:30.308 [info] > git config --get commit.template [19ms]
2024-02-16 17:20:30.309 [info] > git for-each-ref --format=%(refname)%00%(upstream:short)%00%(objectname)%00%(upstream:track)%00%(upstream:remotename)%00%(upstream:remoteref) refs/heads/master refs/remotes/master [5ms]
2024-02-16 17:20:30.351 [info] > git status -z -uall [27ms]
2024-02-16 17:20:35.374 [info] > git config --get commit.template [8ms]
2024-02-16 17:20:35.375 [info] > git for-each-ref --format=%(refname)%00%(upstream:short)%00%(objectname)%00%(upstream:track)%00%(upstream:remotename)%00%(upstream:remoteref) refs/heads/master refs/remotes/master [2ms]
2024-02-16 17:20:35.395 [info] > git status -z -uall [14ms]
2024-02-16 17:20:40.417 [info] > git config --get commit.template [8ms]
2024-02-16 17:20:40.418 [info] > git for-each-ref --format=%(refname)%00%(upstream:short)%00%(objectname)%00%(upstream:track)%00%(upstream:remotename)%00%(upstream:remoteref) refs/heads/master refs/remotes/master [1ms]
2024-02-16 17:20:40.435 [info] > git status -z -uall [9ms]
2024-02-16 17:20:43.295 [info] > git check-ignore -v -z --stdin [4ms]
2024-02-16 17:20:45.462 [info] > git config --get commit.template [12ms]
2024-02-16 17:20:45.463 [info] > git for-each-ref --format=%(refname)%00%(upstream:short)%00%(objectname)%00%(upstream:track)%00%(upstream:remotename)%00%(upstream:remoteref) refs/heads/master refs/remotes/master [2ms]
2024-02-16 17:20:45.484 [info] > git status -z -uall [14ms]
2024-02-16 17:21:07.794 [info] > git config --get commit.template [13ms]
2024-02-16 17:21:07.794 [info] > git for-each-ref --format=%(refname)%00%(upstream:short)%00%(objectname)%00%(upstream:track)%00%(upstream:remotename)%00%(upstream:remoteref) refs/heads/master refs/remotes/master [2ms]
2024-02-16 17:21:07.823 [info] > git status -z -uall [16ms]
2024-02-16 17:21:12.839 [info] > git config --get commit.template [1ms]
2024-02-16 17:21:12.851 [info] > git for-each-ref --format=%(refname)%00%(upstream:short)%00%(objectname)%00%(upstream:track)%00%(upstream:remotename)%00%(upstream:remoteref) refs/heads/master refs/remotes/master [2ms]
2024-02-16 17:21:12.883 [info] > git status -z -uall [9ms]
2024-02-16 17:21:17.907 [info] > git config --get commit.template [4ms]
2024-02-16 17:21:17.915 [info] > git for-each-ref --format=%(refname)%00%(upstream:short)%00%(objectname)%00%(upstream:track)%00%(upstream:remotename)%00%(upstream:remoteref) refs/heads/master refs/remotes/master [1ms]
2024-02-16 17:21:17.938 [info] > git status -z -uall [8ms]
2024-02-16 17:24:51.669 [info] > git config --get commit.template [28ms]
2024-02-16 17:24:51.671 [info] > git for-each-ref --format=%(refname)%00%(upstream:short)%00%(objectname)%00%(upstream:track)%00%(upstream:remotename)%00%(upstream:remoteref) refs/heads/master refs/remotes/master [9ms]
2024-02-16 17:24:51.701 [info] > git status -z -uall [18ms]
2024-02-16 17:25:08.680 [info] > git config --get commit.template [26ms]
2024-02-16 17:25:08.687 [info] > git for-each-ref --format=%(refname)%00%(upstream:short)%00%(objectname)%00%(upstream:track)%00%(upstream:remotename)%00%(upstream:remoteref) refs/heads/master refs/remotes/master [11ms]
2024-02-16 17:25:08.747 [info] > git status -z -uall [31ms]
2024-02-16 17:25:14.414 [info] > git config --get commit.template [15ms]
2024-02-16 17:25:14.415 [info] > git for-each-ref --format=%(refname)%00%(upstream:short)%00%(objectname)%00%(upstream:track)%00%(upstream:remotename)%00%(upstream:remoteref) refs/heads/master refs/remotes/master [2ms]
2024-02-16 17:25:14.438 [info] > git status -z -uall [11ms]
2024-02-16 17:25:19.460 [info] > git config --get commit.template [7ms]
2024-02-16 17:25:19.460 [info] > git for-each-ref --format=%(refname)%00%(upstream:short)%00%(objectname)%00%(upstream:track)%00%(upstream:remotename)%00%(upstream:remoteref) refs/heads/master refs/remotes/master [1ms]
2024-02-16 17:25:19.479 [info] > git status -z -uall [11ms]
2024-02-16 17:25:20.093 [info] > git check-ignore -v -z --stdin [5ms]
2024-02-16 17:25:24.507 [info] > git config --get commit.template [11ms]
2024-02-16 17:25:24.508 [info] > git for-each-ref --format=%(refname)%00%(upstream:short)%00%(objectname)%00%(upstream:track)%00%(upstream:remotename)%00%(upstream:remoteref) refs/heads/master refs/remotes/master [4ms]
2024-02-16 17:25:24.532 [info] > git status -z -uall [15ms]
2024-02-16 17:25:24.624 [info] > git show --textconv :Paris-B2-DevWeb-main/app/public/style.css [7ms]
2024-02-16 17:25:24.626 [info] > git ls-files --stage -- /home/akraaam_kh/Paris-B2-DevWeb-main/app/public/style.css [3ms]
2024-02-16 17:25:24.642 [info] > git cat-file -s 99b296675b3518a456d644485ecb33bedb0f9bbd [10ms]
2024-02-16 17:25:29.550 [info] > git config --get commit.template [12ms]
2024-02-16 17:25:29.550 [info] > git for-each-ref --format=%(refname)%00%(upstream:short)%00%(objectname)%00%(upstream:track)%00%(upstream:remotename)%00%(upstream:remoteref) refs/heads/master refs/remotes/master [2ms]
2024-02-16 17:25:29.580 [info] > git status -z -uall [18ms]
2024-02-16 17:25:34.616 [info] > git config --get commit.template [12ms]
2024-02-16 17:25:34.618 [info] > git for-each-ref --format=%(refname)%00%(upstream:short)%00%(objectname)%00%(upstream:track)%00%(upstream:remotename)%00%(upstream:remoteref) refs/heads/master refs/remotes/master [4ms]
2024-02-16 17:25:34.646 [info] > git status -z -uall [18ms]
2024-02-16 17:25:45.953 [info] > git config --get commit.template [22ms]
2024-02-16 17:25:45.954 [info] > git for-each-ref --format=%(refname)%00%(upstream:short)%00%(objectname)%00%(upstream:track)%00%(upstream:remotename)%00%(upstream:remoteref) refs/heads/master refs/remotes/master [2ms]
2024-02-16 17:25:45.983 [info] > git status -z -uall [15ms]
2024-02-16 17:25:51.014 [info] > git config --get commit.template [11ms]
2024-02-16 17:25:51.017 [info] > git for-each-ref --format=%(refname)%00%(upstream:short)%00%(objectname)%00%(upstream:track)%00%(upstream:remotename)%00%(upstream:remoteref) refs/heads/master refs/remotes/master [4ms]
2024-02-16 17:25:51.045 [info] > git status -z -uall [17ms]
2024-02-16 17:25:56.078 [info] > git config --get commit.template [12ms]
2024-02-16 17:25:56.079 [info] > git for-each-ref --format=%(refname)%00%(upstream:short)%00%(objectname)%00%(upstream:track)%00%(upstream:remotename)%00%(upstream:remoteref) refs/heads/master refs/remotes/master [3ms]
2024-02-16 17:25:56.108 [info] > git status -z -uall [19ms]
2024-02-16 17:26:01.142 [info] > git config --get commit.template [12ms]
2024-02-16 17:26:01.143 [info] > git for-each-ref --format=%(refname)%00%(upstream:short)%00%(objectname)%00%(upstream:track)%00%(upstream:remotename)%00%(upstream:remoteref) refs/heads/master refs/remotes/master [3ms]
2024-02-16 17:26:01.172 [info] > git status -z -uall [18ms]
2024-02-16 17:26:06.227 [info] > git config --get commit.template [17ms]
2024-02-16 17:26:06.248 [info] > git for-each-ref --format=%(refname)%00%(upstream:short)%00%(objectname)%00%(upstream:track)%00%(upstream:remotename)%00%(upstream:remoteref) refs/heads/master refs/remotes/master [1ms]
2024-02-16 17:26:06.273 [info] > git status -z -uall [14ms]
2024-02-16 17:27:15.129 [info] > git config --get commit.template [18ms]
2024-02-16 17:27:15.131 [info] > git for-each-ref --format=%(refname)%00%(upstream:short)%00%(objectname)%00%(upstream:track)%00%(upstream:remotename)%00%(upstream:remoteref) refs/heads/master refs/remotes/master [3ms]
2024-02-16 17:27:15.163 [info] > git status -z -uall [16ms]
2024-02-16 17:27:20.196 [info] > git config --get commit.template [13ms]
2024-02-16 17:27:20.197 [info] > git for-each-ref --format=%(refname)%00%(upstream:short)%00%(objectname)%00%(upstream:track)%00%(upstream:remotename)%00%(upstream:remoteref) refs/heads/master refs/remotes/master [2ms]
2024-02-16 17:27:20.217 [info] > git status -z -uall [13ms]
2024-02-16 17:28:52.424 [info] > git config --get commit.template [34ms]
2024-02-16 17:28:52.427 [info] > git for-each-ref --format=%(refname)%00%(upstream:short)%00%(objectname)%00%(upstream:track)%00%(upstream:remotename)%00%(upstream:remoteref) refs/heads/master refs/remotes/master [10ms]
2024-02-16 17:28:52.472 [info] > git status -z -uall [26ms]
2024-02-16 17:28:57.509 [info] > git config --get commit.template [12ms]
2024-02-16 17:28:57.511 [info] > git for-each-ref --format=%(refname)%00%(upstream:short)%00%(objectname)%00%(upstream:track)%00%(upstream:remotename)%00%(upstream:remoteref) refs/heads/master refs/remotes/master [3ms]
2024-02-16 17:28:57.546 [info] > git status -z -uall [22ms]
2024-02-16 17:29:02.571 [info] > git config --get commit.template [3ms]
2024-02-16 17:29:02.583 [info] > git for-each-ref --format=%(refname)%00%(upstream:short)%00%(objectname)%00%(upstream:track)%00%(upstream:remotename)%00%(upstream:remoteref) refs/heads/master refs/remotes/master [4ms]
2024-02-16 17:29:02.619 [info] > git status -z -uall [22ms]
2024-02-16 17:29:07.027 [info] > git ls-tree -l HEAD -- /home/akraaam_kh/Paris-B2-DevWeb-main/app/public/images/flash.png [26ms]
2024-02-16 17:29:07.030 [info] > git ls-tree -l HEAD -- /home/akraaam_kh/Paris-B2-DevWeb-main/app/public/images/flash.png [17ms]
2024-02-16 17:29:07.658 [info] > git config --get commit.template [15ms]
2024-02-16 17:29:07.661 [info] > git for-each-ref --format=%(refname)%00%(upstream:short)%00%(objectname)%00%(upstream:track)%00%(upstream:remotename)%00%(upstream:remoteref) refs/heads/master refs/remotes/master [4ms]
2024-02-16 17:29:07.682 [info] > git status -z -uall [13ms]
2024-02-16 17:29:12.716 [info] > git config --get commit.template [11ms]
2024-02-16 17:29:12.717 [info] > git for-each-ref --format=%(refname)%00%(upstream:short)%00%(objectname)%00%(upstream:track)%00%(upstream:remotename)%00%(upstream:remoteref) refs/heads/master refs/remotes/master [2ms]
2024-02-16 17:29:12.736 [info] > git status -z -uall [13ms]
2024-02-16 17:29:17.784 [info] > git config --get commit.template [18ms]
2024-02-16 17:29:17.787 [info] > git for-each-ref --format=%(refname)%00%(upstream:short)%00%(objectname)%00%(upstream:track)%00%(upstream:remotename)%00%(upstream:remoteref) refs/heads/master refs/remotes/master [4ms]
2024-02-16 17:29:17.808 [info] > git status -z -uall [12ms]
2024-02-16 17:29:22.831 [info] > git config --get commit.template [8ms]
2024-02-16 17:29:22.832 [info] > git for-each-ref --format=%(refname)%00%(upstream:short)%00%(objectname)%00%(upstream:track)%00%(upstream:remotename)%00%(upstream:remoteref) refs/heads/master refs/remotes/master [1ms]
2024-02-16 17:29:22.848 [info] > git status -z -uall [10ms]
2024-02-16 17:29:27.875 [info] > git config --get commit.template [8ms]
2024-02-16 17:29:27.876 [info] > git for-each-ref --format=%(refname)%00%(upstream:short)%00%(objectname)%00%(upstream:track)%00%(upstream:remotename)%00%(upstream:remoteref) refs/heads/master refs/remotes/master [2ms]
2024-02-16 17:29:27.895 [info] > git status -z -uall [11ms]
2024-02-16 17:29:32.912 [info] > git config --get commit.template [2ms]
2024-02-16 17:29:32.923 [info] > git for-each-ref --format=%(refname)%00%(upstream:short)%00%(objectname)%00%(upstream:track)%00%(upstream:remotename)%00%(upstream:remoteref) refs/heads/master refs/remotes/master [3ms]
2024-02-16 17:29:32.952 [info] > git status -z -uall [18ms]
2024-02-16 17:29:37.991 [info] > git config --get commit.template [16ms]
2024-02-16 17:29:37.992 [info] > git for-each-ref --format=%(refname)%00%(upstream:short)%00%(objectname)%00%(upstream:track)%00%(upstream:remotename)%00%(upstream:remoteref) refs/heads/master refs/remotes/master [3ms]
2024-02-16 17:29:38.023 [info] > git status -z -uall [18ms]
2024-02-16 17:29:43.058 [info] > git config --get commit.template [14ms]
2024-02-16 17:29:43.060 [info] > git for-each-ref --format=%(refname)%00%(upstream:short)%00%(objectname)%00%(upstream:track)%00%(upstream:remotename)%00%(upstream:remoteref) refs/heads/master refs/remotes/master [2ms]
2024-02-16 17:29:43.090 [info] > git status -z -uall [20ms]
2024-02-16 17:29:48.113 [info] > git config --get commit.template [8ms]
2024-02-16 17:29:48.113 [info] > git for-each-ref --format=%(refname)%00%(upstream:short)%00%(objectname)%00%(upstream:track)%00%(upstream:remotename)%00%(upstream:remoteref) refs/heads/master refs/remotes/master [1ms]
2024-02-16 17:29:48.138 [info] > git status -z -uall [10ms]
2024-02-16 17:29:51.505 [info] > git merge-base refs/heads/master refs/remotes/origin/master [4ms]
2024-02-16 17:29:51.519 [info] > git rev-list --count --left-right refs/heads/master...refs/remotes/origin/master [5ms]
2024-02-16 17:29:52.261 [info] > git check-ignore -v -z --stdin [5ms]
2024-02-16 17:29:53.160 [info] > git config --get commit.template [9ms]
2024-02-16 17:29:53.162 [info] > git for-each-ref --format=%(refname)%00%(upstream:short)%00%(objectname)%00%(upstream:track)%00%(upstream:remotename)%00%(upstream:remoteref) refs/heads/master refs/remotes/master [3ms]
2024-02-16 17:29:53.183 [info] > git status -z -uall [10ms]
2024-02-16 17:29:58.227 [info] > git config --get commit.template [16ms]
2024-02-16 17:29:58.228 [info] > git for-each-ref --format=%(refname)%00%(upstream:short)%00%(objectname)%00%(upstream:track)%00%(upstream:remotename)%00%(upstream:remoteref) refs/heads/master refs/remotes/master [3ms]
2024-02-16 17:29:58.264 [info] > git status -z -uall [13ms]
2024-02-16 17:30:03.292 [info] > git config --get commit.template [12ms]
2024-02-16 17:30:03.294 [info] > git for-each-ref --format=%(refname)%00%(upstream:short)%00%(objectname)%00%(upstream:track)%00%(upstream:remotename)%00%(upstream:remoteref) refs/heads/master refs/remotes/master [3ms]
2024-02-16 17:30:03.337 [info] > git status -z -uall [13ms]
2024-02-16 17:30:31.035 [info] > git config --get commit.template [19ms]
2024-02-16 17:30:31.036 [info] > git for-each-ref --format=%(refname)%00%(upstream:short)%00%(objectname)%00%(upstream:track)%00%(upstream:remotename)%00%(upstream:remoteref) refs/heads/master refs/remotes/master [2ms]
2024-02-16 17:30:31.061 [info] > git status -z -uall [14ms]
2024-02-16 17:30:36.089 [info] > git config --get commit.template [12ms]
2024-02-16 17:30:36.093 [info] > git for-each-ref --format=%(refname)%00%(upstream:short)%00%(objectname)%00%(upstream:track)%00%(upstream:remotename)%00%(upstream:remoteref) refs/heads/master refs/remotes/master [3ms]
2024-02-16 17:30:36.122 [info] > git status -z -uall [15ms]
2024-02-16 17:30:47.555 [info] > git config --get commit.template [20ms]
2024-02-16 17:30:47.557 [info] > git for-each-ref --format=%(refname)%00%(upstream:short)%00%(objectname)%00%(upstream:track)%00%(upstream:remotename)%00%(upstream:remoteref) refs/heads/master refs/remotes/master [4ms]
2024-02-16 17:30:47.589 [info] > git status -z -uall [14ms]
2024-02-16 17:30:52.613 [info] > git config --get commit.template [4ms]
2024-02-16 17:30:52.625 [info] > git for-each-ref --format=%(refname)%00%(upstream:short)%00%(objectname)%00%(upstream:track)%00%(upstream:remotename)%00%(upstream:remoteref) refs/heads/master refs/remotes/master [3ms]
2024-02-16 17:30:52.650 [info] > git status -z -uall [13ms]
2024-02-16 17:30:57.671 [info] > git config --get commit.template [7ms]
2024-02-16 17:30:57.672 [info] > git for-each-ref --format=%(refname)%00%(upstream:short)%00%(objectname)%00%(upstream:track)%00%(upstream:remotename)%00%(upstream:remoteref) refs/heads/master refs/remotes/master [2ms]
2024-02-16 17:30:57.701 [info] > git status -z -uall [19ms]
2024-02-16 17:31:02.741 [info] > git config --get commit.template [13ms]
2024-02-16 17:31:02.743 [info] > git for-each-ref --format=%(refname)%00%(upstream:short)%00%(objectname)%00%(upstream:track)%00%(upstream:remotename)%00%(upstream:remoteref) refs/heads/master refs/remotes/master [3ms]
2024-02-16 17:31:02.762 [info] > git status -z -uall [12ms]
2024-02-16 17:31:07.786 [info] > git config --get commit.template [2ms]
2024-02-16 17:31:07.804 [info] > git for-each-ref --format=%(refname)%00%(upstream:short)%00%(objectname)%00%(upstream:track)%00%(upstream:remotename)%00%(upstream:remoteref) refs/heads/master refs/remotes/master [4ms]
2024-02-16 17:31:07.834 [info] > git status -z -uall [14ms]
2024-02-16 17:31:52.613 [info] > git config --get commit.template [22ms]
2024-02-16 17:31:52.614 [info] > git for-each-ref --format=%(refname)%00%(upstream:short)%00%(objectname)%00%(upstream:track)%00%(upstream:remotename)%00%(upstream:remoteref) refs/heads/master refs/remotes/master [3ms]
2024-02-16 17:31:52.643 [info] > git status -z -uall [15ms]
2024-02-16 17:32:05.336 [info] > git add -A -- . [87ms]
2024-02-16 17:32:06.099 [info] > git ls-files --stage -- /home/akraaam_kh/.git/COMMIT_EDITMSG [2ms]
2024-02-16 17:32:06.107 [info] > git show --textconv :.git/COMMIT_EDITMSG [19ms]
2024-02-16 17:32:06.450 [info] > git check-ignore -v -z --stdin [3ms]
2024-02-16 17:32:21.167 [info] > git -c user.useConfigOnly=true commit --quiet [15822ms]
2024-02-16 17:32:21.167 [info] Aborting commit due to empty commit message.
2024-02-16 17:32:21.191 [info] > git config --get commit.template [12ms]
2024-02-16 17:32:21.193 [info] > git for-each-ref --format=%(refname)%00%(upstream:short)%00%(objectname)%00%(upstream:track)%00%(upstream:remotename)%00%(upstream:remoteref) refs/heads/master refs/remotes/master [3ms]
2024-02-16 17:32:21.228 [info] > git status -z -uall [24ms]
2024-02-16 17:32:22.119 [info] > git check-ignore -v -z --stdin [3ms]
2024-02-16 17:32:24.187 [info] > git show --textconv :.git/COMMIT_EDITMSG [13ms]
2024-02-16 17:32:24.190 [info] > git ls-files --stage -- /home/akraaam_kh/.git/COMMIT_EDITMSG [4ms]
2024-02-16 17:32:54.404 [info] > git -c user.useConfigOnly=true commit --quiet [30649ms]
2024-02-16 17:32:54.405 [info] Aborting commit due to empty commit message.
2024-02-16 17:32:54.441 [info] > git config --get commit.template [16ms]
2024-02-16 17:32:54.444 [info] > git for-each-ref --format=%(refname)%00%(upstream:short)%00%(objectname)%00%(upstream:track)%00%(upstream:remotename)%00%(upstream:remoteref) refs/heads/master refs/remotes/master [6ms]
2024-02-16 17:32:54.489 [info] > git status -z -uall [31ms]
2024-02-16 17:33:04.156 [info] > git check-ignore -v -z --stdin [2ms]
2024-02-16 17:33:04.749 [info] > git check-ignore -v -z --stdin [4ms]
2024-02-16 17:33:19.168 [info] > git ls-files --stage -- /home/akraaam_kh/.git/COMMIT_EDITMSG [2ms]
2024-02-16 17:33:19.174 [info] > git show --textconv :.git/COMMIT_EDITMSG [24ms]
2024-02-16 17:35:38.927 [info] > git ls-files --stage -- /home/akraaam_kh/.git/COMMIT_EDITMSG [6ms]
2024-02-16 17:35:38.951 [info] > git show --textconv :.git/COMMIT_EDITMSG [3ms]
2024-02-16 17:35:50.497 [info] > git -c user.useConfigOnly=true commit --quiet [151815ms]
2024-02-16 17:35:50.497 [info] Aborting commit due to empty commit message.
2024-02-16 17:35:50.528 [info] > git config --get commit.template [15ms]
2024-02-16 17:35:50.530 [info] > git for-each-ref --format=%(refname)%00%(upstream:short)%00%(objectname)%00%(upstream:track)%00%(upstream:remotename)%00%(upstream:remoteref) refs/heads/master refs/remotes/master [3ms]
2024-02-16 17:35:50.569 [info] > git status -z -uall [23ms]
2024-02-16 17:35:50.623 [info] > git config --get commit.template [21ms]
2024-02-16 17:35:50.625 [info] > git for-each-ref --format=%(refname)%00%(upstream:short)%00%(objectname)%00%(upstream:track)%00%(upstream:remotename)%00%(upstream:remoteref) refs/heads/master refs/remotes/master [4ms]
2024-02-16 17:35:50.670 [info] > git status -z -uall [27ms]
2024-02-16 17:35:53.868 [info] > git check-ignore -v -z --stdin [2ms]
2024-02-16 17:35:55.722 [info] > git config --get commit.template [21ms]
2024-02-16 17:35:55.722 [info] > git for-each-ref --format=%(refname)%00%(upstream:short)%00%(objectname)%00%(upstream:track)%00%(upstream:remotename)%00%(upstream:remoteref) refs/heads/master refs/remotes/master [7ms]
2024-02-16 17:35:55.747 [info] > git status -z -uall [16ms]
2024-02-16 17:36:00.790 [info] > git config --get commit.template [16ms]
2024-02-16 17:36:00.791 [info] > git for-each-ref --format=%(refname)%00%(upstream:short)%00%(objectname)%00%(upstream:track)%00%(upstream:remotename)%00%(upstream:remoteref) refs/heads/master refs/remotes/master [4ms]
2024-02-16 17:36:00.815 [info] > git status -z -uall [15ms]
2024-02-16 17:36:05.839 [info] > git config --get commit.template [2ms]
2024-02-16 17:36:05.851 [info] > git for-each-ref --format=%(refname)%00%(upstream:short)%00%(objectname)%00%(upstream:track)%00%(upstream:remotename)%00%(upstream:remoteref) refs/heads/master refs/remotes/master [2ms]
2024-02-16 17:36:05.872 [info] > git status -z -uall [13ms]
2024-02-16 17:36:10.894 [info] > git config --get commit.template [9ms]
2024-02-16 17:36:10.895 [info] > git for-each-ref --format=%(refname)%00%(upstream:short)%00%(objectname)%00%(upstream:track)%00%(upstream:remotename)%00%(upstream:remoteref) refs/heads/master refs/remotes/master [4ms]
2024-02-16 17:36:10.920 [info] > git status -z -uall [14ms]
2024-02-16 17:36:15.357 [info] > git check-ignore -v -z --stdin [3ms]
2024-02-16 17:36:15.950 [info] > git config --get commit.template [13ms]
2024-02-16 17:36:15.951 [info] > git for-each-ref --format=%(refname)%00%(upstream:short)%00%(objectname)%00%(upstream:track)%00%(upstream:remotename)%00%(upstream:remoteref) refs/heads/master refs/remotes/master [3ms]
2024-02-16 17:36:15.982 [info] > git status -z -uall [18ms]
2024-02-16 17:36:16.048 [info] > git check-ignore -v -z --stdin [3ms]
2024-02-16 17:36:21.007 [info] > git config --get commit.template [10ms]
2024-02-16 17:36:21.008 [info] > git for-each-ref --format=%(refname)%00%(upstream:short)%00%(objectname)%00%(upstream:track)%00%(upstream:remotename)%00%(upstream:remoteref) refs/heads/master refs/remotes/master [2ms]
2024-02-16 17:36:21.031 [info] > git status -z -uall [16ms]
2024-02-16 17:36:26.055 [info] > git config --get commit.template [9ms]
2024-02-16 17:36:26.056 [info] > git for-each-ref --format=%(refname)%00%(upstream:short)%00%(objectname)%00%(upstream:track)%00%(upstream:remotename)%00%(upstream:remoteref) refs/heads/master refs/remotes/master [2ms]
2024-02-16 17:36:26.090 [info] > git status -z -uall [24ms]
2024-02-16 17:36:31.117 [info] > git config --get commit.template [12ms]
2024-02-16 17:36:31.118 [info] > git for-each-ref --format=%(refname)%00%(upstream:short)%00%(objectname)%00%(upstream:track)%00%(upstream:remotename)%00%(upstream:remoteref) refs/heads/master refs/remotes/master [2ms]
2024-02-16 17:36:31.150 [info] > git status -z -uall [17ms]
2024-02-16 17:36:36.173 [info] > git config --get commit.template [1ms]
2024-02-16 17:36:36.190 [info] > git for-each-ref --format=%(refname)%00%(upstream:short)%00%(objectname)%00%(upstream:track)%00%(upstream:remotename)%00%(upstream:remoteref) refs/heads/master refs/remotes/master [5ms]
2024-02-16 17:36:36.223 [info] > git status -z -uall [23ms]
2024-02-16 17:36:41.238 [info] > git config --get commit.template [2ms]
2024-02-16 17:36:41.253 [info] > git for-each-ref --format=%(refname)%00%(upstream:short)%00%(objectname)%00%(upstream:track)%00%(upstream:remotename)%00%(upstream:remoteref) refs/heads/master refs/remotes/master [3ms]
2024-02-16 17:36:41.291 [info] > git status -z -uall [22ms]
2024-02-16 17:36:42.420 [info] > git ls-tree -l HEAD -- /home/akraaam_kh/Paris-B2-DevWeb-main/app/public/images/flash.png [20ms]
2024-02-16 17:36:42.422 [info] > git ls-tree -l HEAD -- /home/akraaam_kh/Paris-B2-DevWeb-main/app/public/images/flash.png [41ms]
2024-02-16 17:36:42.425 [info] > git ls-files --stage -- /home/akraaam_kh/Paris-B2-DevWeb-main/app/public/images/flash.png [9ms]
2024-02-16 17:36:42.466 [info] > git cat-file -s 7860136af8cab8034ef6a6cea9e3cb908078a4cf [21ms]
2024-02-16 17:36:42.470 [info] > git ls-files --stage -- /home/akraaam_kh/Paris-B2-DevWeb-main/app/public/images/flash.png [6ms]
2024-02-16 17:36:42.505 [info] > git cat-file -s 7860136af8cab8034ef6a6cea9e3cb908078a4cf [2ms]
2024-02-16 17:36:42.653 [info] > git show --textconv :Paris-B2-DevWeb-main/app/public/images/flash.png [10ms]
2024-02-16 17:36:42.656 [info] > git ls-files --stage -- /home/akraaam_kh/Paris-B2-DevWeb-main/app/public/images/flash.png [4ms]
2024-02-16 17:36:42.667 [info] > git cat-file -s 7860136af8cab8034ef6a6cea9e3cb908078a4cf [2ms]
2024-02-16 17:36:42.855 [info] > git check-ignore -v -z --stdin [2ms]
2024-02-16 17:36:46.313 [info] > git config --get commit.template [3ms]
2024-02-16 17:36:46.327 [info] > git for-each-ref --format=%(refname)%00%(upstream:short)%00%(objectname)%00%(upstream:track)%00%(upstream:remotename)%00%(upstream:remoteref) refs/heads/master refs/remotes/master [3ms]
2024-02-16 17:36:46.359 [info] > git status -z -uall [20ms]
2024-02-16 17:36:51.392 [info] > git config --get commit.template [17ms]
2024-02-16 17:36:51.394 [info] > git for-each-ref --format=%(refname)%00%(upstream:short)%00%(objectname)%00%(upstream:track)%00%(upstream:remotename)%00%(upstream:remoteref) refs/heads/master refs/remotes/master [2ms]
2024-02-16 17:36:51.430 [info] > git status -z -uall [23ms]
2024-02-16 17:36:56.458 [info] > git config --get commit.template [10ms]
2024-02-16 17:36:56.461 [info] > git for-each-ref --format=%(refname)%00%(upstream:short)%00%(objectname)%00%(upstream:track)%00%(upstream:remotename)%00%(upstream:remoteref) refs/heads/master refs/remotes/master [4ms]
2024-02-16 17:36:56.493 [info] > git status -z -uall [21ms]
2024-02-16 17:36:57.227 [info] > git ls-files --stage -- /home/akraaam_kh/Paris-B2-DevWeb-main/app/public/images/flash.png [3ms]
2024-02-16 17:36:57.244 [info] > git cat-file -s 7860136af8cab8034ef6a6cea9e3cb908078a4cf [2ms]
2024-02-16 17:37:01.518 [info] > git config --get commit.template [3ms]
2024-02-16 17:37:01.536 [info] > git for-each-ref --format=%(refname)%00%(upstream:short)%00%(objectname)%00%(upstream:track)%00%(upstream:remotename)%00%(upstream:remoteref) refs/heads/master refs/remotes/master [3ms]
2024-02-16 17:37:01.590 [info] > git status -z -uall [38ms]
2024-02-16 17:37:06.875 [info] > git show --textconv :.git/COMMIT_EDITMSG [8ms]
2024-02-16 17:37:06.880 [info] > git ls-files --stage -- /home/akraaam_kh/.git/COMMIT_EDITMSG [7ms]
2024-02-16 17:37:07.682 [info] > git ls-files --stage -- /home/akraaam_kh/Paris-B2-DevWeb-main/app/public/images/flash.png [11ms]
2024-02-16 17:37:07.690 [info] > git ls-files --stage -- /home/akraaam_kh/.git/COMMIT_EDITMSG [33ms]
2024-02-16 17:37:07.694 [info] > git cat-file -s 7860136af8cab8034ef6a6cea9e3cb908078a4cf [5ms]
2024-02-16 17:37:07.696 [info] > git ls-files --stage -- /home/akraaam_kh/Paris-B2-DevWeb-main/app/public/images/flash.png [16ms]
2024-02-16 17:37:07.719 [info] > git show --textconv :.git/COMMIT_EDITMSG [2ms]
2024-02-16 17:37:07.719 [info] > git cat-file -s 7860136af8cab8034ef6a6cea9e3cb908078a4cf [13ms]
2024-02-16 17:37:45.141 [info] > git -c user.useConfigOnly=true commit --quiet [38848ms]
2024-02-16 17:37:45.142 [info] Aborting commit due to empty commit message.
2024-02-16 17:37:45.171 [info] > git config --get commit.template [2ms]
2024-02-16 17:37:45.186 [info] > git for-each-ref --format=%(refname)%00%(upstream:short)%00%(objectname)%00%(upstream:track)%00%(upstream:remotename)%00%(upstream:remoteref) refs/heads/master refs/remotes/master [3ms]
2024-02-16 17:37:45.220 [info] > git status -z -uall [19ms]
2024-02-16 17:37:45.272 [info] > git config --get commit.template [16ms]
2024-02-16 17:37:45.274 [info] > git for-each-ref --format=%(refname)%00%(upstream:short)%00%(objectname)%00%(upstream:track)%00%(upstream:remotename)%00%(upstream:remoteref) refs/heads/master refs/remotes/master [4ms]
2024-02-16 17:37:45.319 [info] > git status -z -uall [31ms]
2024-02-16 17:37:45.672 [info] > git ls-files --stage -- /home/akraaam_kh/Paris-B2-DevWeb-main/app/public/images/flash.png [4ms]
2024-02-16 17:37:45.688 [info] > git cat-file -s 7860136af8cab8034ef6a6cea9e3cb908078a4cf [4ms]
2024-02-16 17:37:45.709 [info] > git show --textconv :Paris-B2-DevWeb-main/app/public/images/flash.png [3ms]
2024-02-16 17:37:50.355 [info] > git config --get commit.template [16ms]
2024-02-16 17:37:50.357 [info] > git for-each-ref --format=%(refname)%00%(upstream:short)%00%(objectname)%00%(upstream:track)%00%(upstream:remotename)%00%(upstream:remoteref) refs/heads/master refs/remotes/master [5ms]
2024-02-16 17:37:50.386 [info] > git status -z -uall [17ms]
2024-02-16 17:37:54.438 [info] > git check-ignore -v -z --stdin [4ms]
2024-02-16 17:37:55.414 [info] > git config --get commit.template [12ms]
2024-02-16 17:37:55.415 [info] > git for-each-ref --format=%(refname)%00%(upstream:short)%00%(objectname)%00%(upstream:track)%00%(upstream:remotename)%00%(upstream:remoteref) refs/heads/master refs/remotes/master [2ms]
2024-02-16 17:37:55.444 [info] > git status -z -uall [21ms]
2024-02-16 17:38:00.471 [info] > git config --get commit.template [4ms]
2024-02-16 17:38:00.484 [info] > git for-each-ref --format=%(refname)%00%(upstream:short)%00%(objectname)%00%(upstream:track)%00%(upstream:remotename)%00%(upstream:remoteref) refs/heads/master refs/remotes/master [2ms]
2024-02-16 17:38:00.524 [info] > git status -z -uall [25ms]
2024-02-16 17:38:05.559 [info] > git config --get commit.template [15ms]
2024-02-16 17:38:05.563 [info] > git for-each-ref --format=%(refname)%00%(upstream:short)%00%(objectname)%00%(upstream:track)%00%(upstream:remotename)%00%(upstream:remoteref) refs/heads/master refs/remotes/master [5ms]
2024-02-16 17:38:05.607 [info] > git status -z -uall [27ms]
2024-02-16 17:38:10.628 [info] > git config --get commit.template [2ms]
2024-02-16 17:38:10.638 [info] > git for-each-ref --format=%(refname)%00%(upstream:short)%00%(objectname)%00%(upstream:track)%00%(upstream:remotename)%00%(upstream:remoteref) refs/heads/master refs/remotes/master [2ms]
2024-02-16 17:38:10.678 [info] > git status -z -uall [30ms]
2024-02-16 17:51:36.825 [info] > git config --get commit.template [16ms]
2024-02-16 17:51:36.826 [info] > git for-each-ref --format=%(refname)%00%(upstream:short)%00%(objectname)%00%(upstream:track)%00%(upstream:remotename)%00%(upstream:remoteref) refs/heads/master refs/remotes/master [2ms]
2024-02-16 17:51:36.856 [info] > git status -z -uall [19ms]
2024-02-16 17:51:39.411 [info] > git check-ignore -v -z --stdin [4ms]
2024-02-16 17:51:41.880 [info] > git config --get commit.template [9ms]
2024-02-16 17:51:41.884 [info] > git for-each-ref --format=%(refname)%00%(upstream:short)%00%(objectname)%00%(upstream:track)%00%(upstream:remotename)%00%(upstream:remoteref) refs/heads/master refs/remotes/master [6ms]
2024-02-16 17:51:41.931 [info] > git status -z -uall [27ms]
2024-02-16 17:51:46.971 [info] > git config --get commit.template [19ms]
2024-02-16 17:51:46.974 [info] > git for-each-ref --format=%(refname)%00%(upstream:short)%00%(objectname)%00%(upstream:track)%00%(upstream:remotename)%00%(upstream:remoteref) refs/heads/master refs/remotes/master [5ms]
2024-02-16 17:51:47.005 [info] > git status -z -uall [22ms]
2024-02-16 17:57:48.454 [info] > git config --get commit.template [18ms]
2024-02-16 17:57:48.455 [info] > git for-each-ref --format=%(refname)%00%(upstream:short)%00%(objectname)%00%(upstream:track)%00%(upstream:remotename)%00%(upstream:remoteref) refs/heads/master refs/remotes/master [3ms]
2024-02-16 17:57:48.495 [info] > git status -z -uall [28ms]
2024-02-16 17:57:53.530 [info] > git config --get commit.template [12ms]
2024-02-16 17:57:53.531 [info] > git for-each-ref --format=%(refname)%00%(upstream:short)%00%(objectname)%00%(upstream:track)%00%(upstream:remotename)%00%(upstream:remoteref) refs/heads/master refs/remotes/master [3ms]
2024-02-16 17:57:53.564 [info] > git status -z -uall [23ms]
2024-02-16 17:57:58.595 [info] > git config --get commit.template [14ms]
2024-02-16 17:57:58.597 [info] > git for-each-ref --format=%(refname)%00%(upstream:short)%00%(objectname)%00%(upstream:track)%00%(upstream:remotename)%00%(upstream:remoteref) refs/heads/master refs/remotes/master [3ms]
2024-02-16 17:57:58.634 [info] > git status -z -uall [24ms]
2024-02-16 17:58:08.185 [info] > git config --get commit.template [5ms]
2024-02-16 17:58:08.202 [info] > git for-each-ref --format=%(refname)%00%(upstream:short)%00%(objectname)%00%(upstream:track)%00%(upstream:remotename)%00%(upstream:remoteref) refs/heads/master refs/remotes/master [3ms]
2024-02-16 17:58:08.235 [info] > git status -z -uall [21ms]
2024-02-16 17:58:13.252 [info] > git config --get commit.template [3ms]
2024-02-16 17:58:13.261 [info] > git for-each-ref --format=%(refname)%00%(upstream:short)%00%(objectname)%00%(upstream:track)%00%(upstream:remotename)%00%(upstream:remoteref) refs/heads/master refs/remotes/master [2ms]
2024-02-16 17:58:13.294 [info] > git status -z -uall [20ms]
2024-02-16 17:58:18.324 [info] > git config --get commit.template [10ms]
2024-02-16 17:58:18.327 [info] > git for-each-ref --format=%(refname)%00%(upstream:short)%00%(objectname)%00%(upstream:track)%00%(upstream:remotename)%00%(upstream:remoteref) refs/heads/master refs/remotes/master [4ms]
2024-02-16 17:58:18.362 [info] > git status -z -uall [23ms]
2024-02-16 17:58:24.829 [info] > git config --get commit.template [13ms]
2024-02-16 17:58:24.830 [info] > git for-each-ref --format=%(refname)%00%(upstream:short)%00%(objectname)%00%(upstream:track)%00%(upstream:remotename)%00%(upstream:remoteref) refs/heads/master refs/remotes/master [3ms]
2024-02-16 17:58:24.859 [info] > git status -z -uall [17ms]
2024-02-16 17:58:29.873 [info] > git config --get commit.template [1ms]
2024-02-16 17:58:29.884 [info] > git for-each-ref --format=%(refname)%00%(upstream:short)%00%(objectname)%00%(upstream:track)%00%(upstream:remotename)%00%(upstream:remoteref) refs/heads/master refs/remotes/master [2ms]
2024-02-16 17:58:29.909 [info] > git status -z -uall [17ms]
2024-02-16 17:58:34.942 [info] > git config --get commit.template [14ms]
2024-02-16 17:58:34.944 [info] > git for-each-ref --format=%(refname)%00%(upstream:short)%00%(objectname)%00%(upstream:track)%00%(upstream:remotename)%00%(upstream:remoteref) refs/heads/master refs/remotes/master [4ms]
2024-02-16 17:58:34.985 [info] > git status -z -uall [29ms]
2024-02-16 17:58:40.015 [info] > git config --get commit.template [10ms]
2024-02-16 17:58:40.016 [info] > git for-each-ref --format=%(refname)%00%(upstream:short)%00%(objectname)%00%(upstream:track)%00%(upstream:remotename)%00%(upstream:remoteref) refs/heads/master refs/remotes/master [2ms]
2024-02-16 17:58:40.049 [info] > git status -z -uall [23ms]
2024-02-16 17:58:45.070 [info] > git config --get commit.template [1ms]
2024-02-16 17:58:45.082 [info] > git for-each-ref --format=%(refname)%00%(upstream:short)%00%(objectname)%00%(upstream:track)%00%(upstream:remotename)%00%(upstream:remoteref) refs/heads/master refs/remotes/master [2ms]
2024-02-16 17:58:45.105 [info] > git status -z -uall [15ms]
2024-02-16 17:58:50.143 [info] > git config --get commit.template [16ms]
2024-02-16 17:58:50.147 [info] > git for-each-ref --format=%(refname)%00%(upstream:short)%00%(objectname)%00%(upstream:track)%00%(upstream:remotename)%00%(upstream:remoteref) refs/heads/master refs/remotes/master [6ms]
2024-02-16 17:58:50.203 [info] > git status -z -uall [41ms]
2024-02-16 17:58:55.236 [info] > git config --get commit.template [11ms]
2024-02-16 17:58:55.238 [info] > git for-each-ref --format=%(refname)%00%(upstream:short)%00%(objectname)%00%(upstream:track)%00%(upstream:remotename)%00%(upstream:remoteref) refs/heads/master refs/remotes/master [4ms]
2024-02-16 17:58:55.277 [info] > git status -z -uall [28ms]
2024-02-16 17:59:00.313 [info] > git config --get commit.template [17ms]
2024-02-16 17:59:00.316 [info] > git for-each-ref --format=%(refname)%00%(upstream:short)%00%(objectname)%00%(upstream:track)%00%(upstream:remotename)%00%(upstream:remoteref) refs/heads/master refs/remotes/master [4ms]
2024-02-16 17:59:00.356 [info] > git status -z -uall [26ms]
2024-02-16 17:59:05.390 [info] > git config --get commit.template [12ms]
2024-02-16 17:59:05.392 [info] > git for-each-ref --format=%(refname)%00%(upstream:short)%00%(objectname)%00%(upstream:track)%00%(upstream:remotename)%00%(upstream:remoteref) refs/heads/master refs/remotes/master [4ms]
2024-02-16 17:59:05.427 [info] > git status -z -uall [21ms]
2024-02-16 17:59:10.452 [info] > git config --get commit.template [3ms]
2024-02-16 17:59:10.470 [info] > git for-each-ref --format=%(refname)%00%(upstream:short)%00%(objectname)%00%(upstream:track)%00%(upstream:remotename)%00%(upstream:remoteref) refs/heads/master refs/remotes/master [2ms]
2024-02-16 17:59:10.505 [info] > git status -z -uall [24ms]
2024-02-16 18:08:36.602 [info] > git config --get commit.template [24ms]
2024-02-16 18:08:36.605 [info] > git for-each-ref --format=%(refname)%00%(upstream:short)%00%(objectname)%00%(upstream:track)%00%(upstream:remotename)%00%(upstream:remoteref) refs/heads/master refs/remotes/master [6ms]
2024-02-16 18:08:36.641 [info] > git status -z -uall [26ms]
2024-02-16 18:08:41.662 [info] > git config --get commit.template [3ms]
2024-02-16 18:08:41.675 [info] > git for-each-ref --format=%(refname)%00%(upstream:short)%00%(objectname)%00%(upstream:track)%00%(upstream:remotename)%00%(upstream:remoteref) refs/heads/master refs/remotes/master [4ms]
2024-02-16 18:08:41.702 [info] > git status -z -uall [18ms]
2024-02-16 18:08:46.728 [info] > git config --get commit.template [12ms]
2024-02-16 18:08:46.729 [info] > git for-each-ref --format=%(refname)%00%(upstream:short)%00%(objectname)%00%(upstream:track)%00%(upstream:remotename)%00%(upstream:remoteref) refs/heads/master refs/remotes/master [3ms]
2024-02-16 18:08:46.759 [info] > git status -z -uall [22ms]
2024-02-16 18:08:51.797 [info] > git config --get commit.template [16ms]
2024-02-16 18:08:51.802 [info] > git for-each-ref --format=%(refname)%00%(upstream:short)%00%(objectname)%00%(upstream:track)%00%(upstream:remotename)%00%(upstream:remoteref) refs/heads/master refs/remotes/master [5ms]
2024-02-16 18:08:51.848 [info] > git status -z -uall [28ms]
2024-02-16 18:08:56.884 [info] > git for-each-ref --format=%(refname)%00%(upstream:short)%00%(objectname)%00%(upstream:track)%00%(upstream:remotename)%00%(upstream:remoteref) refs/heads/master refs/remotes/master [2ms]
2024-02-16 18:08:56.885 [info] > git config --get commit.template [17ms]
2024-02-16 18:08:56.923 [info] > git status -z -uall [26ms]
2024-02-16 18:09:01.962 [info] > git config --get commit.template [17ms]
2024-02-16 18:09:01.966 [info] > git for-each-ref --format=%(refname)%00%(upstream:short)%00%(objectname)%00%(upstream:track)%00%(upstream:remotename)%00%(upstream:remoteref) refs/heads/master refs/remotes/master [6ms]
2024-02-16 18:09:02.002 [info] > git status -z -uall [22ms]
2024-02-16 18:09:32.730 [info] > git config --get commit.template [6ms]
2024-02-16 18:09:32.746 [info] > git for-each-ref --format=%(refname)%00%(upstream:short)%00%(objectname)%00%(upstream:track)%00%(upstream:remotename)%00%(upstream:remoteref) refs/heads/master refs/remotes/master [4ms]
2024-02-16 18:09:32.783 [info] > git status -z -uall [27ms]
2024-02-16 18:09:37.806 [info] > git config --get commit.template [3ms]
2024-02-16 18:09:37.816 [info] > git for-each-ref --format=%(refname)%00%(upstream:short)%00%(objectname)%00%(upstream:track)%00%(upstream:remotename)%00%(upstream:remoteref) refs/heads/master refs/remotes/master [2ms]
2024-02-16 18:09:37.837 [info] > git status -z -uall [13ms]
2024-02-16 18:31:26.539 [info] > git config --get commit.template [10ms]
2024-02-16 18:31:26.542 [info] > git for-each-ref --format=%(refname)%00%(upstream:short)%00%(objectname)%00%(upstream:track)%00%(upstream:remotename)%00%(upstream:remoteref) refs/heads/master refs/remotes/master [3ms]
2024-02-16 18:31:26.567 [info] > git status -z -uall [15ms]
2024-02-16 18:31:31.588 [info] > git config --get commit.template [6ms]
2024-02-16 18:31:31.589 [info] > git for-each-ref --format=%(refname)%00%(upstream:short)%00%(objectname)%00%(upstream:track)%00%(upstream:remotename)%00%(upstream:remoteref) refs/heads/master refs/remotes/master [1ms]
2024-02-16 18:31:31.606 [info] > git status -z -uall [10ms]
2024-02-16 18:31:36.627 [info] > git config --get commit.template [11ms]
2024-02-16 18:31:36.628 [info] > git for-each-ref --format=%(refname)%00%(upstream:short)%00%(objectname)%00%(upstream:track)%00%(upstream:remotename)%00%(upstream:remoteref) refs/heads/master refs/remotes/master [2ms]
2024-02-16 18:31:36.650 [info] > git status -z -uall [15ms]
2024-02-16 18:31:41.663 [info] > git config --get commit.template [1ms]
2024-02-16 18:31:41.670 [info] > git for-each-ref --format=%(refname)%00%(upstream:short)%00%(objectname)%00%(upstream:track)%00%(upstream:remotename)%00%(upstream:remoteref) refs/heads/master refs/remotes/master [1ms]
2024-02-16 18:31:41.684 [info] > git status -z -uall [8ms]
2024-02-16 18:31:46.695 [info] > git config --get commit.template [1ms]
2024-02-16 18:31:46.701 [info] > git for-each-ref --format=%(refname)%00%(upstream:short)%00%(objectname)%00%(upstream:track)%00%(upstream:remotename)%00%(upstream:remoteref) refs/heads/master refs/remotes/master [1ms]
2024-02-16 18:31:46.717 [info] > git status -z -uall [9ms]
2024-02-16 18:31:51.738 [info] > git config --get commit.template [7ms]
2024-02-16 18:31:51.738 [info] > git for-each-ref --format=%(refname)%00%(upstream:short)%00%(objectname)%00%(upstream:track)%00%(upstream:remotename)%00%(upstream:remoteref) refs/heads/master refs/remotes/master [1ms]
2024-02-16 18:31:51.752 [info] > git status -z -uall [9ms]
