2024-03-05 10:50:06.405 [info] Extension host with pid 898 started
2024-03-05 10:50:06.568 [info] ExtensionService#_doActivateExtension vscode.emmet, startup: false, activationEvent: 'onLanguage'
2024-03-05 10:50:06.731 [info] Lock '/home/akraaam_kh/.vscode-server/data/User/workspaceStorage/aab43a72942d0c30cbbbacde874c7c05/vscode.lock': Lock acquired.
2024-03-05 10:50:07.216 [info] ExtensionService#_doActivateExtension vscode.git-base, startup: true, activationEvent: '*', root cause: vscode.git
2024-03-05 10:50:07.417 [info] ExtensionService#_doActivateExtension vscode.git, startup: true, activationEvent: '*'
2024-03-05 10:50:07.418 [info] ExtensionService#_doActivateExtension vscode.github, startup: true, activationEvent: '*'
2024-03-05 10:50:08.145 [info] Eager extensions activated
2024-03-05 10:50:08.146 [info] ExtensionService#_doActivateExtension vscode.debug-auto-launch, startup: false, activationEvent: 'onStartupFinished'
2024-03-05 10:50:08.148 [info] ExtensionService#_doActivateExtension vscode.merge-conflict, startup: false, activationEvent: 'onStartupFinished'
2024-03-05 10:53:26.522 [info] ExtensionService#_doActivateExtension vscode.css-language-features, startup: false, activationEvent: 'onLanguage:css'
2024-03-05 11:29:54.394 [info] ExtensionService#_doActivateExtension vscode.php-language-features, startup: false, activationEvent: 'onLanguage:php'
2024-03-05 11:50:41.488 [warning] [Decorations] CAPPING events from decorations provider vscode.git 251
2024-03-05 11:50:46.764 [warning] [Decorations] CAPPING events from decorations provider vscode.git 251
2024-03-05 11:50:51.811 [warning] [Decorations] CAPPING events from decorations provider vscode.git 251
2024-03-05 11:50:56.858 [warning] [Decorations] CAPPING events from decorations provider vscode.git 251
2024-03-05 11:51:01.903 [warning] [Decorations] CAPPING events from decorations provider vscode.git 251
2024-03-05 11:51:09.822 [warning] [Decorations] CAPPING events from decorations provider vscode.git 251
2024-03-05 11:51:14.903 [warning] [Decorations] CAPPING events from decorations provider vscode.git 251
2024-03-05 11:51:18.983 [info] ExtensionService#_doActivateExtension vscode.npm, startup: false, activationEvent: 'onTerminalQuickFixRequest:ms-vscode.npm-command'
2024-03-05 11:51:19.956 [warning] [Decorations] CAPPING events from decorations provider vscode.git 251
2024-03-05 11:51:25.014 [warning] [Decorations] CAPPING events from decorations provider vscode.git 251
2024-03-05 11:51:30.057 [warning] [Decorations] CAPPING events from decorations provider vscode.git 251
2024-03-05 11:51:35.158 [warning] [Decorations] CAPPING events from decorations provider vscode.git 251
2024-03-05 12:52:52.009 [warning] [Decorations] CAPPING events from decorations provider vscode.git 251
2024-03-05 12:53:14.897 [warning] [Decorations] CAPPING events from decorations provider vscode.git 251
2024-03-05 12:53:25.725 [warning] [Decorations] CAPPING events from decorations provider vscode.git 251
2024-03-05 12:54:01.667 [warning] [Decorations] CAPPING events from decorations provider vscode.git 251
2024-03-05 12:54:06.727 [warning] [Decorations] CAPPING events from decorations provider vscode.git 251
2024-03-05 12:54:59.359 [warning] [Decorations] CAPPING events from decorations provider vscode.git 251
2024-03-05 12:55:51.955 [warning] [Decorations] CAPPING events from decorations provider vscode.git 251
2024-03-05 12:56:36.493 [info] Extension host terminating: received terminate message from renderer
2024-03-05 12:56:36.500 [info] Lock '/home/akraaam_kh/.vscode-server/data/User/workspaceStorage/aab43a72942d0c30cbbbacde874c7c05/vscode.lock': Marking the lockfile as scheduled to be released in 6000 ms.
2024-03-05 12:56:36.858 [error] Canceled: Canceled
	at new $ (/home/akraaam_kh/.vscode-server/bin/019f4d1419fbc8219a181fab7892ebccf7ee29a2/out/vs/workbench/api/node/extensionHostProcess.js:140:45885)
	at s.U (/home/akraaam_kh/.vscode-server/bin/019f4d1419fbc8219a181fab7892ebccf7ee29a2/out/vs/workbench/api/node/extensionHostProcess.js:147:5556)
	at z.<computed>.T.charCodeAt.z.<computed> (/home/akraaam_kh/.vscode-server/bin/019f4d1419fbc8219a181fab7892ebccf7ee29a2/out/vs/workbench/api/node/extensionHostProcess.js:147:3007)
	at u.g (/home/akraaam_kh/.vscode-server/bin/019f4d1419fbc8219a181fab7892ebccf7ee29a2/out/vs/workbench/api/node/extensionHostProcess.js:150:184415)
	at u.executeCommand (/home/akraaam_kh/.vscode-server/bin/019f4d1419fbc8219a181fab7892ebccf7ee29a2/out/vs/workbench/api/node/extensionHostProcess.js:150:183853)
	at f.registerCommand.description (/home/akraaam_kh/.vscode-server/bin/019f4d1419fbc8219a181fab7892ebccf7ee29a2/out/vs/workbench/api/node/extensionHostProcess.js:150:183177)
	at u.h (/home/akraaam_kh/.vscode-server/bin/019f4d1419fbc8219a181fab7892ebccf7ee29a2/out/vs/workbench/api/node/extensionHostProcess.js:150:184954)
	at u.g (/home/akraaam_kh/.vscode-server/bin/019f4d1419fbc8219a181fab7892ebccf7ee29a2/out/vs/workbench/api/node/extensionHostProcess.js:150:183946)
	at u.executeCommand (/home/akraaam_kh/.vscode-server/bin/019f4d1419fbc8219a181fab7892ebccf7ee29a2/out/vs/workbench/api/node/extensionHostProcess.js:150:183853)
	at Object.executeCommand (/home/akraaam_kh/.vscode-server/bin/019f4d1419fbc8219a181fab7892ebccf7ee29a2/out/vs/workbench/api/node/extensionHostProcess.js:160:21654)
	at p.O [as value] (/home/akraaam_kh/.vscode-server/bin/019f4d1419fbc8219a181fab7892ebccf7ee29a2/extensions/git/dist/main.js:2:943479)
	at n.y (/home/akraaam_kh/.vscode-server/bin/019f4d1419fbc8219a181fab7892ebccf7ee29a2/out/vs/workbench/api/node/extensionHostProcess.js:80:1902)
	at n.z (/home/akraaam_kh/.vscode-server/bin/019f4d1419fbc8219a181fab7892ebccf7ee29a2/out/vs/workbench/api/node/extensionHostProcess.js:80:1972)
	at n.fire (/home/akraaam_kh/.vscode-server/bin/019f4d1419fbc8219a181fab7892ebccf7ee29a2/out/vs/workbench/api/node/extensionHostProcess.js:80:2188)
	at Object.m [as dispose] (/home/akraaam_kh/.vscode-server/bin/019f4d1419fbc8219a181fab7892ebccf7ee29a2/extensions/git/dist/main.js:2:962791)
	at /home/akraaam_kh/.vscode-server/bin/019f4d1419fbc8219a181fab7892ebccf7ee29a2/extensions/git/dist/main.js:2:968825
	at Array.forEach (<anonymous>)
	at f.dispose (/home/akraaam_kh/.vscode-server/bin/019f4d1419fbc8219a181fab7892ebccf7ee29a2/extensions/git/dist/main.js:2:968811)
	at l.<anonymous> (/home/akraaam_kh/.vscode-server/bin/019f4d1419fbc8219a181fab7892ebccf7ee29a2/out/vs/workbench/api/node/extensionHostProcess.js:148:3704)
	at l.dispose (/home/akraaam_kh/.vscode-server/bin/019f4d1419fbc8219a181fab7892ebccf7ee29a2/out/vs/workbench/api/node/extensionHostProcess.js:148:3801)
	at l.<anonymous> (/home/akraaam_kh/.vscode-server/bin/019f4d1419fbc8219a181fab7892ebccf7ee29a2/extensions/git/dist/main.js:2:945736)
	at l.dispose (/home/akraaam_kh/.vscode-server/bin/019f4d1419fbc8219a181fab7892ebccf7ee29a2/out/vs/workbench/api/node/extensionHostProcess.js:148:3801)
	at o (/home/akraaam_kh/.vscode-server/bin/019f4d1419fbc8219a181fab7892ebccf7ee29a2/out/vs/workbench/api/node/extensionHostProcess.js:30:754)
	at p.cb (/home/akraaam_kh/.vscode-server/bin/019f4d1419fbc8219a181fab7892ebccf7ee29a2/out/vs/workbench/api/node/extensionHostProcess.js:156:9882)
	at /home/akraaam_kh/.vscode-server/bin/019f4d1419fbc8219a181fab7892ebccf7ee29a2/out/vs/workbench/api/node/extensionHostProcess.js:156:7816
	at Array.map (<anonymous>)
	at p.Y (/home/akraaam_kh/.vscode-server/bin/019f4d1419fbc8219a181fab7892ebccf7ee29a2/out/vs/workbench/api/node/extensionHostProcess.js:156:7803)
	at p.terminate (/home/akraaam_kh/.vscode-server/bin/019f4d1419fbc8219a181fab7892ebccf7ee29a2/out/vs/workbench/api/node/extensionHostProcess.js:156:8076)
	at o.terminate (/home/akraaam_kh/.vscode-server/bin/019f4d1419fbc8219a181fab7892ebccf7ee29a2/out/vs/workbench/api/node/extensionHostProcess.js:160:1513)
	at t (/home/akraaam_kh/.vscode-server/bin/019f4d1419fbc8219a181fab7892ebccf7ee29a2/out/vs/workbench/api/node/extensionHostProcess.js:173:9949)
	at p.value (/home/akraaam_kh/.vscode-server/bin/019f4d1419fbc8219a181fab7892ebccf7ee29a2/out/vs/workbench/api/node/extensionHostProcess.js:173:7996)
	at n.y (/home/akraaam_kh/.vscode-server/bin/019f4d1419fbc8219a181fab7892ebccf7ee29a2/out/vs/workbench/api/node/extensionHostProcess.js:80:1902)
	at n.fire (/home/akraaam_kh/.vscode-server/bin/019f4d1419fbc8219a181fab7892ebccf7ee29a2/out/vs/workbench/api/node/extensionHostProcess.js:80:2119)
	at r.fire (/home/akraaam_kh/.vscode-server/bin/019f4d1419fbc8219a181fab7892ebccf7ee29a2/out/vs/workbench/api/node/extensionHostProcess.js:105:14091)
	at u.z (/home/akraaam_kh/.vscode-server/bin/019f4d1419fbc8219a181fab7892ebccf7ee29a2/out/vs/workbench/api/node/extensionHostProcess.js:105:17156)
	at p.value (/home/akraaam_kh/.vscode-server/bin/019f4d1419fbc8219a181fab7892ebccf7ee29a2/out/vs/workbench/api/node/extensionHostProcess.js:105:15608)
	at n.y (/home/akraaam_kh/.vscode-server/bin/019f4d1419fbc8219a181fab7892ebccf7ee29a2/out/vs/workbench/api/node/extensionHostProcess.js:80:1902)
	at n.fire (/home/akraaam_kh/.vscode-server/bin/019f4d1419fbc8219a181fab7892ebccf7ee29a2/out/vs/workbench/api/node/extensionHostProcess.js:80:2119)
	at p.acceptChunk (/home/akraaam_kh/.vscode-server/bin/019f4d1419fbc8219a181fab7892ebccf7ee29a2/out/vs/workbench/api/node/extensionHostProcess.js:105:11865)
	at p.value (/home/akraaam_kh/.vscode-server/bin/019f4d1419fbc8219a181fab7892ebccf7ee29a2/out/vs/workbench/api/node/extensionHostProcess.js:105:11152)
	at n.y (/home/akraaam_kh/.vscode-server/bin/019f4d1419fbc8219a181fab7892ebccf7ee29a2/out/vs/workbench/api/node/extensionHostProcess.js:80:1902)
	at n.fire (/home/akraaam_kh/.vscode-server/bin/019f4d1419fbc8219a181fab7892ebccf7ee29a2/out/vs/workbench/api/node/extensionHostProcess.js:80:2119)
	at n.z (/home/akraaam_kh/.vscode-server/bin/019f4d1419fbc8219a181fab7892ebccf7ee29a2/out/vs/workbench/api/node/extensionHostProcess.js:170:19768)
	at n.acceptFrame (/home/akraaam_kh/.vscode-server/bin/019f4d1419fbc8219a181fab7892ebccf7ee29a2/out/vs/workbench/api/node/extensionHostProcess.js:170:19574)
	at i.n (/home/akraaam_kh/.vscode-server/bin/019f4d1419fbc8219a181fab7892ebccf7ee29a2/out/vs/workbench/api/node/extensionHostProcess.js:170:18073)
	at /home/akraaam_kh/.vscode-server/bin/019f4d1419fbc8219a181fab7892ebccf7ee29a2/out/vs/workbench/api/node/extensionHostProcess.js:170:15293
	at Socket.y (/home/akraaam_kh/.vscode-server/bin/019f4d1419fbc8219a181fab7892ebccf7ee29a2/out/vs/workbench/api/node/extensionHostProcess.js:170:13198)
	at Socket.emit (node:events:514:28)
	at addChunk (node:internal/streams/readable:324:12)
	at readableAddChunk (node:internal/streams/readable:297:9)
	at Readable.push (node:internal/streams/readable:234:10)
	at TCP.onStreamRead (node:internal/stream_base_commons:190:23) setContext undefined
2024-03-05 12:56:36.861 [error] Canceled: Canceled
	at new $ (/home/akraaam_kh/.vscode-server/bin/019f4d1419fbc8219a181fab7892ebccf7ee29a2/out/vs/workbench/api/node/extensionHostProcess.js:140:45885)
	at s.U (/home/akraaam_kh/.vscode-server/bin/019f4d1419fbc8219a181fab7892ebccf7ee29a2/out/vs/workbench/api/node/extensionHostProcess.js:147:5556)
	at z.<computed>.T.charCodeAt.z.<computed> (/home/akraaam_kh/.vscode-server/bin/019f4d1419fbc8219a181fab7892ebccf7ee29a2/out/vs/workbench/api/node/extensionHostProcess.js:147:3007)
	at u.g (/home/akraaam_kh/.vscode-server/bin/019f4d1419fbc8219a181fab7892ebccf7ee29a2/out/vs/workbench/api/node/extensionHostProcess.js:150:184415)
	at u.executeCommand (/home/akraaam_kh/.vscode-server/bin/019f4d1419fbc8219a181fab7892ebccf7ee29a2/out/vs/workbench/api/node/extensionHostProcess.js:150:183853)
	at f.registerCommand.description (/home/akraaam_kh/.vscode-server/bin/019f4d1419fbc8219a181fab7892ebccf7ee29a2/out/vs/workbench/api/node/extensionHostProcess.js:150:183177)
	at u.h (/home/akraaam_kh/.vscode-server/bin/019f4d1419fbc8219a181fab7892ebccf7ee29a2/out/vs/workbench/api/node/extensionHostProcess.js:150:184954)
	at u.g (/home/akraaam_kh/.vscode-server/bin/019f4d1419fbc8219a181fab7892ebccf7ee29a2/out/vs/workbench/api/node/extensionHostProcess.js:150:183946)
	at u.executeCommand (/home/akraaam_kh/.vscode-server/bin/019f4d1419fbc8219a181fab7892ebccf7ee29a2/out/vs/workbench/api/node/extensionHostProcess.js:150:183853)
	at Object.executeCommand (/home/akraaam_kh/.vscode-server/bin/019f4d1419fbc8219a181fab7892ebccf7ee29a2/out/vs/workbench/api/node/extensionHostProcess.js:160:21654)
	at set hasGitHubRepositories [as hasGitHubRepositories] (/home/akraaam_kh/.vscode-server/bin/019f4d1419fbc8219a181fab7892ebccf7ee29a2/extensions/github/dist/extension.js:2:325214)
	at /home/akraaam_kh/.vscode-server/bin/019f4d1419fbc8219a181fab7892ebccf7ee29a2/extensions/github/dist/extension.js:2:326173
	at p.value (/home/akraaam_kh/.vscode-server/bin/019f4d1419fbc8219a181fab7892ebccf7ee29a2/extensions/git/dist/main.js:2:1050811)
	at n.y (/home/akraaam_kh/.vscode-server/bin/019f4d1419fbc8219a181fab7892ebccf7ee29a2/out/vs/workbench/api/node/extensionHostProcess.js:80:1902)
	at n.z (/home/akraaam_kh/.vscode-server/bin/019f4d1419fbc8219a181fab7892ebccf7ee29a2/out/vs/workbench/api/node/extensionHostProcess.js:80:1972)
	at n.fire (/home/akraaam_kh/.vscode-server/bin/019f4d1419fbc8219a181fab7892ebccf7ee29a2/out/vs/workbench/api/node/extensionHostProcess.js:80:2188)
	at Object.m [as dispose] (/home/akraaam_kh/.vscode-server/bin/019f4d1419fbc8219a181fab7892ebccf7ee29a2/extensions/git/dist/main.js:2:962791)
	at /home/akraaam_kh/.vscode-server/bin/019f4d1419fbc8219a181fab7892ebccf7ee29a2/extensions/git/dist/main.js:2:968825
	at Array.forEach (<anonymous>)
	at f.dispose (/home/akraaam_kh/.vscode-server/bin/019f4d1419fbc8219a181fab7892ebccf7ee29a2/extensions/git/dist/main.js:2:968811)
	at l.<anonymous> (/home/akraaam_kh/.vscode-server/bin/019f4d1419fbc8219a181fab7892ebccf7ee29a2/out/vs/workbench/api/node/extensionHostProcess.js:148:3704)
	at l.dispose (/home/akraaam_kh/.vscode-server/bin/019f4d1419fbc8219a181fab7892ebccf7ee29a2/out/vs/workbench/api/node/extensionHostProcess.js:148:3801)
	at l.<anonymous> (/home/akraaam_kh/.vscode-server/bin/019f4d1419fbc8219a181fab7892ebccf7ee29a2/extensions/git/dist/main.js:2:945736)
	at l.dispose (/home/akraaam_kh/.vscode-server/bin/019f4d1419fbc8219a181fab7892ebccf7ee29a2/out/vs/workbench/api/node/extensionHostProcess.js:148:3801)
	at o (/home/akraaam_kh/.vscode-server/bin/019f4d1419fbc8219a181fab7892ebccf7ee29a2/out/vs/workbench/api/node/extensionHostProcess.js:30:754)
	at p.cb (/home/akraaam_kh/.vscode-server/bin/019f4d1419fbc8219a181fab7892ebccf7ee29a2/out/vs/workbench/api/node/extensionHostProcess.js:156:9882)
	at /home/akraaam_kh/.vscode-server/bin/019f4d1419fbc8219a181fab7892ebccf7ee29a2/out/vs/workbench/api/node/extensionHostProcess.js:156:7816
	at Array.map (<anonymous>)
	at p.Y (/home/akraaam_kh/.vscode-server/bin/019f4d1419fbc8219a181fab7892ebccf7ee29a2/out/vs/workbench/api/node/extensionHostProcess.js:156:7803)
	at p.terminate (/home/akraaam_kh/.vscode-server/bin/019f4d1419fbc8219a181fab7892ebccf7ee29a2/out/vs/workbench/api/node/extensionHostProcess.js:156:8076)
	at o.terminate (/home/akraaam_kh/.vscode-server/bin/019f4d1419fbc8219a181fab7892ebccf7ee29a2/out/vs/workbench/api/node/extensionHostProcess.js:160:1513)
	at t (/home/akraaam_kh/.vscode-server/bin/019f4d1419fbc8219a181fab7892ebccf7ee29a2/out/vs/workbench/api/node/extensionHostProcess.js:173:9949)
	at p.value (/home/akraaam_kh/.vscode-server/bin/019f4d1419fbc8219a181fab7892ebccf7ee29a2/out/vs/workbench/api/node/extensionHostProcess.js:173:7996)
	at n.y (/home/akraaam_kh/.vscode-server/bin/019f4d1419fbc8219a181fab7892ebccf7ee29a2/out/vs/workbench/api/node/extensionHostProcess.js:80:1902)
	at n.fire (/home/akraaam_kh/.vscode-server/bin/019f4d1419fbc8219a181fab7892ebccf7ee29a2/out/vs/workbench/api/node/extensionHostProcess.js:80:2119)
	at r.fire (/home/akraaam_kh/.vscode-server/bin/019f4d1419fbc8219a181fab7892ebccf7ee29a2/out/vs/workbench/api/node/extensionHostProcess.js:105:14091)
	at u.z (/home/akraaam_kh/.vscode-server/bin/019f4d1419fbc8219a181fab7892ebccf7ee29a2/out/vs/workbench/api/node/extensionHostProcess.js:105:17156)
	at p.value (/home/akraaam_kh/.vscode-server/bin/019f4d1419fbc8219a181fab7892ebccf7ee29a2/out/vs/workbench/api/node/extensionHostProcess.js:105:15608)
	at n.y (/home/akraaam_kh/.vscode-server/bin/019f4d1419fbc8219a181fab7892ebccf7ee29a2/out/vs/workbench/api/node/extensionHostProcess.js:80:1902)
	at n.fire (/home/akraaam_kh/.vscode-server/bin/019f4d1419fbc8219a181fab7892ebccf7ee29a2/out/vs/workbench/api/node/extensionHostProcess.js:80:2119)
	at p.acceptChunk (/home/akraaam_kh/.vscode-server/bin/019f4d1419fbc8219a181fab7892ebccf7ee29a2/out/vs/workbench/api/node/extensionHostProcess.js:105:11865)
	at p.value (/home/akraaam_kh/.vscode-server/bin/019f4d1419fbc8219a181fab7892ebccf7ee29a2/out/vs/workbench/api/node/extensionHostProcess.js:105:11152)
	at n.y (/home/akraaam_kh/.vscode-server/bin/019f4d1419fbc8219a181fab7892ebccf7ee29a2/out/vs/workbench/api/node/extensionHostProcess.js:80:1902)
	at n.fire (/home/akraaam_kh/.vscode-server/bin/019f4d1419fbc8219a181fab7892ebccf7ee29a2/out/vs/workbench/api/node/extensionHostProcess.js:80:2119)
	at n.z (/home/akraaam_kh/.vscode-server/bin/019f4d1419fbc8219a181fab7892ebccf7ee29a2/out/vs/workbench/api/node/extensionHostProcess.js:170:19768)
	at n.acceptFrame (/home/akraaam_kh/.vscode-server/bin/019f4d1419fbc8219a181fab7892ebccf7ee29a2/out/vs/workbench/api/node/extensionHostProcess.js:170:19574)
	at i.n (/home/akraaam_kh/.vscode-server/bin/019f4d1419fbc8219a181fab7892ebccf7ee29a2/out/vs/workbench/api/node/extensionHostProcess.js:170:18073)
	at /home/akraaam_kh/.vscode-server/bin/019f4d1419fbc8219a181fab7892ebccf7ee29a2/out/vs/workbench/api/node/extensionHostProcess.js:170:15293
	at Socket.y (/home/akraaam_kh/.vscode-server/bin/019f4d1419fbc8219a181fab7892ebccf7ee29a2/out/vs/workbench/api/node/extensionHostProcess.js:170:13198)
	at Socket.emit (node:events:514:28)
	at addChunk (node:internal/streams/readable:324:12)
	at readableAddChunk (node:internal/streams/readable:297:9)
	at Readable.push (node:internal/streams/readable:234:10)
	at TCP.onStreamRead (node:internal/stream_base_commons:190:23) setContext undefined
2024-03-05 12:56:36.878 [info] Extension host with pid 898 exiting with code 0
